2026-03-09 02:23:00 | INFO | Log file path: results\logs\HW1\train_lr_1e4\train_lr_1e4_20260309_022300.log
2026-03-09 02:23:00 | INFO | Config snapshot path: results\logs\HW1\train_lr_1e4\train_lr_1e4_20260309_022300.config.json
2026-03-09 02:23:00 | INFO | Environment information
2026-03-09 02:23:00 | INFO | Python platform: Windows-10-10.0.26200-SP0
2026-03-09 02:23:00 | INFO | PyTorch version: 2.9.0+cpu
2026-03-09 02:23:00 | INFO | CUDA available: False
2026-03-09 02:23:00 | INFO | MPS available: False
2026-03-09 02:23:00 | INFO | ======================================================================
2026-03-09 02:23:00 | INFO | CS515 HW1a - MNIST Classification with MLP
2026-03-09 02:23:00 | INFO | ======================================================================
2026-03-09 02:23:00 | INFO | Mode             : both
2026-03-09 02:23:00 | INFO | Project name     : HW1
2026-03-09 02:23:00 | INFO | Experiment name  : train_lr_1e4
2026-03-09 02:23:00 | INFO | Seed             : 42
2026-03-09 02:23:00 | INFO | Device           : cpu
2026-03-09 02:23:00 | INFO | Dataset          : mnist
2026-03-09 02:23:00 | INFO | Input size       : 784
2026-03-09 02:23:00 | INFO | Num classes      : 10
2026-03-09 02:23:00 | INFO | Hidden sizes     : [256, 128]
2026-03-09 02:23:00 | INFO | Activation       : relu
2026-03-09 02:23:00 | INFO | Dropout          : 0.2
2026-03-09 02:23:00 | INFO | BatchNorm        : False
2026-03-09 02:23:00 | INFO | Epochs           : 15
2026-03-09 02:23:00 | INFO | Batch size       : 64
2026-03-09 02:23:00 | INFO | Learning rate    : 0.0001
2026-03-09 02:23:00 | INFO | Optimizer        : adam
2026-03-09 02:23:00 | INFO | Scheduler        : none
2026-03-09 02:23:00 | INFO | Regularizer      : none
2026-03-09 02:23:00 | INFO | reg_lambda       : 0.0
2026-03-09 02:23:00 | INFO | Weight decay     : 0.0
2026-03-09 02:23:00 | INFO | Checkpoint dir   : results\checkpoints\HW1\train_lr_1e4
2026-03-09 02:23:00 | INFO | Checkpoint path  : results\checkpoints\HW1\train_lr_1e4\train_lr_1e4_best_model.pt
2026-03-09 02:23:00 | INFO | Log directory    : results\logs\HW1\train_lr_1e4
2026-03-09 02:23:00 | INFO | Plot directory   : results\plots\HW1\train_lr_1e4
2026-03-09 02:23:00 | INFO | Trainable params : 235,146
2026-03-09 02:23:00 | INFO | ======================================================================
2026-03-09 02:23:00 | INFO | Model architecture:
MLP(
  (flatten): Flatten(start_dim=1, end_dim=-1)
  (hidden_blocks): ModuleList(
    (0): Sequential(
      (0): Linear(in_features=784, out_features=256, bias=True)
      (1): ReLU()
      (2): Dropout(p=0.2, inplace=False)
    )
    (1): Sequential(
      (0): Linear(in_features=256, out_features=128, bias=True)
      (1): ReLU()
      (2): Dropout(p=0.2, inplace=False)
    )
  )
  (classifier): Linear(in_features=128, out_features=10, bias=True)
)
2026-03-09 02:23:00 | INFO | ======================================================================
2026-03-09 02:23:00 | INFO | Starting training...
2026-03-09 02:23:00 | INFO | Train size: 54000 | Val size: 6000
2026-03-09 02:23:00 | INFO | Epoch 1/15
2026-03-09 02:23:06 | INFO |   [Batch  100/844] train_loss=1.7836 | train_acc=0.5030
2026-03-09 02:23:07 | INFO |   [Batch  200/844] train_loss=1.3070 | train_acc=0.6455
2026-03-09 02:23:08 | INFO |   [Batch  300/844] train_loss=1.0643 | train_acc=0.7079
2026-03-09 02:23:09 | INFO |   [Batch  400/844] train_loss=0.9162 | train_acc=0.7467
2026-03-09 02:23:10 | INFO |   [Batch  500/844] train_loss=0.8186 | train_acc=0.7722
2026-03-09 02:23:12 | INFO |   [Batch  600/844] train_loss=0.7478 | train_acc=0.7910
2026-03-09 02:23:13 | INFO |   [Batch  700/844] train_loss=0.6953 | train_acc=0.8042
2026-03-09 02:23:14 | INFO |   [Batch  800/844] train_loss=0.6530 | train_acc=0.8152
2026-03-09 02:23:22 | INFO |   Train | loss: 0.6367 | acc: 0.8197 | Val | loss: 0.2996 | acc: 0.9135 | LR: 0.000100
2026-03-09 02:23:22 | INFO |   Saved best model to results\checkpoints\HW1\train_lr_1e4\train_lr_1e4_best_model.pt (best_val_loss=0.2996)
2026-03-09 02:23:22 | INFO | Epoch 2/15
2026-03-09 02:23:28 | INFO |   [Batch  100/844] train_loss=0.3141 | train_acc=0.9078
2026-03-09 02:23:30 | INFO |   [Batch  200/844] train_loss=0.3127 | train_acc=0.9063
2026-03-09 02:23:31 | INFO |   [Batch  300/844] train_loss=0.3086 | train_acc=0.9078
2026-03-09 02:23:32 | INFO |   [Batch  400/844] train_loss=0.3054 | train_acc=0.9081
2026-03-09 02:23:33 | INFO |   [Batch  500/844] train_loss=0.2997 | train_acc=0.9106
2026-03-09 02:23:34 | INFO |   [Batch  600/844] train_loss=0.2964 | train_acc=0.9119
2026-03-09 02:23:35 | INFO |   [Batch  700/844] train_loss=0.2906 | train_acc=0.9140
2026-03-09 02:23:36 | INFO |   [Batch  800/844] train_loss=0.2876 | train_acc=0.9144
2026-03-09 02:23:45 | INFO |   Train | loss: 0.2865 | acc: 0.9149 | Val | loss: 0.2264 | acc: 0.9307 | LR: 0.000100
2026-03-09 02:23:45 | INFO |   Saved best model to results\checkpoints\HW1\train_lr_1e4\train_lr_1e4_best_model.pt (best_val_loss=0.2264)
2026-03-09 02:23:45 | INFO | Epoch 3/15
2026-03-09 02:23:51 | INFO |   [Batch  100/844] train_loss=0.2511 | train_acc=0.9237
2026-03-09 02:23:52 | INFO |   [Batch  200/844] train_loss=0.2385 | train_acc=0.9274
2026-03-09 02:23:54 | INFO |   [Batch  300/844] train_loss=0.2375 | train_acc=0.9281
2026-03-09 02:23:55 | INFO |   [Batch  400/844] train_loss=0.2305 | train_acc=0.9304
2026-03-09 02:23:56 | INFO |   [Batch  500/844] train_loss=0.2290 | train_acc=0.9306
2026-03-09 02:23:57 | INFO |   [Batch  600/844] train_loss=0.2283 | train_acc=0.9311
2026-03-09 02:23:58 | INFO |   [Batch  700/844] train_loss=0.2241 | train_acc=0.9322
2026-03-09 02:23:59 | INFO |   [Batch  800/844] train_loss=0.2232 | train_acc=0.9332
2026-03-09 02:24:08 | INFO |   Train | loss: 0.2231 | acc: 0.9332 | Val | loss: 0.1864 | acc: 0.9437 | LR: 0.000100
2026-03-09 02:24:08 | INFO |   Saved best model to results\checkpoints\HW1\train_lr_1e4\train_lr_1e4_best_model.pt (best_val_loss=0.1864)
2026-03-09 02:24:08 | INFO | Epoch 4/15
2026-03-09 02:24:14 | INFO |   [Batch  100/844] train_loss=0.1877 | train_acc=0.9420
2026-03-09 02:24:15 | INFO |   [Batch  200/844] train_loss=0.1941 | train_acc=0.9413
2026-03-09 02:24:16 | INFO |   [Batch  300/844] train_loss=0.1911 | train_acc=0.9434
2026-03-09 02:24:18 | INFO |   [Batch  400/844] train_loss=0.1873 | train_acc=0.9445
2026-03-09 02:24:19 | INFO |   [Batch  500/844] train_loss=0.1854 | train_acc=0.9455
2026-03-09 02:24:20 | INFO |   [Batch  600/844] train_loss=0.1857 | train_acc=0.9450
2026-03-09 02:24:21 | INFO |   [Batch  700/844] train_loss=0.1829 | train_acc=0.9457
2026-03-09 02:24:22 | INFO |   [Batch  800/844] train_loss=0.1837 | train_acc=0.9455
2026-03-09 02:24:31 | INFO |   Train | loss: 0.1837 | acc: 0.9455 | Val | loss: 0.1582 | acc: 0.9513 | LR: 0.000100
2026-03-09 02:24:32 | INFO |   Saved best model to results\checkpoints\HW1\train_lr_1e4\train_lr_1e4_best_model.pt (best_val_loss=0.1582)
2026-03-09 02:24:32 | INFO | Epoch 5/15
2026-03-09 02:24:38 | INFO |   [Batch  100/844] train_loss=0.1607 | train_acc=0.9514
2026-03-09 02:24:39 | INFO |   [Batch  200/844] train_loss=0.1622 | train_acc=0.9513
2026-03-09 02:24:40 | INFO |   [Batch  300/844] train_loss=0.1628 | train_acc=0.9516
2026-03-09 02:24:41 | INFO |   [Batch  400/844] train_loss=0.1630 | train_acc=0.9518
2026-03-09 02:24:43 | INFO |   [Batch  500/844] train_loss=0.1617 | train_acc=0.9521
2026-03-09 02:24:44 | INFO |   [Batch  600/844] train_loss=0.1606 | train_acc=0.9525
2026-03-09 02:24:45 | INFO |   [Batch  700/844] train_loss=0.1571 | train_acc=0.9534
2026-03-09 02:24:46 | INFO |   [Batch  800/844] train_loss=0.1570 | train_acc=0.9531
2026-03-09 02:24:55 | INFO |   Train | loss: 0.1565 | acc: 0.9531 | Val | loss: 0.1407 | acc: 0.9575 | LR: 0.000100
2026-03-09 02:24:55 | INFO |   Saved best model to results\checkpoints\HW1\train_lr_1e4\train_lr_1e4_best_model.pt (best_val_loss=0.1407)
2026-03-09 02:24:55 | INFO | Epoch 6/15
2026-03-09 02:25:01 | INFO |   [Batch  100/844] train_loss=0.1300 | train_acc=0.9616
2026-03-09 02:25:02 | INFO |   [Batch  200/844] train_loss=0.1352 | train_acc=0.9602
2026-03-09 02:25:03 | INFO |   [Batch  300/844] train_loss=0.1333 | train_acc=0.9600
2026-03-09 02:25:05 | INFO |   [Batch  400/844] train_loss=0.1334 | train_acc=0.9600
2026-03-09 02:25:06 | INFO |   [Batch  500/844] train_loss=0.1338 | train_acc=0.9602
2026-03-09 02:25:07 | INFO |   [Batch  600/844] train_loss=0.1337 | train_acc=0.9603
2026-03-09 02:25:09 | INFO |   [Batch  700/844] train_loss=0.1334 | train_acc=0.9604
2026-03-09 02:25:10 | INFO |   [Batch  800/844] train_loss=0.1321 | train_acc=0.9607
2026-03-09 02:25:19 | INFO |   Train | loss: 0.1324 | acc: 0.9609 | Val | loss: 0.1287 | acc: 0.9603 | LR: 0.000100
2026-03-09 02:25:19 | INFO |   Saved best model to results\checkpoints\HW1\train_lr_1e4\train_lr_1e4_best_model.pt (best_val_loss=0.1287)
2026-03-09 02:25:19 | INFO | Epoch 7/15
2026-03-09 02:25:25 | INFO |   [Batch  100/844] train_loss=0.1381 | train_acc=0.9606
2026-03-09 02:25:27 | INFO |   [Batch  200/844] train_loss=0.1282 | train_acc=0.9622
2026-03-09 02:25:28 | INFO |   [Batch  300/844] train_loss=0.1215 | train_acc=0.9646
2026-03-09 02:25:29 | INFO |   [Batch  400/844] train_loss=0.1193 | train_acc=0.9651
2026-03-09 02:25:30 | INFO |   [Batch  500/844] train_loss=0.1174 | train_acc=0.9652
2026-03-09 02:25:32 | INFO |   [Batch  600/844] train_loss=0.1164 | train_acc=0.9655
2026-03-09 02:25:33 | INFO |   [Batch  700/844] train_loss=0.1177 | train_acc=0.9652
2026-03-09 02:25:34 | INFO |   [Batch  800/844] train_loss=0.1185 | train_acc=0.9649
2026-03-09 02:25:43 | INFO |   Train | loss: 0.1180 | acc: 0.9650 | Val | loss: 0.1200 | acc: 0.9637 | LR: 0.000100
2026-03-09 02:25:43 | INFO |   Saved best model to results\checkpoints\HW1\train_lr_1e4\train_lr_1e4_best_model.pt (best_val_loss=0.1200)
2026-03-09 02:25:43 | INFO | Epoch 8/15
2026-03-09 02:25:49 | INFO |   [Batch  100/844] train_loss=0.1055 | train_acc=0.9658
2026-03-09 02:25:50 | INFO |   [Batch  200/844] train_loss=0.0996 | train_acc=0.9678
2026-03-09 02:25:51 | INFO |   [Batch  300/844] train_loss=0.1023 | train_acc=0.9672
2026-03-09 02:25:52 | INFO |   [Batch  400/844] train_loss=0.1064 | train_acc=0.9664
2026-03-09 02:25:54 | INFO |   [Batch  500/844] train_loss=0.1078 | train_acc=0.9666
2026-03-09 02:25:55 | INFO |   [Batch  600/844] train_loss=0.1062 | train_acc=0.9673
2026-03-09 02:25:56 | INFO |   [Batch  700/844] train_loss=0.1068 | train_acc=0.9672
2026-03-09 02:25:57 | INFO |   [Batch  800/844] train_loss=0.1055 | train_acc=0.9674
2026-03-09 02:26:06 | INFO |   Train | loss: 0.1053 | acc: 0.9676 | Val | loss: 0.1065 | acc: 0.9682 | LR: 0.000100
2026-03-09 02:26:06 | INFO |   Saved best model to results\checkpoints\HW1\train_lr_1e4\train_lr_1e4_best_model.pt (best_val_loss=0.1065)
2026-03-09 02:26:06 | INFO | Epoch 9/15
2026-03-09 02:26:12 | INFO |   [Batch  100/844] train_loss=0.0995 | train_acc=0.9684
2026-03-09 02:26:14 | INFO |   [Batch  200/844] train_loss=0.0958 | train_acc=0.9709
2026-03-09 02:26:15 | INFO |   [Batch  300/844] train_loss=0.0960 | train_acc=0.9711
2026-03-09 02:26:16 | INFO |   [Batch  400/844] train_loss=0.0958 | train_acc=0.9716
2026-03-09 02:26:17 | INFO |   [Batch  500/844] train_loss=0.0944 | train_acc=0.9713
2026-03-09 02:26:19 | INFO |   [Batch  600/844] train_loss=0.0933 | train_acc=0.9716
2026-03-09 02:26:20 | INFO |   [Batch  700/844] train_loss=0.0947 | train_acc=0.9711
2026-03-09 02:26:21 | INFO |   [Batch  800/844] train_loss=0.0947 | train_acc=0.9711
2026-03-09 02:26:31 | INFO |   Train | loss: 0.0942 | acc: 0.9713 | Val | loss: 0.0992 | acc: 0.9692 | LR: 0.000100
2026-03-09 02:26:31 | INFO |   Saved best model to results\checkpoints\HW1\train_lr_1e4\train_lr_1e4_best_model.pt (best_val_loss=0.0992)
2026-03-09 02:26:31 | INFO | Epoch 10/15
2026-03-09 02:26:37 | INFO |   [Batch  100/844] train_loss=0.0859 | train_acc=0.9725
2026-03-09 02:26:38 | INFO |   [Batch  200/844] train_loss=0.0856 | train_acc=0.9741
2026-03-09 02:26:39 | INFO |   [Batch  300/844] train_loss=0.0836 | train_acc=0.9748
2026-03-09 02:26:40 | INFO |   [Batch  400/844] train_loss=0.0833 | train_acc=0.9745
2026-03-09 02:26:42 | INFO |   [Batch  500/844] train_loss=0.0859 | train_acc=0.9742
2026-03-09 02:26:43 | INFO |   [Batch  600/844] train_loss=0.0874 | train_acc=0.9738
2026-03-09 02:26:44 | INFO |   [Batch  700/844] train_loss=0.0865 | train_acc=0.9740
2026-03-09 02:26:45 | INFO |   [Batch  800/844] train_loss=0.0858 | train_acc=0.9739
2026-03-09 02:26:54 | INFO |   Train | loss: 0.0856 | acc: 0.9741 | Val | loss: 0.0944 | acc: 0.9717 | LR: 0.000100
2026-03-09 02:26:54 | INFO |   Saved best model to results\checkpoints\HW1\train_lr_1e4\train_lr_1e4_best_model.pt (best_val_loss=0.0944)
2026-03-09 02:26:54 | INFO | Epoch 11/15
2026-03-09 02:27:00 | INFO |   [Batch  100/844] train_loss=0.0745 | train_acc=0.9786
2026-03-09 02:27:02 | INFO |   [Batch  200/844] train_loss=0.0760 | train_acc=0.9769
2026-03-09 02:27:03 | INFO |   [Batch  300/844] train_loss=0.0759 | train_acc=0.9769
2026-03-09 02:27:04 | INFO |   [Batch  400/844] train_loss=0.0788 | train_acc=0.9759
2026-03-09 02:27:05 | INFO |   [Batch  500/844] train_loss=0.0792 | train_acc=0.9761
2026-03-09 02:27:06 | INFO |   [Batch  600/844] train_loss=0.0782 | train_acc=0.9764
2026-03-09 02:27:07 | INFO |   [Batch  700/844] train_loss=0.0789 | train_acc=0.9760
2026-03-09 02:27:08 | INFO |   [Batch  800/844] train_loss=0.0786 | train_acc=0.9762
2026-03-09 02:27:17 | INFO |   Train | loss: 0.0788 | acc: 0.9760 | Val | loss: 0.0895 | acc: 0.9727 | LR: 0.000100
2026-03-09 02:27:17 | INFO |   Saved best model to results\checkpoints\HW1\train_lr_1e4\train_lr_1e4_best_model.pt (best_val_loss=0.0895)
2026-03-09 02:27:17 | INFO | Epoch 12/15
2026-03-09 02:27:23 | INFO |   [Batch  100/844] train_loss=0.0599 | train_acc=0.9833
2026-03-09 02:27:24 | INFO |   [Batch  200/844] train_loss=0.0634 | train_acc=0.9820
2026-03-09 02:27:25 | INFO |   [Batch  300/844] train_loss=0.0679 | train_acc=0.9808
2026-03-09 02:27:26 | INFO |   [Batch  400/844] train_loss=0.0685 | train_acc=0.9798
2026-03-09 02:27:27 | INFO |   [Batch  500/844] train_loss=0.0677 | train_acc=0.9797
2026-03-09 02:27:28 | INFO |   [Batch  600/844] train_loss=0.0686 | train_acc=0.9796
2026-03-09 02:27:29 | INFO |   [Batch  700/844] train_loss=0.0694 | train_acc=0.9792
2026-03-09 02:27:30 | INFO |   [Batch  800/844] train_loss=0.0709 | train_acc=0.9786
2026-03-09 02:27:39 | INFO |   Train | loss: 0.0707 | acc: 0.9787 | Val | loss: 0.0853 | acc: 0.9748 | LR: 0.000100
2026-03-09 02:27:39 | INFO |   Saved best model to results\checkpoints\HW1\train_lr_1e4\train_lr_1e4_best_model.pt (best_val_loss=0.0853)
2026-03-09 02:27:39 | INFO | Epoch 13/15
2026-03-09 02:27:45 | INFO |   [Batch  100/844] train_loss=0.0665 | train_acc=0.9794
2026-03-09 02:27:46 | INFO |   [Batch  200/844] train_loss=0.0655 | train_acc=0.9799
2026-03-09 02:27:47 | INFO |   [Batch  300/844] train_loss=0.0677 | train_acc=0.9796
2026-03-09 02:27:49 | INFO |   [Batch  400/844] train_loss=0.0679 | train_acc=0.9800
2026-03-09 02:27:50 | INFO |   [Batch  500/844] train_loss=0.0694 | train_acc=0.9794
2026-03-09 02:27:51 | INFO |   [Batch  600/844] train_loss=0.0691 | train_acc=0.9799
2026-03-09 02:27:52 | INFO |   [Batch  700/844] train_loss=0.0693 | train_acc=0.9799
2026-03-09 02:27:53 | INFO |   [Batch  800/844] train_loss=0.0681 | train_acc=0.9801
2026-03-09 02:28:02 | INFO |   Train | loss: 0.0676 | acc: 0.9802 | Val | loss: 0.0808 | acc: 0.9750 | LR: 0.000100
2026-03-09 02:28:02 | INFO |   Saved best model to results\checkpoints\HW1\train_lr_1e4\train_lr_1e4_best_model.pt (best_val_loss=0.0808)
2026-03-09 02:28:02 | INFO | Epoch 14/15
2026-03-09 02:28:08 | INFO |   [Batch  100/844] train_loss=0.0613 | train_acc=0.9833
2026-03-09 02:28:10 | INFO |   [Batch  200/844] train_loss=0.0608 | train_acc=0.9825
2026-03-09 02:28:11 | INFO |   [Batch  300/844] train_loss=0.0607 | train_acc=0.9821
2026-03-09 02:28:12 | INFO |   [Batch  400/844] train_loss=0.0603 | train_acc=0.9819
2026-03-09 02:28:13 | INFO |   [Batch  500/844] train_loss=0.0612 | train_acc=0.9815
2026-03-09 02:28:14 | INFO |   [Batch  600/844] train_loss=0.0613 | train_acc=0.9814
2026-03-09 02:28:15 | INFO |   [Batch  700/844] train_loss=0.0602 | train_acc=0.9817
2026-03-09 02:28:17 | INFO |   [Batch  800/844] train_loss=0.0599 | train_acc=0.9816
2026-03-09 02:28:26 | INFO |   Train | loss: 0.0601 | acc: 0.9814 | Val | loss: 0.0802 | acc: 0.9752 | LR: 0.000100
2026-03-09 02:28:26 | INFO |   Saved best model to results\checkpoints\HW1\train_lr_1e4\train_lr_1e4_best_model.pt (best_val_loss=0.0802)
2026-03-09 02:28:26 | INFO | Epoch 15/15
2026-03-09 02:28:32 | INFO |   [Batch  100/844] train_loss=0.0529 | train_acc=0.9830
2026-03-09 02:28:34 | INFO |   [Batch  200/844] train_loss=0.0541 | train_acc=0.9830
2026-03-09 02:28:35 | INFO |   [Batch  300/844] train_loss=0.0549 | train_acc=0.9829
2026-03-09 02:28:36 | INFO |   [Batch  400/844] train_loss=0.0549 | train_acc=0.9831
2026-03-09 02:28:37 | INFO |   [Batch  500/844] train_loss=0.0549 | train_acc=0.9831
2026-03-09 02:28:38 | INFO |   [Batch  600/844] train_loss=0.0538 | train_acc=0.9836
2026-03-09 02:28:39 | INFO |   [Batch  700/844] train_loss=0.0533 | train_acc=0.9838
2026-03-09 02:28:41 | INFO |   [Batch  800/844] train_loss=0.0542 | train_acc=0.9833
2026-03-09 02:28:50 | INFO |   Train | loss: 0.0546 | acc: 0.9832 | Val | loss: 0.0785 | acc: 0.9770 | LR: 0.000100
2026-03-09 02:28:50 | INFO |   Saved best model to results\checkpoints\HW1\train_lr_1e4\train_lr_1e4_best_model.pt (best_val_loss=0.0785)
2026-03-09 02:28:50 | INFO | Training complete.
2026-03-09 02:28:50 | INFO | Best epoch     : 15
2026-03-09 02:28:50 | INFO | Best val loss  : 0.0785
2026-03-09 02:28:50 | INFO | Best val acc   : 0.9770
2026-03-09 02:28:50 | INFO | Checkpoint     : results\checkpoints\HW1\train_lr_1e4\train_lr_1e4_best_model.pt
2026-03-09 02:28:50 | INFO | Loading checkpoint from results\checkpoints\HW1\train_lr_1e4\train_lr_1e4_best_model.pt
2026-03-09 02:28:50 | INFO | Starting test evaluation...
2026-03-09 02:28:50 | INFO | Test size: 10000
2026-03-09 02:28:54 | INFO | ======================================================================
2026-03-09 02:28:54 | INFO | Test Results
2026-03-09 02:28:54 | INFO | ======================================================================
2026-03-09 02:28:54 | INFO | Average test loss : 0.0701
2026-03-09 02:28:54 | INFO | Overall accuracy  : 0.9790 (9790/10000)
2026-03-09 02:28:54 | INFO | ----------------------------------------------------------------------
2026-03-09 02:28:54 | INFO | Per-class accuracy:
2026-03-09 02:28:54 | INFO |   Class 0: 0.9878 (968/980)
2026-03-09 02:28:54 | INFO |   Class 1: 0.9921 (1126/1135)
2026-03-09 02:28:54 | INFO |   Class 2: 0.9797 (1011/1032)
2026-03-09 02:28:54 | INFO |   Class 3: 0.9782 (988/1010)
2026-03-09 02:28:54 | INFO |   Class 4: 0.9756 (958/982)
2026-03-09 02:28:54 | INFO |   Class 5: 0.9798 (874/892)
2026-03-09 02:28:54 | INFO |   Class 6: 0.9802 (939/958)
2026-03-09 02:28:54 | INFO |   Class 7: 0.9757 (1003/1028)
2026-03-09 02:28:54 | INFO |   Class 8: 0.9692 (944/974)
2026-03-09 02:28:54 | INFO |   Class 9: 0.9703 (979/1009)
2026-03-09 02:28:54 | INFO | ======================================================================
2026-03-09 02:28:54 | INFO | Run completed successfully.
