2026-03-23 01:36:40 | INFO | Log file         : C:\Users\İhsan\Desktop\Development\cs515\aigul_CS515\results\logs\HW2\mobilenet_kd_ls\mobilenet_kd_ls_20260323_013640.log
2026-03-23 01:36:40 | INFO | Config snapshot  : C:\Users\İhsan\Desktop\Development\cs515\aigul_CS515\results\logs\HW2\mobilenet_kd_ls\mobilenet_kd_ls_20260323_013640.config.json
2026-03-23 01:36:40 | INFO | Environment information
2026-03-23 01:36:40 | INFO | Python platform : Windows-10-10.0.26200-SP0
2026-03-23 01:36:40 | INFO | PyTorch version : 2.6.0+cu124
2026-03-23 01:36:40 | INFO | CUDA available  : True
2026-03-23 01:36:40 | INFO | CUDA device count : 1
2026-03-23 01:36:40 | INFO | CUDA device name  : NVIDIA GeForce RTX 4070 Laptop GPU
2026-03-23 01:36:40 | INFO | MPS available   : False
2026-03-23 01:36:40 | INFO | ======================================================================
2026-03-23 01:36:40 | INFO | CS515 HW2 - Transfer Learning & Knowledge Distillation
2026-03-23 01:36:40 | INFO | ======================================================================
2026-03-23 01:36:40 | INFO | Training mode    : kd_ls
2026-03-23 01:36:40 | INFO | Run mode         : both
2026-03-23 01:36:40 | INFO | Experiment       : mobilenet_kd_ls
2026-03-23 01:36:40 | INFO | Seed             : 42
2026-03-23 01:36:40 | INFO | Device           : cuda
2026-03-23 01:36:40 | INFO | Dataset          : cifar10
2026-03-23 01:36:40 | INFO | Num classes      : 10
2026-03-23 01:36:40 | INFO | Epochs           : 80
2026-03-23 01:36:40 | INFO | Batch size       : 128
2026-03-23 01:36:40 | INFO | Learning rate    : 0.001
2026-03-23 01:36:40 | INFO | Optimizer        : adam
2026-03-23 01:36:40 | INFO | Scheduler        : cosine
2026-03-23 01:36:40 | INFO | Weight decay     : 0.0001
2026-03-23 01:36:40 | INFO | Label smoothing  : 0.1
2026-03-23 01:36:40 | INFO | KD temperature   : 4
2026-03-23 01:36:40 | INFO | KD alpha         : 0.5
2026-03-23 01:36:40 | INFO | Teacher ckpt     : C:\Users\İhsan\Desktop\Development\cs515\aigul_CS515\results\checkpoints\HW2\resnet_scratch_ls\resnet_scratch_ls_best_model.pt
2026-03-23 01:36:40 | INFO | Checkpoint dir   : C:\Users\İhsan\Desktop\Development\cs515\aigul_CS515\results\checkpoints\HW2\mobilenet_kd_ls
2026-03-23 01:36:40 | INFO | Log dir          : C:\Users\İhsan\Desktop\Development\cs515\aigul_CS515\results\logs\HW2\mobilenet_kd_ls
2026-03-23 01:36:40 | INFO | Trainable params : 2,236,682
2026-03-23 01:36:40 | INFO | ======================================================================
2026-03-23 01:36:40 | INFO | Model:
MobileNetV2(
  (features): Sequential(
    (0): Conv2dNormActivation(
      (0): Conv2d(3, 32, kernel_size=(3, 3), stride=(1, 1), padding=(1, 1), bias=False)
      (1): BatchNorm2d(32, eps=1e-05, momentum=0.1, affine=True, track_running_stats=True)
      (2): ReLU6(inplace=True)
    )
    (1): InvertedResidual(
      (conv): Sequential(
        (0): Conv2dNormActivation(
          (0): Conv2d(32, 32, kernel_size=(3, 3), stride=(1, 1), padding=(1, 1), groups=32, bias=False)
          (1): BatchNorm2d(32, eps=1e-05, momentum=0.1, affine=True, track_running_stats=True)
          (2): ReLU6(inplace=True)
        )
        (1): Conv2d(32, 16, kernel_size=(1, 1), stride=(1, 1), bias=False)
        (2): BatchNorm2d(16, eps=1e-05, momentum=0.1, affine=True, track_running_stats=True)
      )
    )
    (2): InvertedResidual(
      (conv): Sequential(
        (0): Conv2dNormActivation(
          (0): Conv2d(16, 96, kernel_size=(1, 1), stride=(1, 1), bias=False)
          (1): BatchNorm2d(96, eps=1e-05, momentum=0.1, affine=True, track_running_stats=True)
          (2): ReLU6(inplace=True)
        )
        (1): Conv2dNormActivation(
          (0): Conv2d(96, 96, kernel_size=(3, 3), stride=(2, 2), padding=(1, 1), groups=96, bias=False)
          (1): BatchNorm2d(96, eps=1e-05, momentum=0.1, affine=True, track_running_stats=True)
          (2): ReLU6(inplace=True)
        )
        (2): Conv2d(96, 24, kernel_size=(1, 1), stride=(1, 1), bias=False)
        (3): BatchNorm2d(24, eps=1e-05, momentum=0.1, affine=True, track_running_stats=True)
      )
    )
    (3): InvertedResidual(
      (conv): Sequential(
        (0): Conv2dNormActivation(
          (0): Conv2d(24, 144, kernel_size=(1, 1), stride=(1, 1), bias=False)
          (1): BatchNorm2d(144, eps=1e-05, momentum=0.1, affine=True, track_running_stats=True)
          (2): ReLU6(inplace=True)
        )
        (1): Conv2dNormActivation(
          (0): Conv2d(144, 144, kernel_size=(3, 3), stride=(1, 1), padding=(1, 1), groups=144, bias=False)
          (1): BatchNorm2d(144, eps=1e-05, momentum=0.1, affine=True, track_running_stats=True)
          (2): ReLU6(inplace=True)
        )
        (2): Conv2d(144, 24, kernel_size=(1, 1), stride=(1, 1), bias=False)
        (3): BatchNorm2d(24, eps=1e-05, momentum=0.1, affine=True, track_running_stats=True)
      )
    )
    (4): InvertedResidual(
      (conv): Sequential(
        (0): Conv2dNormActivation(
          (0): Conv2d(24, 144, kernel_size=(1, 1), stride=(1, 1), bias=False)
          (1): BatchNorm2d(144, eps=1e-05, momentum=0.1, affine=True, track_running_stats=True)
          (2): ReLU6(inplace=True)
        )
        (1): Conv2dNormActivation(
          (0): Conv2d(144, 144, kernel_size=(3, 3), stride=(2, 2), padding=(1, 1), groups=144, bias=False)
          (1): BatchNorm2d(144, eps=1e-05, momentum=0.1, affine=True, track_running_stats=True)
          (2): ReLU6(inplace=True)
        )
        (2): Conv2d(144, 32, kernel_size=(1, 1), stride=(1, 1), bias=False)
        (3): BatchNorm2d(32, eps=1e-05, momentum=0.1, affine=True, track_running_stats=True)
      )
    )
    (5): InvertedResidual(
      (conv): Sequential(
        (0): Conv2dNormActivation(
          (0): Conv2d(32, 192, kernel_size=(1, 1), stride=(1, 1), bias=False)
          (1): BatchNorm2d(192, eps=1e-05, momentum=0.1, affine=True, track_running_stats=True)
          (2): ReLU6(inplace=True)
        )
        (1): Conv2dNormActivation(
          (0): Conv2d(192, 192, kernel_size=(3, 3), stride=(1, 1), padding=(1, 1), groups=192, bias=False)
          (1): BatchNorm2d(192, eps=1e-05, momentum=0.1, affine=True, track_running_stats=True)
          (2): ReLU6(inplace=True)
        )
        (2): Conv2d(192, 32, kernel_size=(1, 1), stride=(1, 1), bias=False)
        (3): BatchNorm2d(32, eps=1e-05, momentum=0.1, affine=True, track_running_stats=True)
      )
    )
    (6): InvertedResidual(
      (conv): Sequential(
        (0): Conv2dNormActivation(
          (0): Conv2d(32, 192, kernel_size=(1, 1), stride=(1, 1), bias=False)
          (1): BatchNorm2d(192, eps=1e-05, momentum=0.1, affine=True, track_running_stats=True)
          (2): ReLU6(inplace=True)
        )
        (1): Conv2dNormActivation(
          (0): Conv2d(192, 192, kernel_size=(3, 3), stride=(1, 1), padding=(1, 1), groups=192, bias=False)
          (1): BatchNorm2d(192, eps=1e-05, momentum=0.1, affine=True, track_running_stats=True)
          (2): ReLU6(inplace=True)
        )
        (2): Conv2d(192, 32, kernel_size=(1, 1), stride=(1, 1), bias=False)
        (3): BatchNorm2d(32, eps=1e-05, momentum=0.1, affine=True, track_running_stats=True)
      )
    )
    (7): InvertedResidual(
      (conv): Sequential(
        (0): Conv2dNormActivation(
          (0): Conv2d(32, 192, kernel_size=(1, 1), stride=(1, 1), bias=False)
          (1): BatchNorm2d(192, eps=1e-05, momentum=0.1, affine=True, track_running_stats=True)
          (2): ReLU6(inplace=True)
        )
        (1): Conv2dNormActivation(
          (0): Conv2d(192, 192, kernel_size=(3, 3), stride=(2, 2), padding=(1, 1), groups=192, bias=False)
          (1): BatchNorm2d(192, eps=1e-05, momentum=0.1, affine=True, track_running_stats=True)
          (2): ReLU6(inplace=True)
        )
        (2): Conv2d(192, 64, kernel_size=(1, 1), stride=(1, 1), bias=False)
        (3): BatchNorm2d(64, eps=1e-05, momentum=0.1, affine=True, track_running_stats=True)
      )
    )
    (8): InvertedResidual(
      (conv): Sequential(
        (0): Conv2dNormActivation(
          (0): Conv2d(64, 384, kernel_size=(1, 1), stride=(1, 1), bias=False)
          (1): BatchNorm2d(384, eps=1e-05, momentum=0.1, affine=True, track_running_stats=True)
          (2): ReLU6(inplace=True)
        )
        (1): Conv2dNormActivation(
          (0): Conv2d(384, 384, kernel_size=(3, 3), stride=(1, 1), padding=(1, 1), groups=384, bias=False)
          (1): BatchNorm2d(384, eps=1e-05, momentum=0.1, affine=True, track_running_stats=True)
          (2): ReLU6(inplace=True)
        )
        (2): Conv2d(384, 64, kernel_size=(1, 1), stride=(1, 1), bias=False)
        (3): BatchNorm2d(64, eps=1e-05, momentum=0.1, affine=True, track_running_stats=True)
      )
    )
    (9): InvertedResidual(
      (conv): Sequential(
        (0): Conv2dNormActivation(
          (0): Conv2d(64, 384, kernel_size=(1, 1), stride=(1, 1), bias=False)
          (1): BatchNorm2d(384, eps=1e-05, momentum=0.1, affine=True, track_running_stats=True)
          (2): ReLU6(inplace=True)
        )
        (1): Conv2dNormActivation(
          (0): Conv2d(384, 384, kernel_size=(3, 3), stride=(1, 1), padding=(1, 1), groups=384, bias=False)
          (1): BatchNorm2d(384, eps=1e-05, momentum=0.1, affine=True, track_running_stats=True)
          (2): ReLU6(inplace=True)
        )
        (2): Conv2d(384, 64, kernel_size=(1, 1), stride=(1, 1), bias=False)
        (3): BatchNorm2d(64, eps=1e-05, momentum=0.1, affine=True, track_running_stats=True)
      )
    )
    (10): InvertedResidual(
      (conv): Sequential(
        (0): Conv2dNormActivation(
          (0): Conv2d(64, 384, kernel_size=(1, 1), stride=(1, 1), bias=False)
          (1): BatchNorm2d(384, eps=1e-05, momentum=0.1, affine=True, track_running_stats=True)
          (2): ReLU6(inplace=True)
        )
        (1): Conv2dNormActivation(
          (0): Conv2d(384, 384, kernel_size=(3, 3), stride=(1, 1), padding=(1, 1), groups=384, bias=False)
          (1): BatchNorm2d(384, eps=1e-05, momentum=0.1, affine=True, track_running_stats=True)
          (2): ReLU6(inplace=True)
        )
        (2): Conv2d(384, 64, kernel_size=(1, 1), stride=(1, 1), bias=False)
        (3): BatchNorm2d(64, eps=1e-05, momentum=0.1, affine=True, track_running_stats=True)
      )
    )
    (11): InvertedResidual(
      (conv): Sequential(
        (0): Conv2dNormActivation(
          (0): Conv2d(64, 384, kernel_size=(1, 1), stride=(1, 1), bias=False)
          (1): BatchNorm2d(384, eps=1e-05, momentum=0.1, affine=True, track_running_stats=True)
          (2): ReLU6(inplace=True)
        )
        (1): Conv2dNormActivation(
          (0): Conv2d(384, 384, kernel_size=(3, 3), stride=(1, 1), padding=(1, 1), groups=384, bias=False)
          (1): BatchNorm2d(384, eps=1e-05, momentum=0.1, affine=True, track_running_stats=True)
          (2): ReLU6(inplace=True)
        )
        (2): Conv2d(384, 96, kernel_size=(1, 1), stride=(1, 1), bias=False)
        (3): BatchNorm2d(96, eps=1e-05, momentum=0.1, affine=True, track_running_stats=True)
      )
    )
    (12): InvertedResidual(
      (conv): Sequential(
        (0): Conv2dNormActivation(
          (0): Conv2d(96, 576, kernel_size=(1, 1), stride=(1, 1), bias=False)
          (1): BatchNorm2d(576, eps=1e-05, momentum=0.1, affine=True, track_running_stats=True)
          (2): ReLU6(inplace=True)
        )
        (1): Conv2dNormActivation(
          (0): Conv2d(576, 576, kernel_size=(3, 3), stride=(1, 1), padding=(1, 1), groups=576, bias=False)
          (1): BatchNorm2d(576, eps=1e-05, momentum=0.1, affine=True, track_running_stats=True)
          (2): ReLU6(inplace=True)
        )
        (2): Conv2d(576, 96, kernel_size=(1, 1), stride=(1, 1), bias=False)
        (3): BatchNorm2d(96, eps=1e-05, momentum=0.1, affine=True, track_running_stats=True)
      )
    )
    (13): InvertedResidual(
      (conv): Sequential(
        (0): Conv2dNormActivation(
          (0): Conv2d(96, 576, kernel_size=(1, 1), stride=(1, 1), bias=False)
          (1): BatchNorm2d(576, eps=1e-05, momentum=0.1, affine=True, track_running_stats=True)
          (2): ReLU6(inplace=True)
        )
        (1): Conv2dNormActivation(
          (0): Conv2d(576, 576, kernel_size=(3, 3), stride=(1, 1), padding=(1, 1), groups=576, bias=False)
          (1): BatchNorm2d(576, eps=1e-05, momentum=0.1, affine=True, track_running_stats=True)
          (2): ReLU6(inplace=True)
        )
        (2): Conv2d(576, 96, kernel_size=(1, 1), stride=(1, 1), bias=False)
        (3): BatchNorm2d(96, eps=1e-05, momentum=0.1, affine=True, track_running_stats=True)
      )
    )
    (14): InvertedResidual(
      (conv): Sequential(
        (0): Conv2dNormActivation(
          (0): Conv2d(96, 576, kernel_size=(1, 1), stride=(1, 1), bias=False)
          (1): BatchNorm2d(576, eps=1e-05, momentum=0.1, affine=True, track_running_stats=True)
          (2): ReLU6(inplace=True)
        )
        (1): Conv2dNormActivation(
          (0): Conv2d(576, 576, kernel_size=(3, 3), stride=(2, 2), padding=(1, 1), groups=576, bias=False)
          (1): BatchNorm2d(576, eps=1e-05, momentum=0.1, affine=True, track_running_stats=True)
          (2): ReLU6(inplace=True)
        )
        (2): Conv2d(576, 160, kernel_size=(1, 1), stride=(1, 1), bias=False)
        (3): BatchNorm2d(160, eps=1e-05, momentum=0.1, affine=True, track_running_stats=True)
      )
    )
    (15): InvertedResidual(
      (conv): Sequential(
        (0): Conv2dNormActivation(
          (0): Conv2d(160, 960, kernel_size=(1, 1), stride=(1, 1), bias=False)
          (1): BatchNorm2d(960, eps=1e-05, momentum=0.1, affine=True, track_running_stats=True)
          (2): ReLU6(inplace=True)
        )
        (1): Conv2dNormActivation(
          (0): Conv2d(960, 960, kernel_size=(3, 3), stride=(1, 1), padding=(1, 1), groups=960, bias=False)
          (1): BatchNorm2d(960, eps=1e-05, momentum=0.1, affine=True, track_running_stats=True)
          (2): ReLU6(inplace=True)
        )
        (2): Conv2d(960, 160, kernel_size=(1, 1), stride=(1, 1), bias=False)
        (3): BatchNorm2d(160, eps=1e-05, momentum=0.1, affine=True, track_running_stats=True)
      )
    )
    (16): InvertedResidual(
      (conv): Sequential(
        (0): Conv2dNormActivation(
          (0): Conv2d(160, 960, kernel_size=(1, 1), stride=(1, 1), bias=False)
          (1): BatchNorm2d(960, eps=1e-05, momentum=0.1, affine=True, track_running_stats=True)
          (2): ReLU6(inplace=True)
        )
        (1): Conv2dNormActivation(
          (0): Conv2d(960, 960, kernel_size=(3, 3), stride=(1, 1), padding=(1, 1), groups=960, bias=False)
          (1): BatchNorm2d(960, eps=1e-05, momentum=0.1, affine=True, track_running_stats=True)
          (2): ReLU6(inplace=True)
        )
        (2): Conv2d(960, 160, kernel_size=(1, 1), stride=(1, 1), bias=False)
        (3): BatchNorm2d(160, eps=1e-05, momentum=0.1, affine=True, track_running_stats=True)
      )
    )
    (17): InvertedResidual(
      (conv): Sequential(
        (0): Conv2dNormActivation(
          (0): Conv2d(160, 960, kernel_size=(1, 1), stride=(1, 1), bias=False)
          (1): BatchNorm2d(960, eps=1e-05, momentum=0.1, affine=True, track_running_stats=True)
          (2): ReLU6(inplace=True)
        )
        (1): Conv2dNormActivation(
          (0): Conv2d(960, 960, kernel_size=(3, 3), stride=(1, 1), padding=(1, 1), groups=960, bias=False)
          (1): BatchNorm2d(960, eps=1e-05, momentum=0.1, affine=True, track_running_stats=True)
          (2): ReLU6(inplace=True)
        )
        (2): Conv2d(960, 320, kernel_size=(1, 1), stride=(1, 1), bias=False)
        (3): BatchNorm2d(320, eps=1e-05, momentum=0.1, affine=True, track_running_stats=True)
      )
    )
    (18): Conv2dNormActivation(
      (0): Conv2d(320, 1280, kernel_size=(1, 1), stride=(1, 1), bias=False)
      (1): BatchNorm2d(1280, eps=1e-05, momentum=0.1, affine=True, track_running_stats=True)
      (2): ReLU6(inplace=True)
    )
  )
  (classifier): Sequential(
    (0): Dropout(p=0.2, inplace=False)
    (1): Linear(in_features=1280, out_features=10, bias=True)
  )
)
2026-03-23 01:36:40 | INFO | ======================================================================
2026-03-23 01:36:40 | INFO | Teacher loaded from C:\Users\İhsan\Desktop\Development\cs515\aigul_CS515\results\checkpoints\HW2\resnet_scratch_ls\resnet_scratch_ls_best_model.pt (all parameters frozen).
2026-03-23 01:36:41 | INFO | Starting training | mode=kd_ls
2026-03-23 01:36:41 | INFO | Train size: 45000 | Val size: 5000
2026-03-23 01:36:41 | INFO | Epoch 1/80
2026-03-23 01:36:50 | INFO |   [Batch   50/352] train_loss=2.3212 | train_acc=0.1225
2026-03-23 01:36:52 | INFO |   [Batch  100/352] train_loss=2.3139 | train_acc=0.1414
2026-03-23 01:36:54 | INFO |   [Batch  150/352] train_loss=2.3094 | train_acc=0.1648
2026-03-23 01:36:57 | INFO |   [Batch  200/352] train_loss=2.3063 | train_acc=0.1861
2026-03-23 01:36:59 | INFO |   [Batch  250/352] train_loss=2.3036 | train_acc=0.2074
2026-03-23 01:37:01 | INFO |   [Batch  300/352] train_loss=2.3014 | train_acc=0.2269
2026-03-23 01:37:03 | INFO |   [Batch  350/352] train_loss=2.2993 | train_acc=0.2446
2026-03-23 01:37:11 | INFO |   Train | loss=2.2993 acc=0.2450 | Val | loss=2.1049 acc=0.3832 | lr=0.001000
2026-03-23 01:37:11 | INFO |   Saved best model → C:\Users\İhsan\Desktop\Development\cs515\aigul_CS515\results\checkpoints\HW2\mobilenet_kd_ls\mobilenet_kd_ls_best_model.pt (val_loss=2.1049)
2026-03-23 01:37:11 | INFO | Epoch 2/80
2026-03-23 01:37:20 | INFO |   [Batch   50/352] train_loss=2.2843 | train_acc=0.3833
2026-03-23 01:37:22 | INFO |   [Batch  100/352] train_loss=2.2836 | train_acc=0.3937
2026-03-23 01:37:24 | INFO |   [Batch  150/352] train_loss=2.2828 | train_acc=0.4006
2026-03-23 01:37:26 | INFO |   [Batch  200/352] train_loss=2.2821 | train_acc=0.4041
2026-03-23 01:37:28 | INFO |   [Batch  250/352] train_loss=2.2814 | train_acc=0.4086
2026-03-23 01:37:30 | INFO |   [Batch  300/352] train_loss=2.2806 | train_acc=0.4155
2026-03-23 01:37:32 | INFO |   [Batch  350/352] train_loss=2.2799 | train_acc=0.4211
2026-03-23 01:37:40 | INFO |   Train | loss=2.2799 acc=0.4213 | Val | loss=2.0442 acc=0.4814 | lr=0.000998
2026-03-23 01:37:40 | INFO |   Saved best model → C:\Users\İhsan\Desktop\Development\cs515\aigul_CS515\results\checkpoints\HW2\mobilenet_kd_ls\mobilenet_kd_ls_best_model.pt (val_loss=2.0442)
2026-03-23 01:37:40 | INFO | Epoch 3/80
2026-03-23 01:37:49 | INFO |   [Batch   50/352] train_loss=2.2743 | train_acc=0.4667
2026-03-23 01:37:51 | INFO |   [Batch  100/352] train_loss=2.2740 | train_acc=0.4731
2026-03-23 01:37:53 | INFO |   [Batch  150/352] train_loss=2.2735 | train_acc=0.4773
2026-03-23 01:37:55 | INFO |   [Batch  200/352] train_loss=2.2733 | train_acc=0.4787
2026-03-23 01:37:57 | INFO |   [Batch  250/352] train_loss=2.2728 | train_acc=0.4840
2026-03-23 01:37:59 | INFO |   [Batch  300/352] train_loss=2.2723 | train_acc=0.4885
2026-03-23 01:38:01 | INFO |   [Batch  350/352] train_loss=2.2720 | train_acc=0.4920
2026-03-23 01:38:09 | INFO |   Train | loss=2.2720 acc=0.4922 | Val | loss=1.9765 acc=0.5396 | lr=0.000997
2026-03-23 01:38:09 | INFO |   Saved best model → C:\Users\İhsan\Desktop\Development\cs515\aigul_CS515\results\checkpoints\HW2\mobilenet_kd_ls\mobilenet_kd_ls_best_model.pt (val_loss=1.9765)
2026-03-23 01:38:09 | INFO | Epoch 4/80
2026-03-23 01:38:18 | INFO |   [Batch   50/352] train_loss=2.2687 | train_acc=0.5142
2026-03-23 01:38:20 | INFO |   [Batch  100/352] train_loss=2.2678 | train_acc=0.5247
2026-03-23 01:38:22 | INFO |   [Batch  150/352] train_loss=2.2673 | train_acc=0.5330
2026-03-23 01:38:24 | INFO |   [Batch  200/352] train_loss=2.2670 | train_acc=0.5341
2026-03-23 01:38:26 | INFO |   [Batch  250/352] train_loss=2.2666 | train_acc=0.5381
2026-03-23 01:38:29 | INFO |   [Batch  300/352] train_loss=2.2661 | train_acc=0.5424
2026-03-23 01:38:31 | INFO |   [Batch  350/352] train_loss=2.2656 | train_acc=0.5467
2026-03-23 01:38:38 | INFO |   Train | loss=2.2656 acc=0.5469 | Val | loss=1.9292 acc=0.5556 | lr=0.000994
2026-03-23 01:38:38 | INFO |   Saved best model → C:\Users\İhsan\Desktop\Development\cs515\aigul_CS515\results\checkpoints\HW2\mobilenet_kd_ls\mobilenet_kd_ls_best_model.pt (val_loss=1.9292)
2026-03-23 01:38:38 | INFO | Epoch 5/80
2026-03-23 01:38:47 | INFO |   [Batch   50/352] train_loss=2.2617 | train_acc=0.5819
2026-03-23 01:38:50 | INFO |   [Batch  100/352] train_loss=2.2613 | train_acc=0.5855
2026-03-23 01:38:52 | INFO |   [Batch  150/352] train_loss=2.2614 | train_acc=0.5820
2026-03-23 01:38:54 | INFO |   [Batch  200/352] train_loss=2.2610 | train_acc=0.5864
2026-03-23 01:38:56 | INFO |   [Batch  250/352] train_loss=2.2608 | train_acc=0.5878
2026-03-23 01:38:58 | INFO |   [Batch  300/352] train_loss=2.2602 | train_acc=0.5929
2026-03-23 01:39:00 | INFO |   [Batch  350/352] train_loss=2.2599 | train_acc=0.5959
2026-03-23 01:39:08 | INFO |   Train | loss=2.2598 acc=0.5958 | Val | loss=1.8533 acc=0.6238 | lr=0.000990
2026-03-23 01:39:08 | INFO |   Saved best model → C:\Users\İhsan\Desktop\Development\cs515\aigul_CS515\results\checkpoints\HW2\mobilenet_kd_ls\mobilenet_kd_ls_best_model.pt (val_loss=1.8533)
2026-03-23 01:39:08 | INFO | Epoch 6/80
2026-03-23 01:39:17 | INFO |   [Batch   50/352] train_loss=2.2565 | train_acc=0.6242
2026-03-23 01:39:19 | INFO |   [Batch  100/352] train_loss=2.2559 | train_acc=0.6280
2026-03-23 01:39:21 | INFO |   [Batch  150/352] train_loss=2.2558 | train_acc=0.6293
2026-03-23 01:39:23 | INFO |   [Batch  200/352] train_loss=2.2554 | train_acc=0.6313
2026-03-23 01:39:25 | INFO |   [Batch  250/352] train_loss=2.2551 | train_acc=0.6328
2026-03-23 01:39:27 | INFO |   [Batch  300/352] train_loss=2.2547 | train_acc=0.6361
2026-03-23 01:39:29 | INFO |   [Batch  350/352] train_loss=2.2544 | train_acc=0.6383
2026-03-23 01:39:37 | INFO |   Train | loss=2.2544 acc=0.6383 | Val | loss=1.8150 acc=0.6376 | lr=0.000986
2026-03-23 01:39:37 | INFO |   Saved best model → C:\Users\İhsan\Desktop\Development\cs515\aigul_CS515\results\checkpoints\HW2\mobilenet_kd_ls\mobilenet_kd_ls_best_model.pt (val_loss=1.8150)
2026-03-23 01:39:37 | INFO | Epoch 7/80
2026-03-23 01:39:46 | INFO |   [Batch   50/352] train_loss=2.2515 | train_acc=0.6664
2026-03-23 01:39:48 | INFO |   [Batch  100/352] train_loss=2.2508 | train_acc=0.6702
2026-03-23 01:39:50 | INFO |   [Batch  150/352] train_loss=2.2502 | train_acc=0.6739
2026-03-23 01:39:52 | INFO |   [Batch  200/352] train_loss=2.2502 | train_acc=0.6741
2026-03-23 01:39:55 | INFO |   [Batch  250/352] train_loss=2.2500 | train_acc=0.6737
2026-03-23 01:39:57 | INFO |   [Batch  300/352] train_loss=2.2499 | train_acc=0.6742
2026-03-23 01:39:59 | INFO |   [Batch  350/352] train_loss=2.2495 | train_acc=0.6763
2026-03-23 01:40:07 | INFO |   Train | loss=2.2495 acc=0.6766 | Val | loss=1.7634 acc=0.6906 | lr=0.000981
2026-03-23 01:40:07 | INFO |   Saved best model → C:\Users\İhsan\Desktop\Development\cs515\aigul_CS515\results\checkpoints\HW2\mobilenet_kd_ls\mobilenet_kd_ls_best_model.pt (val_loss=1.7634)
2026-03-23 01:40:07 | INFO | Epoch 8/80
2026-03-23 01:40:16 | INFO |   [Batch   50/352] train_loss=2.2465 | train_acc=0.6973
2026-03-23 01:40:18 | INFO |   [Batch  100/352] train_loss=2.2460 | train_acc=0.7041
2026-03-23 01:40:20 | INFO |   [Batch  150/352] train_loss=2.2461 | train_acc=0.7047
2026-03-23 01:40:22 | INFO |   [Batch  200/352] train_loss=2.2464 | train_acc=0.7020
2026-03-23 01:40:24 | INFO |   [Batch  250/352] train_loss=2.2464 | train_acc=0.7023
2026-03-23 01:40:26 | INFO |   [Batch  300/352] train_loss=2.2462 | train_acc=0.7030
2026-03-23 01:40:28 | INFO |   [Batch  350/352] train_loss=2.2460 | train_acc=0.7050
2026-03-23 01:40:36 | INFO |   Train | loss=2.2460 acc=0.7049 | Val | loss=1.7582 acc=0.6880 | lr=0.000976
2026-03-23 01:40:36 | INFO |   Saved best model → C:\Users\İhsan\Desktop\Development\cs515\aigul_CS515\results\checkpoints\HW2\mobilenet_kd_ls\mobilenet_kd_ls_best_model.pt (val_loss=1.7582)
2026-03-23 01:40:36 | INFO | Epoch 9/80
2026-03-23 01:40:45 | INFO |   [Batch   50/352] train_loss=2.2446 | train_acc=0.7105
2026-03-23 01:40:47 | INFO |   [Batch  100/352] train_loss=2.2440 | train_acc=0.7178
2026-03-23 01:40:49 | INFO |   [Batch  150/352] train_loss=2.2441 | train_acc=0.7174
2026-03-23 01:40:52 | INFO |   [Batch  200/352] train_loss=2.2438 | train_acc=0.7208
2026-03-23 01:40:54 | INFO |   [Batch  250/352] train_loss=2.2438 | train_acc=0.7211
2026-03-23 01:40:56 | INFO |   [Batch  300/352] train_loss=2.2435 | train_acc=0.7234
2026-03-23 01:40:58 | INFO |   [Batch  350/352] train_loss=2.2435 | train_acc=0.7237
2026-03-23 01:41:06 | INFO |   Train | loss=2.2435 acc=0.7239 | Val | loss=1.7177 acc=0.7350 | lr=0.000969
2026-03-23 01:41:06 | INFO |   Saved best model → C:\Users\İhsan\Desktop\Development\cs515\aigul_CS515\results\checkpoints\HW2\mobilenet_kd_ls\mobilenet_kd_ls_best_model.pt (val_loss=1.7177)
2026-03-23 01:41:06 | INFO | Epoch 10/80
2026-03-23 01:41:15 | INFO |   [Batch   50/352] train_loss=2.2421 | train_acc=0.7294
2026-03-23 01:41:17 | INFO |   [Batch  100/352] train_loss=2.2423 | train_acc=0.7272
2026-03-23 01:41:19 | INFO |   [Batch  150/352] train_loss=2.2420 | train_acc=0.7318
2026-03-23 01:41:21 | INFO |   [Batch  200/352] train_loss=2.2420 | train_acc=0.7311
2026-03-23 01:41:23 | INFO |   [Batch  250/352] train_loss=2.2418 | train_acc=0.7338
2026-03-23 01:41:25 | INFO |   [Batch  300/352] train_loss=2.2419 | train_acc=0.7334
2026-03-23 01:41:27 | INFO |   [Batch  350/352] train_loss=2.2418 | train_acc=0.7334
2026-03-23 01:41:35 | INFO |   Train | loss=2.2418 acc=0.7333 | Val | loss=1.6858 acc=0.7524 | lr=0.000962
2026-03-23 01:41:35 | INFO |   Saved best model → C:\Users\İhsan\Desktop\Development\cs515\aigul_CS515\results\checkpoints\HW2\mobilenet_kd_ls\mobilenet_kd_ls_best_model.pt (val_loss=1.6858)
2026-03-23 01:41:35 | INFO | Epoch 11/80
2026-03-23 01:41:44 | INFO |   [Batch   50/352] train_loss=2.2387 | train_acc=0.7577
2026-03-23 01:41:46 | INFO |   [Batch  100/352] train_loss=2.2399 | train_acc=0.7497
2026-03-23 01:41:48 | INFO |   [Batch  150/352] train_loss=2.2401 | train_acc=0.7503
2026-03-23 01:41:50 | INFO |   [Batch  200/352] train_loss=2.2404 | train_acc=0.7474
2026-03-23 01:41:52 | INFO |   [Batch  250/352] train_loss=2.2401 | train_acc=0.7488
2026-03-23 01:41:54 | INFO |   [Batch  300/352] train_loss=2.2400 | train_acc=0.7493
2026-03-23 01:41:56 | INFO |   [Batch  350/352] train_loss=2.2399 | train_acc=0.7499
2026-03-23 01:42:04 | INFO |   Train | loss=2.2400 acc=0.7499 | Val | loss=1.6826 acc=0.7464 | lr=0.000954
2026-03-23 01:42:04 | INFO |   Saved best model → C:\Users\İhsan\Desktop\Development\cs515\aigul_CS515\results\checkpoints\HW2\mobilenet_kd_ls\mobilenet_kd_ls_best_model.pt (val_loss=1.6826)
2026-03-23 01:42:04 | INFO | Epoch 12/80
2026-03-23 01:42:13 | INFO |   [Batch   50/352] train_loss=2.2388 | train_acc=0.7578
2026-03-23 01:42:15 | INFO |   [Batch  100/352] train_loss=2.2382 | train_acc=0.7612
2026-03-23 01:42:17 | INFO |   [Batch  150/352] train_loss=2.2386 | train_acc=0.7582
2026-03-23 01:42:19 | INFO |   [Batch  200/352] train_loss=2.2386 | train_acc=0.7584
2026-03-23 01:42:22 | INFO |   [Batch  250/352] train_loss=2.2386 | train_acc=0.7584
2026-03-23 01:42:24 | INFO |   [Batch  300/352] train_loss=2.2385 | train_acc=0.7579
2026-03-23 01:42:26 | INFO |   [Batch  350/352] train_loss=2.2385 | train_acc=0.7576
2026-03-23 01:42:34 | INFO |   Train | loss=2.2385 acc=0.7575 | Val | loss=1.6978 acc=0.7174 | lr=0.000946
2026-03-23 01:42:34 | INFO |   No improvement. Patience counter: 1/15
2026-03-23 01:42:34 | INFO | Epoch 13/80
2026-03-23 01:42:43 | INFO |   [Batch   50/352] train_loss=2.2378 | train_acc=0.7706
2026-03-23 01:42:45 | INFO |   [Batch  100/352] train_loss=2.2377 | train_acc=0.7703
2026-03-23 01:42:47 | INFO |   [Batch  150/352] train_loss=2.2376 | train_acc=0.7693
2026-03-23 01:42:49 | INFO |   [Batch  200/352] train_loss=2.2375 | train_acc=0.7693
2026-03-23 01:42:51 | INFO |   [Batch  250/352] train_loss=2.2373 | train_acc=0.7690
2026-03-23 01:42:53 | INFO |   [Batch  300/352] train_loss=2.2375 | train_acc=0.7679
2026-03-23 01:42:55 | INFO |   [Batch  350/352] train_loss=2.2375 | train_acc=0.7678
2026-03-23 01:43:03 | INFO |   Train | loss=2.2375 acc=0.7678 | Val | loss=1.6736 acc=0.7574 | lr=0.000936
2026-03-23 01:43:03 | INFO |   Saved best model → C:\Users\İhsan\Desktop\Development\cs515\aigul_CS515\results\checkpoints\HW2\mobilenet_kd_ls\mobilenet_kd_ls_best_model.pt (val_loss=1.6736)
2026-03-23 01:43:03 | INFO | Epoch 14/80
2026-03-23 01:43:12 | INFO |   [Batch   50/352] train_loss=2.2365 | train_acc=0.7747
2026-03-23 01:43:14 | INFO |   [Batch  100/352] train_loss=2.2365 | train_acc=0.7744
2026-03-23 01:43:16 | INFO |   [Batch  150/352] train_loss=2.2361 | train_acc=0.7773
2026-03-23 01:43:18 | INFO |   [Batch  200/352] train_loss=2.2363 | train_acc=0.7757
2026-03-23 01:43:20 | INFO |   [Batch  250/352] train_loss=2.2363 | train_acc=0.7755
2026-03-23 01:43:23 | INFO |   [Batch  300/352] train_loss=2.2363 | train_acc=0.7766
2026-03-23 01:43:25 | INFO |   [Batch  350/352] train_loss=2.2362 | train_acc=0.7778
2026-03-23 01:43:33 | INFO |   Train | loss=2.2361 acc=0.7779 | Val | loss=1.6616 acc=0.7622 | lr=0.000926
2026-03-23 01:43:33 | INFO |   Saved best model → C:\Users\İhsan\Desktop\Development\cs515\aigul_CS515\results\checkpoints\HW2\mobilenet_kd_ls\mobilenet_kd_ls_best_model.pt (val_loss=1.6616)
2026-03-23 01:43:33 | INFO | Epoch 15/80
2026-03-23 01:43:41 | INFO |   [Batch   50/352] train_loss=2.2353 | train_acc=0.7830
2026-03-23 01:43:44 | INFO |   [Batch  100/352] train_loss=2.2348 | train_acc=0.7867
2026-03-23 01:43:46 | INFO |   [Batch  150/352] train_loss=2.2350 | train_acc=0.7854
2026-03-23 01:43:48 | INFO |   [Batch  200/352] train_loss=2.2352 | train_acc=0.7844
2026-03-23 01:43:50 | INFO |   [Batch  250/352] train_loss=2.2353 | train_acc=0.7840
2026-03-23 01:43:52 | INFO |   [Batch  300/352] train_loss=2.2353 | train_acc=0.7842
2026-03-23 01:43:54 | INFO |   [Batch  350/352] train_loss=2.2354 | train_acc=0.7833
2026-03-23 01:44:02 | INFO |   Train | loss=2.2354 acc=0.7836 | Val | loss=1.6654 acc=0.7572 | lr=0.000916
2026-03-23 01:44:02 | INFO |   No improvement. Patience counter: 1/15
2026-03-23 01:44:02 | INFO | Epoch 16/80
2026-03-23 01:44:11 | INFO |   [Batch   50/352] train_loss=2.2340 | train_acc=0.7937
2026-03-23 01:44:13 | INFO |   [Batch  100/352] train_loss=2.2342 | train_acc=0.7923
2026-03-23 01:44:15 | INFO |   [Batch  150/352] train_loss=2.2341 | train_acc=0.7924
2026-03-23 01:44:17 | INFO |   [Batch  200/352] train_loss=2.2344 | train_acc=0.7902
2026-03-23 01:44:19 | INFO |   [Batch  250/352] train_loss=2.2344 | train_acc=0.7904
2026-03-23 01:44:21 | INFO |   [Batch  300/352] train_loss=2.2344 | train_acc=0.7900
2026-03-23 01:44:23 | INFO |   [Batch  350/352] train_loss=2.2345 | train_acc=0.7894
2026-03-23 01:44:31 | INFO |   Train | loss=2.2345 acc=0.7894 | Val | loss=1.6602 acc=0.7946 | lr=0.000905
2026-03-23 01:44:31 | INFO |   Saved best model → C:\Users\İhsan\Desktop\Development\cs515\aigul_CS515\results\checkpoints\HW2\mobilenet_kd_ls\mobilenet_kd_ls_best_model.pt (val_loss=1.6602)
2026-03-23 01:44:31 | INFO | Epoch 17/80
2026-03-23 01:44:40 | INFO |   [Batch   50/352] train_loss=2.2341 | train_acc=0.7920
2026-03-23 01:44:42 | INFO |   [Batch  100/352] train_loss=2.2335 | train_acc=0.7980
2026-03-23 01:44:44 | INFO |   [Batch  150/352] train_loss=2.2339 | train_acc=0.7954
2026-03-23 01:44:46 | INFO |   [Batch  200/352] train_loss=2.2338 | train_acc=0.7955
2026-03-23 01:44:48 | INFO |   [Batch  250/352] train_loss=2.2336 | train_acc=0.7968
2026-03-23 01:44:50 | INFO |   [Batch  300/352] train_loss=2.2336 | train_acc=0.7967
2026-03-23 01:44:53 | INFO |   [Batch  350/352] train_loss=2.2336 | train_acc=0.7969
2026-03-23 01:45:01 | INFO |   Train | loss=2.2336 acc=0.7970 | Val | loss=1.6377 acc=0.7914 | lr=0.000893
2026-03-23 01:45:01 | INFO |   Saved best model → C:\Users\İhsan\Desktop\Development\cs515\aigul_CS515\results\checkpoints\HW2\mobilenet_kd_ls\mobilenet_kd_ls_best_model.pt (val_loss=1.6377)
2026-03-23 01:45:01 | INFO | Epoch 18/80
2026-03-23 01:45:09 | INFO |   [Batch   50/352] train_loss=2.2342 | train_acc=0.7948
2026-03-23 01:45:12 | INFO |   [Batch  100/352] train_loss=2.2336 | train_acc=0.7971
2026-03-23 01:45:14 | INFO |   [Batch  150/352] train_loss=2.2334 | train_acc=0.7981
2026-03-23 01:45:16 | INFO |   [Batch  200/352] train_loss=2.2332 | train_acc=0.7993
2026-03-23 01:45:18 | INFO |   [Batch  250/352] train_loss=2.2331 | train_acc=0.7999
2026-03-23 01:45:20 | INFO |   [Batch  300/352] train_loss=2.2332 | train_acc=0.7994
2026-03-23 01:45:22 | INFO |   [Batch  350/352] train_loss=2.2331 | train_acc=0.7995
2026-03-23 01:45:30 | INFO |   Train | loss=2.2331 acc=0.7995 | Val | loss=1.6250 acc=0.8084 | lr=0.000880
2026-03-23 01:45:30 | INFO |   Saved best model → C:\Users\İhsan\Desktop\Development\cs515\aigul_CS515\results\checkpoints\HW2\mobilenet_kd_ls\mobilenet_kd_ls_best_model.pt (val_loss=1.6250)
2026-03-23 01:45:30 | INFO | Epoch 19/80
2026-03-23 01:45:39 | INFO |   [Batch   50/352] train_loss=2.2322 | train_acc=0.8045
2026-03-23 01:45:41 | INFO |   [Batch  100/352] train_loss=2.2323 | train_acc=0.8044
2026-03-23 01:45:43 | INFO |   [Batch  150/352] train_loss=2.2322 | train_acc=0.8070
2026-03-23 01:45:45 | INFO |   [Batch  200/352] train_loss=2.2321 | train_acc=0.8072
2026-03-23 01:45:47 | INFO |   [Batch  250/352] train_loss=2.2323 | train_acc=0.8055
2026-03-23 01:45:49 | INFO |   [Batch  300/352] train_loss=2.2323 | train_acc=0.8059
2026-03-23 01:45:51 | INFO |   [Batch  350/352] train_loss=2.2322 | train_acc=0.8069
2026-03-23 01:45:59 | INFO |   Train | loss=2.2322 acc=0.8067 | Val | loss=1.6406 acc=0.7804 | lr=0.000867
2026-03-23 01:45:59 | INFO |   No improvement. Patience counter: 1/15
2026-03-23 01:45:59 | INFO | Epoch 20/80
2026-03-23 01:46:08 | INFO |   [Batch   50/352] train_loss=2.2325 | train_acc=0.8091
2026-03-23 01:46:10 | INFO |   [Batch  100/352] train_loss=2.2318 | train_acc=0.8118
2026-03-23 01:46:12 | INFO |   [Batch  150/352] train_loss=2.2320 | train_acc=0.8089
2026-03-23 01:46:14 | INFO |   [Batch  200/352] train_loss=2.2317 | train_acc=0.8105
2026-03-23 01:46:16 | INFO |   [Batch  250/352] train_loss=2.2320 | train_acc=0.8084
2026-03-23 01:46:18 | INFO |   [Batch  300/352] train_loss=2.2320 | train_acc=0.8087
2026-03-23 01:46:20 | INFO |   [Batch  350/352] train_loss=2.2319 | train_acc=0.8099
2026-03-23 01:46:28 | INFO |   Train | loss=2.2319 acc=0.8098 | Val | loss=1.6363 acc=0.7946 | lr=0.000854
2026-03-23 01:46:28 | INFO |   No improvement. Patience counter: 2/15
2026-03-23 01:46:28 | INFO | Epoch 21/80
2026-03-23 01:46:38 | INFO |   [Batch   50/352] train_loss=2.2313 | train_acc=0.8144
2026-03-23 01:46:40 | INFO |   [Batch  100/352] train_loss=2.2307 | train_acc=0.8183
2026-03-23 01:46:42 | INFO |   [Batch  150/352] train_loss=2.2313 | train_acc=0.8137
2026-03-23 01:46:44 | INFO |   [Batch  200/352] train_loss=2.2313 | train_acc=0.8141
2026-03-23 01:46:46 | INFO |   [Batch  250/352] train_loss=2.2314 | train_acc=0.8132
2026-03-23 01:46:48 | INFO |   [Batch  300/352] train_loss=2.2312 | train_acc=0.8142
2026-03-23 01:46:50 | INFO |   [Batch  350/352] train_loss=2.2312 | train_acc=0.8148
2026-03-23 01:46:58 | INFO |   Train | loss=2.2312 acc=0.8147 | Val | loss=1.6012 acc=0.8130 | lr=0.000840
2026-03-23 01:46:58 | INFO |   Saved best model → C:\Users\İhsan\Desktop\Development\cs515\aigul_CS515\results\checkpoints\HW2\mobilenet_kd_ls\mobilenet_kd_ls_best_model.pt (val_loss=1.6012)
2026-03-23 01:46:58 | INFO | Epoch 22/80
2026-03-23 01:47:07 | INFO |   [Batch   50/352] train_loss=2.2298 | train_acc=0.8248
2026-03-23 01:47:09 | INFO |   [Batch  100/352] train_loss=2.2304 | train_acc=0.8187
2026-03-23 01:47:11 | INFO |   [Batch  150/352] train_loss=2.2307 | train_acc=0.8165
2026-03-23 01:47:13 | INFO |   [Batch  200/352] train_loss=2.2306 | train_acc=0.8173
2026-03-23 01:47:16 | INFO |   [Batch  250/352] train_loss=2.2305 | train_acc=0.8181
2026-03-23 01:47:18 | INFO |   [Batch  300/352] train_loss=2.2304 | train_acc=0.8187
2026-03-23 01:47:20 | INFO |   [Batch  350/352] train_loss=2.2306 | train_acc=0.8177
2026-03-23 01:47:28 | INFO |   Train | loss=2.2306 acc=0.8176 | Val | loss=1.6229 acc=0.8152 | lr=0.000825
2026-03-23 01:47:28 | INFO |   No improvement. Patience counter: 1/15
2026-03-23 01:47:28 | INFO | Epoch 23/80
2026-03-23 01:47:37 | INFO |   [Batch   50/352] train_loss=2.2299 | train_acc=0.8242
2026-03-23 01:47:39 | INFO |   [Batch  100/352] train_loss=2.2294 | train_acc=0.8268
2026-03-23 01:47:41 | INFO |   [Batch  150/352] train_loss=2.2295 | train_acc=0.8253
2026-03-23 01:47:43 | INFO |   [Batch  200/352] train_loss=2.2295 | train_acc=0.8255
2026-03-23 01:47:45 | INFO |   [Batch  250/352] train_loss=2.2296 | train_acc=0.8246
2026-03-23 01:47:47 | INFO |   [Batch  300/352] train_loss=2.2300 | train_acc=0.8219
2026-03-23 01:47:49 | INFO |   [Batch  350/352] train_loss=2.2301 | train_acc=0.8217
2026-03-23 01:47:58 | INFO |   Train | loss=2.2301 acc=0.8218 | Val | loss=1.6102 acc=0.8148 | lr=0.000810
2026-03-23 01:47:58 | INFO |   No improvement. Patience counter: 2/15
2026-03-23 01:47:58 | INFO | Epoch 24/80
2026-03-23 01:48:07 | INFO |   [Batch   50/352] train_loss=2.2279 | train_acc=0.8414
2026-03-23 01:48:09 | INFO |   [Batch  100/352] train_loss=2.2286 | train_acc=0.8340
2026-03-23 01:48:11 | INFO |   [Batch  150/352] train_loss=2.2291 | train_acc=0.8303
2026-03-23 01:48:13 | INFO |   [Batch  200/352] train_loss=2.2292 | train_acc=0.8275
2026-03-23 01:48:15 | INFO |   [Batch  250/352] train_loss=2.2295 | train_acc=0.8256
2026-03-23 01:48:17 | INFO |   [Batch  300/352] train_loss=2.2295 | train_acc=0.8255
2026-03-23 01:48:19 | INFO |   [Batch  350/352] train_loss=2.2296 | train_acc=0.8245
2026-03-23 01:48:27 | INFO |   Train | loss=2.2296 acc=0.8244 | Val | loss=1.6172 acc=0.8122 | lr=0.000794
2026-03-23 01:48:27 | INFO |   No improvement. Patience counter: 3/15
2026-03-23 01:48:27 | INFO | Epoch 25/80
2026-03-23 01:48:36 | INFO |   [Batch   50/352] train_loss=2.2282 | train_acc=0.8342
2026-03-23 01:48:38 | INFO |   [Batch  100/352] train_loss=2.2287 | train_acc=0.8318
2026-03-23 01:48:40 | INFO |   [Batch  150/352] train_loss=2.2289 | train_acc=0.8305
2026-03-23 01:48:42 | INFO |   [Batch  200/352] train_loss=2.2289 | train_acc=0.8306
2026-03-23 01:48:44 | INFO |   [Batch  250/352] train_loss=2.2291 | train_acc=0.8291
2026-03-23 01:48:46 | INFO |   [Batch  300/352] train_loss=2.2290 | train_acc=0.8301
2026-03-23 01:48:48 | INFO |   [Batch  350/352] train_loss=2.2291 | train_acc=0.8292
2026-03-23 01:48:56 | INFO |   Train | loss=2.2291 acc=0.8291 | Val | loss=1.6148 acc=0.8066 | lr=0.000778
2026-03-23 01:48:56 | INFO |   No improvement. Patience counter: 4/15
2026-03-23 01:48:56 | INFO | Epoch 26/80
2026-03-23 01:49:05 | INFO |   [Batch   50/352] train_loss=2.2293 | train_acc=0.8309
2026-03-23 01:49:07 | INFO |   [Batch  100/352] train_loss=2.2288 | train_acc=0.8325
2026-03-23 01:49:09 | INFO |   [Batch  150/352] train_loss=2.2287 | train_acc=0.8334
2026-03-23 01:49:11 | INFO |   [Batch  200/352] train_loss=2.2288 | train_acc=0.8325
2026-03-23 01:49:13 | INFO |   [Batch  250/352] train_loss=2.2287 | train_acc=0.8324
2026-03-23 01:49:15 | INFO |   [Batch  300/352] train_loss=2.2286 | train_acc=0.8325
2026-03-23 01:49:17 | INFO |   [Batch  350/352] train_loss=2.2287 | train_acc=0.8322
2026-03-23 01:49:25 | INFO |   Train | loss=2.2287 acc=0.8324 | Val | loss=1.5840 acc=0.8190 | lr=0.000761
2026-03-23 01:49:25 | INFO |   Saved best model → C:\Users\İhsan\Desktop\Development\cs515\aigul_CS515\results\checkpoints\HW2\mobilenet_kd_ls\mobilenet_kd_ls_best_model.pt (val_loss=1.5840)
2026-03-23 01:49:25 | INFO | Epoch 27/80
2026-03-23 01:49:34 | INFO |   [Batch   50/352] train_loss=2.2284 | train_acc=0.8356
2026-03-23 01:49:36 | INFO |   [Batch  100/352] train_loss=2.2286 | train_acc=0.8319
2026-03-23 01:49:38 | INFO |   [Batch  150/352] train_loss=2.2284 | train_acc=0.8345
2026-03-23 01:49:40 | INFO |   [Batch  200/352] train_loss=2.2285 | train_acc=0.8328
2026-03-23 01:49:42 | INFO |   [Batch  250/352] train_loss=2.2284 | train_acc=0.8334
2026-03-23 01:49:44 | INFO |   [Batch  300/352] train_loss=2.2283 | train_acc=0.8348
2026-03-23 01:49:47 | INFO |   [Batch  350/352] train_loss=2.2283 | train_acc=0.8346
2026-03-23 01:49:55 | INFO |   Train | loss=2.2283 acc=0.8346 | Val | loss=1.5705 acc=0.8290 | lr=0.000745
2026-03-23 01:49:55 | INFO |   Saved best model → C:\Users\İhsan\Desktop\Development\cs515\aigul_CS515\results\checkpoints\HW2\mobilenet_kd_ls\mobilenet_kd_ls_best_model.pt (val_loss=1.5705)
2026-03-23 01:49:55 | INFO | Epoch 28/80
2026-03-23 01:50:03 | INFO |   [Batch   50/352] train_loss=2.2270 | train_acc=0.8420
2026-03-23 01:50:06 | INFO |   [Batch  100/352] train_loss=2.2273 | train_acc=0.8424
2026-03-23 01:50:08 | INFO |   [Batch  150/352] train_loss=2.2276 | train_acc=0.8404
2026-03-23 01:50:10 | INFO |   [Batch  200/352] train_loss=2.2276 | train_acc=0.8398
2026-03-23 01:50:12 | INFO |   [Batch  250/352] train_loss=2.2276 | train_acc=0.8393
2026-03-23 01:50:14 | INFO |   [Batch  300/352] train_loss=2.2276 | train_acc=0.8395
2026-03-23 01:50:16 | INFO |   [Batch  350/352] train_loss=2.2277 | train_acc=0.8389
2026-03-23 01:50:24 | INFO |   Train | loss=2.2277 acc=0.8389 | Val | loss=1.6056 acc=0.8190 | lr=0.000727
2026-03-23 01:50:24 | INFO |   No improvement. Patience counter: 1/15
2026-03-23 01:50:24 | INFO | Epoch 29/80
2026-03-23 01:50:33 | INFO |   [Batch   50/352] train_loss=2.2266 | train_acc=0.8492
2026-03-23 01:50:35 | INFO |   [Batch  100/352] train_loss=2.2271 | train_acc=0.8424
2026-03-23 01:50:37 | INFO |   [Batch  150/352] train_loss=2.2270 | train_acc=0.8429
2026-03-23 01:50:39 | INFO |   [Batch  200/352] train_loss=2.2271 | train_acc=0.8426
2026-03-23 01:50:41 | INFO |   [Batch  250/352] train_loss=2.2272 | train_acc=0.8417
2026-03-23 01:50:43 | INFO |   [Batch  300/352] train_loss=2.2272 | train_acc=0.8423
2026-03-23 01:50:45 | INFO |   [Batch  350/352] train_loss=2.2273 | train_acc=0.8415
2026-03-23 01:50:53 | INFO |   Train | loss=2.2273 acc=0.8416 | Val | loss=1.5735 acc=0.8352 | lr=0.000710
2026-03-23 01:50:53 | INFO |   No improvement. Patience counter: 2/15
2026-03-23 01:50:53 | INFO | Epoch 30/80
2026-03-23 01:51:02 | INFO |   [Batch   50/352] train_loss=2.2261 | train_acc=0.8492
2026-03-23 01:51:04 | INFO |   [Batch  100/352] train_loss=2.2266 | train_acc=0.8459
2026-03-23 01:51:06 | INFO |   [Batch  150/352] train_loss=2.2268 | train_acc=0.8458
2026-03-23 01:51:08 | INFO |   [Batch  200/352] train_loss=2.2268 | train_acc=0.8452
2026-03-23 01:51:11 | INFO |   [Batch  250/352] train_loss=2.2269 | train_acc=0.8447
2026-03-23 01:51:13 | INFO |   [Batch  300/352] train_loss=2.2270 | train_acc=0.8440
2026-03-23 01:51:15 | INFO |   [Batch  350/352] train_loss=2.2270 | train_acc=0.8439
2026-03-23 01:51:23 | INFO |   Train | loss=2.2270 acc=0.8440 | Val | loss=1.5700 acc=0.8386 | lr=0.000692
2026-03-23 01:51:23 | INFO |   Saved best model → C:\Users\İhsan\Desktop\Development\cs515\aigul_CS515\results\checkpoints\HW2\mobilenet_kd_ls\mobilenet_kd_ls_best_model.pt (val_loss=1.5700)
2026-03-23 01:51:23 | INFO | Epoch 31/80
2026-03-23 01:51:32 | INFO |   [Batch   50/352] train_loss=2.2267 | train_acc=0.8450
2026-03-23 01:51:34 | INFO |   [Batch  100/352] train_loss=2.2265 | train_acc=0.8466
2026-03-23 01:51:36 | INFO |   [Batch  150/352] train_loss=2.2267 | train_acc=0.8457
2026-03-23 01:51:38 | INFO |   [Batch  200/352] train_loss=2.2268 | train_acc=0.8448
2026-03-23 01:51:40 | INFO |   [Batch  250/352] train_loss=2.2268 | train_acc=0.8447
2026-03-23 01:51:42 | INFO |   [Batch  300/352] train_loss=2.2269 | train_acc=0.8445
2026-03-23 01:51:45 | INFO |   [Batch  350/352] train_loss=2.2267 | train_acc=0.8452
2026-03-23 01:51:53 | INFO |   Train | loss=2.2267 acc=0.8452 | Val | loss=1.5738 acc=0.8388 | lr=0.000673
2026-03-23 01:51:53 | INFO |   No improvement. Patience counter: 1/15
2026-03-23 01:51:53 | INFO | Epoch 32/80
2026-03-23 01:52:02 | INFO |   [Batch   50/352] train_loss=2.2262 | train_acc=0.8530
2026-03-23 01:52:04 | INFO |   [Batch  100/352] train_loss=2.2270 | train_acc=0.8447
2026-03-23 01:52:06 | INFO |   [Batch  150/352] train_loss=2.2264 | train_acc=0.8495
2026-03-23 01:52:08 | INFO |   [Batch  200/352] train_loss=2.2263 | train_acc=0.8507
2026-03-23 01:52:10 | INFO |   [Batch  250/352] train_loss=2.2262 | train_acc=0.8510
2026-03-23 01:52:12 | INFO |   [Batch  300/352] train_loss=2.2262 | train_acc=0.8512
2026-03-23 01:52:14 | INFO |   [Batch  350/352] train_loss=2.2262 | train_acc=0.8507
2026-03-23 01:52:22 | INFO |   Train | loss=2.2262 acc=0.8508 | Val | loss=1.5894 acc=0.8340 | lr=0.000655
2026-03-23 01:52:22 | INFO |   No improvement. Patience counter: 2/15
2026-03-23 01:52:22 | INFO | Epoch 33/80
2026-03-23 01:52:31 | INFO |   [Batch   50/352] train_loss=2.2250 | train_acc=0.8586
2026-03-23 01:52:33 | INFO |   [Batch  100/352] train_loss=2.2251 | train_acc=0.8580
2026-03-23 01:52:36 | INFO |   [Batch  150/352] train_loss=2.2254 | train_acc=0.8556
2026-03-23 01:52:38 | INFO |   [Batch  200/352] train_loss=2.2256 | train_acc=0.8545
2026-03-23 01:52:40 | INFO |   [Batch  250/352] train_loss=2.2256 | train_acc=0.8546
2026-03-23 01:52:42 | INFO |   [Batch  300/352] train_loss=2.2256 | train_acc=0.8543
2026-03-23 01:52:44 | INFO |   [Batch  350/352] train_loss=2.2257 | train_acc=0.8527
2026-03-23 01:52:52 | INFO |   Train | loss=2.2257 acc=0.8526 | Val | loss=1.5686 acc=0.8408 | lr=0.000636
2026-03-23 01:52:52 | INFO |   Saved best model → C:\Users\İhsan\Desktop\Development\cs515\aigul_CS515\results\checkpoints\HW2\mobilenet_kd_ls\mobilenet_kd_ls_best_model.pt (val_loss=1.5686)
2026-03-23 01:52:52 | INFO | Epoch 34/80
2026-03-23 01:53:01 | INFO |   [Batch   50/352] train_loss=2.2251 | train_acc=0.8588
2026-03-23 01:53:03 | INFO |   [Batch  100/352] train_loss=2.2251 | train_acc=0.8579
2026-03-23 01:53:05 | INFO |   [Batch  150/352] train_loss=2.2256 | train_acc=0.8541
2026-03-23 01:53:07 | INFO |   [Batch  200/352] train_loss=2.2255 | train_acc=0.8547
2026-03-23 01:53:09 | INFO |   [Batch  250/352] train_loss=2.2253 | train_acc=0.8567
2026-03-23 01:53:11 | INFO |   [Batch  300/352] train_loss=2.2253 | train_acc=0.8569
2026-03-23 01:53:13 | INFO |   [Batch  350/352] train_loss=2.2254 | train_acc=0.8562
2026-03-23 01:53:21 | INFO |   Train | loss=2.2254 acc=0.8562 | Val | loss=1.5563 acc=0.8428 | lr=0.000617
2026-03-23 01:53:21 | INFO |   Saved best model → C:\Users\İhsan\Desktop\Development\cs515\aigul_CS515\results\checkpoints\HW2\mobilenet_kd_ls\mobilenet_kd_ls_best_model.pt (val_loss=1.5563)
2026-03-23 01:53:21 | INFO | Epoch 35/80
2026-03-23 01:53:30 | INFO |   [Batch   50/352] train_loss=2.2239 | train_acc=0.8641
2026-03-23 01:53:32 | INFO |   [Batch  100/352] train_loss=2.2242 | train_acc=0.8610
2026-03-23 01:53:34 | INFO |   [Batch  150/352] train_loss=2.2244 | train_acc=0.8590
2026-03-23 01:53:36 | INFO |   [Batch  200/352] train_loss=2.2244 | train_acc=0.8600
2026-03-23 01:53:38 | INFO |   [Batch  250/352] train_loss=2.2245 | train_acc=0.8595
2026-03-23 01:53:40 | INFO |   [Batch  300/352] train_loss=2.2246 | train_acc=0.8599
2026-03-23 01:53:42 | INFO |   [Batch  350/352] train_loss=2.2247 | train_acc=0.8598
2026-03-23 01:53:50 | INFO |   Train | loss=2.2247 acc=0.8599 | Val | loss=1.5719 acc=0.8382 | lr=0.000598
2026-03-23 01:53:50 | INFO |   No improvement. Patience counter: 1/15
2026-03-23 01:53:50 | INFO | Epoch 36/80
2026-03-23 01:53:59 | INFO |   [Batch   50/352] train_loss=2.2240 | train_acc=0.8652
2026-03-23 01:54:01 | INFO |   [Batch  100/352] train_loss=2.2244 | train_acc=0.8606
2026-03-23 01:54:03 | INFO |   [Batch  150/352] train_loss=2.2243 | train_acc=0.8629
2026-03-23 01:54:05 | INFO |   [Batch  200/352] train_loss=2.2242 | train_acc=0.8634
2026-03-23 01:54:07 | INFO |   [Batch  250/352] train_loss=2.2243 | train_acc=0.8627
2026-03-23 01:54:09 | INFO |   [Batch  300/352] train_loss=2.2243 | train_acc=0.8626
2026-03-23 01:54:11 | INFO |   [Batch  350/352] train_loss=2.2244 | train_acc=0.8620
2026-03-23 01:54:19 | INFO |   Train | loss=2.2244 acc=0.8619 | Val | loss=1.5808 acc=0.8226 | lr=0.000579
2026-03-23 01:54:19 | INFO |   No improvement. Patience counter: 2/15
2026-03-23 01:54:19 | INFO | Epoch 37/80
2026-03-23 01:54:29 | INFO |   [Batch   50/352] train_loss=2.2240 | train_acc=0.8647
2026-03-23 01:54:31 | INFO |   [Batch  100/352] train_loss=2.2242 | train_acc=0.8630
2026-03-23 01:54:33 | INFO |   [Batch  150/352] train_loss=2.2242 | train_acc=0.8629
2026-03-23 01:54:35 | INFO |   [Batch  200/352] train_loss=2.2243 | train_acc=0.8619
2026-03-23 01:54:37 | INFO |   [Batch  250/352] train_loss=2.2243 | train_acc=0.8619
2026-03-23 01:54:39 | INFO |   [Batch  300/352] train_loss=2.2243 | train_acc=0.8622
2026-03-23 01:54:41 | INFO |   [Batch  350/352] train_loss=2.2243 | train_acc=0.8625
2026-03-23 01:54:49 | INFO |   Train | loss=2.2243 acc=0.8623 | Val | loss=1.5591 acc=0.8382 | lr=0.000559
2026-03-23 01:54:49 | INFO |   No improvement. Patience counter: 3/15
2026-03-23 01:54:49 | INFO | Epoch 38/80
2026-03-23 01:54:58 | INFO |   [Batch   50/352] train_loss=2.2236 | train_acc=0.8666
2026-03-23 01:55:00 | INFO |   [Batch  100/352] train_loss=2.2240 | train_acc=0.8659
2026-03-23 01:55:02 | INFO |   [Batch  150/352] train_loss=2.2238 | train_acc=0.8671
2026-03-23 01:55:04 | INFO |   [Batch  200/352] train_loss=2.2238 | train_acc=0.8666
2026-03-23 01:55:06 | INFO |   [Batch  250/352] train_loss=2.2238 | train_acc=0.8666
2026-03-23 01:55:08 | INFO |   [Batch  300/352] train_loss=2.2238 | train_acc=0.8672
2026-03-23 01:55:10 | INFO |   [Batch  350/352] train_loss=2.2239 | train_acc=0.8660
2026-03-23 01:55:18 | INFO |   Train | loss=2.2239 acc=0.8661 | Val | loss=1.5508 acc=0.8436 | lr=0.000540
2026-03-23 01:55:19 | INFO |   Saved best model → C:\Users\İhsan\Desktop\Development\cs515\aigul_CS515\results\checkpoints\HW2\mobilenet_kd_ls\mobilenet_kd_ls_best_model.pt (val_loss=1.5508)
2026-03-23 01:55:19 | INFO | Epoch 39/80
2026-03-23 01:55:27 | INFO |   [Batch   50/352] train_loss=2.2235 | train_acc=0.8670
2026-03-23 01:55:30 | INFO |   [Batch  100/352] train_loss=2.2235 | train_acc=0.8678
2026-03-23 01:55:32 | INFO |   [Batch  150/352] train_loss=2.2234 | train_acc=0.8684
2026-03-23 01:55:34 | INFO |   [Batch  200/352] train_loss=2.2235 | train_acc=0.8679
2026-03-23 01:55:36 | INFO |   [Batch  250/352] train_loss=2.2234 | train_acc=0.8687
2026-03-23 01:55:38 | INFO |   [Batch  300/352] train_loss=2.2233 | train_acc=0.8698
2026-03-23 01:55:40 | INFO |   [Batch  350/352] train_loss=2.2234 | train_acc=0.8687
2026-03-23 01:55:48 | INFO |   Train | loss=2.2234 acc=0.8686 | Val | loss=1.5494 acc=0.8488 | lr=0.000520
2026-03-23 01:55:48 | INFO |   Saved best model → C:\Users\İhsan\Desktop\Development\cs515\aigul_CS515\results\checkpoints\HW2\mobilenet_kd_ls\mobilenet_kd_ls_best_model.pt (val_loss=1.5494)
2026-03-23 01:55:48 | INFO | Epoch 40/80
2026-03-23 01:55:57 | INFO |   [Batch   50/352] train_loss=2.2214 | train_acc=0.8841
2026-03-23 01:55:59 | INFO |   [Batch  100/352] train_loss=2.2229 | train_acc=0.8733
2026-03-23 01:56:01 | INFO |   [Batch  150/352] train_loss=2.2231 | train_acc=0.8713
2026-03-23 01:56:03 | INFO |   [Batch  200/352] train_loss=2.2231 | train_acc=0.8709
2026-03-23 01:56:05 | INFO |   [Batch  250/352] train_loss=2.2232 | train_acc=0.8705
2026-03-23 01:56:07 | INFO |   [Batch  300/352] train_loss=2.2233 | train_acc=0.8698
2026-03-23 01:56:09 | INFO |   [Batch  350/352] train_loss=2.2234 | train_acc=0.8690
2026-03-23 01:56:17 | INFO |   Train | loss=2.2233 acc=0.8692 | Val | loss=1.5435 acc=0.8574 | lr=0.000501
2026-03-23 01:56:17 | INFO |   Saved best model → C:\Users\İhsan\Desktop\Development\cs515\aigul_CS515\results\checkpoints\HW2\mobilenet_kd_ls\mobilenet_kd_ls_best_model.pt (val_loss=1.5435)
2026-03-23 01:56:17 | INFO | Epoch 41/80
2026-03-23 01:56:26 | INFO |   [Batch   50/352] train_loss=2.2228 | train_acc=0.8717
2026-03-23 01:56:28 | INFO |   [Batch  100/352] train_loss=2.2226 | train_acc=0.8734
2026-03-23 01:56:30 | INFO |   [Batch  150/352] train_loss=2.2224 | train_acc=0.8762
2026-03-23 01:56:32 | INFO |   [Batch  200/352] train_loss=2.2227 | train_acc=0.8742
2026-03-23 01:56:34 | INFO |   [Batch  250/352] train_loss=2.2225 | train_acc=0.8757
2026-03-23 01:56:37 | INFO |   [Batch  300/352] train_loss=2.2227 | train_acc=0.8734
2026-03-23 01:56:39 | INFO |   [Batch  350/352] train_loss=2.2229 | train_acc=0.8725
2026-03-23 01:56:47 | INFO |   Train | loss=2.2228 acc=0.8727 | Val | loss=1.5580 acc=0.8564 | lr=0.000481
2026-03-23 01:56:47 | INFO |   No improvement. Patience counter: 1/15
2026-03-23 01:56:47 | INFO | Epoch 42/80
2026-03-23 01:56:56 | INFO |   [Batch   50/352] train_loss=2.2229 | train_acc=0.8733
2026-03-23 01:56:58 | INFO |   [Batch  100/352] train_loss=2.2223 | train_acc=0.8768
2026-03-23 01:57:00 | INFO |   [Batch  150/352] train_loss=2.2224 | train_acc=0.8767
2026-03-23 01:57:02 | INFO |   [Batch  200/352] train_loss=2.2224 | train_acc=0.8762
2026-03-23 01:57:04 | INFO |   [Batch  250/352] train_loss=2.2223 | train_acc=0.8772
2026-03-23 01:57:06 | INFO |   [Batch  300/352] train_loss=2.2222 | train_acc=0.8773
2026-03-23 01:57:08 | INFO |   [Batch  350/352] train_loss=2.2223 | train_acc=0.8768
2026-03-23 01:57:16 | INFO |   Train | loss=2.2223 acc=0.8768 | Val | loss=1.5546 acc=0.8538 | lr=0.000461
2026-03-23 01:57:16 | INFO |   No improvement. Patience counter: 2/15
2026-03-23 01:57:16 | INFO | Epoch 43/80
2026-03-23 01:57:25 | INFO |   [Batch   50/352] train_loss=2.2213 | train_acc=0.8830
2026-03-23 01:57:27 | INFO |   [Batch  100/352] train_loss=2.2216 | train_acc=0.8813
2026-03-23 01:57:29 | INFO |   [Batch  150/352] train_loss=2.2218 | train_acc=0.8805
2026-03-23 01:57:31 | INFO |   [Batch  200/352] train_loss=2.2220 | train_acc=0.8787
2026-03-23 01:57:33 | INFO |   [Batch  250/352] train_loss=2.2223 | train_acc=0.8769
2026-03-23 01:57:35 | INFO |   [Batch  300/352] train_loss=2.2221 | train_acc=0.8779
2026-03-23 01:57:37 | INFO |   [Batch  350/352] train_loss=2.2220 | train_acc=0.8781
2026-03-23 01:57:45 | INFO |   Train | loss=2.2221 acc=0.8780 | Val | loss=1.5387 acc=0.8582 | lr=0.000442
2026-03-23 01:57:45 | INFO |   Saved best model → C:\Users\İhsan\Desktop\Development\cs515\aigul_CS515\results\checkpoints\HW2\mobilenet_kd_ls\mobilenet_kd_ls_best_model.pt (val_loss=1.5387)
2026-03-23 01:57:45 | INFO | Epoch 44/80
2026-03-23 01:57:54 | INFO |   [Batch   50/352] train_loss=2.2218 | train_acc=0.8767
2026-03-23 01:57:56 | INFO |   [Batch  100/352] train_loss=2.2214 | train_acc=0.8805
2026-03-23 01:57:58 | INFO |   [Batch  150/352] train_loss=2.2212 | train_acc=0.8824
2026-03-23 01:58:00 | INFO |   [Batch  200/352] train_loss=2.2213 | train_acc=0.8828
2026-03-23 01:58:02 | INFO |   [Batch  250/352] train_loss=2.2214 | train_acc=0.8822
2026-03-23 01:58:04 | INFO |   [Batch  300/352] train_loss=2.2215 | train_acc=0.8825
2026-03-23 01:58:06 | INFO |   [Batch  350/352] train_loss=2.2216 | train_acc=0.8815
2026-03-23 01:58:14 | INFO |   Train | loss=2.2216 acc=0.8815 | Val | loss=1.5442 acc=0.8596 | lr=0.000422
2026-03-23 01:58:14 | INFO |   No improvement. Patience counter: 1/15
2026-03-23 01:58:14 | INFO | Epoch 45/80
2026-03-23 01:58:23 | INFO |   [Batch   50/352] train_loss=2.2206 | train_acc=0.8889
2026-03-23 01:58:25 | INFO |   [Batch  100/352] train_loss=2.2208 | train_acc=0.8863
2026-03-23 01:58:27 | INFO |   [Batch  150/352] train_loss=2.2210 | train_acc=0.8847
2026-03-23 01:58:29 | INFO |   [Batch  200/352] train_loss=2.2211 | train_acc=0.8845
2026-03-23 01:58:31 | INFO |   [Batch  250/352] train_loss=2.2212 | train_acc=0.8841
2026-03-23 01:58:33 | INFO |   [Batch  300/352] train_loss=2.2211 | train_acc=0.8840
2026-03-23 01:58:35 | INFO |   [Batch  350/352] train_loss=2.2212 | train_acc=0.8834
2026-03-23 01:58:43 | INFO |   Train | loss=2.2212 acc=0.8834 | Val | loss=1.5354 acc=0.8702 | lr=0.000403
2026-03-23 01:58:43 | INFO |   Saved best model → C:\Users\İhsan\Desktop\Development\cs515\aigul_CS515\results\checkpoints\HW2\mobilenet_kd_ls\mobilenet_kd_ls_best_model.pt (val_loss=1.5354)
2026-03-23 01:58:43 | INFO | Epoch 46/80
2026-03-23 01:58:52 | INFO |   [Batch   50/352] train_loss=2.2194 | train_acc=0.8962
2026-03-23 01:58:54 | INFO |   [Batch  100/352] train_loss=2.2196 | train_acc=0.8959
2026-03-23 01:58:56 | INFO |   [Batch  150/352] train_loss=2.2203 | train_acc=0.8916
2026-03-23 01:58:58 | INFO |   [Batch  200/352] train_loss=2.2207 | train_acc=0.8881
2026-03-23 01:59:00 | INFO |   [Batch  250/352] train_loss=2.2208 | train_acc=0.8881
2026-03-23 01:59:02 | INFO |   [Batch  300/352] train_loss=2.2207 | train_acc=0.8881
2026-03-23 01:59:04 | INFO |   [Batch  350/352] train_loss=2.2209 | train_acc=0.8869
2026-03-23 01:59:12 | INFO |   Train | loss=2.2209 acc=0.8870 | Val | loss=1.5444 acc=0.8536 | lr=0.000384
2026-03-23 01:59:12 | INFO |   No improvement. Patience counter: 1/15
2026-03-23 01:59:12 | INFO | Epoch 47/80
2026-03-23 01:59:21 | INFO |   [Batch   50/352] train_loss=2.2215 | train_acc=0.8861
2026-03-23 01:59:23 | INFO |   [Batch  100/352] train_loss=2.2213 | train_acc=0.8858
2026-03-23 01:59:25 | INFO |   [Batch  150/352] train_loss=2.2206 | train_acc=0.8899
2026-03-23 01:59:27 | INFO |   [Batch  200/352] train_loss=2.2205 | train_acc=0.8897
2026-03-23 01:59:29 | INFO |   [Batch  250/352] train_loss=2.2206 | train_acc=0.8884
2026-03-23 01:59:31 | INFO |   [Batch  300/352] train_loss=2.2205 | train_acc=0.8894
2026-03-23 01:59:33 | INFO |   [Batch  350/352] train_loss=2.2206 | train_acc=0.8887
2026-03-23 01:59:41 | INFO |   Train | loss=2.2206 acc=0.8886 | Val | loss=1.5347 acc=0.8626 | lr=0.000365
2026-03-23 01:59:42 | INFO |   Saved best model → C:\Users\İhsan\Desktop\Development\cs515\aigul_CS515\results\checkpoints\HW2\mobilenet_kd_ls\mobilenet_kd_ls_best_model.pt (val_loss=1.5347)
2026-03-23 01:59:42 | INFO | Epoch 48/80
2026-03-23 01:59:50 | INFO |   [Batch   50/352] train_loss=2.2201 | train_acc=0.8903
2026-03-23 01:59:52 | INFO |   [Batch  100/352] train_loss=2.2200 | train_acc=0.8917
2026-03-23 01:59:55 | INFO |   [Batch  150/352] train_loss=2.2200 | train_acc=0.8930
2026-03-23 01:59:57 | INFO |   [Batch  200/352] train_loss=2.2199 | train_acc=0.8938
2026-03-23 01:59:59 | INFO |   [Batch  250/352] train_loss=2.2200 | train_acc=0.8935
2026-03-23 02:00:01 | INFO |   [Batch  300/352] train_loss=2.2200 | train_acc=0.8935
2026-03-23 02:00:03 | INFO |   [Batch  350/352] train_loss=2.2202 | train_acc=0.8921
2026-03-23 02:00:11 | INFO |   Train | loss=2.2202 acc=0.8919 | Val | loss=1.5276 acc=0.8708 | lr=0.000346
2026-03-23 02:00:11 | INFO |   Saved best model → C:\Users\İhsan\Desktop\Development\cs515\aigul_CS515\results\checkpoints\HW2\mobilenet_kd_ls\mobilenet_kd_ls_best_model.pt (val_loss=1.5276)
2026-03-23 02:00:11 | INFO | Epoch 49/80
2026-03-23 02:00:20 | INFO |   [Batch   50/352] train_loss=2.2193 | train_acc=0.8975
2026-03-23 02:00:22 | INFO |   [Batch  100/352] train_loss=2.2197 | train_acc=0.8941
2026-03-23 02:00:24 | INFO |   [Batch  150/352] train_loss=2.2200 | train_acc=0.8934
2026-03-23 02:00:26 | INFO |   [Batch  200/352] train_loss=2.2197 | train_acc=0.8949
2026-03-23 02:00:28 | INFO |   [Batch  250/352] train_loss=2.2198 | train_acc=0.8941
2026-03-23 02:00:30 | INFO |   [Batch  300/352] train_loss=2.2197 | train_acc=0.8947
2026-03-23 02:00:32 | INFO |   [Batch  350/352] train_loss=2.2198 | train_acc=0.8944
2026-03-23 02:00:40 | INFO |   Train | loss=2.2198 acc=0.8944 | Val | loss=1.5273 acc=0.8690 | lr=0.000328
2026-03-23 02:00:40 | INFO |   Saved best model → C:\Users\İhsan\Desktop\Development\cs515\aigul_CS515\results\checkpoints\HW2\mobilenet_kd_ls\mobilenet_kd_ls_best_model.pt (val_loss=1.5273)
2026-03-23 02:00:40 | INFO | Epoch 50/80
2026-03-23 02:00:49 | INFO |   [Batch   50/352] train_loss=2.2185 | train_acc=0.9041
2026-03-23 02:00:51 | INFO |   [Batch  100/352] train_loss=2.2186 | train_acc=0.9040
2026-03-23 02:00:53 | INFO |   [Batch  150/352] train_loss=2.2188 | train_acc=0.9021
2026-03-23 02:00:55 | INFO |   [Batch  200/352] train_loss=2.2189 | train_acc=0.9007
2026-03-23 02:00:57 | INFO |   [Batch  250/352] train_loss=2.2190 | train_acc=0.8998
2026-03-23 02:00:59 | INFO |   [Batch  300/352] train_loss=2.2193 | train_acc=0.8981
2026-03-23 02:01:01 | INFO |   [Batch  350/352] train_loss=2.2193 | train_acc=0.8985
2026-03-23 02:01:09 | INFO |   Train | loss=2.2193 acc=0.8984 | Val | loss=1.5237 acc=0.8754 | lr=0.000309
2026-03-23 02:01:09 | INFO |   Saved best model → C:\Users\İhsan\Desktop\Development\cs515\aigul_CS515\results\checkpoints\HW2\mobilenet_kd_ls\mobilenet_kd_ls_best_model.pt (val_loss=1.5237)
2026-03-23 02:01:09 | INFO | Epoch 51/80
2026-03-23 02:01:18 | INFO |   [Batch   50/352] train_loss=2.2185 | train_acc=0.9056
2026-03-23 02:01:20 | INFO |   [Batch  100/352] train_loss=2.2182 | train_acc=0.9078
2026-03-23 02:01:22 | INFO |   [Batch  150/352] train_loss=2.2185 | train_acc=0.9030
2026-03-23 02:01:24 | INFO |   [Batch  200/352] train_loss=2.2185 | train_acc=0.9018
2026-03-23 02:01:26 | INFO |   [Batch  250/352] train_loss=2.2188 | train_acc=0.8995
2026-03-23 02:01:28 | INFO |   [Batch  300/352] train_loss=2.2188 | train_acc=0.8997
2026-03-23 02:01:30 | INFO |   [Batch  350/352] train_loss=2.2188 | train_acc=0.9004
2026-03-23 02:01:38 | INFO |   Train | loss=2.2187 acc=0.9005 | Val | loss=1.5227 acc=0.8706 | lr=0.000291
2026-03-23 02:01:38 | INFO |   Saved best model → C:\Users\İhsan\Desktop\Development\cs515\aigul_CS515\results\checkpoints\HW2\mobilenet_kd_ls\mobilenet_kd_ls_best_model.pt (val_loss=1.5227)
2026-03-23 02:01:38 | INFO | Epoch 52/80
2026-03-23 02:01:47 | INFO |   [Batch   50/352] train_loss=2.2180 | train_acc=0.9041
2026-03-23 02:01:49 | INFO |   [Batch  100/352] train_loss=2.2180 | train_acc=0.9046
2026-03-23 02:01:51 | INFO |   [Batch  150/352] train_loss=2.2184 | train_acc=0.9020
2026-03-23 02:01:53 | INFO |   [Batch  200/352] train_loss=2.2185 | train_acc=0.9018
2026-03-23 02:01:55 | INFO |   [Batch  250/352] train_loss=2.2185 | train_acc=0.9018
2026-03-23 02:01:57 | INFO |   [Batch  300/352] train_loss=2.2186 | train_acc=0.9012
2026-03-23 02:01:59 | INFO |   [Batch  350/352] train_loss=2.2185 | train_acc=0.9017
2026-03-23 02:02:07 | INFO |   Train | loss=2.2185 acc=0.9017 | Val | loss=1.5088 acc=0.8840 | lr=0.000274
2026-03-23 02:02:07 | INFO |   Saved best model → C:\Users\İhsan\Desktop\Development\cs515\aigul_CS515\results\checkpoints\HW2\mobilenet_kd_ls\mobilenet_kd_ls_best_model.pt (val_loss=1.5088)
2026-03-23 02:02:07 | INFO | Epoch 53/80
2026-03-23 02:02:16 | INFO |   [Batch   50/352] train_loss=2.2184 | train_acc=0.9059
2026-03-23 02:02:18 | INFO |   [Batch  100/352] train_loss=2.2181 | train_acc=0.9069
2026-03-23 02:02:20 | INFO |   [Batch  150/352] train_loss=2.2180 | train_acc=0.9073
2026-03-23 02:02:22 | INFO |   [Batch  200/352] train_loss=2.2180 | train_acc=0.9075
2026-03-23 02:02:24 | INFO |   [Batch  250/352] train_loss=2.2180 | train_acc=0.9074
2026-03-23 02:02:26 | INFO |   [Batch  300/352] train_loss=2.2181 | train_acc=0.9070
2026-03-23 02:02:28 | INFO |   [Batch  350/352] train_loss=2.2181 | train_acc=0.9074
2026-03-23 02:02:36 | INFO |   Train | loss=2.2181 acc=0.9073 | Val | loss=1.5216 acc=0.8790 | lr=0.000256
2026-03-23 02:02:36 | INFO |   No improvement. Patience counter: 1/15
2026-03-23 02:02:36 | INFO | Epoch 54/80
2026-03-23 02:02:45 | INFO |   [Batch   50/352] train_loss=2.2170 | train_acc=0.9094
2026-03-23 02:02:47 | INFO |   [Batch  100/352] train_loss=2.2174 | train_acc=0.9086
2026-03-23 02:02:49 | INFO |   [Batch  150/352] train_loss=2.2178 | train_acc=0.9055
2026-03-23 02:02:51 | INFO |   [Batch  200/352] train_loss=2.2178 | train_acc=0.9056
2026-03-23 02:02:53 | INFO |   [Batch  250/352] train_loss=2.2178 | train_acc=0.9061
2026-03-23 02:02:55 | INFO |   [Batch  300/352] train_loss=2.2179 | train_acc=0.9054
2026-03-23 02:02:57 | INFO |   [Batch  350/352] train_loss=2.2179 | train_acc=0.9062
2026-03-23 02:03:05 | INFO |   Train | loss=2.2179 acc=0.9062 | Val | loss=1.5121 acc=0.8826 | lr=0.000240
2026-03-23 02:03:05 | INFO |   No improvement. Patience counter: 2/15
2026-03-23 02:03:05 | INFO | Epoch 55/80
2026-03-23 02:03:14 | INFO |   [Batch   50/352] train_loss=2.2171 | train_acc=0.9128
2026-03-23 02:03:16 | INFO |   [Batch  100/352] train_loss=2.2174 | train_acc=0.9102
2026-03-23 02:03:18 | INFO |   [Batch  150/352] train_loss=2.2177 | train_acc=0.9099
2026-03-23 02:03:20 | INFO |   [Batch  200/352] train_loss=2.2178 | train_acc=0.9088
2026-03-23 02:03:22 | INFO |   [Batch  250/352] train_loss=2.2177 | train_acc=0.9092
2026-03-23 02:03:24 | INFO |   [Batch  300/352] train_loss=2.2177 | train_acc=0.9087
2026-03-23 02:03:26 | INFO |   [Batch  350/352] train_loss=2.2177 | train_acc=0.9087
2026-03-23 02:03:34 | INFO |   Train | loss=2.2177 acc=0.9086 | Val | loss=1.5091 acc=0.8792 | lr=0.000223
2026-03-23 02:03:34 | INFO |   No improvement. Patience counter: 3/15
2026-03-23 02:03:34 | INFO | Epoch 56/80
2026-03-23 02:03:43 | INFO |   [Batch   50/352] train_loss=2.2173 | train_acc=0.9094
2026-03-23 02:03:45 | INFO |   [Batch  100/352] train_loss=2.2176 | train_acc=0.9103
2026-03-23 02:03:47 | INFO |   [Batch  150/352] train_loss=2.2173 | train_acc=0.9131
2026-03-23 02:03:49 | INFO |   [Batch  200/352] train_loss=2.2172 | train_acc=0.9129
2026-03-23 02:03:51 | INFO |   [Batch  250/352] train_loss=2.2172 | train_acc=0.9128
2026-03-23 02:03:53 | INFO |   [Batch  300/352] train_loss=2.2173 | train_acc=0.9120
2026-03-23 02:03:55 | INFO |   [Batch  350/352] train_loss=2.2173 | train_acc=0.9115
2026-03-23 02:04:03 | INFO |   Train | loss=2.2174 acc=0.9113 | Val | loss=1.5176 acc=0.8756 | lr=0.000207
2026-03-23 02:04:03 | INFO |   No improvement. Patience counter: 4/15
2026-03-23 02:04:03 | INFO | Epoch 57/80
2026-03-23 02:04:12 | INFO |   [Batch   50/352] train_loss=2.2158 | train_acc=0.9253
2026-03-23 02:04:14 | INFO |   [Batch  100/352] train_loss=2.2165 | train_acc=0.9188
2026-03-23 02:04:16 | INFO |   [Batch  150/352] train_loss=2.2166 | train_acc=0.9174
2026-03-23 02:04:18 | INFO |   [Batch  200/352] train_loss=2.2166 | train_acc=0.9171
2026-03-23 02:04:20 | INFO |   [Batch  250/352] train_loss=2.2168 | train_acc=0.9159
2026-03-23 02:04:22 | INFO |   [Batch  300/352] train_loss=2.2167 | train_acc=0.9161
2026-03-23 02:04:24 | INFO |   [Batch  350/352] train_loss=2.2168 | train_acc=0.9153
2026-03-23 02:04:32 | INFO |   Train | loss=2.2168 acc=0.9154 | Val | loss=1.5069 acc=0.8800 | lr=0.000191
2026-03-23 02:04:32 | INFO |   Saved best model → C:\Users\İhsan\Desktop\Development\cs515\aigul_CS515\results\checkpoints\HW2\mobilenet_kd_ls\mobilenet_kd_ls_best_model.pt (val_loss=1.5069)
2026-03-23 02:04:32 | INFO | Epoch 58/80
2026-03-23 02:04:41 | INFO |   [Batch   50/352] train_loss=2.2161 | train_acc=0.9180
2026-03-23 02:04:43 | INFO |   [Batch  100/352] train_loss=2.2164 | train_acc=0.9163
2026-03-23 02:04:45 | INFO |   [Batch  150/352] train_loss=2.2164 | train_acc=0.9167
2026-03-23 02:04:47 | INFO |   [Batch  200/352] train_loss=2.2164 | train_acc=0.9171
2026-03-23 02:04:49 | INFO |   [Batch  250/352] train_loss=2.2166 | train_acc=0.9166
2026-03-23 02:04:51 | INFO |   [Batch  300/352] train_loss=2.2164 | train_acc=0.9181
2026-03-23 02:04:53 | INFO |   [Batch  350/352] train_loss=2.2164 | train_acc=0.9181
2026-03-23 02:05:01 | INFO |   Train | loss=2.2164 acc=0.9182 | Val | loss=1.5102 acc=0.8846 | lr=0.000176
2026-03-23 02:05:01 | INFO |   No improvement. Patience counter: 1/15
2026-03-23 02:05:01 | INFO | Epoch 59/80
2026-03-23 02:05:10 | INFO |   [Batch   50/352] train_loss=2.2159 | train_acc=0.9200
2026-03-23 02:05:12 | INFO |   [Batch  100/352] train_loss=2.2160 | train_acc=0.9199
2026-03-23 02:05:14 | INFO |   [Batch  150/352] train_loss=2.2158 | train_acc=0.9224
2026-03-23 02:05:16 | INFO |   [Batch  200/352] train_loss=2.2158 | train_acc=0.9224
2026-03-23 02:05:18 | INFO |   [Batch  250/352] train_loss=2.2161 | train_acc=0.9201
2026-03-23 02:05:20 | INFO |   [Batch  300/352] train_loss=2.2162 | train_acc=0.9187
2026-03-23 02:05:22 | INFO |   [Batch  350/352] train_loss=2.2162 | train_acc=0.9194
2026-03-23 02:05:30 | INFO |   Train | loss=2.2162 acc=0.9193 | Val | loss=1.5037 acc=0.8878 | lr=0.000161
2026-03-23 02:05:31 | INFO |   Saved best model → C:\Users\İhsan\Desktop\Development\cs515\aigul_CS515\results\checkpoints\HW2\mobilenet_kd_ls\mobilenet_kd_ls_best_model.pt (val_loss=1.5037)
2026-03-23 02:05:31 | INFO | Epoch 60/80
2026-03-23 02:05:39 | INFO |   [Batch   50/352] train_loss=2.2155 | train_acc=0.9228
2026-03-23 02:05:41 | INFO |   [Batch  100/352] train_loss=2.2150 | train_acc=0.9273
2026-03-23 02:05:43 | INFO |   [Batch  150/352] train_loss=2.2154 | train_acc=0.9246
2026-03-23 02:05:45 | INFO |   [Batch  200/352] train_loss=2.2155 | train_acc=0.9243
2026-03-23 02:05:47 | INFO |   [Batch  250/352] train_loss=2.2154 | train_acc=0.9258
2026-03-23 02:05:50 | INFO |   [Batch  300/352] train_loss=2.2155 | train_acc=0.9245
2026-03-23 02:05:52 | INFO |   [Batch  350/352] train_loss=2.2157 | train_acc=0.9230
2026-03-23 02:06:00 | INFO |   Train | loss=2.2157 acc=0.9229 | Val | loss=1.5047 acc=0.8878 | lr=0.000147
2026-03-23 02:06:00 | INFO |   No improvement. Patience counter: 1/15
2026-03-23 02:06:00 | INFO | Epoch 61/80
2026-03-23 02:06:08 | INFO |   [Batch   50/352] train_loss=2.2148 | train_acc=0.9287
2026-03-23 02:06:10 | INFO |   [Batch  100/352] train_loss=2.2148 | train_acc=0.9287
2026-03-23 02:06:12 | INFO |   [Batch  150/352] train_loss=2.2150 | train_acc=0.9270
2026-03-23 02:06:14 | INFO |   [Batch  200/352] train_loss=2.2152 | train_acc=0.9256
2026-03-23 02:06:16 | INFO |   [Batch  250/352] train_loss=2.2155 | train_acc=0.9237
2026-03-23 02:06:19 | INFO |   [Batch  300/352] train_loss=2.2155 | train_acc=0.9234
2026-03-23 02:06:21 | INFO |   [Batch  350/352] train_loss=2.2156 | train_acc=0.9230
2026-03-23 02:06:29 | INFO |   Train | loss=2.2156 acc=0.9231 | Val | loss=1.5071 acc=0.8896 | lr=0.000134
2026-03-23 02:06:29 | INFO |   No improvement. Patience counter: 2/15
2026-03-23 02:06:29 | INFO | Epoch 62/80
2026-03-23 02:06:38 | INFO |   [Batch   50/352] train_loss=2.2151 | train_acc=0.9297
2026-03-23 02:06:40 | INFO |   [Batch  100/352] train_loss=2.2151 | train_acc=0.9289
2026-03-23 02:06:42 | INFO |   [Batch  150/352] train_loss=2.2153 | train_acc=0.9267
2026-03-23 02:06:44 | INFO |   [Batch  200/352] train_loss=2.2153 | train_acc=0.9259
2026-03-23 02:06:46 | INFO |   [Batch  250/352] train_loss=2.2153 | train_acc=0.9253
2026-03-23 02:06:48 | INFO |   [Batch  300/352] train_loss=2.2153 | train_acc=0.9254
2026-03-23 02:06:50 | INFO |   [Batch  350/352] train_loss=2.2154 | train_acc=0.9244
2026-03-23 02:06:58 | INFO |   Train | loss=2.2154 acc=0.9244 | Val | loss=1.4908 acc=0.8908 | lr=0.000121
2026-03-23 02:06:58 | INFO |   Saved best model → C:\Users\İhsan\Desktop\Development\cs515\aigul_CS515\results\checkpoints\HW2\mobilenet_kd_ls\mobilenet_kd_ls_best_model.pt (val_loss=1.4908)
2026-03-23 02:06:58 | INFO | Epoch 63/80
2026-03-23 02:07:07 | INFO |   [Batch   50/352] train_loss=2.2141 | train_acc=0.9341
2026-03-23 02:07:09 | INFO |   [Batch  100/352] train_loss=2.2144 | train_acc=0.9313
2026-03-23 02:07:11 | INFO |   [Batch  150/352] train_loss=2.2145 | train_acc=0.9307
2026-03-23 02:07:13 | INFO |   [Batch  200/352] train_loss=2.2147 | train_acc=0.9291
2026-03-23 02:07:16 | INFO |   [Batch  250/352] train_loss=2.2148 | train_acc=0.9285
2026-03-23 02:07:18 | INFO |   [Batch  300/352] train_loss=2.2146 | train_acc=0.9295
2026-03-23 02:07:20 | INFO |   [Batch  350/352] train_loss=2.2147 | train_acc=0.9287
2026-03-23 02:07:28 | INFO |   Train | loss=2.2147 acc=0.9285 | Val | loss=1.5031 acc=0.8878 | lr=0.000108
2026-03-23 02:07:28 | INFO |   No improvement. Patience counter: 1/15
2026-03-23 02:07:28 | INFO | Epoch 64/80
2026-03-23 02:07:37 | INFO |   [Batch   50/352] train_loss=2.2143 | train_acc=0.9305
2026-03-23 02:07:39 | INFO |   [Batch  100/352] train_loss=2.2148 | train_acc=0.9281
2026-03-23 02:07:41 | INFO |   [Batch  150/352] train_loss=2.2146 | train_acc=0.9299
2026-03-23 02:07:43 | INFO |   [Batch  200/352] train_loss=2.2145 | train_acc=0.9309
2026-03-23 02:07:45 | INFO |   [Batch  250/352] train_loss=2.2144 | train_acc=0.9323
2026-03-23 02:07:47 | INFO |   [Batch  300/352] train_loss=2.2144 | train_acc=0.9323
2026-03-23 02:07:49 | INFO |   [Batch  350/352] train_loss=2.2144 | train_acc=0.9316
2026-03-23 02:07:58 | INFO |   Train | loss=2.2144 acc=0.9316 | Val | loss=1.5008 acc=0.8922 | lr=0.000096
2026-03-23 02:07:58 | INFO |   No improvement. Patience counter: 2/15
2026-03-23 02:07:58 | INFO | Epoch 65/80
2026-03-23 02:08:07 | INFO |   [Batch   50/352] train_loss=2.2140 | train_acc=0.9328
2026-03-23 02:08:09 | INFO |   [Batch  100/352] train_loss=2.2139 | train_acc=0.9345
2026-03-23 02:08:11 | INFO |   [Batch  150/352] train_loss=2.2141 | train_acc=0.9337
2026-03-23 02:08:13 | INFO |   [Batch  200/352] train_loss=2.2140 | train_acc=0.9344
2026-03-23 02:08:15 | INFO |   [Batch  250/352] train_loss=2.2141 | train_acc=0.9335
2026-03-23 02:08:17 | INFO |   [Batch  300/352] train_loss=2.2142 | train_acc=0.9331
2026-03-23 02:08:19 | INFO |   [Batch  350/352] train_loss=2.2143 | train_acc=0.9327
2026-03-23 02:08:27 | INFO |   Train | loss=2.2143 acc=0.9327 | Val | loss=1.4975 acc=0.8920 | lr=0.000085
2026-03-23 02:08:27 | INFO |   No improvement. Patience counter: 3/15
2026-03-23 02:08:27 | INFO | Epoch 66/80
2026-03-23 02:08:36 | INFO |   [Batch   50/352] train_loss=2.2142 | train_acc=0.9313
2026-03-23 02:08:38 | INFO |   [Batch  100/352] train_loss=2.2141 | train_acc=0.9320
2026-03-23 02:08:40 | INFO |   [Batch  150/352] train_loss=2.2141 | train_acc=0.9332
2026-03-23 02:08:42 | INFO |   [Batch  200/352] train_loss=2.2141 | train_acc=0.9332
2026-03-23 02:08:44 | INFO |   [Batch  250/352] train_loss=2.2141 | train_acc=0.9333
2026-03-23 02:08:46 | INFO |   [Batch  300/352] train_loss=2.2140 | train_acc=0.9338
2026-03-23 02:08:48 | INFO |   [Batch  350/352] train_loss=2.2139 | train_acc=0.9349
2026-03-23 02:08:56 | INFO |   Train | loss=2.2139 acc=0.9349 | Val | loss=1.4902 acc=0.8940 | lr=0.000075
2026-03-23 02:08:56 | INFO |   Saved best model → C:\Users\İhsan\Desktop\Development\cs515\aigul_CS515\results\checkpoints\HW2\mobilenet_kd_ls\mobilenet_kd_ls_best_model.pt (val_loss=1.4902)
2026-03-23 02:08:56 | INFO | Epoch 67/80
2026-03-23 02:09:04 | INFO |   [Batch   50/352] train_loss=2.2131 | train_acc=0.9389
2026-03-23 02:09:06 | INFO |   [Batch  100/352] train_loss=2.2135 | train_acc=0.9384
2026-03-23 02:09:08 | INFO |   [Batch  150/352] train_loss=2.2136 | train_acc=0.9370
2026-03-23 02:09:11 | INFO |   [Batch  200/352] train_loss=2.2137 | train_acc=0.9363
2026-03-23 02:09:13 | INFO |   [Batch  250/352] train_loss=2.2137 | train_acc=0.9364
2026-03-23 02:09:15 | INFO |   [Batch  300/352] train_loss=2.2137 | train_acc=0.9363
2026-03-23 02:09:17 | INFO |   [Batch  350/352] train_loss=2.2138 | train_acc=0.9351
2026-03-23 02:09:25 | INFO |   Train | loss=2.2138 acc=0.9352 | Val | loss=1.4985 acc=0.8942 | lr=0.000065
2026-03-23 02:09:25 | INFO |   No improvement. Patience counter: 1/15
2026-03-23 02:09:25 | INFO | Epoch 68/80
2026-03-23 02:09:33 | INFO |   [Batch   50/352] train_loss=2.2135 | train_acc=0.9359
2026-03-23 02:09:35 | INFO |   [Batch  100/352] train_loss=2.2133 | train_acc=0.9377
2026-03-23 02:09:37 | INFO |   [Batch  150/352] train_loss=2.2134 | train_acc=0.9382
2026-03-23 02:09:40 | INFO |   [Batch  200/352] train_loss=2.2135 | train_acc=0.9371
2026-03-23 02:09:42 | INFO |   [Batch  250/352] train_loss=2.2135 | train_acc=0.9376
2026-03-23 02:09:44 | INFO |   [Batch  300/352] train_loss=2.2134 | train_acc=0.9376
2026-03-23 02:09:46 | INFO |   [Batch  350/352] train_loss=2.2134 | train_acc=0.9379
2026-03-23 02:09:54 | INFO |   Train | loss=2.2134 acc=0.9380 | Val | loss=1.4905 acc=0.8932 | lr=0.000055
2026-03-23 02:09:54 | INFO |   No improvement. Patience counter: 2/15
2026-03-23 02:09:54 | INFO | Epoch 69/80
2026-03-23 02:10:02 | INFO |   [Batch   50/352] train_loss=2.2129 | train_acc=0.9420
2026-03-23 02:10:04 | INFO |   [Batch  100/352] train_loss=2.2133 | train_acc=0.9393
2026-03-23 02:10:06 | INFO |   [Batch  150/352] train_loss=2.2133 | train_acc=0.9394
2026-03-23 02:10:09 | INFO |   [Batch  200/352] train_loss=2.2133 | train_acc=0.9395
2026-03-23 02:10:11 | INFO |   [Batch  250/352] train_loss=2.2133 | train_acc=0.9390
2026-03-23 02:10:13 | INFO |   [Batch  300/352] train_loss=2.2133 | train_acc=0.9391
2026-03-23 02:10:15 | INFO |   [Batch  350/352] train_loss=2.2133 | train_acc=0.9393
2026-03-23 02:10:23 | INFO |   Train | loss=2.2133 acc=0.9393 | Val | loss=1.4948 acc=0.8958 | lr=0.000047
2026-03-23 02:10:23 | INFO |   No improvement. Patience counter: 3/15
2026-03-23 02:10:23 | INFO | Epoch 70/80
2026-03-23 02:10:31 | INFO |   [Batch   50/352] train_loss=2.2133 | train_acc=0.9400
2026-03-23 02:10:33 | INFO |   [Batch  100/352] train_loss=2.2130 | train_acc=0.9402
2026-03-23 02:10:36 | INFO |   [Batch  150/352] train_loss=2.2130 | train_acc=0.9407
2026-03-23 02:10:38 | INFO |   [Batch  200/352] train_loss=2.2130 | train_acc=0.9412
2026-03-23 02:10:40 | INFO |   [Batch  250/352] train_loss=2.2131 | train_acc=0.9406
2026-03-23 02:10:42 | INFO |   [Batch  300/352] train_loss=2.2130 | train_acc=0.9408
2026-03-23 02:10:44 | INFO |   [Batch  350/352] train_loss=2.2130 | train_acc=0.9411
2026-03-23 02:10:52 | INFO |   Train | loss=2.2130 acc=0.9411 | Val | loss=1.4952 acc=0.8950 | lr=0.000039
2026-03-23 02:10:52 | INFO |   No improvement. Patience counter: 4/15
2026-03-23 02:10:52 | INFO | Epoch 71/80
2026-03-23 02:11:01 | INFO |   [Batch   50/352] train_loss=2.2129 | train_acc=0.9414
2026-03-23 02:11:03 | INFO |   [Batch  100/352] train_loss=2.2127 | train_acc=0.9432
2026-03-23 02:11:05 | INFO |   [Batch  150/352] train_loss=2.2128 | train_acc=0.9427
2026-03-23 02:11:07 | INFO |   [Batch  200/352] train_loss=2.2127 | train_acc=0.9430
2026-03-23 02:11:09 | INFO |   [Batch  250/352] train_loss=2.2127 | train_acc=0.9426
2026-03-23 02:11:11 | INFO |   [Batch  300/352] train_loss=2.2128 | train_acc=0.9422
2026-03-23 02:11:13 | INFO |   [Batch  350/352] train_loss=2.2127 | train_acc=0.9427
2026-03-23 02:11:21 | INFO |   Train | loss=2.2127 acc=0.9426 | Val | loss=1.4889 acc=0.8976 | lr=0.000032
2026-03-23 02:11:21 | INFO |   Saved best model → C:\Users\İhsan\Desktop\Development\cs515\aigul_CS515\results\checkpoints\HW2\mobilenet_kd_ls\mobilenet_kd_ls_best_model.pt (val_loss=1.4889)
2026-03-23 02:11:21 | INFO | Epoch 72/80
2026-03-23 02:11:30 | INFO |   [Batch   50/352] train_loss=2.2128 | train_acc=0.9417
2026-03-23 02:11:32 | INFO |   [Batch  100/352] train_loss=2.2128 | train_acc=0.9421
2026-03-23 02:11:34 | INFO |   [Batch  150/352] train_loss=2.2127 | train_acc=0.9430
2026-03-23 02:11:36 | INFO |   [Batch  200/352] train_loss=2.2126 | train_acc=0.9434
2026-03-23 02:11:38 | INFO |   [Batch  250/352] train_loss=2.2127 | train_acc=0.9427
2026-03-23 02:11:40 | INFO |   [Batch  300/352] train_loss=2.2127 | train_acc=0.9429
2026-03-23 02:11:42 | INFO |   [Batch  350/352] train_loss=2.2126 | train_acc=0.9431
2026-03-23 02:11:50 | INFO |   Train | loss=2.2126 acc=0.9431 | Val | loss=1.4881 acc=0.8978 | lr=0.000025
2026-03-23 02:11:50 | INFO |   Saved best model → C:\Users\İhsan\Desktop\Development\cs515\aigul_CS515\results\checkpoints\HW2\mobilenet_kd_ls\mobilenet_kd_ls_best_model.pt (val_loss=1.4881)
2026-03-23 02:11:50 | INFO | Epoch 73/80
2026-03-23 02:11:59 | INFO |   [Batch   50/352] train_loss=2.2118 | train_acc=0.9494
2026-03-23 02:12:01 | INFO |   [Batch  100/352] train_loss=2.2123 | train_acc=0.9451
2026-03-23 02:12:03 | INFO |   [Batch  150/352] train_loss=2.2123 | train_acc=0.9458
2026-03-23 02:12:05 | INFO |   [Batch  200/352] train_loss=2.2125 | train_acc=0.9442
2026-03-23 02:12:07 | INFO |   [Batch  250/352] train_loss=2.2126 | train_acc=0.9437
2026-03-23 02:12:10 | INFO |   [Batch  300/352] train_loss=2.2125 | train_acc=0.9442
2026-03-23 02:12:12 | INFO |   [Batch  350/352] train_loss=2.2125 | train_acc=0.9445
2026-03-23 02:12:20 | INFO |   Train | loss=2.2125 acc=0.9444 | Val | loss=1.4887 acc=0.8980 | lr=0.000020
2026-03-23 02:12:20 | INFO |   No improvement. Patience counter: 1/15
2026-03-23 02:12:20 | INFO | Epoch 74/80
2026-03-23 02:12:28 | INFO |   [Batch   50/352] train_loss=2.2123 | train_acc=0.9453
2026-03-23 02:12:30 | INFO |   [Batch  100/352] train_loss=2.2121 | train_acc=0.9455
2026-03-23 02:12:32 | INFO |   [Batch  150/352] train_loss=2.2123 | train_acc=0.9449
2026-03-23 02:12:35 | INFO |   [Batch  200/352] train_loss=2.2124 | train_acc=0.9446
2026-03-23 02:12:37 | INFO |   [Batch  250/352] train_loss=2.2123 | train_acc=0.9451
2026-03-23 02:12:39 | INFO |   [Batch  300/352] train_loss=2.2124 | train_acc=0.9448
2026-03-23 02:12:41 | INFO |   [Batch  350/352] train_loss=2.2124 | train_acc=0.9442
2026-03-23 02:12:49 | INFO |   Train | loss=2.2124 acc=0.9442 | Val | loss=1.4879 acc=0.8984 | lr=0.000015
2026-03-23 02:12:49 | INFO |   Saved best model → C:\Users\İhsan\Desktop\Development\cs515\aigul_CS515\results\checkpoints\HW2\mobilenet_kd_ls\mobilenet_kd_ls_best_model.pt (val_loss=1.4879)
2026-03-23 02:12:49 | INFO | Epoch 75/80
2026-03-23 02:12:58 | INFO |   [Batch   50/352] train_loss=2.2113 | train_acc=0.9534
2026-03-23 02:13:00 | INFO |   [Batch  100/352] train_loss=2.2118 | train_acc=0.9504
2026-03-23 02:13:02 | INFO |   [Batch  150/352] train_loss=2.2119 | train_acc=0.9491
2026-03-23 02:13:04 | INFO |   [Batch  200/352] train_loss=2.2121 | train_acc=0.9474
2026-03-23 02:13:06 | INFO |   [Batch  250/352] train_loss=2.2123 | train_acc=0.9455
2026-03-23 02:13:08 | INFO |   [Batch  300/352] train_loss=2.2123 | train_acc=0.9453
2026-03-23 02:13:10 | INFO |   [Batch  350/352] train_loss=2.2124 | train_acc=0.9453
2026-03-23 02:13:18 | INFO |   Train | loss=2.2124 acc=0.9452 | Val | loss=1.4916 acc=0.8974 | lr=0.000011
2026-03-23 02:13:18 | INFO |   No improvement. Patience counter: 1/15
2026-03-23 02:13:18 | INFO | Epoch 76/80
2026-03-23 02:13:27 | INFO |   [Batch   50/352] train_loss=2.2133 | train_acc=0.9391
2026-03-23 02:13:29 | INFO |   [Batch  100/352] train_loss=2.2127 | train_acc=0.9429
2026-03-23 02:13:31 | INFO |   [Batch  150/352] train_loss=2.2126 | train_acc=0.9441
2026-03-23 02:13:33 | INFO |   [Batch  200/352] train_loss=2.2124 | train_acc=0.9455
2026-03-23 02:13:35 | INFO |   [Batch  250/352] train_loss=2.2124 | train_acc=0.9452
2026-03-23 02:13:37 | INFO |   [Batch  300/352] train_loss=2.2125 | train_acc=0.9448
2026-03-23 02:13:39 | INFO |   [Batch  350/352] train_loss=2.2124 | train_acc=0.9453
2026-03-23 02:13:47 | INFO |   Train | loss=2.2124 acc=0.9453 | Val | loss=1.4883 acc=0.8970 | lr=0.000007
2026-03-23 02:13:47 | INFO |   No improvement. Patience counter: 2/15
2026-03-23 02:13:47 | INFO | Epoch 77/80
2026-03-23 02:13:56 | INFO |   [Batch   50/352] train_loss=2.2123 | train_acc=0.9469
2026-03-23 02:13:58 | INFO |   [Batch  100/352] train_loss=2.2122 | train_acc=0.9463
2026-03-23 02:14:00 | INFO |   [Batch  150/352] train_loss=2.2121 | train_acc=0.9467
2026-03-23 02:14:02 | INFO |   [Batch  200/352] train_loss=2.2122 | train_acc=0.9456
2026-03-23 02:14:04 | INFO |   [Batch  250/352] train_loss=2.2122 | train_acc=0.9454
2026-03-23 02:14:06 | INFO |   [Batch  300/352] train_loss=2.2122 | train_acc=0.9454
2026-03-23 02:14:08 | INFO |   [Batch  350/352] train_loss=2.2122 | train_acc=0.9456
2026-03-23 02:14:16 | INFO |   Train | loss=2.2123 acc=0.9456 | Val | loss=1.4894 acc=0.8970 | lr=0.000004
2026-03-23 02:14:16 | INFO |   No improvement. Patience counter: 3/15
2026-03-23 02:14:16 | INFO | Epoch 78/80
2026-03-23 02:14:25 | INFO |   [Batch   50/352] train_loss=2.2120 | train_acc=0.9484
2026-03-23 02:14:27 | INFO |   [Batch  100/352] train_loss=2.2123 | train_acc=0.9454
2026-03-23 02:14:30 | INFO |   [Batch  150/352] train_loss=2.2121 | train_acc=0.9466
2026-03-23 02:14:32 | INFO |   [Batch  200/352] train_loss=2.2120 | train_acc=0.9466
2026-03-23 02:14:34 | INFO |   [Batch  250/352] train_loss=2.2121 | train_acc=0.9466
2026-03-23 02:14:36 | INFO |   [Batch  300/352] train_loss=2.2122 | train_acc=0.9457
2026-03-23 02:14:38 | INFO |   [Batch  350/352] train_loss=2.2122 | train_acc=0.9455
2026-03-23 02:14:46 | INFO |   Train | loss=2.2122 acc=0.9454 | Val | loss=1.4877 acc=0.8976 | lr=0.000003
2026-03-23 02:14:46 | INFO |   Saved best model → C:\Users\İhsan\Desktop\Development\cs515\aigul_CS515\results\checkpoints\HW2\mobilenet_kd_ls\mobilenet_kd_ls_best_model.pt (val_loss=1.4877)
2026-03-23 02:14:46 | INFO | Epoch 79/80
2026-03-23 02:14:55 | INFO |   [Batch   50/352] train_loss=2.2127 | train_acc=0.9417
2026-03-23 02:14:57 | INFO |   [Batch  100/352] train_loss=2.2123 | train_acc=0.9459
2026-03-23 02:14:59 | INFO |   [Batch  150/352] train_loss=2.2122 | train_acc=0.9466
2026-03-23 02:15:01 | INFO |   [Batch  200/352] train_loss=2.2121 | train_acc=0.9471
2026-03-23 02:15:03 | INFO |   [Batch  250/352] train_loss=2.2122 | train_acc=0.9463
2026-03-23 02:15:05 | INFO |   [Batch  300/352] train_loss=2.2122 | train_acc=0.9464
2026-03-23 02:15:07 | INFO |   [Batch  350/352] train_loss=2.2122 | train_acc=0.9460
2026-03-23 02:15:15 | INFO |   Train | loss=2.2122 acc=0.9461 | Val | loss=1.4880 acc=0.8976 | lr=0.000001
2026-03-23 02:15:15 | INFO |   No improvement. Patience counter: 1/15
2026-03-23 02:15:15 | INFO | Epoch 80/80
2026-03-23 02:15:24 | INFO |   [Batch   50/352] train_loss=2.2121 | train_acc=0.9475
2026-03-23 02:15:26 | INFO |   [Batch  100/352] train_loss=2.2121 | train_acc=0.9478
2026-03-23 02:15:28 | INFO |   [Batch  150/352] train_loss=2.2122 | train_acc=0.9465
2026-03-23 02:15:30 | INFO |   [Batch  200/352] train_loss=2.2122 | train_acc=0.9460
2026-03-23 02:15:32 | INFO |   [Batch  250/352] train_loss=2.2122 | train_acc=0.9464
2026-03-23 02:15:34 | INFO |   [Batch  300/352] train_loss=2.2122 | train_acc=0.9462
2026-03-23 02:15:36 | INFO |   [Batch  350/352] train_loss=2.2122 | train_acc=0.9460
2026-03-23 02:15:45 | INFO |   Train | loss=2.2122 acc=0.9460 | Val | loss=1.4865 acc=0.8980 | lr=0.000001
2026-03-23 02:15:45 | INFO |   Saved best model → C:\Users\İhsan\Desktop\Development\cs515\aigul_CS515\results\checkpoints\HW2\mobilenet_kd_ls\mobilenet_kd_ls_best_model.pt (val_loss=1.4865)
2026-03-23 02:15:45 | INFO | Training complete.
2026-03-23 02:15:45 | INFO | Best epoch    : 80
2026-03-23 02:15:45 | INFO | Best val loss : 1.4865
2026-03-23 02:15:45 | INFO | Best val acc  : 0.8980
2026-03-23 02:15:45 | INFO | Checkpoint    : C:\Users\İhsan\Desktop\Development\cs515\aigul_CS515\results\checkpoints\HW2\mobilenet_kd_ls\mobilenet_kd_ls_best_model.pt
2026-03-23 02:15:45 | INFO | Loss curve saved -> C:\Users\İhsan\Desktop\Development\cs515\aigul_CS515\results\plots\HW2\mobilenet_kd_ls\mobilenet_kd_ls_loss.png
2026-03-23 02:15:45 | INFO | Accuracy curve saved -> C:\Users\İhsan\Desktop\Development\cs515\aigul_CS515\results\plots\HW2\mobilenet_kd_ls\mobilenet_kd_ls_accuracy.png
2026-03-23 02:15:45 | INFO | LR curve saved -> C:\Users\İhsan\Desktop\Development\cs515\aigul_CS515\results\plots\HW2\mobilenet_kd_ls\mobilenet_kd_ls_lr.png
2026-03-23 02:15:45 | INFO | Loading checkpoint from C:\Users\İhsan\Desktop\Development\cs515\aigul_CS515\results\checkpoints\HW2\mobilenet_kd_ls\mobilenet_kd_ls_best_model.pt
2026-03-23 02:15:45 | INFO | Starting test evaluation on 10000 samples...
2026-03-23 02:15:53 | INFO | ======================================================================
2026-03-23 02:15:53 | INFO | Test Results  [mobilenet_kd_ls]
2026-03-23 02:15:53 | INFO | ======================================================================
2026-03-23 02:15:53 | INFO | Test loss        : 1.4823
2026-03-23 02:15:53 | INFO | Overall accuracy : 0.9015  (9015 / 10000)
2026-03-23 02:15:53 | INFO | MACs             : 26.06 MMac
2026-03-23 02:15:53 | INFO | Parameters       : 2.24 M
2026-03-23 02:15:53 | INFO | ----------------------------------------------------------------------
2026-03-23 02:15:53 | INFO | Per-class accuracy:
2026-03-23 02:15:53 | INFO |   airplane     : 0.9030  (903 / 1000)
2026-03-23 02:15:53 | INFO |   automobile   : 0.9560  (956 / 1000)
2026-03-23 02:15:53 | INFO |   bird         : 0.8670  (867 / 1000)
2026-03-23 02:15:53 | INFO |   cat          : 0.7920  (792 / 1000)
2026-03-23 02:15:53 | INFO |   deer         : 0.9010  (901 / 1000)
2026-03-23 02:15:53 | INFO |   dog          : 0.8630  (863 / 1000)
2026-03-23 02:15:53 | INFO |   frog         : 0.9270  (927 / 1000)
2026-03-23 02:15:53 | INFO |   horse        : 0.9240  (924 / 1000)
2026-03-23 02:15:53 | INFO |   ship         : 0.9440  (944 / 1000)
2026-03-23 02:15:53 | INFO |   truck        : 0.9380  (938 / 1000)
2026-03-23 02:15:53 | INFO | ======================================================================
2026-03-23 02:15:53 | INFO | Confusion matrix saved -> C:\Users\İhsan\Desktop\Development\cs515\aigul_CS515\results\plots\HW2\mobilenet_kd_ls\mobilenet_kd_ls_confusion_matrix.png
2026-03-23 02:15:54 | INFO | Collecting embeddings for t-SNE (2000 samples max)...
2026-03-23 02:16:01 | INFO | Running t-SNE on 2000 samples (dim=1280)...
2026-03-23 02:16:06 | INFO | t-SNE plot saved -> C:\Users\İhsan\Desktop\Development\cs515\aigul_CS515\results\plots\HW2\mobilenet_kd_ls\mobilenet_kd_ls_tsne.png
2026-03-23 02:16:06 | INFO | Run completed successfully.
