2026-03-22 23:07:56 | INFO | Log file         : C:\Users\İhsan\Desktop\Development\cs515\aigul_CS515\results\logs\HW2\transfer_modify\transfer_modify_20260322_230755.log
2026-03-22 23:07:56 | INFO | Config snapshot  : C:\Users\İhsan\Desktop\Development\cs515\aigul_CS515\results\logs\HW2\transfer_modify\transfer_modify_20260322_230755.config.json
2026-03-22 23:07:56 | INFO | Environment information
2026-03-22 23:07:56 | INFO | Python platform : Windows-10-10.0.26200-SP0
2026-03-22 23:07:56 | INFO | PyTorch version : 2.6.0+cu124
2026-03-22 23:07:56 | INFO | CUDA available  : True
2026-03-22 23:07:56 | INFO | CUDA device count : 1
2026-03-22 23:07:56 | INFO | CUDA device name  : NVIDIA GeForce RTX 4070 Laptop GPU
2026-03-22 23:07:56 | INFO | MPS available   : False
2026-03-22 23:07:56 | INFO | ======================================================================
2026-03-22 23:07:56 | INFO | CS515 HW2 - Transfer Learning & Knowledge Distillation
2026-03-22 23:07:56 | INFO | ======================================================================
2026-03-22 23:07:56 | INFO | Training mode    : transfer_modify
2026-03-22 23:07:56 | INFO | Run mode         : both
2026-03-22 23:07:56 | INFO | Experiment       : transfer_modify
2026-03-22 23:07:56 | INFO | Seed             : 42
2026-03-22 23:07:56 | INFO | Device           : cuda
2026-03-22 23:07:56 | INFO | Dataset          : cifar10
2026-03-22 23:07:56 | INFO | Num classes      : 10
2026-03-22 23:07:56 | INFO | Epochs           : 50
2026-03-22 23:07:56 | INFO | Batch size       : 128
2026-03-22 23:07:56 | INFO | Learning rate    : 0.001
2026-03-22 23:07:56 | INFO | Optimizer        : adam
2026-03-22 23:07:56 | INFO | Scheduler        : cosine
2026-03-22 23:07:56 | INFO | Weight decay     : 0.0001
2026-03-22 23:07:56 | INFO | Label smoothing  : 0.1
2026-03-22 23:07:56 | INFO | KD temperature   : 4
2026-03-22 23:07:56 | INFO | KD alpha         : 0.5
2026-03-22 23:07:56 | INFO | Teacher ckpt     : N/A
2026-03-22 23:07:56 | INFO | Checkpoint dir   : C:\Users\İhsan\Desktop\Development\cs515\aigul_CS515\results\checkpoints\HW2\transfer_modify
2026-03-22 23:07:56 | INFO | Log dir          : C:\Users\İhsan\Desktop\Development\cs515\aigul_CS515\results\logs\HW2\transfer_modify
2026-03-22 23:07:56 | INFO | Trainable params : 11,173,962
2026-03-22 23:07:56 | INFO | ======================================================================
2026-03-22 23:07:56 | INFO | Model:
ResNet(
  (conv1): Conv2d(3, 64, kernel_size=(3, 3), stride=(1, 1), padding=(1, 1), bias=False)
  (bn1): BatchNorm2d(64, eps=1e-05, momentum=0.1, affine=True, track_running_stats=True)
  (relu): ReLU(inplace=True)
  (maxpool): Identity()
  (layer1): Sequential(
    (0): BasicBlock(
      (conv1): Conv2d(64, 64, kernel_size=(3, 3), stride=(1, 1), padding=(1, 1), bias=False)
      (bn1): BatchNorm2d(64, eps=1e-05, momentum=0.1, affine=True, track_running_stats=True)
      (relu): ReLU(inplace=True)
      (conv2): Conv2d(64, 64, kernel_size=(3, 3), stride=(1, 1), padding=(1, 1), bias=False)
      (bn2): BatchNorm2d(64, eps=1e-05, momentum=0.1, affine=True, track_running_stats=True)
    )
    (1): BasicBlock(
      (conv1): Conv2d(64, 64, kernel_size=(3, 3), stride=(1, 1), padding=(1, 1), bias=False)
      (bn1): BatchNorm2d(64, eps=1e-05, momentum=0.1, affine=True, track_running_stats=True)
      (relu): ReLU(inplace=True)
      (conv2): Conv2d(64, 64, kernel_size=(3, 3), stride=(1, 1), padding=(1, 1), bias=False)
      (bn2): BatchNorm2d(64, eps=1e-05, momentum=0.1, affine=True, track_running_stats=True)
    )
  )
  (layer2): Sequential(
    (0): BasicBlock(
      (conv1): Conv2d(64, 128, kernel_size=(3, 3), stride=(2, 2), padding=(1, 1), bias=False)
      (bn1): BatchNorm2d(128, eps=1e-05, momentum=0.1, affine=True, track_running_stats=True)
      (relu): ReLU(inplace=True)
      (conv2): Conv2d(128, 128, kernel_size=(3, 3), stride=(1, 1), padding=(1, 1), bias=False)
      (bn2): BatchNorm2d(128, eps=1e-05, momentum=0.1, affine=True, track_running_stats=True)
      (downsample): Sequential(
        (0): Conv2d(64, 128, kernel_size=(1, 1), stride=(2, 2), bias=False)
        (1): BatchNorm2d(128, eps=1e-05, momentum=0.1, affine=True, track_running_stats=True)
      )
    )
    (1): BasicBlock(
      (conv1): Conv2d(128, 128, kernel_size=(3, 3), stride=(1, 1), padding=(1, 1), bias=False)
      (bn1): BatchNorm2d(128, eps=1e-05, momentum=0.1, affine=True, track_running_stats=True)
      (relu): ReLU(inplace=True)
      (conv2): Conv2d(128, 128, kernel_size=(3, 3), stride=(1, 1), padding=(1, 1), bias=False)
      (bn2): BatchNorm2d(128, eps=1e-05, momentum=0.1, affine=True, track_running_stats=True)
    )
  )
  (layer3): Sequential(
    (0): BasicBlock(
      (conv1): Conv2d(128, 256, kernel_size=(3, 3), stride=(2, 2), padding=(1, 1), bias=False)
      (bn1): BatchNorm2d(256, eps=1e-05, momentum=0.1, affine=True, track_running_stats=True)
      (relu): ReLU(inplace=True)
      (conv2): Conv2d(256, 256, kernel_size=(3, 3), stride=(1, 1), padding=(1, 1), bias=False)
      (bn2): BatchNorm2d(256, eps=1e-05, momentum=0.1, affine=True, track_running_stats=True)
      (downsample): Sequential(
        (0): Conv2d(128, 256, kernel_size=(1, 1), stride=(2, 2), bias=False)
        (1): BatchNorm2d(256, eps=1e-05, momentum=0.1, affine=True, track_running_stats=True)
      )
    )
    (1): BasicBlock(
      (conv1): Conv2d(256, 256, kernel_size=(3, 3), stride=(1, 1), padding=(1, 1), bias=False)
      (bn1): BatchNorm2d(256, eps=1e-05, momentum=0.1, affine=True, track_running_stats=True)
      (relu): ReLU(inplace=True)
      (conv2): Conv2d(256, 256, kernel_size=(3, 3), stride=(1, 1), padding=(1, 1), bias=False)
      (bn2): BatchNorm2d(256, eps=1e-05, momentum=0.1, affine=True, track_running_stats=True)
    )
  )
  (layer4): Sequential(
    (0): BasicBlock(
      (conv1): Conv2d(256, 512, kernel_size=(3, 3), stride=(2, 2), padding=(1, 1), bias=False)
      (bn1): BatchNorm2d(512, eps=1e-05, momentum=0.1, affine=True, track_running_stats=True)
      (relu): ReLU(inplace=True)
      (conv2): Conv2d(512, 512, kernel_size=(3, 3), stride=(1, 1), padding=(1, 1), bias=False)
      (bn2): BatchNorm2d(512, eps=1e-05, momentum=0.1, affine=True, track_running_stats=True)
      (downsample): Sequential(
        (0): Conv2d(256, 512, kernel_size=(1, 1), stride=(2, 2), bias=False)
        (1): BatchNorm2d(512, eps=1e-05, momentum=0.1, affine=True, track_running_stats=True)
      )
    )
    (1): BasicBlock(
      (conv1): Conv2d(512, 512, kernel_size=(3, 3), stride=(1, 1), padding=(1, 1), bias=False)
      (bn1): BatchNorm2d(512, eps=1e-05, momentum=0.1, affine=True, track_running_stats=True)
      (relu): ReLU(inplace=True)
      (conv2): Conv2d(512, 512, kernel_size=(3, 3), stride=(1, 1), padding=(1, 1), bias=False)
      (bn2): BatchNorm2d(512, eps=1e-05, momentum=0.1, affine=True, track_running_stats=True)
    )
  )
  (avgpool): AdaptiveAvgPool2d(output_size=(1, 1))
  (fc): Linear(in_features=512, out_features=10, bias=True)
)
2026-03-22 23:07:56 | INFO | ======================================================================
2026-03-22 23:07:57 | INFO | Starting training | mode=transfer_modify
2026-03-22 23:07:57 | INFO | Train size: 45000 | Val size: 5000
2026-03-22 23:07:57 | INFO | Epoch 1/50
2026-03-22 23:08:07 | INFO |   [Batch   50/352] train_loss=1.4281 | train_acc=0.4986
2026-03-22 23:08:10 | INFO |   [Batch  100/352] train_loss=1.1885 | train_acc=0.5830
2026-03-22 23:08:13 | INFO |   [Batch  150/352] train_loss=1.0668 | train_acc=0.6277
2026-03-22 23:08:16 | INFO |   [Batch  200/352] train_loss=0.9808 | train_acc=0.6604
2026-03-22 23:08:19 | INFO |   [Batch  250/352] train_loss=0.9199 | train_acc=0.6818
2026-03-22 23:08:22 | INFO |   [Batch  300/352] train_loss=0.8752 | train_acc=0.6977
2026-03-22 23:08:25 | INFO |   [Batch  350/352] train_loss=0.8371 | train_acc=0.7116
2026-03-22 23:08:33 | INFO |   Train | loss=0.8366 acc=0.7118 | Val | loss=0.5961 acc=0.7962 | lr=0.000999
2026-03-22 23:08:33 | INFO |   Saved best model → C:\Users\İhsan\Desktop\Development\cs515\aigul_CS515\results\checkpoints\HW2\transfer_modify\transfer_modify_best_model.pt (val_loss=0.5961)
2026-03-22 23:08:33 | INFO | Epoch 2/50
2026-03-22 23:08:43 | INFO |   [Batch   50/352] train_loss=0.5335 | train_acc=0.8166
2026-03-22 23:08:46 | INFO |   [Batch  100/352] train_loss=0.5176 | train_acc=0.8220
2026-03-22 23:08:49 | INFO |   [Batch  150/352] train_loss=0.5243 | train_acc=0.8204
2026-03-22 23:08:51 | INFO |   [Batch  200/352] train_loss=0.5187 | train_acc=0.8226
2026-03-22 23:08:54 | INFO |   [Batch  250/352] train_loss=0.5165 | train_acc=0.8236
2026-03-22 23:08:57 | INFO |   [Batch  300/352] train_loss=0.5075 | train_acc=0.8267
2026-03-22 23:09:00 | INFO |   [Batch  350/352] train_loss=0.5050 | train_acc=0.8286
2026-03-22 23:09:09 | INFO |   Train | loss=0.5048 acc=0.8286 | Val | loss=0.4442 acc=0.8432 | lr=0.000996
2026-03-22 23:09:09 | INFO |   Saved best model → C:\Users\İhsan\Desktop\Development\cs515\aigul_CS515\results\checkpoints\HW2\transfer_modify\transfer_modify_best_model.pt (val_loss=0.4442)
2026-03-22 23:09:09 | INFO | Epoch 3/50
2026-03-22 23:09:18 | INFO |   [Batch   50/352] train_loss=0.4174 | train_acc=0.8580
2026-03-22 23:09:21 | INFO |   [Batch  100/352] train_loss=0.4212 | train_acc=0.8568
2026-03-22 23:09:24 | INFO |   [Batch  150/352] train_loss=0.4279 | train_acc=0.8544
2026-03-22 23:09:27 | INFO |   [Batch  200/352] train_loss=0.4260 | train_acc=0.8554
2026-03-22 23:09:30 | INFO |   [Batch  250/352] train_loss=0.4234 | train_acc=0.8562
2026-03-22 23:09:33 | INFO |   [Batch  300/352] train_loss=0.4200 | train_acc=0.8570
2026-03-22 23:09:36 | INFO |   [Batch  350/352] train_loss=0.4171 | train_acc=0.8577
2026-03-22 23:09:44 | INFO |   Train | loss=0.4170 acc=0.8577 | Val | loss=0.4705 acc=0.8432 | lr=0.000991
2026-03-22 23:09:44 | INFO |   No improvement. Patience counter: 1/10
2026-03-22 23:09:44 | INFO | Epoch 4/50
2026-03-22 23:09:54 | INFO |   [Batch   50/352] train_loss=0.3701 | train_acc=0.8738
2026-03-22 23:09:57 | INFO |   [Batch  100/352] train_loss=0.3780 | train_acc=0.8715
2026-03-22 23:10:00 | INFO |   [Batch  150/352] train_loss=0.3715 | train_acc=0.8738
2026-03-22 23:10:02 | INFO |   [Batch  200/352] train_loss=0.3709 | train_acc=0.8743
2026-03-22 23:10:05 | INFO |   [Batch  250/352] train_loss=0.3701 | train_acc=0.8734
2026-03-22 23:10:08 | INFO |   [Batch  300/352] train_loss=0.3676 | train_acc=0.8740
2026-03-22 23:10:11 | INFO |   [Batch  350/352] train_loss=0.3624 | train_acc=0.8760
2026-03-22 23:10:19 | INFO |   Train | loss=0.3621 acc=0.8760 | Val | loss=0.4330 acc=0.8530 | lr=0.000984
2026-03-22 23:10:19 | INFO |   Saved best model → C:\Users\İhsan\Desktop\Development\cs515\aigul_CS515\results\checkpoints\HW2\transfer_modify\transfer_modify_best_model.pt (val_loss=0.4330)
2026-03-22 23:10:19 | INFO | Epoch 5/50
2026-03-22 23:10:29 | INFO |   [Batch   50/352] train_loss=0.3061 | train_acc=0.8962
2026-03-22 23:10:32 | INFO |   [Batch  100/352] train_loss=0.3118 | train_acc=0.8955
2026-03-22 23:10:35 | INFO |   [Batch  150/352] train_loss=0.3193 | train_acc=0.8921
2026-03-22 23:10:38 | INFO |   [Batch  200/352] train_loss=0.3171 | train_acc=0.8929
2026-03-22 23:10:41 | INFO |   [Batch  250/352] train_loss=0.3193 | train_acc=0.8916
2026-03-22 23:10:43 | INFO |   [Batch  300/352] train_loss=0.3250 | train_acc=0.8900
2026-03-22 23:10:46 | INFO |   [Batch  350/352] train_loss=0.3267 | train_acc=0.8894
2026-03-22 23:10:55 | INFO |   Train | loss=0.3268 acc=0.8894 | Val | loss=0.3908 acc=0.8674 | lr=0.000976
2026-03-22 23:10:55 | INFO |   Saved best model → C:\Users\İhsan\Desktop\Development\cs515\aigul_CS515\results\checkpoints\HW2\transfer_modify\transfer_modify_best_model.pt (val_loss=0.3908)
2026-03-22 23:10:55 | INFO | Epoch 6/50
2026-03-22 23:11:04 | INFO |   [Batch   50/352] train_loss=0.2859 | train_acc=0.9033
2026-03-22 23:11:07 | INFO |   [Batch  100/352] train_loss=0.2832 | train_acc=0.9048
2026-03-22 23:11:10 | INFO |   [Batch  150/352] train_loss=0.2936 | train_acc=0.9020
2026-03-22 23:11:13 | INFO |   [Batch  200/352] train_loss=0.2947 | train_acc=0.9013
2026-03-22 23:11:16 | INFO |   [Batch  250/352] train_loss=0.2943 | train_acc=0.9011
2026-03-22 23:11:19 | INFO |   [Batch  300/352] train_loss=0.2963 | train_acc=0.9008
2026-03-22 23:11:22 | INFO |   [Batch  350/352] train_loss=0.2997 | train_acc=0.9000
2026-03-22 23:11:30 | INFO |   Train | loss=0.2999 acc=0.9000 | Val | loss=0.3744 acc=0.8764 | lr=0.000965
2026-03-22 23:11:30 | INFO |   Saved best model → C:\Users\İhsan\Desktop\Development\cs515\aigul_CS515\results\checkpoints\HW2\transfer_modify\transfer_modify_best_model.pt (val_loss=0.3744)
2026-03-22 23:11:30 | INFO | Epoch 7/50
2026-03-22 23:11:40 | INFO |   [Batch   50/352] train_loss=0.2336 | train_acc=0.9233
2026-03-22 23:11:43 | INFO |   [Batch  100/352] train_loss=0.2557 | train_acc=0.9152
2026-03-22 23:11:46 | INFO |   [Batch  150/352] train_loss=0.2631 | train_acc=0.9116
2026-03-22 23:11:49 | INFO |   [Batch  200/352] train_loss=0.2684 | train_acc=0.9096
2026-03-22 23:11:51 | INFO |   [Batch  250/352] train_loss=0.2701 | train_acc=0.9086
2026-03-22 23:11:54 | INFO |   [Batch  300/352] train_loss=0.2713 | train_acc=0.9086
2026-03-22 23:11:57 | INFO |   [Batch  350/352] train_loss=0.2747 | train_acc=0.9070
2026-03-22 23:12:06 | INFO |   Train | loss=0.2745 acc=0.9070 | Val | loss=0.3523 acc=0.8800 | lr=0.000952
2026-03-22 23:12:06 | INFO |   Saved best model → C:\Users\İhsan\Desktop\Development\cs515\aigul_CS515\results\checkpoints\HW2\transfer_modify\transfer_modify_best_model.pt (val_loss=0.3523)
2026-03-22 23:12:06 | INFO | Epoch 8/50
2026-03-22 23:12:16 | INFO |   [Batch   50/352] train_loss=0.2511 | train_acc=0.9175
2026-03-22 23:12:19 | INFO |   [Batch  100/352] train_loss=0.2484 | train_acc=0.9170
2026-03-22 23:12:21 | INFO |   [Batch  150/352] train_loss=0.2518 | train_acc=0.9156
2026-03-22 23:12:24 | INFO |   [Batch  200/352] train_loss=0.2556 | train_acc=0.9144
2026-03-22 23:12:27 | INFO |   [Batch  250/352] train_loss=0.2591 | train_acc=0.9133
2026-03-22 23:12:30 | INFO |   [Batch  300/352] train_loss=0.2625 | train_acc=0.9115
2026-03-22 23:12:33 | INFO |   [Batch  350/352] train_loss=0.2623 | train_acc=0.9112
2026-03-22 23:12:41 | INFO |   Train | loss=0.2623 acc=0.9112 | Val | loss=0.3430 acc=0.8842 | lr=0.000938
2026-03-22 23:12:41 | INFO |   Saved best model → C:\Users\İhsan\Desktop\Development\cs515\aigul_CS515\results\checkpoints\HW2\transfer_modify\transfer_modify_best_model.pt (val_loss=0.3430)
2026-03-22 23:12:41 | INFO | Epoch 9/50
2026-03-22 23:12:51 | INFO |   [Batch   50/352] train_loss=0.2217 | train_acc=0.9227
2026-03-22 23:12:54 | INFO |   [Batch  100/352] train_loss=0.2277 | train_acc=0.9219
2026-03-22 23:12:57 | INFO |   [Batch  150/352] train_loss=0.2285 | train_acc=0.9221
2026-03-22 23:13:00 | INFO |   [Batch  200/352] train_loss=0.2374 | train_acc=0.9193
2026-03-22 23:13:02 | INFO |   [Batch  250/352] train_loss=0.2426 | train_acc=0.9172
2026-03-22 23:13:05 | INFO |   [Batch  300/352] train_loss=0.2463 | train_acc=0.9161
2026-03-22 23:13:08 | INFO |   [Batch  350/352] train_loss=0.2462 | train_acc=0.9163
2026-03-22 23:13:17 | INFO |   Train | loss=0.2463 acc=0.9162 | Val | loss=0.3555 acc=0.8854 | lr=0.000922
2026-03-22 23:13:17 | INFO |   No improvement. Patience counter: 1/10
2026-03-22 23:13:17 | INFO | Epoch 10/50
2026-03-22 23:13:26 | INFO |   [Batch   50/352] train_loss=0.2181 | train_acc=0.9256
2026-03-22 23:13:29 | INFO |   [Batch  100/352] train_loss=0.2241 | train_acc=0.9238
2026-03-22 23:13:32 | INFO |   [Batch  150/352] train_loss=0.2257 | train_acc=0.9230
2026-03-22 23:13:35 | INFO |   [Batch  200/352] train_loss=0.2252 | train_acc=0.9236
2026-03-22 23:13:38 | INFO |   [Batch  250/352] train_loss=0.2266 | train_acc=0.9232
2026-03-22 23:13:41 | INFO |   [Batch  300/352] train_loss=0.2294 | train_acc=0.9219
2026-03-22 23:13:43 | INFO |   [Batch  350/352] train_loss=0.2327 | train_acc=0.9208
2026-03-22 23:13:52 | INFO |   Train | loss=0.2329 acc=0.9207 | Val | loss=0.2801 acc=0.9066 | lr=0.000905
2026-03-22 23:13:52 | INFO |   Saved best model → C:\Users\İhsan\Desktop\Development\cs515\aigul_CS515\results\checkpoints\HW2\transfer_modify\transfer_modify_best_model.pt (val_loss=0.2801)
2026-03-22 23:13:52 | INFO | Epoch 11/50
2026-03-22 23:14:01 | INFO |   [Batch   50/352] train_loss=0.2034 | train_acc=0.9325
2026-03-22 23:14:04 | INFO |   [Batch  100/352] train_loss=0.2104 | train_acc=0.9284
2026-03-22 23:14:07 | INFO |   [Batch  150/352] train_loss=0.2113 | train_acc=0.9279
2026-03-22 23:14:10 | INFO |   [Batch  200/352] train_loss=0.2134 | train_acc=0.9264
2026-03-22 23:14:13 | INFO |   [Batch  250/352] train_loss=0.2153 | train_acc=0.9264
2026-03-22 23:14:16 | INFO |   [Batch  300/352] train_loss=0.2173 | train_acc=0.9258
2026-03-22 23:14:19 | INFO |   [Batch  350/352] train_loss=0.2182 | train_acc=0.9256
2026-03-22 23:14:27 | INFO |   Train | loss=0.2181 acc=0.9257 | Val | loss=0.3663 acc=0.8850 | lr=0.000885
2026-03-22 23:14:27 | INFO |   No improvement. Patience counter: 1/10
2026-03-22 23:14:27 | INFO | Epoch 12/50
2026-03-22 23:14:37 | INFO |   [Batch   50/352] train_loss=0.1969 | train_acc=0.9309
2026-03-22 23:14:40 | INFO |   [Batch  100/352] train_loss=0.1995 | train_acc=0.9305
2026-03-22 23:14:43 | INFO |   [Batch  150/352] train_loss=0.2047 | train_acc=0.9286
2026-03-22 23:14:46 | INFO |   [Batch  200/352] train_loss=0.2056 | train_acc=0.9291
2026-03-22 23:14:48 | INFO |   [Batch  250/352] train_loss=0.2069 | train_acc=0.9287
2026-03-22 23:14:51 | INFO |   [Batch  300/352] train_loss=0.2053 | train_acc=0.9297
2026-03-22 23:14:54 | INFO |   [Batch  350/352] train_loss=0.2076 | train_acc=0.9290
2026-03-22 23:15:03 | INFO |   Train | loss=0.2077 acc=0.9289 | Val | loss=0.2810 acc=0.9058 | lr=0.000865
2026-03-22 23:15:03 | INFO |   No improvement. Patience counter: 2/10
2026-03-22 23:15:03 | INFO | Epoch 13/50
2026-03-22 23:15:12 | INFO |   [Batch   50/352] train_loss=0.1774 | train_acc=0.9402
2026-03-22 23:15:15 | INFO |   [Batch  100/352] train_loss=0.1790 | train_acc=0.9405
2026-03-22 23:15:18 | INFO |   [Batch  150/352] train_loss=0.1831 | train_acc=0.9386
2026-03-22 23:15:21 | INFO |   [Batch  200/352] train_loss=0.1847 | train_acc=0.9379
2026-03-22 23:15:24 | INFO |   [Batch  250/352] train_loss=0.1916 | train_acc=0.9363
2026-03-22 23:15:27 | INFO |   [Batch  300/352] train_loss=0.1949 | train_acc=0.9347
2026-03-22 23:15:30 | INFO |   [Batch  350/352] train_loss=0.1961 | train_acc=0.9343
2026-03-22 23:15:38 | INFO |   Train | loss=0.1959 acc=0.9344 | Val | loss=0.3547 acc=0.8918 | lr=0.000842
2026-03-22 23:15:38 | INFO |   No improvement. Patience counter: 3/10
2026-03-22 23:15:38 | INFO | Epoch 14/50
2026-03-22 23:15:48 | INFO |   [Batch   50/352] train_loss=0.1790 | train_acc=0.9378
2026-03-22 23:15:51 | INFO |   [Batch  100/352] train_loss=0.1757 | train_acc=0.9384
2026-03-22 23:15:54 | INFO |   [Batch  150/352] train_loss=0.1782 | train_acc=0.9384
2026-03-22 23:15:57 | INFO |   [Batch  200/352] train_loss=0.1874 | train_acc=0.9359
2026-03-22 23:15:59 | INFO |   [Batch  250/352] train_loss=0.1870 | train_acc=0.9360
2026-03-22 23:16:02 | INFO |   [Batch  300/352] train_loss=0.1881 | train_acc=0.9356
2026-03-22 23:16:05 | INFO |   [Batch  350/352] train_loss=0.1884 | train_acc=0.9354
2026-03-22 23:16:14 | INFO |   Train | loss=0.1890 acc=0.9353 | Val | loss=0.3270 acc=0.8952 | lr=0.000819
2026-03-22 23:16:14 | INFO |   No improvement. Patience counter: 4/10
2026-03-22 23:16:14 | INFO | Epoch 15/50
2026-03-22 23:16:23 | INFO |   [Batch   50/352] train_loss=0.1719 | train_acc=0.9406
2026-03-22 23:16:26 | INFO |   [Batch  100/352] train_loss=0.1671 | train_acc=0.9431
2026-03-22 23:16:29 | INFO |   [Batch  150/352] train_loss=0.1649 | train_acc=0.9448
2026-03-22 23:16:32 | INFO |   [Batch  200/352] train_loss=0.1675 | train_acc=0.9433
2026-03-22 23:16:35 | INFO |   [Batch  250/352] train_loss=0.1683 | train_acc=0.9426
2026-03-22 23:16:38 | INFO |   [Batch  300/352] train_loss=0.1728 | train_acc=0.9413
2026-03-22 23:16:41 | INFO |   [Batch  350/352] train_loss=0.1739 | train_acc=0.9409
2026-03-22 23:16:49 | INFO |   Train | loss=0.1742 acc=0.9408 | Val | loss=0.2788 acc=0.9112 | lr=0.000794
2026-03-22 23:16:49 | INFO |   Saved best model → C:\Users\İhsan\Desktop\Development\cs515\aigul_CS515\results\checkpoints\HW2\transfer_modify\transfer_modify_best_model.pt (val_loss=0.2788)
2026-03-22 23:16:49 | INFO | Epoch 16/50
2026-03-22 23:16:59 | INFO |   [Batch   50/352] train_loss=0.1591 | train_acc=0.9470
2026-03-22 23:17:02 | INFO |   [Batch  100/352] train_loss=0.1539 | train_acc=0.9464
2026-03-22 23:17:04 | INFO |   [Batch  150/352] train_loss=0.1559 | train_acc=0.9458
2026-03-22 23:17:07 | INFO |   [Batch  200/352] train_loss=0.1616 | train_acc=0.9445
2026-03-22 23:17:10 | INFO |   [Batch  250/352] train_loss=0.1626 | train_acc=0.9444
2026-03-22 23:17:13 | INFO |   [Batch  300/352] train_loss=0.1660 | train_acc=0.9435
2026-03-22 23:17:16 | INFO |   [Batch  350/352] train_loss=0.1657 | train_acc=0.9440
2026-03-22 23:17:24 | INFO |   Train | loss=0.1655 acc=0.9440 | Val | loss=0.2810 acc=0.9138 | lr=0.000768
2026-03-22 23:17:24 | INFO |   No improvement. Patience counter: 1/10
2026-03-22 23:17:24 | INFO | Epoch 17/50
2026-03-22 23:17:34 | INFO |   [Batch   50/352] train_loss=0.1447 | train_acc=0.9508
2026-03-22 23:17:37 | INFO |   [Batch  100/352] train_loss=0.1499 | train_acc=0.9494
2026-03-22 23:17:40 | INFO |   [Batch  150/352] train_loss=0.1486 | train_acc=0.9497
2026-03-22 23:17:43 | INFO |   [Batch  200/352] train_loss=0.1499 | train_acc=0.9498
2026-03-22 23:17:46 | INFO |   [Batch  250/352] train_loss=0.1508 | train_acc=0.9489
2026-03-22 23:17:49 | INFO |   [Batch  300/352] train_loss=0.1528 | train_acc=0.9487
2026-03-22 23:17:51 | INFO |   [Batch  350/352] train_loss=0.1546 | train_acc=0.9479
2026-03-22 23:18:00 | INFO |   Train | loss=0.1545 acc=0.9479 | Val | loss=0.3077 acc=0.9012 | lr=0.000741
2026-03-22 23:18:00 | INFO |   No improvement. Patience counter: 2/10
2026-03-22 23:18:00 | INFO | Epoch 18/50
2026-03-22 23:18:09 | INFO |   [Batch   50/352] train_loss=0.1323 | train_acc=0.9539
2026-03-22 23:18:12 | INFO |   [Batch  100/352] train_loss=0.1363 | train_acc=0.9523
2026-03-22 23:18:15 | INFO |   [Batch  150/352] train_loss=0.1387 | train_acc=0.9523
2026-03-22 23:18:18 | INFO |   [Batch  200/352] train_loss=0.1398 | train_acc=0.9518
2026-03-22 23:18:21 | INFO |   [Batch  250/352] train_loss=0.1422 | train_acc=0.9507
2026-03-22 23:18:24 | INFO |   [Batch  300/352] train_loss=0.1425 | train_acc=0.9510
2026-03-22 23:18:27 | INFO |   [Batch  350/352] train_loss=0.1428 | train_acc=0.9512
2026-03-22 23:18:35 | INFO |   Train | loss=0.1428 acc=0.9512 | Val | loss=0.3049 acc=0.9096 | lr=0.000713
2026-03-22 23:18:35 | INFO |   No improvement. Patience counter: 3/10
2026-03-22 23:18:35 | INFO | Epoch 19/50
2026-03-22 23:18:45 | INFO |   [Batch   50/352] train_loss=0.1332 | train_acc=0.9550
2026-03-22 23:18:48 | INFO |   [Batch  100/352] train_loss=0.1343 | train_acc=0.9542
2026-03-22 23:18:51 | INFO |   [Batch  150/352] train_loss=0.1340 | train_acc=0.9543
2026-03-22 23:18:53 | INFO |   [Batch  200/352] train_loss=0.1327 | train_acc=0.9547
2026-03-22 23:18:56 | INFO |   [Batch  250/352] train_loss=0.1343 | train_acc=0.9540
2026-03-22 23:18:59 | INFO |   [Batch  300/352] train_loss=0.1364 | train_acc=0.9533
2026-03-22 23:19:02 | INFO |   [Batch  350/352] train_loss=0.1383 | train_acc=0.9527
2026-03-22 23:19:11 | INFO |   Train | loss=0.1386 acc=0.9526 | Val | loss=0.2820 acc=0.9136 | lr=0.000684
2026-03-22 23:19:11 | INFO |   No improvement. Patience counter: 4/10
2026-03-22 23:19:11 | INFO | Epoch 20/50
2026-03-22 23:19:20 | INFO |   [Batch   50/352] train_loss=0.1099 | train_acc=0.9650
2026-03-22 23:19:23 | INFO |   [Batch  100/352] train_loss=0.1119 | train_acc=0.9637
2026-03-22 23:19:26 | INFO |   [Batch  150/352] train_loss=0.1142 | train_acc=0.9629
2026-03-22 23:19:29 | INFO |   [Batch  200/352] train_loss=0.1173 | train_acc=0.9609
2026-03-22 23:19:32 | INFO |   [Batch  250/352] train_loss=0.1187 | train_acc=0.9597
2026-03-22 23:19:35 | INFO |   [Batch  300/352] train_loss=0.1186 | train_acc=0.9596
2026-03-22 23:19:38 | INFO |   [Batch  350/352] train_loss=0.1209 | train_acc=0.9588
2026-03-22 23:19:46 | INFO |   Train | loss=0.1211 acc=0.9587 | Val | loss=0.2812 acc=0.9126 | lr=0.000655
2026-03-22 23:19:46 | INFO |   No improvement. Patience counter: 5/10
2026-03-22 23:19:46 | INFO | Epoch 21/50
2026-03-22 23:19:56 | INFO |   [Batch   50/352] train_loss=0.1142 | train_acc=0.9578
2026-03-22 23:19:59 | INFO |   [Batch  100/352] train_loss=0.1128 | train_acc=0.9609
2026-03-22 23:20:02 | INFO |   [Batch  150/352] train_loss=0.1100 | train_acc=0.9622
2026-03-22 23:20:05 | INFO |   [Batch  200/352] train_loss=0.1141 | train_acc=0.9616
2026-03-22 23:20:08 | INFO |   [Batch  250/352] train_loss=0.1172 | train_acc=0.9607
2026-03-22 23:20:11 | INFO |   [Batch  300/352] train_loss=0.1186 | train_acc=0.9600
2026-03-22 23:20:14 | INFO |   [Batch  350/352] train_loss=0.1205 | train_acc=0.9593
2026-03-22 23:20:22 | INFO |   Train | loss=0.1203 acc=0.9594 | Val | loss=0.2686 acc=0.9176 | lr=0.000625
2026-03-22 23:20:22 | INFO |   Saved best model → C:\Users\İhsan\Desktop\Development\cs515\aigul_CS515\results\checkpoints\HW2\transfer_modify\transfer_modify_best_model.pt (val_loss=0.2686)
2026-03-22 23:20:22 | INFO | Epoch 22/50
2026-03-22 23:20:31 | INFO |   [Batch   50/352] train_loss=0.0914 | train_acc=0.9705
2026-03-22 23:20:34 | INFO |   [Batch  100/352] train_loss=0.0945 | train_acc=0.9684
2026-03-22 23:20:37 | INFO |   [Batch  150/352] train_loss=0.0958 | train_acc=0.9664
2026-03-22 23:20:40 | INFO |   [Batch  200/352] train_loss=0.0994 | train_acc=0.9652
2026-03-22 23:20:43 | INFO |   [Batch  250/352] train_loss=0.1020 | train_acc=0.9644
2026-03-22 23:20:46 | INFO |   [Batch  300/352] train_loss=0.1051 | train_acc=0.9639
2026-03-22 23:20:49 | INFO |   [Batch  350/352] train_loss=0.1066 | train_acc=0.9633
2026-03-22 23:20:57 | INFO |   Train | loss=0.1068 acc=0.9632 | Val | loss=0.2695 acc=0.9210 | lr=0.000594
2026-03-22 23:20:57 | INFO |   No improvement. Patience counter: 1/10
2026-03-22 23:20:57 | INFO | Epoch 23/50
2026-03-22 23:21:07 | INFO |   [Batch   50/352] train_loss=0.0923 | train_acc=0.9698
2026-03-22 23:21:09 | INFO |   [Batch  100/352] train_loss=0.0930 | train_acc=0.9684
2026-03-22 23:21:12 | INFO |   [Batch  150/352] train_loss=0.0971 | train_acc=0.9665
2026-03-22 23:21:15 | INFO |   [Batch  200/352] train_loss=0.0982 | train_acc=0.9662
2026-03-22 23:21:18 | INFO |   [Batch  250/352] train_loss=0.0996 | train_acc=0.9661
2026-03-22 23:21:21 | INFO |   [Batch  300/352] train_loss=0.1018 | train_acc=0.9653
2026-03-22 23:21:24 | INFO |   [Batch  350/352] train_loss=0.1019 | train_acc=0.9652
2026-03-22 23:21:32 | INFO |   Train | loss=0.1020 acc=0.9651 | Val | loss=0.2649 acc=0.9208 | lr=0.000563
2026-03-22 23:21:32 | INFO |   Saved best model → C:\Users\İhsan\Desktop\Development\cs515\aigul_CS515\results\checkpoints\HW2\transfer_modify\transfer_modify_best_model.pt (val_loss=0.2649)
2026-03-22 23:21:32 | INFO | Epoch 24/50
2026-03-22 23:21:42 | INFO |   [Batch   50/352] train_loss=0.0802 | train_acc=0.9738
2026-03-22 23:21:45 | INFO |   [Batch  100/352] train_loss=0.0818 | train_acc=0.9734
2026-03-22 23:21:48 | INFO |   [Batch  150/352] train_loss=0.0861 | train_acc=0.9713
2026-03-22 23:21:50 | INFO |   [Batch  200/352] train_loss=0.0901 | train_acc=0.9698
2026-03-22 23:21:53 | INFO |   [Batch  250/352] train_loss=0.0914 | train_acc=0.9696
2026-03-22 23:21:56 | INFO |   [Batch  300/352] train_loss=0.0911 | train_acc=0.9698
2026-03-22 23:21:59 | INFO |   [Batch  350/352] train_loss=0.0934 | train_acc=0.9689
2026-03-22 23:22:08 | INFO |   Train | loss=0.0936 acc=0.9689 | Val | loss=0.2735 acc=0.9174 | lr=0.000532
2026-03-22 23:22:08 | INFO |   No improvement. Patience counter: 1/10
2026-03-22 23:22:08 | INFO | Epoch 25/50
2026-03-22 23:22:17 | INFO |   [Batch   50/352] train_loss=0.0786 | train_acc=0.9725
2026-03-22 23:22:20 | INFO |   [Batch  100/352] train_loss=0.0789 | train_acc=0.9731
2026-03-22 23:22:23 | INFO |   [Batch  150/352] train_loss=0.0812 | train_acc=0.9723
2026-03-22 23:22:26 | INFO |   [Batch  200/352] train_loss=0.0851 | train_acc=0.9705
2026-03-22 23:22:29 | INFO |   [Batch  250/352] train_loss=0.0865 | train_acc=0.9703
2026-03-22 23:22:32 | INFO |   [Batch  300/352] train_loss=0.0863 | train_acc=0.9705
2026-03-22 23:22:34 | INFO |   [Batch  350/352] train_loss=0.0863 | train_acc=0.9705
2026-03-22 23:22:43 | INFO |   Train | loss=0.0863 acc=0.9705 | Val | loss=0.2677 acc=0.9224 | lr=0.000500
2026-03-22 23:22:43 | INFO |   No improvement. Patience counter: 2/10
2026-03-22 23:22:43 | INFO | Epoch 26/50
2026-03-22 23:22:53 | INFO |   [Batch   50/352] train_loss=0.0687 | train_acc=0.9781
2026-03-22 23:22:55 | INFO |   [Batch  100/352] train_loss=0.0675 | train_acc=0.9777
2026-03-22 23:22:58 | INFO |   [Batch  150/352] train_loss=0.0715 | train_acc=0.9762
2026-03-22 23:23:01 | INFO |   [Batch  200/352] train_loss=0.0742 | train_acc=0.9754
2026-03-22 23:23:04 | INFO |   [Batch  250/352] train_loss=0.0758 | train_acc=0.9748
2026-03-22 23:23:07 | INFO |   [Batch  300/352] train_loss=0.0753 | train_acc=0.9749
2026-03-22 23:23:10 | INFO |   [Batch  350/352] train_loss=0.0767 | train_acc=0.9746
2026-03-22 23:23:18 | INFO |   Train | loss=0.0768 acc=0.9746 | Val | loss=0.2511 acc=0.9266 | lr=0.000469
2026-03-22 23:23:18 | INFO |   Saved best model → C:\Users\İhsan\Desktop\Development\cs515\aigul_CS515\results\checkpoints\HW2\transfer_modify\transfer_modify_best_model.pt (val_loss=0.2511)
2026-03-22 23:23:18 | INFO | Epoch 27/50
2026-03-22 23:23:28 | INFO |   [Batch   50/352] train_loss=0.0620 | train_acc=0.9795
2026-03-22 23:23:31 | INFO |   [Batch  100/352] train_loss=0.0608 | train_acc=0.9798
2026-03-22 23:23:34 | INFO |   [Batch  150/352] train_loss=0.0599 | train_acc=0.9803
2026-03-22 23:23:37 | INFO |   [Batch  200/352] train_loss=0.0617 | train_acc=0.9788
2026-03-22 23:23:39 | INFO |   [Batch  250/352] train_loss=0.0636 | train_acc=0.9782
2026-03-22 23:23:42 | INFO |   [Batch  300/352] train_loss=0.0648 | train_acc=0.9780
2026-03-22 23:23:45 | INFO |   [Batch  350/352] train_loss=0.0667 | train_acc=0.9773
2026-03-22 23:23:54 | INFO |   Train | loss=0.0669 acc=0.9773 | Val | loss=0.2553 acc=0.9294 | lr=0.000438
2026-03-22 23:23:54 | INFO |   No improvement. Patience counter: 1/10
2026-03-22 23:23:54 | INFO | Epoch 28/50
2026-03-22 23:24:03 | INFO |   [Batch   50/352] train_loss=0.0604 | train_acc=0.9784
2026-03-22 23:24:06 | INFO |   [Batch  100/352] train_loss=0.0584 | train_acc=0.9798
2026-03-22 23:24:09 | INFO |   [Batch  150/352] train_loss=0.0585 | train_acc=0.9799
2026-03-22 23:24:12 | INFO |   [Batch  200/352] train_loss=0.0596 | train_acc=0.9797
2026-03-22 23:24:15 | INFO |   [Batch  250/352] train_loss=0.0623 | train_acc=0.9788
2026-03-22 23:24:18 | INFO |   [Batch  300/352] train_loss=0.0637 | train_acc=0.9783
2026-03-22 23:24:21 | INFO |   [Batch  350/352] train_loss=0.0646 | train_acc=0.9780
2026-03-22 23:24:29 | INFO |   Train | loss=0.0648 acc=0.9779 | Val | loss=0.2798 acc=0.9232 | lr=0.000407
2026-03-22 23:24:29 | INFO |   No improvement. Patience counter: 2/10
2026-03-22 23:24:29 | INFO | Epoch 29/50
2026-03-22 23:24:39 | INFO |   [Batch   50/352] train_loss=0.0517 | train_acc=0.9816
2026-03-22 23:24:42 | INFO |   [Batch  100/352] train_loss=0.0516 | train_acc=0.9817
2026-03-22 23:24:44 | INFO |   [Batch  150/352] train_loss=0.0523 | train_acc=0.9820
2026-03-22 23:24:47 | INFO |   [Batch  200/352] train_loss=0.0533 | train_acc=0.9818
2026-03-22 23:24:50 | INFO |   [Batch  250/352] train_loss=0.0551 | train_acc=0.9815
2026-03-22 23:24:53 | INFO |   [Batch  300/352] train_loss=0.0577 | train_acc=0.9804
2026-03-22 23:24:56 | INFO |   [Batch  350/352] train_loss=0.0589 | train_acc=0.9804
2026-03-22 23:25:04 | INFO |   Train | loss=0.0589 acc=0.9804 | Val | loss=0.2389 acc=0.9312 | lr=0.000376
2026-03-22 23:25:04 | INFO |   Saved best model → C:\Users\İhsan\Desktop\Development\cs515\aigul_CS515\results\checkpoints\HW2\transfer_modify\transfer_modify_best_model.pt (val_loss=0.2389)
2026-03-22 23:25:05 | INFO | Epoch 30/50
2026-03-22 23:25:14 | INFO |   [Batch   50/352] train_loss=0.0442 | train_acc=0.9852
2026-03-22 23:25:17 | INFO |   [Batch  100/352] train_loss=0.0480 | train_acc=0.9830
2026-03-22 23:25:20 | INFO |   [Batch  150/352] train_loss=0.0506 | train_acc=0.9826
2026-03-22 23:25:23 | INFO |   [Batch  200/352] train_loss=0.0490 | train_acc=0.9835
2026-03-22 23:25:26 | INFO |   [Batch  250/352] train_loss=0.0479 | train_acc=0.9833
2026-03-22 23:25:29 | INFO |   [Batch  300/352] train_loss=0.0482 | train_acc=0.9833
2026-03-22 23:25:31 | INFO |   [Batch  350/352] train_loss=0.0498 | train_acc=0.9829
2026-03-22 23:25:40 | INFO |   Train | loss=0.0497 acc=0.9829 | Val | loss=0.2513 acc=0.9302 | lr=0.000346
2026-03-22 23:25:40 | INFO |   No improvement. Patience counter: 1/10
2026-03-22 23:25:40 | INFO | Epoch 31/50
2026-03-22 23:25:49 | INFO |   [Batch   50/352] train_loss=0.0460 | train_acc=0.9836
2026-03-22 23:25:52 | INFO |   [Batch  100/352] train_loss=0.0426 | train_acc=0.9847
2026-03-22 23:25:55 | INFO |   [Batch  150/352] train_loss=0.0408 | train_acc=0.9854
2026-03-22 23:25:58 | INFO |   [Batch  200/352] train_loss=0.0400 | train_acc=0.9859
2026-03-22 23:26:01 | INFO |   [Batch  250/352] train_loss=0.0421 | train_acc=0.9855
2026-03-22 23:26:04 | INFO |   [Batch  300/352] train_loss=0.0428 | train_acc=0.9852
2026-03-22 23:26:07 | INFO |   [Batch  350/352] train_loss=0.0425 | train_acc=0.9855
2026-03-22 23:26:15 | INFO |   Train | loss=0.0425 acc=0.9856 | Val | loss=0.2349 acc=0.9382 | lr=0.000317
2026-03-22 23:26:15 | INFO |   Saved best model → C:\Users\İhsan\Desktop\Development\cs515\aigul_CS515\results\checkpoints\HW2\transfer_modify\transfer_modify_best_model.pt (val_loss=0.2349)
2026-03-22 23:26:15 | INFO | Epoch 32/50
2026-03-22 23:26:25 | INFO |   [Batch   50/352] train_loss=0.0350 | train_acc=0.9886
2026-03-22 23:26:28 | INFO |   [Batch  100/352] train_loss=0.0336 | train_acc=0.9887
2026-03-22 23:26:31 | INFO |   [Batch  150/352] train_loss=0.0357 | train_acc=0.9876
2026-03-22 23:26:34 | INFO |   [Batch  200/352] train_loss=0.0367 | train_acc=0.9870
2026-03-22 23:26:37 | INFO |   [Batch  250/352] train_loss=0.0381 | train_acc=0.9868
2026-03-22 23:26:40 | INFO |   [Batch  300/352] train_loss=0.0392 | train_acc=0.9865
2026-03-22 23:26:42 | INFO |   [Batch  350/352] train_loss=0.0398 | train_acc=0.9863
2026-03-22 23:26:51 | INFO |   Train | loss=0.0399 acc=0.9863 | Val | loss=0.2639 acc=0.9278 | lr=0.000288
2026-03-22 23:26:51 | INFO |   No improvement. Patience counter: 1/10
2026-03-22 23:26:51 | INFO | Epoch 33/50
2026-03-22 23:27:00 | INFO |   [Batch   50/352] train_loss=0.0330 | train_acc=0.9892
2026-03-22 23:27:03 | INFO |   [Batch  100/352] train_loss=0.0337 | train_acc=0.9892
2026-03-22 23:27:06 | INFO |   [Batch  150/352] train_loss=0.0323 | train_acc=0.9898
2026-03-22 23:27:09 | INFO |   [Batch  200/352] train_loss=0.0329 | train_acc=0.9895
2026-03-22 23:27:12 | INFO |   [Batch  250/352] train_loss=0.0326 | train_acc=0.9895
2026-03-22 23:27:15 | INFO |   [Batch  300/352] train_loss=0.0331 | train_acc=0.9891
2026-03-22 23:27:18 | INFO |   [Batch  350/352] train_loss=0.0332 | train_acc=0.9891
2026-03-22 23:27:26 | INFO |   Train | loss=0.0333 acc=0.9891 | Val | loss=0.2525 acc=0.9332 | lr=0.000260
2026-03-22 23:27:26 | INFO |   No improvement. Patience counter: 2/10
2026-03-22 23:27:26 | INFO | Epoch 34/50
2026-03-22 23:27:36 | INFO |   [Batch   50/352] train_loss=0.0312 | train_acc=0.9884
2026-03-22 23:27:39 | INFO |   [Batch  100/352] train_loss=0.0306 | train_acc=0.9896
2026-03-22 23:27:42 | INFO |   [Batch  150/352] train_loss=0.0301 | train_acc=0.9898
2026-03-22 23:27:44 | INFO |   [Batch  200/352] train_loss=0.0315 | train_acc=0.9895
2026-03-22 23:27:47 | INFO |   [Batch  250/352] train_loss=0.0310 | train_acc=0.9895
2026-03-22 23:27:50 | INFO |   [Batch  300/352] train_loss=0.0317 | train_acc=0.9891
2026-03-22 23:27:53 | INFO |   [Batch  350/352] train_loss=0.0324 | train_acc=0.9890
2026-03-22 23:28:02 | INFO |   Train | loss=0.0324 acc=0.9890 | Val | loss=0.2667 acc=0.9334 | lr=0.000233
2026-03-22 23:28:02 | INFO |   No improvement. Patience counter: 3/10
2026-03-22 23:28:02 | INFO | Epoch 35/50
2026-03-22 23:28:11 | INFO |   [Batch   50/352] train_loss=0.0296 | train_acc=0.9894
2026-03-22 23:28:14 | INFO |   [Batch  100/352] train_loss=0.0303 | train_acc=0.9896
2026-03-22 23:28:17 | INFO |   [Batch  150/352] train_loss=0.0290 | train_acc=0.9903
2026-03-22 23:28:20 | INFO |   [Batch  200/352] train_loss=0.0273 | train_acc=0.9909
2026-03-22 23:28:23 | INFO |   [Batch  250/352] train_loss=0.0264 | train_acc=0.9911
2026-03-22 23:28:26 | INFO |   [Batch  300/352] train_loss=0.0264 | train_acc=0.9912
2026-03-22 23:28:29 | INFO |   [Batch  350/352] train_loss=0.0257 | train_acc=0.9914
2026-03-22 23:28:37 | INFO |   Train | loss=0.0258 acc=0.9913 | Val | loss=0.2529 acc=0.9376 | lr=0.000207
2026-03-22 23:28:37 | INFO |   No improvement. Patience counter: 4/10
2026-03-22 23:28:37 | INFO | Epoch 36/50
2026-03-22 23:28:47 | INFO |   [Batch   50/352] train_loss=0.0200 | train_acc=0.9933
2026-03-22 23:28:50 | INFO |   [Batch  100/352] train_loss=0.0201 | train_acc=0.9928
2026-03-22 23:28:53 | INFO |   [Batch  150/352] train_loss=0.0210 | train_acc=0.9927
2026-03-22 23:28:56 | INFO |   [Batch  200/352] train_loss=0.0236 | train_acc=0.9921
2026-03-22 23:28:59 | INFO |   [Batch  250/352] train_loss=0.0228 | train_acc=0.9924
2026-03-22 23:29:01 | INFO |   [Batch  300/352] train_loss=0.0224 | train_acc=0.9925
2026-03-22 23:29:04 | INFO |   [Batch  350/352] train_loss=0.0223 | train_acc=0.9925
2026-03-22 23:29:13 | INFO |   Train | loss=0.0223 acc=0.9924 | Val | loss=0.2497 acc=0.9386 | lr=0.000182
2026-03-22 23:29:13 | INFO |   No improvement. Patience counter: 5/10
2026-03-22 23:29:13 | INFO | Epoch 37/50
2026-03-22 23:29:23 | INFO |   [Batch   50/352] train_loss=0.0156 | train_acc=0.9961
2026-03-22 23:29:25 | INFO |   [Batch  100/352] train_loss=0.0183 | train_acc=0.9949
2026-03-22 23:29:28 | INFO |   [Batch  150/352] train_loss=0.0177 | train_acc=0.9952
2026-03-22 23:29:31 | INFO |   [Batch  200/352] train_loss=0.0178 | train_acc=0.9950
2026-03-22 23:29:34 | INFO |   [Batch  250/352] train_loss=0.0175 | train_acc=0.9949
2026-03-22 23:29:37 | INFO |   [Batch  300/352] train_loss=0.0185 | train_acc=0.9943
2026-03-22 23:29:40 | INFO |   [Batch  350/352] train_loss=0.0182 | train_acc=0.9944
2026-03-22 23:30:01 | INFO |   Train | loss=0.0183 acc=0.9944 | Val | loss=0.2405 acc=0.9432 | lr=0.000159
2026-03-22 23:30:01 | INFO |   No improvement. Patience counter: 6/10
2026-03-22 23:30:01 | INFO | Epoch 38/50
2026-03-22 23:30:11 | INFO |   [Batch   50/352] train_loss=0.0125 | train_acc=0.9958
2026-03-22 23:30:14 | INFO |   [Batch  100/352] train_loss=0.0126 | train_acc=0.9960
2026-03-22 23:30:17 | INFO |   [Batch  150/352] train_loss=0.0130 | train_acc=0.9960
2026-03-22 23:30:19 | INFO |   [Batch  200/352] train_loss=0.0138 | train_acc=0.9957
2026-03-22 23:30:22 | INFO |   [Batch  250/352] train_loss=0.0138 | train_acc=0.9955
2026-03-22 23:30:25 | INFO |   [Batch  300/352] train_loss=0.0144 | train_acc=0.9954
2026-03-22 23:30:28 | INFO |   [Batch  350/352] train_loss=0.0150 | train_acc=0.9950
2026-03-22 23:30:36 | INFO |   Train | loss=0.0150 acc=0.9950 | Val | loss=0.2444 acc=0.9424 | lr=0.000136
2026-03-22 23:30:36 | INFO |   No improvement. Patience counter: 7/10
2026-03-22 23:30:36 | INFO | Epoch 39/50
2026-03-22 23:30:46 | INFO |   [Batch   50/352] train_loss=0.0113 | train_acc=0.9967
2026-03-22 23:30:49 | INFO |   [Batch  100/352] train_loss=0.0106 | train_acc=0.9972
2026-03-22 23:30:52 | INFO |   [Batch  150/352] train_loss=0.0108 | train_acc=0.9970
2026-03-22 23:30:55 | INFO |   [Batch  200/352] train_loss=0.0115 | train_acc=0.9967
2026-03-22 23:30:58 | INFO |   [Batch  250/352] train_loss=0.0121 | train_acc=0.9966
2026-03-22 23:31:01 | INFO |   [Batch  300/352] train_loss=0.0129 | train_acc=0.9963
2026-03-22 23:31:03 | INFO |   [Batch  350/352] train_loss=0.0131 | train_acc=0.9960
2026-03-22 23:31:12 | INFO |   Train | loss=0.0130 acc=0.9961 | Val | loss=0.2459 acc=0.9416 | lr=0.000116
2026-03-22 23:31:12 | INFO |   No improvement. Patience counter: 8/10
2026-03-22 23:31:12 | INFO | Epoch 40/50
2026-03-22 23:31:22 | INFO |   [Batch   50/352] train_loss=0.0121 | train_acc=0.9964
2026-03-22 23:31:25 | INFO |   [Batch  100/352] train_loss=0.0113 | train_acc=0.9962
2026-03-22 23:31:28 | INFO |   [Batch  150/352] train_loss=0.0111 | train_acc=0.9965
2026-03-22 23:31:30 | INFO |   [Batch  200/352] train_loss=0.0111 | train_acc=0.9964
2026-03-22 23:31:33 | INFO |   [Batch  250/352] train_loss=0.0117 | train_acc=0.9962
2026-03-22 23:31:36 | INFO |   [Batch  300/352] train_loss=0.0118 | train_acc=0.9962
2026-03-22 23:31:39 | INFO |   [Batch  350/352] train_loss=0.0115 | train_acc=0.9964
2026-03-22 23:31:48 | INFO |   Train | loss=0.0114 acc=0.9964 | Val | loss=0.2371 acc=0.9404 | lr=0.000096
2026-03-22 23:31:48 | INFO |   No improvement. Patience counter: 9/10
2026-03-22 23:31:48 | INFO | Epoch 41/50
2026-03-22 23:31:57 | INFO |   [Batch   50/352] train_loss=0.0081 | train_acc=0.9977
2026-03-22 23:32:00 | INFO |   [Batch  100/352] train_loss=0.0070 | train_acc=0.9978
2026-03-22 23:32:03 | INFO |   [Batch  150/352] train_loss=0.0071 | train_acc=0.9978
2026-03-22 23:32:06 | INFO |   [Batch  200/352] train_loss=0.0081 | train_acc=0.9973
2026-03-22 23:32:09 | INFO |   [Batch  250/352] train_loss=0.0083 | train_acc=0.9973
2026-03-22 23:32:12 | INFO |   [Batch  300/352] train_loss=0.0083 | train_acc=0.9974
2026-03-22 23:32:15 | INFO |   [Batch  350/352] train_loss=0.0086 | train_acc=0.9973
2026-03-22 23:32:23 | INFO |   Train | loss=0.0087 acc=0.9972 | Val | loss=0.2440 acc=0.9408 | lr=0.000079
2026-03-22 23:32:23 | INFO |   No improvement. Patience counter: 10/10
2026-03-22 23:32:23 | INFO |   Early stopping triggered at epoch 41.
2026-03-22 23:32:23 | INFO | Training complete.
2026-03-22 23:32:23 | INFO | Best epoch    : 31
2026-03-22 23:32:23 | INFO | Best val loss : 0.2349
2026-03-22 23:32:23 | INFO | Best val acc  : 0.9382
2026-03-22 23:32:23 | INFO | Checkpoint    : C:\Users\İhsan\Desktop\Development\cs515\aigul_CS515\results\checkpoints\HW2\transfer_modify\transfer_modify_best_model.pt
2026-03-22 23:32:23 | INFO | Loss curve saved -> C:\Users\İhsan\Desktop\Development\cs515\aigul_CS515\results\plots\HW2\transfer_modify\transfer_modify_loss.png
2026-03-22 23:32:23 | INFO | Accuracy curve saved -> C:\Users\İhsan\Desktop\Development\cs515\aigul_CS515\results\plots\HW2\transfer_modify\transfer_modify_accuracy.png
2026-03-22 23:32:23 | INFO | LR curve saved -> C:\Users\İhsan\Desktop\Development\cs515\aigul_CS515\results\plots\HW2\transfer_modify\transfer_modify_lr.png
2026-03-22 23:32:23 | INFO | Loading checkpoint from C:\Users\İhsan\Desktop\Development\cs515\aigul_CS515\results\checkpoints\HW2\transfer_modify\transfer_modify_best_model.pt
2026-03-22 23:32:24 | INFO | Starting test evaluation on 10000 samples...
2026-03-22 23:32:32 | INFO | ======================================================================
2026-03-22 23:32:32 | INFO | Test Results  [transfer_modify]
2026-03-22 23:32:32 | INFO | ======================================================================
2026-03-22 23:32:32 | INFO | Test loss        : 0.2617
2026-03-22 23:32:32 | INFO | Overall accuracy : 0.9298  (9298 / 10000)
2026-03-22 23:32:32 | INFO | MACs             : 557.78 MMac
2026-03-22 23:32:32 | INFO | Parameters       : 11.17 M
2026-03-22 23:32:32 | INFO | ----------------------------------------------------------------------
2026-03-22 23:32:32 | INFO | Per-class accuracy:
2026-03-22 23:32:32 | INFO |   airplane     : 0.9530  (953 / 1000)
2026-03-22 23:32:32 | INFO |   automobile   : 0.9760  (976 / 1000)
2026-03-22 23:32:32 | INFO |   bird         : 0.9040  (904 / 1000)
2026-03-22 23:32:32 | INFO |   cat          : 0.8580  (858 / 1000)
2026-03-22 23:32:32 | INFO |   deer         : 0.9400  (940 / 1000)
2026-03-22 23:32:32 | INFO |   dog          : 0.8740  (874 / 1000)
2026-03-22 23:32:32 | INFO |   frog         : 0.9550  (955 / 1000)
2026-03-22 23:32:32 | INFO |   horse        : 0.9490  (949 / 1000)
2026-03-22 23:32:32 | INFO |   ship         : 0.9520  (952 / 1000)
2026-03-22 23:32:32 | INFO |   truck        : 0.9370  (937 / 1000)
2026-03-22 23:32:32 | INFO | ======================================================================
2026-03-22 23:32:32 | INFO | Confusion matrix saved -> C:\Users\İhsan\Desktop\Development\cs515\aigul_CS515\results\plots\HW2\transfer_modify\transfer_modify_confusion_matrix.png
2026-03-22 23:32:37 | INFO | Collecting embeddings for t-SNE (2000 samples max)...
2026-03-22 23:32:44 | INFO | Running t-SNE on 2000 samples (dim=512)...
2026-03-22 23:32:48 | INFO | t-SNE plot saved -> C:\Users\İhsan\Desktop\Development\cs515\aigul_CS515\results\plots\HW2\transfer_modify\transfer_modify_tsne.png
2026-03-22 23:32:48 | INFO | Run completed successfully.
