2026-03-22 23:32:52 | INFO | Log file         : C:\Users\İhsan\Desktop\Development\cs515\aigul_CS515\results\logs\HW2\resnet_scratch\resnet_scratch_20260322_233252.log
2026-03-22 23:32:52 | INFO | Config snapshot  : C:\Users\İhsan\Desktop\Development\cs515\aigul_CS515\results\logs\HW2\resnet_scratch\resnet_scratch_20260322_233252.config.json
2026-03-22 23:32:52 | INFO | Environment information
2026-03-22 23:32:52 | INFO | Python platform : Windows-10-10.0.26200-SP0
2026-03-22 23:32:52 | INFO | PyTorch version : 2.6.0+cu124
2026-03-22 23:32:52 | INFO | CUDA available  : True
2026-03-22 23:32:52 | INFO | CUDA device count : 1
2026-03-22 23:32:52 | INFO | CUDA device name  : NVIDIA GeForce RTX 4070 Laptop GPU
2026-03-22 23:32:52 | INFO | MPS available   : False
2026-03-22 23:32:52 | INFO | ======================================================================
2026-03-22 23:32:52 | INFO | CS515 HW2 - Transfer Learning & Knowledge Distillation
2026-03-22 23:32:52 | INFO | ======================================================================
2026-03-22 23:32:52 | INFO | Training mode    : scratch
2026-03-22 23:32:52 | INFO | Run mode         : both
2026-03-22 23:32:52 | INFO | Experiment       : resnet_scratch
2026-03-22 23:32:52 | INFO | Seed             : 42
2026-03-22 23:32:52 | INFO | Device           : cuda
2026-03-22 23:32:52 | INFO | Dataset          : cifar10
2026-03-22 23:32:52 | INFO | Num classes      : 10
2026-03-22 23:32:52 | INFO | Epochs           : 100
2026-03-22 23:32:52 | INFO | Batch size       : 128
2026-03-22 23:32:52 | INFO | Learning rate    : 0.001
2026-03-22 23:32:52 | INFO | Optimizer        : adam
2026-03-22 23:32:52 | INFO | Scheduler        : cosine
2026-03-22 23:32:52 | INFO | Weight decay     : 0.0001
2026-03-22 23:32:52 | INFO | Label smoothing  : 0.1
2026-03-22 23:32:52 | INFO | KD temperature   : 4
2026-03-22 23:32:52 | INFO | KD alpha         : 0.5
2026-03-22 23:32:52 | INFO | Teacher ckpt     : N/A
2026-03-22 23:32:52 | INFO | Checkpoint dir   : C:\Users\İhsan\Desktop\Development\cs515\aigul_CS515\results\checkpoints\HW2\resnet_scratch
2026-03-22 23:32:52 | INFO | Log dir          : C:\Users\İhsan\Desktop\Development\cs515\aigul_CS515\results\logs\HW2\resnet_scratch
2026-03-22 23:32:52 | INFO | Trainable params : 11,173,962
2026-03-22 23:32:52 | INFO | ======================================================================
2026-03-22 23:32:52 | INFO | Model:
ResNet(
  (conv1): Conv2d(3, 64, kernel_size=(3, 3), stride=(1, 1), padding=(1, 1), bias=False)
  (bn1): BatchNorm2d(64, eps=1e-05, momentum=0.1, affine=True, track_running_stats=True)
  (relu): ReLU(inplace=True)
  (maxpool): Identity()
  (layer1): Sequential(
    (0): BasicBlock(
      (conv1): Conv2d(64, 64, kernel_size=(3, 3), stride=(1, 1), padding=(1, 1), bias=False)
      (bn1): BatchNorm2d(64, eps=1e-05, momentum=0.1, affine=True, track_running_stats=True)
      (relu): ReLU(inplace=True)
      (conv2): Conv2d(64, 64, kernel_size=(3, 3), stride=(1, 1), padding=(1, 1), bias=False)
      (bn2): BatchNorm2d(64, eps=1e-05, momentum=0.1, affine=True, track_running_stats=True)
    )
    (1): BasicBlock(
      (conv1): Conv2d(64, 64, kernel_size=(3, 3), stride=(1, 1), padding=(1, 1), bias=False)
      (bn1): BatchNorm2d(64, eps=1e-05, momentum=0.1, affine=True, track_running_stats=True)
      (relu): ReLU(inplace=True)
      (conv2): Conv2d(64, 64, kernel_size=(3, 3), stride=(1, 1), padding=(1, 1), bias=False)
      (bn2): BatchNorm2d(64, eps=1e-05, momentum=0.1, affine=True, track_running_stats=True)
    )
  )
  (layer2): Sequential(
    (0): BasicBlock(
      (conv1): Conv2d(64, 128, kernel_size=(3, 3), stride=(2, 2), padding=(1, 1), bias=False)
      (bn1): BatchNorm2d(128, eps=1e-05, momentum=0.1, affine=True, track_running_stats=True)
      (relu): ReLU(inplace=True)
      (conv2): Conv2d(128, 128, kernel_size=(3, 3), stride=(1, 1), padding=(1, 1), bias=False)
      (bn2): BatchNorm2d(128, eps=1e-05, momentum=0.1, affine=True, track_running_stats=True)
      (downsample): Sequential(
        (0): Conv2d(64, 128, kernel_size=(1, 1), stride=(2, 2), bias=False)
        (1): BatchNorm2d(128, eps=1e-05, momentum=0.1, affine=True, track_running_stats=True)
      )
    )
    (1): BasicBlock(
      (conv1): Conv2d(128, 128, kernel_size=(3, 3), stride=(1, 1), padding=(1, 1), bias=False)
      (bn1): BatchNorm2d(128, eps=1e-05, momentum=0.1, affine=True, track_running_stats=True)
      (relu): ReLU(inplace=True)
      (conv2): Conv2d(128, 128, kernel_size=(3, 3), stride=(1, 1), padding=(1, 1), bias=False)
      (bn2): BatchNorm2d(128, eps=1e-05, momentum=0.1, affine=True, track_running_stats=True)
    )
  )
  (layer3): Sequential(
    (0): BasicBlock(
      (conv1): Conv2d(128, 256, kernel_size=(3, 3), stride=(2, 2), padding=(1, 1), bias=False)
      (bn1): BatchNorm2d(256, eps=1e-05, momentum=0.1, affine=True, track_running_stats=True)
      (relu): ReLU(inplace=True)
      (conv2): Conv2d(256, 256, kernel_size=(3, 3), stride=(1, 1), padding=(1, 1), bias=False)
      (bn2): BatchNorm2d(256, eps=1e-05, momentum=0.1, affine=True, track_running_stats=True)
      (downsample): Sequential(
        (0): Conv2d(128, 256, kernel_size=(1, 1), stride=(2, 2), bias=False)
        (1): BatchNorm2d(256, eps=1e-05, momentum=0.1, affine=True, track_running_stats=True)
      )
    )
    (1): BasicBlock(
      (conv1): Conv2d(256, 256, kernel_size=(3, 3), stride=(1, 1), padding=(1, 1), bias=False)
      (bn1): BatchNorm2d(256, eps=1e-05, momentum=0.1, affine=True, track_running_stats=True)
      (relu): ReLU(inplace=True)
      (conv2): Conv2d(256, 256, kernel_size=(3, 3), stride=(1, 1), padding=(1, 1), bias=False)
      (bn2): BatchNorm2d(256, eps=1e-05, momentum=0.1, affine=True, track_running_stats=True)
    )
  )
  (layer4): Sequential(
    (0): BasicBlock(
      (conv1): Conv2d(256, 512, kernel_size=(3, 3), stride=(2, 2), padding=(1, 1), bias=False)
      (bn1): BatchNorm2d(512, eps=1e-05, momentum=0.1, affine=True, track_running_stats=True)
      (relu): ReLU(inplace=True)
      (conv2): Conv2d(512, 512, kernel_size=(3, 3), stride=(1, 1), padding=(1, 1), bias=False)
      (bn2): BatchNorm2d(512, eps=1e-05, momentum=0.1, affine=True, track_running_stats=True)
      (downsample): Sequential(
        (0): Conv2d(256, 512, kernel_size=(1, 1), stride=(2, 2), bias=False)
        (1): BatchNorm2d(512, eps=1e-05, momentum=0.1, affine=True, track_running_stats=True)
      )
    )
    (1): BasicBlock(
      (conv1): Conv2d(512, 512, kernel_size=(3, 3), stride=(1, 1), padding=(1, 1), bias=False)
      (bn1): BatchNorm2d(512, eps=1e-05, momentum=0.1, affine=True, track_running_stats=True)
      (relu): ReLU(inplace=True)
      (conv2): Conv2d(512, 512, kernel_size=(3, 3), stride=(1, 1), padding=(1, 1), bias=False)
      (bn2): BatchNorm2d(512, eps=1e-05, momentum=0.1, affine=True, track_running_stats=True)
    )
  )
  (avgpool): AdaptiveAvgPool2d(output_size=(1, 1))
  (fc): Linear(in_features=512, out_features=10, bias=True)
)
2026-03-22 23:32:52 | INFO | ======================================================================
2026-03-22 23:32:53 | INFO | Starting training | mode=scratch
2026-03-22 23:32:53 | INFO | Train size: 45000 | Val size: 5000
2026-03-22 23:32:53 | INFO | Epoch 1/100
2026-03-22 23:33:03 | INFO |   [Batch   50/352] train_loss=1.8896 | train_acc=0.2992
2026-03-22 23:33:06 | INFO |   [Batch  100/352] train_loss=1.7255 | train_acc=0.3619
2026-03-22 23:33:09 | INFO |   [Batch  150/352] train_loss=1.6364 | train_acc=0.3949
2026-03-22 23:33:12 | INFO |   [Batch  200/352] train_loss=1.5647 | train_acc=0.4217
2026-03-22 23:33:15 | INFO |   [Batch  250/352] train_loss=1.5003 | train_acc=0.4476
2026-03-22 23:33:18 | INFO |   [Batch  300/352] train_loss=1.4551 | train_acc=0.4646
2026-03-22 23:33:21 | INFO |   [Batch  350/352] train_loss=1.4078 | train_acc=0.4821
2026-03-22 23:33:29 | INFO |   Train | loss=1.4066 acc=0.4828 | Val | loss=1.2472 acc=0.5568 | lr=0.001000
2026-03-22 23:33:29 | INFO |   Saved best model → C:\Users\İhsan\Desktop\Development\cs515\aigul_CS515\results\checkpoints\HW2\resnet_scratch\resnet_scratch_best_model.pt (val_loss=1.2472)
2026-03-22 23:33:29 | INFO | Epoch 2/100
2026-03-22 23:33:39 | INFO |   [Batch   50/352] train_loss=1.0706 | train_acc=0.6208
2026-03-22 23:33:42 | INFO |   [Batch  100/352] train_loss=1.0429 | train_acc=0.6277
2026-03-22 23:33:45 | INFO |   [Batch  150/352] train_loss=1.0294 | train_acc=0.6322
2026-03-22 23:33:48 | INFO |   [Batch  200/352] train_loss=1.0036 | train_acc=0.6421
2026-03-22 23:33:51 | INFO |   [Batch  250/352] train_loss=0.9903 | train_acc=0.6465
2026-03-22 23:33:53 | INFO |   [Batch  300/352] train_loss=0.9697 | train_acc=0.6541
2026-03-22 23:33:56 | INFO |   [Batch  350/352] train_loss=0.9546 | train_acc=0.6600
2026-03-22 23:34:05 | INFO |   Train | loss=0.9540 acc=0.6602 | Val | loss=0.9070 acc=0.6864 | lr=0.000999
2026-03-22 23:34:05 | INFO |   Saved best model → C:\Users\İhsan\Desktop\Development\cs515\aigul_CS515\results\checkpoints\HW2\resnet_scratch\resnet_scratch_best_model.pt (val_loss=0.9070)
2026-03-22 23:34:05 | INFO | Epoch 3/100
2026-03-22 23:34:15 | INFO |   [Batch   50/352] train_loss=0.8219 | train_acc=0.7181
2026-03-22 23:34:18 | INFO |   [Batch  100/352] train_loss=0.8038 | train_acc=0.7234
2026-03-22 23:34:21 | INFO |   [Batch  150/352] train_loss=0.7994 | train_acc=0.7230
2026-03-22 23:34:23 | INFO |   [Batch  200/352] train_loss=0.7878 | train_acc=0.7286
2026-03-22 23:34:26 | INFO |   [Batch  250/352] train_loss=0.7743 | train_acc=0.7330
2026-03-22 23:34:29 | INFO |   [Batch  300/352] train_loss=0.7629 | train_acc=0.7358
2026-03-22 23:34:32 | INFO |   [Batch  350/352] train_loss=0.7536 | train_acc=0.7386
2026-03-22 23:34:41 | INFO |   Train | loss=0.7530 acc=0.7388 | Val | loss=0.8137 acc=0.7208 | lr=0.000998
2026-03-22 23:34:41 | INFO |   Saved best model → C:\Users\İhsan\Desktop\Development\cs515\aigul_CS515\results\checkpoints\HW2\resnet_scratch\resnet_scratch_best_model.pt (val_loss=0.8137)
2026-03-22 23:34:41 | INFO | Epoch 4/100
2026-03-22 23:34:51 | INFO |   [Batch   50/352] train_loss=0.6708 | train_acc=0.7653
2026-03-22 23:34:53 | INFO |   [Batch  100/352] train_loss=0.6838 | train_acc=0.7605
2026-03-22 23:34:56 | INFO |   [Batch  150/352] train_loss=0.6742 | train_acc=0.7631
2026-03-22 23:34:59 | INFO |   [Batch  200/352] train_loss=0.6662 | train_acc=0.7673
2026-03-22 23:35:02 | INFO |   [Batch  250/352] train_loss=0.6599 | train_acc=0.7692
2026-03-22 23:35:05 | INFO |   [Batch  300/352] train_loss=0.6508 | train_acc=0.7731
2026-03-22 23:35:08 | INFO |   [Batch  350/352] train_loss=0.6438 | train_acc=0.7765
2026-03-22 23:35:17 | INFO |   Train | loss=0.6433 acc=0.7767 | Val | loss=0.6671 acc=0.7696 | lr=0.000996
2026-03-22 23:35:17 | INFO |   Saved best model → C:\Users\İhsan\Desktop\Development\cs515\aigul_CS515\results\checkpoints\HW2\resnet_scratch\resnet_scratch_best_model.pt (val_loss=0.6671)
2026-03-22 23:35:17 | INFO | Epoch 5/100
2026-03-22 23:35:26 | INFO |   [Batch   50/352] train_loss=0.5888 | train_acc=0.7931
2026-03-22 23:35:29 | INFO |   [Batch  100/352] train_loss=0.5905 | train_acc=0.7943
2026-03-22 23:35:32 | INFO |   [Batch  150/352] train_loss=0.5871 | train_acc=0.7954
2026-03-22 23:35:35 | INFO |   [Batch  200/352] train_loss=0.5789 | train_acc=0.7992
2026-03-22 23:35:38 | INFO |   [Batch  250/352] train_loss=0.5741 | train_acc=0.8007
2026-03-22 23:35:41 | INFO |   [Batch  300/352] train_loss=0.5736 | train_acc=0.8011
2026-03-22 23:35:44 | INFO |   [Batch  350/352] train_loss=0.5723 | train_acc=0.8027
2026-03-22 23:35:52 | INFO |   Train | loss=0.5723 acc=0.8026 | Val | loss=0.5243 acc=0.8206 | lr=0.000994
2026-03-22 23:35:52 | INFO |   Saved best model → C:\Users\İhsan\Desktop\Development\cs515\aigul_CS515\results\checkpoints\HW2\resnet_scratch\resnet_scratch_best_model.pt (val_loss=0.5243)
2026-03-22 23:35:52 | INFO | Epoch 6/100
2026-03-22 23:36:03 | INFO |   [Batch   50/352] train_loss=0.5128 | train_acc=0.8245
2026-03-22 23:36:05 | INFO |   [Batch  100/352] train_loss=0.5166 | train_acc=0.8256
2026-03-22 23:36:08 | INFO |   [Batch  150/352] train_loss=0.5171 | train_acc=0.8246
2026-03-22 23:36:11 | INFO |   [Batch  200/352] train_loss=0.5120 | train_acc=0.8267
2026-03-22 23:36:14 | INFO |   [Batch  250/352] train_loss=0.5114 | train_acc=0.8271
2026-03-22 23:36:17 | INFO |   [Batch  300/352] train_loss=0.5130 | train_acc=0.8266
2026-03-22 23:36:20 | INFO |   [Batch  350/352] train_loss=0.5153 | train_acc=0.8256
2026-03-22 23:36:28 | INFO |   Train | loss=0.5153 acc=0.8256 | Val | loss=0.5777 acc=0.7998 | lr=0.000991
2026-03-22 23:36:28 | INFO |   No improvement. Patience counter: 1/15
2026-03-22 23:36:28 | INFO | Epoch 7/100
2026-03-22 23:36:38 | INFO |   [Batch   50/352] train_loss=0.4551 | train_acc=0.8439
2026-03-22 23:36:41 | INFO |   [Batch  100/352] train_loss=0.4687 | train_acc=0.8394
2026-03-22 23:36:44 | INFO |   [Batch  150/352] train_loss=0.4761 | train_acc=0.8363
2026-03-22 23:36:47 | INFO |   [Batch  200/352] train_loss=0.4737 | train_acc=0.8366
2026-03-22 23:36:49 | INFO |   [Batch  250/352] train_loss=0.4731 | train_acc=0.8381
2026-03-22 23:36:52 | INFO |   [Batch  300/352] train_loss=0.4752 | train_acc=0.8370
2026-03-22 23:36:55 | INFO |   [Batch  350/352] train_loss=0.4763 | train_acc=0.8365
2026-03-22 23:37:04 | INFO |   Train | loss=0.4760 acc=0.8367 | Val | loss=0.5476 acc=0.8174 | lr=0.000988
2026-03-22 23:37:04 | INFO |   No improvement. Patience counter: 2/15
2026-03-22 23:37:04 | INFO | Epoch 8/100
2026-03-22 23:37:14 | INFO |   [Batch   50/352] train_loss=0.4299 | train_acc=0.8566
2026-03-22 23:37:17 | INFO |   [Batch  100/352] train_loss=0.4300 | train_acc=0.8559
2026-03-22 23:37:19 | INFO |   [Batch  150/352] train_loss=0.4379 | train_acc=0.8539
2026-03-22 23:37:22 | INFO |   [Batch  200/352] train_loss=0.4396 | train_acc=0.8520
2026-03-22 23:37:25 | INFO |   [Batch  250/352] train_loss=0.4357 | train_acc=0.8535
2026-03-22 23:37:28 | INFO |   [Batch  300/352] train_loss=0.4356 | train_acc=0.8526
2026-03-22 23:37:31 | INFO |   [Batch  350/352] train_loss=0.4351 | train_acc=0.8528
2026-03-22 23:37:40 | INFO |   Train | loss=0.4352 acc=0.8527 | Val | loss=0.5515 acc=0.8208 | lr=0.000984
2026-03-22 23:37:40 | INFO |   No improvement. Patience counter: 3/15
2026-03-22 23:37:40 | INFO | Epoch 9/100
2026-03-22 23:37:50 | INFO |   [Batch   50/352] train_loss=0.3771 | train_acc=0.8727
2026-03-22 23:37:53 | INFO |   [Batch  100/352] train_loss=0.3864 | train_acc=0.8670
2026-03-22 23:37:55 | INFO |   [Batch  150/352] train_loss=0.3898 | train_acc=0.8654
2026-03-22 23:37:58 | INFO |   [Batch  200/352] train_loss=0.3977 | train_acc=0.8627
2026-03-22 23:38:01 | INFO |   [Batch  250/352] train_loss=0.4041 | train_acc=0.8606
2026-03-22 23:38:04 | INFO |   [Batch  300/352] train_loss=0.4046 | train_acc=0.8607
2026-03-22 23:38:07 | INFO |   [Batch  350/352] train_loss=0.4036 | train_acc=0.8611
2026-03-22 23:38:15 | INFO |   Train | loss=0.4036 acc=0.8610 | Val | loss=0.5950 acc=0.7992 | lr=0.000980
2026-03-22 23:38:15 | INFO |   No improvement. Patience counter: 4/15
2026-03-22 23:38:15 | INFO | Epoch 10/100
2026-03-22 23:38:25 | INFO |   [Batch   50/352] train_loss=0.3858 | train_acc=0.8691
2026-03-22 23:38:28 | INFO |   [Batch  100/352] train_loss=0.3777 | train_acc=0.8705
2026-03-22 23:38:31 | INFO |   [Batch  150/352] train_loss=0.3752 | train_acc=0.8704
2026-03-22 23:38:34 | INFO |   [Batch  200/352] train_loss=0.3798 | train_acc=0.8687
2026-03-22 23:38:37 | INFO |   [Batch  250/352] train_loss=0.3765 | train_acc=0.8700
2026-03-22 23:38:40 | INFO |   [Batch  300/352] train_loss=0.3783 | train_acc=0.8700
2026-03-22 23:38:43 | INFO |   [Batch  350/352] train_loss=0.3801 | train_acc=0.8696
2026-03-22 23:38:51 | INFO |   Train | loss=0.3804 acc=0.8696 | Val | loss=0.5639 acc=0.8142 | lr=0.000976
2026-03-22 23:38:51 | INFO |   No improvement. Patience counter: 5/15
2026-03-22 23:38:51 | INFO | Epoch 11/100
2026-03-22 23:39:01 | INFO |   [Batch   50/352] train_loss=0.3418 | train_acc=0.8800
2026-03-22 23:39:04 | INFO |   [Batch  100/352] train_loss=0.3542 | train_acc=0.8772
2026-03-22 23:39:07 | INFO |   [Batch  150/352] train_loss=0.3540 | train_acc=0.8776
2026-03-22 23:39:10 | INFO |   [Batch  200/352] train_loss=0.3555 | train_acc=0.8776
2026-03-22 23:39:12 | INFO |   [Batch  250/352] train_loss=0.3559 | train_acc=0.8774
2026-03-22 23:39:15 | INFO |   [Batch  300/352] train_loss=0.3537 | train_acc=0.8783
2026-03-22 23:39:18 | INFO |   [Batch  350/352] train_loss=0.3553 | train_acc=0.8780
2026-03-22 23:39:27 | INFO |   Train | loss=0.3556 acc=0.8781 | Val | loss=0.5553 acc=0.8264 | lr=0.000970
2026-03-22 23:39:27 | INFO |   No improvement. Patience counter: 6/15
2026-03-22 23:39:27 | INFO | Epoch 12/100
2026-03-22 23:39:36 | INFO |   [Batch   50/352] train_loss=0.3316 | train_acc=0.8853
2026-03-22 23:39:39 | INFO |   [Batch  100/352] train_loss=0.3350 | train_acc=0.8841
2026-03-22 23:39:42 | INFO |   [Batch  150/352] train_loss=0.3297 | train_acc=0.8874
2026-03-22 23:39:45 | INFO |   [Batch  200/352] train_loss=0.3313 | train_acc=0.8872
2026-03-22 23:39:48 | INFO |   [Batch  250/352] train_loss=0.3352 | train_acc=0.8858
2026-03-22 23:39:51 | INFO |   [Batch  300/352] train_loss=0.3355 | train_acc=0.8859
2026-03-22 23:39:54 | INFO |   [Batch  350/352] train_loss=0.3373 | train_acc=0.8852
2026-03-22 23:40:02 | INFO |   Train | loss=0.3375 acc=0.8852 | Val | loss=0.5185 acc=0.8412 | lr=0.000965
2026-03-22 23:40:02 | INFO |   Saved best model → C:\Users\İhsan\Desktop\Development\cs515\aigul_CS515\results\checkpoints\HW2\resnet_scratch\resnet_scratch_best_model.pt (val_loss=0.5185)
2026-03-22 23:40:02 | INFO | Epoch 13/100
2026-03-22 23:40:12 | INFO |   [Batch   50/352] train_loss=0.2916 | train_acc=0.9016
2026-03-22 23:40:15 | INFO |   [Batch  100/352] train_loss=0.2941 | train_acc=0.9006
2026-03-22 23:40:18 | INFO |   [Batch  150/352] train_loss=0.3004 | train_acc=0.8982
2026-03-22 23:40:21 | INFO |   [Batch  200/352] train_loss=0.3041 | train_acc=0.8967
2026-03-22 23:40:24 | INFO |   [Batch  250/352] train_loss=0.3074 | train_acc=0.8951
2026-03-22 23:40:27 | INFO |   [Batch  300/352] train_loss=0.3132 | train_acc=0.8927
2026-03-22 23:40:29 | INFO |   [Batch  350/352] train_loss=0.3156 | train_acc=0.8919
2026-03-22 23:40:38 | INFO |   Train | loss=0.3153 acc=0.8920 | Val | loss=0.5855 acc=0.8168 | lr=0.000959
2026-03-22 23:40:38 | INFO |   No improvement. Patience counter: 1/15
2026-03-22 23:40:38 | INFO | Epoch 14/100
2026-03-22 23:40:47 | INFO |   [Batch   50/352] train_loss=0.2825 | train_acc=0.9005
2026-03-22 23:40:50 | INFO |   [Batch  100/352] train_loss=0.2810 | train_acc=0.9024
2026-03-22 23:40:53 | INFO |   [Batch  150/352] train_loss=0.2903 | train_acc=0.8987
2026-03-22 23:40:56 | INFO |   [Batch  200/352] train_loss=0.2992 | train_acc=0.8966
2026-03-22 23:40:59 | INFO |   [Batch  250/352] train_loss=0.2961 | train_acc=0.8975
2026-03-22 23:41:02 | INFO |   [Batch  300/352] train_loss=0.2987 | train_acc=0.8956
2026-03-22 23:41:05 | INFO |   [Batch  350/352] train_loss=0.2975 | train_acc=0.8960
2026-03-22 23:41:13 | INFO |   Train | loss=0.2979 acc=0.8959 | Val | loss=0.4266 acc=0.8608 | lr=0.000952
2026-03-22 23:41:13 | INFO |   Saved best model → C:\Users\İhsan\Desktop\Development\cs515\aigul_CS515\results\checkpoints\HW2\resnet_scratch\resnet_scratch_best_model.pt (val_loss=0.4266)
2026-03-22 23:41:13 | INFO | Epoch 15/100
2026-03-22 23:41:23 | INFO |   [Batch   50/352] train_loss=0.2901 | train_acc=0.8983
2026-03-22 23:41:26 | INFO |   [Batch  100/352] train_loss=0.2907 | train_acc=0.8998
2026-03-22 23:41:29 | INFO |   [Batch  150/352] train_loss=0.2817 | train_acc=0.9027
2026-03-22 23:41:32 | INFO |   [Batch  200/352] train_loss=0.2876 | train_acc=0.9004
2026-03-22 23:41:35 | INFO |   [Batch  250/352] train_loss=0.2861 | train_acc=0.9013
2026-03-22 23:41:37 | INFO |   [Batch  300/352] train_loss=0.2861 | train_acc=0.9014
2026-03-22 23:41:40 | INFO |   [Batch  350/352] train_loss=0.2878 | train_acc=0.9011
2026-03-22 23:41:49 | INFO |   Train | loss=0.2882 acc=0.9010 | Val | loss=0.4026 acc=0.8626 | lr=0.000946
2026-03-22 23:41:49 | INFO |   Saved best model → C:\Users\İhsan\Desktop\Development\cs515\aigul_CS515\results\checkpoints\HW2\resnet_scratch\resnet_scratch_best_model.pt (val_loss=0.4026)
2026-03-22 23:41:49 | INFO | Epoch 16/100
2026-03-22 23:41:59 | INFO |   [Batch   50/352] train_loss=0.2655 | train_acc=0.9098
2026-03-22 23:42:02 | INFO |   [Batch  100/352] train_loss=0.2625 | train_acc=0.9115
2026-03-22 23:42:05 | INFO |   [Batch  150/352] train_loss=0.2664 | train_acc=0.9096
2026-03-22 23:42:08 | INFO |   [Batch  200/352] train_loss=0.2708 | train_acc=0.9077
2026-03-22 23:42:11 | INFO |   [Batch  250/352] train_loss=0.2719 | train_acc=0.9065
2026-03-22 23:42:13 | INFO |   [Batch  300/352] train_loss=0.2701 | train_acc=0.9078
2026-03-22 23:42:16 | INFO |   [Batch  350/352] train_loss=0.2715 | train_acc=0.9072
2026-03-22 23:42:25 | INFO |   Train | loss=0.2713 acc=0.9074 | Val | loss=0.4536 acc=0.8504 | lr=0.000938
2026-03-22 23:42:25 | INFO |   No improvement. Patience counter: 1/15
2026-03-22 23:42:25 | INFO | Epoch 17/100
2026-03-22 23:42:35 | INFO |   [Batch   50/352] train_loss=0.2454 | train_acc=0.9183
2026-03-22 23:42:38 | INFO |   [Batch  100/352] train_loss=0.2497 | train_acc=0.9148
2026-03-22 23:42:41 | INFO |   [Batch  150/352] train_loss=0.2512 | train_acc=0.9140
2026-03-22 23:42:44 | INFO |   [Batch  200/352] train_loss=0.2568 | train_acc=0.9122
2026-03-22 23:42:47 | INFO |   [Batch  250/352] train_loss=0.2564 | train_acc=0.9118
2026-03-22 23:42:49 | INFO |   [Batch  300/352] train_loss=0.2577 | train_acc=0.9113
2026-03-22 23:42:52 | INFO |   [Batch  350/352] train_loss=0.2604 | train_acc=0.9106
2026-03-22 23:43:01 | INFO |   Train | loss=0.2602 acc=0.9108 | Val | loss=0.4265 acc=0.8648 | lr=0.000930
2026-03-22 23:43:01 | INFO |   No improvement. Patience counter: 2/15
2026-03-22 23:43:01 | INFO | Epoch 18/100
2026-03-22 23:43:11 | INFO |   [Batch   50/352] train_loss=0.2344 | train_acc=0.9248
2026-03-22 23:43:14 | INFO |   [Batch  100/352] train_loss=0.2322 | train_acc=0.9234
2026-03-22 23:43:17 | INFO |   [Batch  150/352] train_loss=0.2373 | train_acc=0.9203
2026-03-22 23:43:20 | INFO |   [Batch  200/352] train_loss=0.2398 | train_acc=0.9185
2026-03-22 23:43:23 | INFO |   [Batch  250/352] train_loss=0.2413 | train_acc=0.9181
2026-03-22 23:43:25 | INFO |   [Batch  300/352] train_loss=0.2416 | train_acc=0.9177
2026-03-22 23:43:28 | INFO |   [Batch  350/352] train_loss=0.2420 | train_acc=0.9177
2026-03-22 23:43:37 | INFO |   Train | loss=0.2421 acc=0.9176 | Val | loss=0.3574 acc=0.8854 | lr=0.000922
2026-03-22 23:43:37 | INFO |   Saved best model → C:\Users\İhsan\Desktop\Development\cs515\aigul_CS515\results\checkpoints\HW2\resnet_scratch\resnet_scratch_best_model.pt (val_loss=0.3574)
2026-03-22 23:43:37 | INFO | Epoch 19/100
2026-03-22 23:43:47 | INFO |   [Batch   50/352] train_loss=0.2351 | train_acc=0.9195
2026-03-22 23:43:49 | INFO |   [Batch  100/352] train_loss=0.2336 | train_acc=0.9219
2026-03-22 23:43:52 | INFO |   [Batch  150/352] train_loss=0.2309 | train_acc=0.9218
2026-03-22 23:43:55 | INFO |   [Batch  200/352] train_loss=0.2301 | train_acc=0.9215
2026-03-22 23:43:58 | INFO |   [Batch  250/352] train_loss=0.2319 | train_acc=0.9215
2026-03-22 23:44:01 | INFO |   [Batch  300/352] train_loss=0.2326 | train_acc=0.9213
2026-03-22 23:44:04 | INFO |   [Batch  350/352] train_loss=0.2342 | train_acc=0.9201
2026-03-22 23:44:13 | INFO |   Train | loss=0.2345 acc=0.9200 | Val | loss=0.3909 acc=0.8760 | lr=0.000914
2026-03-22 23:44:13 | INFO |   No improvement. Patience counter: 1/15
2026-03-22 23:44:13 | INFO | Epoch 20/100
2026-03-22 23:44:22 | INFO |   [Batch   50/352] train_loss=0.2126 | train_acc=0.9261
2026-03-22 23:44:25 | INFO |   [Batch  100/352] train_loss=0.2098 | train_acc=0.9307
2026-03-22 23:44:28 | INFO |   [Batch  150/352] train_loss=0.2117 | train_acc=0.9287
2026-03-22 23:44:31 | INFO |   [Batch  200/352] train_loss=0.2189 | train_acc=0.9254
2026-03-22 23:44:34 | INFO |   [Batch  250/352] train_loss=0.2229 | train_acc=0.9236
2026-03-22 23:44:37 | INFO |   [Batch  300/352] train_loss=0.2230 | train_acc=0.9234
2026-03-22 23:44:39 | INFO |   [Batch  350/352] train_loss=0.2251 | train_acc=0.9224
2026-03-22 23:44:48 | INFO |   Train | loss=0.2252 acc=0.9224 | Val | loss=0.3825 acc=0.8774 | lr=0.000905
2026-03-22 23:44:48 | INFO |   No improvement. Patience counter: 2/15
2026-03-22 23:44:48 | INFO | Epoch 21/100
2026-03-22 23:44:58 | INFO |   [Batch   50/352] train_loss=0.2009 | train_acc=0.9331
2026-03-22 23:45:00 | INFO |   [Batch  100/352] train_loss=0.2111 | train_acc=0.9292
2026-03-22 23:45:03 | INFO |   [Batch  150/352] train_loss=0.2108 | train_acc=0.9287
2026-03-22 23:45:06 | INFO |   [Batch  200/352] train_loss=0.2094 | train_acc=0.9291
2026-03-22 23:45:09 | INFO |   [Batch  250/352] train_loss=0.2129 | train_acc=0.9276
2026-03-22 23:45:12 | INFO |   [Batch  300/352] train_loss=0.2126 | train_acc=0.9283
2026-03-22 23:45:15 | INFO |   [Batch  350/352] train_loss=0.2162 | train_acc=0.9269
2026-03-22 23:45:24 | INFO |   Train | loss=0.2160 acc=0.9269 | Val | loss=0.4013 acc=0.8750 | lr=0.000895
2026-03-22 23:45:24 | INFO |   No improvement. Patience counter: 3/15
2026-03-22 23:45:24 | INFO | Epoch 22/100
2026-03-22 23:45:33 | INFO |   [Batch   50/352] train_loss=0.1832 | train_acc=0.9359
2026-03-22 23:45:36 | INFO |   [Batch  100/352] train_loss=0.1860 | train_acc=0.9352
2026-03-22 23:45:39 | INFO |   [Batch  150/352] train_loss=0.1920 | train_acc=0.9329
2026-03-22 23:45:42 | INFO |   [Batch  200/352] train_loss=0.1964 | train_acc=0.9321
2026-03-22 23:45:45 | INFO |   [Batch  250/352] train_loss=0.2016 | train_acc=0.9299
2026-03-22 23:45:48 | INFO |   [Batch  300/352] train_loss=0.2040 | train_acc=0.9290
2026-03-22 23:45:51 | INFO |   [Batch  350/352] train_loss=0.2041 | train_acc=0.9290
2026-03-22 23:45:59 | INFO |   Train | loss=0.2041 acc=0.9289 | Val | loss=0.3338 acc=0.8936 | lr=0.000885
2026-03-22 23:45:59 | INFO |   Saved best model → C:\Users\İhsan\Desktop\Development\cs515\aigul_CS515\results\checkpoints\HW2\resnet_scratch\resnet_scratch_best_model.pt (val_loss=0.3338)
2026-03-22 23:45:59 | INFO | Epoch 23/100
2026-03-22 23:46:09 | INFO |   [Batch   50/352] train_loss=0.1726 | train_acc=0.9373
2026-03-22 23:46:12 | INFO |   [Batch  100/352] train_loss=0.1813 | train_acc=0.9358
2026-03-22 23:46:15 | INFO |   [Batch  150/352] train_loss=0.1891 | train_acc=0.9331
2026-03-22 23:46:18 | INFO |   [Batch  200/352] train_loss=0.1941 | train_acc=0.9325
2026-03-22 23:46:21 | INFO |   [Batch  250/352] train_loss=0.2007 | train_acc=0.9300
2026-03-22 23:46:24 | INFO |   [Batch  300/352] train_loss=0.2036 | train_acc=0.9292
2026-03-22 23:46:26 | INFO |   [Batch  350/352] train_loss=0.2030 | train_acc=0.9292
2026-03-22 23:46:35 | INFO |   Train | loss=0.2030 acc=0.9292 | Val | loss=0.3510 acc=0.8922 | lr=0.000875
2026-03-22 23:46:35 | INFO |   No improvement. Patience counter: 1/15
2026-03-22 23:46:35 | INFO | Epoch 24/100
2026-03-22 23:46:45 | INFO |   [Batch   50/352] train_loss=0.1692 | train_acc=0.9402
2026-03-22 23:46:48 | INFO |   [Batch  100/352] train_loss=0.1768 | train_acc=0.9381
2026-03-22 23:46:51 | INFO |   [Batch  150/352] train_loss=0.1842 | train_acc=0.9356
2026-03-22 23:46:54 | INFO |   [Batch  200/352] train_loss=0.1848 | train_acc=0.9359
2026-03-22 23:46:56 | INFO |   [Batch  250/352] train_loss=0.1886 | train_acc=0.9345
2026-03-22 23:46:59 | INFO |   [Batch  300/352] train_loss=0.1879 | train_acc=0.9340
2026-03-22 23:47:02 | INFO |   [Batch  350/352] train_loss=0.1917 | train_acc=0.9329
2026-03-22 23:47:11 | INFO |   Train | loss=0.1922 acc=0.9327 | Val | loss=0.3207 acc=0.8942 | lr=0.000865
2026-03-22 23:47:11 | INFO |   Saved best model → C:\Users\İhsan\Desktop\Development\cs515\aigul_CS515\results\checkpoints\HW2\resnet_scratch\resnet_scratch_best_model.pt (val_loss=0.3207)
2026-03-22 23:47:11 | INFO | Epoch 25/100
2026-03-22 23:47:21 | INFO |   [Batch   50/352] train_loss=0.1776 | train_acc=0.9344
2026-03-22 23:47:24 | INFO |   [Batch  100/352] train_loss=0.1761 | train_acc=0.9384
2026-03-22 23:47:27 | INFO |   [Batch  150/352] train_loss=0.1739 | train_acc=0.9386
2026-03-22 23:47:30 | INFO |   [Batch  200/352] train_loss=0.1815 | train_acc=0.9364
2026-03-22 23:47:33 | INFO |   [Batch  250/352] train_loss=0.1833 | train_acc=0.9364
2026-03-22 23:47:36 | INFO |   [Batch  300/352] train_loss=0.1833 | train_acc=0.9364
2026-03-22 23:47:38 | INFO |   [Batch  350/352] train_loss=0.1825 | train_acc=0.9369
2026-03-22 23:47:47 | INFO |   Train | loss=0.1829 acc=0.9368 | Val | loss=0.3187 acc=0.8962 | lr=0.000854
2026-03-22 23:47:47 | INFO |   Saved best model → C:\Users\İhsan\Desktop\Development\cs515\aigul_CS515\results\checkpoints\HW2\resnet_scratch\resnet_scratch_best_model.pt (val_loss=0.3187)
2026-03-22 23:47:47 | INFO | Epoch 26/100
2026-03-22 23:47:57 | INFO |   [Batch   50/352] train_loss=0.1641 | train_acc=0.9431
2026-03-22 23:48:00 | INFO |   [Batch  100/352] train_loss=0.1572 | train_acc=0.9463
2026-03-22 23:48:02 | INFO |   [Batch  150/352] train_loss=0.1664 | train_acc=0.9427
2026-03-22 23:48:05 | INFO |   [Batch  200/352] train_loss=0.1705 | train_acc=0.9414
2026-03-22 23:48:08 | INFO |   [Batch  250/352] train_loss=0.1707 | train_acc=0.9411
2026-03-22 23:48:11 | INFO |   [Batch  300/352] train_loss=0.1703 | train_acc=0.9413
2026-03-22 23:48:14 | INFO |   [Batch  350/352] train_loss=0.1707 | train_acc=0.9408
2026-03-22 23:48:23 | INFO |   Train | loss=0.1708 acc=0.9408 | Val | loss=0.3649 acc=0.8826 | lr=0.000842
2026-03-22 23:48:23 | INFO |   No improvement. Patience counter: 1/15
2026-03-22 23:48:23 | INFO | Epoch 27/100
2026-03-22 23:48:32 | INFO |   [Batch   50/352] train_loss=0.1697 | train_acc=0.9416
2026-03-22 23:48:35 | INFO |   [Batch  100/352] train_loss=0.1638 | train_acc=0.9429
2026-03-22 23:48:38 | INFO |   [Batch  150/352] train_loss=0.1623 | train_acc=0.9432
2026-03-22 23:48:41 | INFO |   [Batch  200/352] train_loss=0.1630 | train_acc=0.9435
2026-03-22 23:48:44 | INFO |   [Batch  250/352] train_loss=0.1634 | train_acc=0.9433
2026-03-22 23:48:47 | INFO |   [Batch  300/352] train_loss=0.1633 | train_acc=0.9436
2026-03-22 23:48:50 | INFO |   [Batch  350/352] train_loss=0.1663 | train_acc=0.9429
2026-03-22 23:48:58 | INFO |   Train | loss=0.1664 acc=0.9429 | Val | loss=0.3687 acc=0.8942 | lr=0.000831
2026-03-22 23:48:58 | INFO |   No improvement. Patience counter: 2/15
2026-03-22 23:48:58 | INFO | Epoch 28/100
2026-03-22 23:49:08 | INFO |   [Batch   50/352] train_loss=0.1417 | train_acc=0.9550
2026-03-22 23:49:11 | INFO |   [Batch  100/352] train_loss=0.1477 | train_acc=0.9512
2026-03-22 23:49:14 | INFO |   [Batch  150/352] train_loss=0.1496 | train_acc=0.9492
2026-03-22 23:49:17 | INFO |   [Batch  200/352] train_loss=0.1506 | train_acc=0.9497
2026-03-22 23:49:20 | INFO |   [Batch  250/352] train_loss=0.1515 | train_acc=0.9490
2026-03-22 23:49:23 | INFO |   [Batch  300/352] train_loss=0.1538 | train_acc=0.9476
2026-03-22 23:49:26 | INFO |   [Batch  350/352] train_loss=0.1566 | train_acc=0.9465
2026-03-22 23:49:34 | INFO |   Train | loss=0.1568 acc=0.9464 | Val | loss=0.4104 acc=0.8792 | lr=0.000819
2026-03-22 23:49:34 | INFO |   No improvement. Patience counter: 3/15
2026-03-22 23:49:34 | INFO | Epoch 29/100
2026-03-22 23:49:44 | INFO |   [Batch   50/352] train_loss=0.1434 | train_acc=0.9498
2026-03-22 23:49:47 | INFO |   [Batch  100/352] train_loss=0.1526 | train_acc=0.9470
2026-03-22 23:49:50 | INFO |   [Batch  150/352] train_loss=0.1492 | train_acc=0.9488
2026-03-22 23:49:53 | INFO |   [Batch  200/352] train_loss=0.1521 | train_acc=0.9481
2026-03-22 23:49:56 | INFO |   [Batch  250/352] train_loss=0.1529 | train_acc=0.9475
2026-03-22 23:49:58 | INFO |   [Batch  300/352] train_loss=0.1547 | train_acc=0.9473
2026-03-22 23:50:01 | INFO |   [Batch  350/352] train_loss=0.1553 | train_acc=0.9465
2026-03-22 23:50:10 | INFO |   Train | loss=0.1556 acc=0.9465 | Val | loss=0.3530 acc=0.8994 | lr=0.000807
2026-03-22 23:50:10 | INFO |   No improvement. Patience counter: 4/15
2026-03-22 23:50:10 | INFO | Epoch 30/100
2026-03-22 23:50:20 | INFO |   [Batch   50/352] train_loss=0.1340 | train_acc=0.9541
2026-03-22 23:50:22 | INFO |   [Batch  100/352] train_loss=0.1405 | train_acc=0.9513
2026-03-22 23:50:25 | INFO |   [Batch  150/352] train_loss=0.1450 | train_acc=0.9501
2026-03-22 23:50:28 | INFO |   [Batch  200/352] train_loss=0.1428 | train_acc=0.9509
2026-03-22 23:50:31 | INFO |   [Batch  250/352] train_loss=0.1416 | train_acc=0.9515
2026-03-22 23:50:34 | INFO |   [Batch  300/352] train_loss=0.1423 | train_acc=0.9515
2026-03-22 23:50:37 | INFO |   [Batch  350/352] train_loss=0.1443 | train_acc=0.9510
2026-03-22 23:50:45 | INFO |   Train | loss=0.1441 acc=0.9512 | Val | loss=0.3322 acc=0.9014 | lr=0.000794
2026-03-22 23:50:45 | INFO |   No improvement. Patience counter: 5/15
2026-03-22 23:50:45 | INFO | Epoch 31/100
2026-03-22 23:50:55 | INFO |   [Batch   50/352] train_loss=0.1319 | train_acc=0.9537
2026-03-22 23:50:58 | INFO |   [Batch  100/352] train_loss=0.1385 | train_acc=0.9521
2026-03-22 23:51:01 | INFO |   [Batch  150/352] train_loss=0.1357 | train_acc=0.9537
2026-03-22 23:51:04 | INFO |   [Batch  200/352] train_loss=0.1346 | train_acc=0.9539
2026-03-22 23:51:07 | INFO |   [Batch  250/352] train_loss=0.1403 | train_acc=0.9517
2026-03-22 23:51:10 | INFO |   [Batch  300/352] train_loss=0.1428 | train_acc=0.9510
2026-03-22 23:51:13 | INFO |   [Batch  350/352] train_loss=0.1441 | train_acc=0.9504
2026-03-22 23:51:21 | INFO |   Train | loss=0.1442 acc=0.9504 | Val | loss=0.4002 acc=0.8838 | lr=0.000781
2026-03-22 23:51:21 | INFO |   No improvement. Patience counter: 6/15
2026-03-22 23:51:21 | INFO | Epoch 32/100
2026-03-22 23:51:31 | INFO |   [Batch   50/352] train_loss=0.1270 | train_acc=0.9561
2026-03-22 23:51:34 | INFO |   [Batch  100/352] train_loss=0.1294 | train_acc=0.9545
2026-03-22 23:51:37 | INFO |   [Batch  150/352] train_loss=0.1350 | train_acc=0.9523
2026-03-22 23:51:39 | INFO |   [Batch  200/352] train_loss=0.1354 | train_acc=0.9525
2026-03-22 23:51:42 | INFO |   [Batch  250/352] train_loss=0.1349 | train_acc=0.9533
2026-03-22 23:51:45 | INFO |   [Batch  300/352] train_loss=0.1367 | train_acc=0.9525
2026-03-22 23:51:48 | INFO |   [Batch  350/352] train_loss=0.1355 | train_acc=0.9526
2026-03-22 23:51:57 | INFO |   Train | loss=0.1355 acc=0.9526 | Val | loss=0.3580 acc=0.8964 | lr=0.000768
2026-03-22 23:51:57 | INFO |   No improvement. Patience counter: 7/15
2026-03-22 23:51:57 | INFO | Epoch 33/100
2026-03-22 23:52:06 | INFO |   [Batch   50/352] train_loss=0.1078 | train_acc=0.9634
2026-03-22 23:52:09 | INFO |   [Batch  100/352] train_loss=0.1130 | train_acc=0.9618
2026-03-22 23:52:12 | INFO |   [Batch  150/352] train_loss=0.1192 | train_acc=0.9593
2026-03-22 23:52:15 | INFO |   [Batch  200/352] train_loss=0.1278 | train_acc=0.9568
2026-03-22 23:52:18 | INFO |   [Batch  250/352] train_loss=0.1280 | train_acc=0.9568
2026-03-22 23:52:21 | INFO |   [Batch  300/352] train_loss=0.1279 | train_acc=0.9569
2026-03-22 23:52:24 | INFO |   [Batch  350/352] train_loss=0.1327 | train_acc=0.9550
2026-03-22 23:52:32 | INFO |   Train | loss=0.1329 acc=0.9550 | Val | loss=0.3737 acc=0.8942 | lr=0.000755
2026-03-22 23:52:32 | INFO |   No improvement. Patience counter: 8/15
2026-03-22 23:52:32 | INFO | Epoch 34/100
2026-03-22 23:52:42 | INFO |   [Batch   50/352] train_loss=0.1237 | train_acc=0.9569
2026-03-22 23:52:45 | INFO |   [Batch  100/352] train_loss=0.1172 | train_acc=0.9598
2026-03-22 23:52:48 | INFO |   [Batch  150/352] train_loss=0.1213 | train_acc=0.9582
2026-03-22 23:52:51 | INFO |   [Batch  200/352] train_loss=0.1271 | train_acc=0.9561
2026-03-22 23:52:54 | INFO |   [Batch  250/352] train_loss=0.1246 | train_acc=0.9573
2026-03-22 23:52:57 | INFO |   [Batch  300/352] train_loss=0.1252 | train_acc=0.9571
2026-03-22 23:53:00 | INFO |   [Batch  350/352] train_loss=0.1270 | train_acc=0.9566
2026-03-22 23:53:08 | INFO |   Train | loss=0.1270 acc=0.9566 | Val | loss=0.3130 acc=0.9104 | lr=0.000741
2026-03-22 23:53:08 | INFO |   Saved best model → C:\Users\İhsan\Desktop\Development\cs515\aigul_CS515\results\checkpoints\HW2\resnet_scratch\resnet_scratch_best_model.pt (val_loss=0.3130)
2026-03-22 23:53:08 | INFO | Epoch 35/100
2026-03-22 23:53:18 | INFO |   [Batch   50/352] train_loss=0.1085 | train_acc=0.9627
2026-03-22 23:53:21 | INFO |   [Batch  100/352] train_loss=0.1135 | train_acc=0.9613
2026-03-22 23:53:24 | INFO |   [Batch  150/352] train_loss=0.1100 | train_acc=0.9621
2026-03-22 23:53:26 | INFO |   [Batch  200/352] train_loss=0.1113 | train_acc=0.9616
2026-03-22 23:53:29 | INFO |   [Batch  250/352] train_loss=0.1150 | train_acc=0.9604
2026-03-22 23:53:32 | INFO |   [Batch  300/352] train_loss=0.1192 | train_acc=0.9587
2026-03-22 23:53:35 | INFO |   [Batch  350/352] train_loss=0.1199 | train_acc=0.9583
2026-03-22 23:53:44 | INFO |   Train | loss=0.1200 acc=0.9583 | Val | loss=0.3192 acc=0.9110 | lr=0.000727
2026-03-22 23:53:44 | INFO |   No improvement. Patience counter: 1/15
2026-03-22 23:53:44 | INFO | Epoch 36/100
2026-03-22 23:53:53 | INFO |   [Batch   50/352] train_loss=0.1061 | train_acc=0.9639
2026-03-22 23:53:56 | INFO |   [Batch  100/352] train_loss=0.1051 | train_acc=0.9643
2026-03-22 23:53:59 | INFO |   [Batch  150/352] train_loss=0.1044 | train_acc=0.9646
2026-03-22 23:54:02 | INFO |   [Batch  200/352] train_loss=0.1088 | train_acc=0.9629
2026-03-22 23:54:05 | INFO |   [Batch  250/352] train_loss=0.1117 | train_acc=0.9616
2026-03-22 23:54:08 | INFO |   [Batch  300/352] train_loss=0.1144 | train_acc=0.9610
2026-03-22 23:54:10 | INFO |   [Batch  350/352] train_loss=0.1156 | train_acc=0.9606
2026-03-22 23:54:19 | INFO |   Train | loss=0.1155 acc=0.9606 | Val | loss=0.3033 acc=0.9082 | lr=0.000713
2026-03-22 23:54:19 | INFO |   Saved best model → C:\Users\İhsan\Desktop\Development\cs515\aigul_CS515\results\checkpoints\HW2\resnet_scratch\resnet_scratch_best_model.pt (val_loss=0.3033)
2026-03-22 23:54:19 | INFO | Epoch 37/100
2026-03-22 23:54:29 | INFO |   [Batch   50/352] train_loss=0.0991 | train_acc=0.9630
2026-03-22 23:54:32 | INFO |   [Batch  100/352] train_loss=0.0955 | train_acc=0.9655
2026-03-22 23:54:34 | INFO |   [Batch  150/352] train_loss=0.1040 | train_acc=0.9632
2026-03-22 23:54:37 | INFO |   [Batch  200/352] train_loss=0.1077 | train_acc=0.9622
2026-03-22 23:54:40 | INFO |   [Batch  250/352] train_loss=0.1097 | train_acc=0.9618
2026-03-22 23:54:43 | INFO |   [Batch  300/352] train_loss=0.1114 | train_acc=0.9615
2026-03-22 23:54:46 | INFO |   [Batch  350/352] train_loss=0.1117 | train_acc=0.9616
2026-03-22 23:54:55 | INFO |   Train | loss=0.1116 acc=0.9616 | Val | loss=0.3170 acc=0.9112 | lr=0.000699
2026-03-22 23:54:55 | INFO |   No improvement. Patience counter: 1/15
2026-03-22 23:54:55 | INFO | Epoch 38/100
2026-03-22 23:55:04 | INFO |   [Batch   50/352] train_loss=0.1012 | train_acc=0.9639
2026-03-22 23:55:07 | INFO |   [Batch  100/352] train_loss=0.0981 | train_acc=0.9661
2026-03-22 23:55:10 | INFO |   [Batch  150/352] train_loss=0.1019 | train_acc=0.9649
2026-03-22 23:55:13 | INFO |   [Batch  200/352] train_loss=0.1034 | train_acc=0.9641
2026-03-22 23:55:16 | INFO |   [Batch  250/352] train_loss=0.1067 | train_acc=0.9627
2026-03-22 23:55:19 | INFO |   [Batch  300/352] train_loss=0.1067 | train_acc=0.9623
2026-03-22 23:55:21 | INFO |   [Batch  350/352] train_loss=0.1101 | train_acc=0.9615
2026-03-22 23:55:30 | INFO |   Train | loss=0.1099 acc=0.9615 | Val | loss=0.3433 acc=0.9030 | lr=0.000684
2026-03-22 23:55:30 | INFO |   No improvement. Patience counter: 2/15
2026-03-22 23:55:30 | INFO | Epoch 39/100
2026-03-22 23:55:40 | INFO |   [Batch   50/352] train_loss=0.0937 | train_acc=0.9691
2026-03-22 23:55:43 | INFO |   [Batch  100/352] train_loss=0.0945 | train_acc=0.9676
2026-03-22 23:55:45 | INFO |   [Batch  150/352] train_loss=0.0921 | train_acc=0.9688
2026-03-22 23:55:48 | INFO |   [Batch  200/352] train_loss=0.0936 | train_acc=0.9680
2026-03-22 23:55:51 | INFO |   [Batch  250/352] train_loss=0.0960 | train_acc=0.9670
2026-03-22 23:55:54 | INFO |   [Batch  300/352] train_loss=0.0988 | train_acc=0.9658
2026-03-22 23:55:57 | INFO |   [Batch  350/352] train_loss=0.1003 | train_acc=0.9654
2026-03-22 23:56:06 | INFO |   Train | loss=0.1001 acc=0.9655 | Val | loss=0.3572 acc=0.8984 | lr=0.000670
2026-03-22 23:56:06 | INFO |   No improvement. Patience counter: 3/15
2026-03-22 23:56:06 | INFO | Epoch 40/100
2026-03-22 23:56:15 | INFO |   [Batch   50/352] train_loss=0.0914 | train_acc=0.9675
2026-03-22 23:56:18 | INFO |   [Batch  100/352] train_loss=0.0951 | train_acc=0.9655
2026-03-22 23:56:21 | INFO |   [Batch  150/352] train_loss=0.0985 | train_acc=0.9652
2026-03-22 23:56:24 | INFO |   [Batch  200/352] train_loss=0.0989 | train_acc=0.9654
2026-03-22 23:56:27 | INFO |   [Batch  250/352] train_loss=0.1024 | train_acc=0.9647
2026-03-22 23:56:30 | INFO |   [Batch  300/352] train_loss=0.1029 | train_acc=0.9644
2026-03-22 23:56:33 | INFO |   [Batch  350/352] train_loss=0.1024 | train_acc=0.9641
2026-03-22 23:56:41 | INFO |   Train | loss=0.1024 acc=0.9641 | Val | loss=0.3462 acc=0.9090 | lr=0.000655
2026-03-22 23:56:41 | INFO |   No improvement. Patience counter: 4/15
2026-03-22 23:56:41 | INFO | Epoch 41/100
2026-03-22 23:56:51 | INFO |   [Batch   50/352] train_loss=0.0840 | train_acc=0.9700
2026-03-22 23:56:54 | INFO |   [Batch  100/352] train_loss=0.0795 | train_acc=0.9724
2026-03-22 23:56:57 | INFO |   [Batch  150/352] train_loss=0.0850 | train_acc=0.9701
2026-03-22 23:57:00 | INFO |   [Batch  200/352] train_loss=0.0844 | train_acc=0.9707
2026-03-22 23:57:02 | INFO |   [Batch  250/352] train_loss=0.0876 | train_acc=0.9691
2026-03-22 23:57:05 | INFO |   [Batch  300/352] train_loss=0.0892 | train_acc=0.9683
2026-03-22 23:57:08 | INFO |   [Batch  350/352] train_loss=0.0911 | train_acc=0.9677
2026-03-22 23:57:17 | INFO |   Train | loss=0.0915 acc=0.9676 | Val | loss=0.3289 acc=0.9118 | lr=0.000640
2026-03-22 23:57:17 | INFO |   No improvement. Patience counter: 5/15
2026-03-22 23:57:17 | INFO | Epoch 42/100
2026-03-22 23:57:26 | INFO |   [Batch   50/352] train_loss=0.0772 | train_acc=0.9731
2026-03-22 23:57:29 | INFO |   [Batch  100/352] train_loss=0.0865 | train_acc=0.9695
2026-03-22 23:57:32 | INFO |   [Batch  150/352] train_loss=0.0904 | train_acc=0.9680
2026-03-22 23:57:35 | INFO |   [Batch  200/352] train_loss=0.0878 | train_acc=0.9695
2026-03-22 23:57:38 | INFO |   [Batch  250/352] train_loss=0.0872 | train_acc=0.9702
2026-03-22 23:57:41 | INFO |   [Batch  300/352] train_loss=0.0872 | train_acc=0.9701
2026-03-22 23:57:44 | INFO |   [Batch  350/352] train_loss=0.0912 | train_acc=0.9686
2026-03-22 23:57:52 | INFO |   Train | loss=0.0912 acc=0.9686 | Val | loss=0.3550 acc=0.9054 | lr=0.000625
2026-03-22 23:57:52 | INFO |   No improvement. Patience counter: 6/15
2026-03-22 23:57:52 | INFO | Epoch 43/100
2026-03-22 23:58:02 | INFO |   [Batch   50/352] train_loss=0.0868 | train_acc=0.9698
2026-03-22 23:58:05 | INFO |   [Batch  100/352] train_loss=0.0872 | train_acc=0.9699
2026-03-22 23:58:08 | INFO |   [Batch  150/352] train_loss=0.0872 | train_acc=0.9699
2026-03-22 23:58:11 | INFO |   [Batch  200/352] train_loss=0.0866 | train_acc=0.9704
2026-03-22 23:58:14 | INFO |   [Batch  250/352] train_loss=0.0877 | train_acc=0.9700
2026-03-22 23:58:16 | INFO |   [Batch  300/352] train_loss=0.0881 | train_acc=0.9696
2026-03-22 23:58:19 | INFO |   [Batch  350/352] train_loss=0.0876 | train_acc=0.9698
2026-03-22 23:58:28 | INFO |   Train | loss=0.0876 acc=0.9698 | Val | loss=0.3415 acc=0.9076 | lr=0.000609
2026-03-22 23:58:28 | INFO |   No improvement. Patience counter: 7/15
2026-03-22 23:58:28 | INFO | Epoch 44/100
2026-03-22 23:58:38 | INFO |   [Batch   50/352] train_loss=0.0856 | train_acc=0.9705
2026-03-22 23:58:41 | INFO |   [Batch  100/352] train_loss=0.0811 | train_acc=0.9727
2026-03-22 23:58:43 | INFO |   [Batch  150/352] train_loss=0.0760 | train_acc=0.9746
2026-03-22 23:58:46 | INFO |   [Batch  200/352] train_loss=0.0764 | train_acc=0.9740
2026-03-22 23:58:49 | INFO |   [Batch  250/352] train_loss=0.0802 | train_acc=0.9725
2026-03-22 23:58:52 | INFO |   [Batch  300/352] train_loss=0.0814 | train_acc=0.9717
2026-03-22 23:58:55 | INFO |   [Batch  350/352] train_loss=0.0823 | train_acc=0.9716
2026-03-22 23:59:03 | INFO |   Train | loss=0.0823 acc=0.9717 | Val | loss=0.3377 acc=0.9080 | lr=0.000594
2026-03-22 23:59:03 | INFO |   No improvement. Patience counter: 8/15
2026-03-22 23:59:03 | INFO | Epoch 45/100
2026-03-22 23:59:13 | INFO |   [Batch   50/352] train_loss=0.0740 | train_acc=0.9759
2026-03-22 23:59:16 | INFO |   [Batch  100/352] train_loss=0.0761 | train_acc=0.9745
2026-03-22 23:59:19 | INFO |   [Batch  150/352] train_loss=0.0808 | train_acc=0.9724
2026-03-22 23:59:22 | INFO |   [Batch  200/352] train_loss=0.0818 | train_acc=0.9724
2026-03-22 23:59:25 | INFO |   [Batch  250/352] train_loss=0.0856 | train_acc=0.9712
2026-03-22 23:59:28 | INFO |   [Batch  300/352] train_loss=0.0858 | train_acc=0.9708
2026-03-22 23:59:31 | INFO |   [Batch  350/352] train_loss=0.0859 | train_acc=0.9706
2026-03-22 23:59:39 | INFO |   Train | loss=0.0858 acc=0.9706 | Val | loss=0.3505 acc=0.9028 | lr=0.000579
2026-03-22 23:59:39 | INFO |   No improvement. Patience counter: 9/15
2026-03-22 23:59:39 | INFO | Epoch 46/100
2026-03-22 23:59:49 | INFO |   [Batch   50/352] train_loss=0.0745 | train_acc=0.9747
2026-03-22 23:59:52 | INFO |   [Batch  100/352] train_loss=0.0672 | train_acc=0.9774
2026-03-22 23:59:55 | INFO |   [Batch  150/352] train_loss=0.0694 | train_acc=0.9771
2026-03-22 23:59:57 | INFO |   [Batch  200/352] train_loss=0.0707 | train_acc=0.9763
2026-03-23 00:00:00 | INFO |   [Batch  250/352] train_loss=0.0732 | train_acc=0.9754
2026-03-23 00:00:03 | INFO |   [Batch  300/352] train_loss=0.0750 | train_acc=0.9746
2026-03-23 00:00:06 | INFO |   [Batch  350/352] train_loss=0.0760 | train_acc=0.9742
2026-03-23 00:00:15 | INFO |   Train | loss=0.0761 acc=0.9741 | Val | loss=0.3482 acc=0.9112 | lr=0.000563
2026-03-23 00:00:15 | INFO |   No improvement. Patience counter: 10/15
2026-03-23 00:00:15 | INFO | Epoch 47/100
2026-03-23 00:00:24 | INFO |   [Batch   50/352] train_loss=0.0647 | train_acc=0.9806
2026-03-23 00:00:27 | INFO |   [Batch  100/352] train_loss=0.0689 | train_acc=0.9778
2026-03-23 00:00:30 | INFO |   [Batch  150/352] train_loss=0.0692 | train_acc=0.9776
2026-03-23 00:00:33 | INFO |   [Batch  200/352] train_loss=0.0694 | train_acc=0.9773
2026-03-23 00:00:36 | INFO |   [Batch  250/352] train_loss=0.0697 | train_acc=0.9768
2026-03-23 00:00:39 | INFO |   [Batch  300/352] train_loss=0.0704 | train_acc=0.9763
2026-03-23 00:00:41 | INFO |   [Batch  350/352] train_loss=0.0718 | train_acc=0.9755
2026-03-23 00:00:50 | INFO |   Train | loss=0.0720 acc=0.9755 | Val | loss=0.3869 acc=0.9020 | lr=0.000548
2026-03-23 00:00:50 | INFO |   No improvement. Patience counter: 11/15
2026-03-23 00:00:50 | INFO | Epoch 48/100
2026-03-23 00:01:00 | INFO |   [Batch   50/352] train_loss=0.0695 | train_acc=0.9767
2026-03-23 00:01:02 | INFO |   [Batch  100/352] train_loss=0.0727 | train_acc=0.9763
2026-03-23 00:01:05 | INFO |   [Batch  150/352] train_loss=0.0693 | train_acc=0.9773
2026-03-23 00:01:08 | INFO |   [Batch  200/352] train_loss=0.0678 | train_acc=0.9775
2026-03-23 00:01:11 | INFO |   [Batch  250/352] train_loss=0.0673 | train_acc=0.9775
2026-03-23 00:01:14 | INFO |   [Batch  300/352] train_loss=0.0674 | train_acc=0.9770
2026-03-23 00:01:17 | INFO |   [Batch  350/352] train_loss=0.0691 | train_acc=0.9765
2026-03-23 00:01:25 | INFO |   Train | loss=0.0690 acc=0.9766 | Val | loss=0.3921 acc=0.9000 | lr=0.000532
2026-03-23 00:01:25 | INFO |   No improvement. Patience counter: 12/15
2026-03-23 00:01:25 | INFO | Epoch 49/100
2026-03-23 00:01:35 | INFO |   [Batch   50/352] train_loss=0.0589 | train_acc=0.9798
2026-03-23 00:01:38 | INFO |   [Batch  100/352] train_loss=0.0621 | train_acc=0.9787
2026-03-23 00:01:41 | INFO |   [Batch  150/352] train_loss=0.0635 | train_acc=0.9783
2026-03-23 00:01:43 | INFO |   [Batch  200/352] train_loss=0.0666 | train_acc=0.9770
2026-03-23 00:01:46 | INFO |   [Batch  250/352] train_loss=0.0674 | train_acc=0.9766
2026-03-23 00:01:49 | INFO |   [Batch  300/352] train_loss=0.0675 | train_acc=0.9765
2026-03-23 00:01:52 | INFO |   [Batch  350/352] train_loss=0.0695 | train_acc=0.9758
2026-03-23 00:02:00 | INFO |   Train | loss=0.0694 acc=0.9758 | Val | loss=0.3583 acc=0.9120 | lr=0.000516
2026-03-23 00:02:00 | INFO |   No improvement. Patience counter: 13/15
2026-03-23 00:02:00 | INFO | Epoch 50/100
2026-03-23 00:02:10 | INFO |   [Batch   50/352] train_loss=0.0625 | train_acc=0.9780
2026-03-23 00:02:13 | INFO |   [Batch  100/352] train_loss=0.0571 | train_acc=0.9809
2026-03-23 00:02:16 | INFO |   [Batch  150/352] train_loss=0.0564 | train_acc=0.9808
2026-03-23 00:02:19 | INFO |   [Batch  200/352] train_loss=0.0589 | train_acc=0.9800
2026-03-23 00:02:22 | INFO |   [Batch  250/352] train_loss=0.0600 | train_acc=0.9797
2026-03-23 00:02:24 | INFO |   [Batch  300/352] train_loss=0.0603 | train_acc=0.9793
2026-03-23 00:02:27 | INFO |   [Batch  350/352] train_loss=0.0599 | train_acc=0.9793
2026-03-23 00:02:36 | INFO |   Train | loss=0.0599 acc=0.9793 | Val | loss=0.3356 acc=0.9194 | lr=0.000501
2026-03-23 00:02:36 | INFO |   No improvement. Patience counter: 14/15
2026-03-23 00:02:36 | INFO | Epoch 51/100
2026-03-23 00:02:46 | INFO |   [Batch   50/352] train_loss=0.0481 | train_acc=0.9838
2026-03-23 00:02:49 | INFO |   [Batch  100/352] train_loss=0.0530 | train_acc=0.9824
2026-03-23 00:02:52 | INFO |   [Batch  150/352] train_loss=0.0544 | train_acc=0.9822
2026-03-23 00:02:54 | INFO |   [Batch  200/352] train_loss=0.0556 | train_acc=0.9818
2026-03-23 00:02:57 | INFO |   [Batch  250/352] train_loss=0.0575 | train_acc=0.9811
2026-03-23 00:03:00 | INFO |   [Batch  300/352] train_loss=0.0591 | train_acc=0.9803
2026-03-23 00:03:03 | INFO |   [Batch  350/352] train_loss=0.0604 | train_acc=0.9797
2026-03-23 00:03:11 | INFO |   Train | loss=0.0604 acc=0.9797 | Val | loss=0.3623 acc=0.9132 | lr=0.000485
2026-03-23 00:03:11 | INFO |   No improvement. Patience counter: 15/15
2026-03-23 00:03:11 | INFO |   Early stopping triggered at epoch 51.
2026-03-23 00:03:11 | INFO | Training complete.
2026-03-23 00:03:11 | INFO | Best epoch    : 36
2026-03-23 00:03:11 | INFO | Best val loss : 0.3033
2026-03-23 00:03:11 | INFO | Best val acc  : 0.9082
2026-03-23 00:03:11 | INFO | Checkpoint    : C:\Users\İhsan\Desktop\Development\cs515\aigul_CS515\results\checkpoints\HW2\resnet_scratch\resnet_scratch_best_model.pt
2026-03-23 00:03:11 | INFO | Loss curve saved -> C:\Users\İhsan\Desktop\Development\cs515\aigul_CS515\results\plots\HW2\resnet_scratch\resnet_scratch_loss.png
2026-03-23 00:03:12 | INFO | Accuracy curve saved -> C:\Users\İhsan\Desktop\Development\cs515\aigul_CS515\results\plots\HW2\resnet_scratch\resnet_scratch_accuracy.png
2026-03-23 00:03:12 | INFO | LR curve saved -> C:\Users\İhsan\Desktop\Development\cs515\aigul_CS515\results\plots\HW2\resnet_scratch\resnet_scratch_lr.png
2026-03-23 00:03:12 | INFO | Loading checkpoint from C:\Users\İhsan\Desktop\Development\cs515\aigul_CS515\results\checkpoints\HW2\resnet_scratch\resnet_scratch_best_model.pt
2026-03-23 00:03:12 | INFO | Starting test evaluation on 10000 samples...
2026-03-23 00:03:20 | INFO | ======================================================================
2026-03-23 00:03:20 | INFO | Test Results  [resnet_scratch]
2026-03-23 00:03:20 | INFO | ======================================================================
2026-03-23 00:03:20 | INFO | Test loss        : 0.3199
2026-03-23 00:03:20 | INFO | Overall accuracy : 0.9038  (9038 / 10000)
2026-03-23 00:03:20 | INFO | MACs             : 557.78 MMac
2026-03-23 00:03:20 | INFO | Parameters       : 11.17 M
2026-03-23 00:03:20 | INFO | ----------------------------------------------------------------------
2026-03-23 00:03:20 | INFO | Per-class accuracy:
2026-03-23 00:03:20 | INFO |   airplane     : 0.9250  (925 / 1000)
2026-03-23 00:03:20 | INFO |   automobile   : 0.9800  (980 / 1000)
2026-03-23 00:03:20 | INFO |   bird         : 0.8550  (855 / 1000)
2026-03-23 00:03:20 | INFO |   cat          : 0.8390  (839 / 1000)
2026-03-23 00:03:20 | INFO |   deer         : 0.9000  (900 / 1000)
2026-03-23 00:03:20 | INFO |   dog          : 0.8680  (868 / 1000)
2026-03-23 00:03:20 | INFO |   frog         : 0.8990  (899 / 1000)
2026-03-23 00:03:20 | INFO |   horse        : 0.9410  (941 / 1000)
2026-03-23 00:03:20 | INFO |   ship         : 0.9420  (942 / 1000)
2026-03-23 00:03:20 | INFO |   truck        : 0.8890  (889 / 1000)
2026-03-23 00:03:20 | INFO | ======================================================================
2026-03-23 00:03:20 | INFO | Confusion matrix saved -> C:\Users\İhsan\Desktop\Development\cs515\aigul_CS515\results\plots\HW2\resnet_scratch\resnet_scratch_confusion_matrix.png
2026-03-23 00:03:22 | INFO | Collecting embeddings for t-SNE (2000 samples max)...
2026-03-23 00:03:28 | INFO | Running t-SNE on 2000 samples (dim=512)...
2026-03-23 00:03:34 | INFO | t-SNE plot saved -> C:\Users\İhsan\Desktop\Development\cs515\aigul_CS515\results\plots\HW2\resnet_scratch\resnet_scratch_tsne.png
2026-03-23 00:03:34 | INFO | Run completed successfully.
