2026-03-23 01:03:25 | INFO | Log file         : C:\Users\İhsan\Desktop\Development\cs515\aigul_CS515\results\logs\HW2\simplecnn_kd\simplecnn_kd_20260323_010325.log
2026-03-23 01:03:25 | INFO | Config snapshot  : C:\Users\İhsan\Desktop\Development\cs515\aigul_CS515\results\logs\HW2\simplecnn_kd\simplecnn_kd_20260323_010325.config.json
2026-03-23 01:03:25 | INFO | Environment information
2026-03-23 01:03:25 | INFO | Python platform : Windows-10-10.0.26200-SP0
2026-03-23 01:03:25 | INFO | PyTorch version : 2.6.0+cu124
2026-03-23 01:03:25 | INFO | CUDA available  : True
2026-03-23 01:03:25 | INFO | CUDA device count : 1
2026-03-23 01:03:25 | INFO | CUDA device name  : NVIDIA GeForce RTX 4070 Laptop GPU
2026-03-23 01:03:25 | INFO | MPS available   : False
2026-03-23 01:03:25 | INFO | ======================================================================
2026-03-23 01:03:25 | INFO | CS515 HW2 - Transfer Learning & Knowledge Distillation
2026-03-23 01:03:25 | INFO | ======================================================================
2026-03-23 01:03:25 | INFO | Training mode    : kd
2026-03-23 01:03:25 | INFO | Run mode         : both
2026-03-23 01:03:25 | INFO | Experiment       : simplecnn_kd
2026-03-23 01:03:25 | INFO | Seed             : 42
2026-03-23 01:03:25 | INFO | Device           : cuda
2026-03-23 01:03:25 | INFO | Dataset          : cifar10
2026-03-23 01:03:25 | INFO | Num classes      : 10
2026-03-23 01:03:25 | INFO | Epochs           : 80
2026-03-23 01:03:25 | INFO | Batch size       : 128
2026-03-23 01:03:25 | INFO | Learning rate    : 0.001
2026-03-23 01:03:25 | INFO | Optimizer        : adam
2026-03-23 01:03:25 | INFO | Scheduler        : cosine
2026-03-23 01:03:25 | INFO | Weight decay     : 0.0001
2026-03-23 01:03:25 | INFO | Label smoothing  : 0.1
2026-03-23 01:03:25 | INFO | KD temperature   : 4
2026-03-23 01:03:25 | INFO | KD alpha         : 0.5
2026-03-23 01:03:25 | INFO | Teacher ckpt     : C:\Users\İhsan\Desktop\Development\cs515\aigul_CS515\results\checkpoints\HW2\resnet_scratch_ls\resnet_scratch_ls_best_model.pt
2026-03-23 01:03:25 | INFO | Checkpoint dir   : C:\Users\İhsan\Desktop\Development\cs515\aigul_CS515\results\checkpoints\HW2\simplecnn_kd
2026-03-23 01:03:25 | INFO | Log dir          : C:\Users\İhsan\Desktop\Development\cs515\aigul_CS515\results\logs\HW2\simplecnn_kd
2026-03-23 01:03:25 | INFO | Trainable params : 2,639,402
2026-03-23 01:03:25 | INFO | ======================================================================
2026-03-23 01:03:25 | INFO | Model:
SimpleCNN(
  (features): Sequential(
    (0): Conv2d(3, 32, kernel_size=(3, 3), stride=(1, 1), padding=(1, 1), bias=False)
    (1): BatchNorm2d(32, eps=1e-05, momentum=0.1, affine=True, track_running_stats=True)
    (2): ReLU(inplace=True)
    (3): Conv2d(32, 64, kernel_size=(3, 3), stride=(1, 1), padding=(1, 1), bias=False)
    (4): BatchNorm2d(64, eps=1e-05, momentum=0.1, affine=True, track_running_stats=True)
    (5): ReLU(inplace=True)
    (6): MaxPool2d(kernel_size=2, stride=2, padding=0, dilation=1, ceil_mode=False)
    (7): Conv2d(64, 128, kernel_size=(3, 3), stride=(1, 1), padding=(1, 1), bias=False)
    (8): BatchNorm2d(128, eps=1e-05, momentum=0.1, affine=True, track_running_stats=True)
    (9): ReLU(inplace=True)
    (10): Conv2d(128, 128, kernel_size=(3, 3), stride=(1, 1), padding=(1, 1), bias=False)
    (11): BatchNorm2d(128, eps=1e-05, momentum=0.1, affine=True, track_running_stats=True)
    (12): ReLU(inplace=True)
    (13): MaxPool2d(kernel_size=2, stride=2, padding=0, dilation=1, ceil_mode=False)
    (14): Conv2d(128, 256, kernel_size=(3, 3), stride=(1, 1), padding=(1, 1), bias=False)
    (15): BatchNorm2d(256, eps=1e-05, momentum=0.1, affine=True, track_running_stats=True)
    (16): ReLU(inplace=True)
    (17): MaxPool2d(kernel_size=2, stride=2, padding=0, dilation=1, ceil_mode=False)
  )
  (classifier): Sequential(
    (0): Flatten(start_dim=1, end_dim=-1)
    (1): Linear(in_features=4096, out_features=512, bias=True)
    (2): ReLU(inplace=True)
    (3): Dropout(p=0.5, inplace=False)
    (4): Linear(in_features=512, out_features=10, bias=True)
  )
)
2026-03-23 01:03:25 | INFO | ======================================================================
2026-03-23 01:03:25 | INFO | Teacher loaded from C:\Users\İhsan\Desktop\Development\cs515\aigul_CS515\results\checkpoints\HW2\resnet_scratch_ls\resnet_scratch_ls_best_model.pt (all parameters frozen).
2026-03-23 01:03:26 | INFO | Starting training | mode=kd
2026-03-23 01:03:26 | INFO | Train size: 45000 | Val size: 5000
2026-03-23 01:03:26 | INFO | Epoch 1/80
2026-03-23 01:03:34 | INFO |   [Batch   50/352] train_loss=1.9049 | train_acc=0.2214
2026-03-23 01:03:36 | INFO |   [Batch  100/352] train_loss=1.7644 | train_acc=0.2691
2026-03-23 01:03:37 | INFO |   [Batch  150/352] train_loss=1.6984 | train_acc=0.2984
2026-03-23 01:03:39 | INFO |   [Batch  200/352] train_loss=1.6415 | train_acc=0.3258
2026-03-23 01:03:40 | INFO |   [Batch  250/352] train_loss=1.6007 | train_acc=0.3464
2026-03-23 01:03:41 | INFO |   [Batch  300/352] train_loss=1.5702 | train_acc=0.3611
2026-03-23 01:03:43 | INFO |   [Batch  350/352] train_loss=1.5413 | train_acc=0.3751
2026-03-23 01:03:51 | INFO |   Train | loss=1.5405 acc=0.3756 | Val | loss=1.3955 acc=0.5094 | lr=0.001000
2026-03-23 01:03:51 | INFO |   Saved best model → C:\Users\İhsan\Desktop\Development\cs515\aigul_CS515\results\checkpoints\HW2\simplecnn_kd\simplecnn_kd_best_model.pt (val_loss=1.3955)
2026-03-23 01:03:51 | INFO | Epoch 2/80
2026-03-23 01:04:00 | INFO |   [Batch   50/352] train_loss=1.3180 | train_acc=0.4936
2026-03-23 01:04:01 | INFO |   [Batch  100/352] train_loss=1.2956 | train_acc=0.5064
2026-03-23 01:04:02 | INFO |   [Batch  150/352] train_loss=1.2735 | train_acc=0.5177
2026-03-23 01:04:04 | INFO |   [Batch  200/352] train_loss=1.2604 | train_acc=0.5245
2026-03-23 01:04:05 | INFO |   [Batch  250/352] train_loss=1.2487 | train_acc=0.5314
2026-03-23 01:04:07 | INFO |   [Batch  300/352] train_loss=1.2355 | train_acc=0.5387
2026-03-23 01:04:08 | INFO |   [Batch  350/352] train_loss=1.2237 | train_acc=0.5456
2026-03-23 01:04:16 | INFO |   Train | loss=1.2233 acc=0.5456 | Val | loss=1.1739 acc=0.6214 | lr=0.000998
2026-03-23 01:04:16 | INFO |   Saved best model → C:\Users\İhsan\Desktop\Development\cs515\aigul_CS515\results\checkpoints\HW2\simplecnn_kd\simplecnn_kd_best_model.pt (val_loss=1.1739)
2026-03-23 01:04:16 | INFO | Epoch 3/80
2026-03-23 01:04:24 | INFO |   [Batch   50/352] train_loss=1.0951 | train_acc=0.6131
2026-03-23 01:04:26 | INFO |   [Batch  100/352] train_loss=1.0978 | train_acc=0.6133
2026-03-23 01:04:27 | INFO |   [Batch  150/352] train_loss=1.0982 | train_acc=0.6151
2026-03-23 01:04:29 | INFO |   [Batch  200/352] train_loss=1.0972 | train_acc=0.6147
2026-03-23 01:04:30 | INFO |   [Batch  250/352] train_loss=1.0934 | train_acc=0.6179
2026-03-23 01:04:31 | INFO |   [Batch  300/352] train_loss=1.0840 | train_acc=0.6228
2026-03-23 01:04:33 | INFO |   [Batch  350/352] train_loss=1.0765 | train_acc=0.6264
2026-03-23 01:04:41 | INFO |   Train | loss=1.0760 acc=0.6265 | Val | loss=1.0538 acc=0.6496 | lr=0.000997
2026-03-23 01:04:41 | INFO |   Saved best model → C:\Users\İhsan\Desktop\Development\cs515\aigul_CS515\results\checkpoints\HW2\simplecnn_kd\simplecnn_kd_best_model.pt (val_loss=1.0538)
2026-03-23 01:04:41 | INFO | Epoch 4/80
2026-03-23 01:04:49 | INFO |   [Batch   50/352] train_loss=1.0266 | train_acc=0.6553
2026-03-23 01:04:50 | INFO |   [Batch  100/352] train_loss=1.0205 | train_acc=0.6566
2026-03-23 01:04:52 | INFO |   [Batch  150/352] train_loss=1.0098 | train_acc=0.6634
2026-03-23 01:04:53 | INFO |   [Batch  200/352] train_loss=1.0021 | train_acc=0.6670
2026-03-23 01:04:54 | INFO |   [Batch  250/352] train_loss=0.9979 | train_acc=0.6690
2026-03-23 01:04:56 | INFO |   [Batch  300/352] train_loss=0.9952 | train_acc=0.6701
2026-03-23 01:04:57 | INFO |   [Batch  350/352] train_loss=0.9883 | train_acc=0.6734
2026-03-23 01:05:05 | INFO |   Train | loss=0.9879 acc=0.6737 | Val | loss=0.9227 acc=0.7196 | lr=0.000994
2026-03-23 01:05:06 | INFO |   Saved best model → C:\Users\İhsan\Desktop\Development\cs515\aigul_CS515\results\checkpoints\HW2\simplecnn_kd\simplecnn_kd_best_model.pt (val_loss=0.9227)
2026-03-23 01:05:06 | INFO | Epoch 5/80
2026-03-23 01:05:14 | INFO |   [Batch   50/352] train_loss=0.9516 | train_acc=0.6905
2026-03-23 01:05:15 | INFO |   [Batch  100/352] train_loss=0.9481 | train_acc=0.6958
2026-03-23 01:05:16 | INFO |   [Batch  150/352] train_loss=0.9413 | train_acc=0.6984
2026-03-23 01:05:18 | INFO |   [Batch  200/352] train_loss=0.9377 | train_acc=0.6997
2026-03-23 01:05:19 | INFO |   [Batch  250/352] train_loss=0.9345 | train_acc=0.7010
2026-03-23 01:05:21 | INFO |   [Batch  300/352] train_loss=0.9316 | train_acc=0.7035
2026-03-23 01:05:22 | INFO |   [Batch  350/352] train_loss=0.9275 | train_acc=0.7059
2026-03-23 01:05:30 | INFO |   Train | loss=0.9272 acc=0.7060 | Val | loss=0.9023 acc=0.7350 | lr=0.000990
2026-03-23 01:05:30 | INFO |   Saved best model → C:\Users\İhsan\Desktop\Development\cs515\aigul_CS515\results\checkpoints\HW2\simplecnn_kd\simplecnn_kd_best_model.pt (val_loss=0.9023)
2026-03-23 01:05:30 | INFO | Epoch 6/80
2026-03-23 01:05:38 | INFO |   [Batch   50/352] train_loss=0.8955 | train_acc=0.7216
2026-03-23 01:05:40 | INFO |   [Batch  100/352] train_loss=0.8858 | train_acc=0.7280
2026-03-23 01:05:41 | INFO |   [Batch  150/352] train_loss=0.8867 | train_acc=0.7255
2026-03-23 01:05:42 | INFO |   [Batch  200/352] train_loss=0.8863 | train_acc=0.7246
2026-03-23 01:05:44 | INFO |   [Batch  250/352] train_loss=0.8812 | train_acc=0.7273
2026-03-23 01:05:45 | INFO |   [Batch  300/352] train_loss=0.8808 | train_acc=0.7278
2026-03-23 01:05:47 | INFO |   [Batch  350/352] train_loss=0.8798 | train_acc=0.7288
2026-03-23 01:05:54 | INFO |   Train | loss=0.8794 acc=0.7292 | Val | loss=0.9121 acc=0.7300 | lr=0.000986
2026-03-23 01:05:54 | INFO |   No improvement. Patience counter: 1/15
2026-03-23 01:05:54 | INFO | Epoch 7/80
2026-03-23 01:06:02 | INFO |   [Batch   50/352] train_loss=0.8276 | train_acc=0.7600
2026-03-23 01:06:04 | INFO |   [Batch  100/352] train_loss=0.8416 | train_acc=0.7512
2026-03-23 01:06:05 | INFO |   [Batch  150/352] train_loss=0.8416 | train_acc=0.7499
2026-03-23 01:06:07 | INFO |   [Batch  200/352] train_loss=0.8409 | train_acc=0.7495
2026-03-23 01:06:08 | INFO |   [Batch  250/352] train_loss=0.8404 | train_acc=0.7498
2026-03-23 01:06:09 | INFO |   [Batch  300/352] train_loss=0.8375 | train_acc=0.7507
2026-03-23 01:06:11 | INFO |   [Batch  350/352] train_loss=0.8356 | train_acc=0.7513
2026-03-23 01:06:19 | INFO |   Train | loss=0.8352 acc=0.7514 | Val | loss=0.7740 acc=0.7718 | lr=0.000981
2026-03-23 01:06:19 | INFO |   Saved best model → C:\Users\İhsan\Desktop\Development\cs515\aigul_CS515\results\checkpoints\HW2\simplecnn_kd\simplecnn_kd_best_model.pt (val_loss=0.7740)
2026-03-23 01:06:19 | INFO | Epoch 8/80
2026-03-23 01:06:27 | INFO |   [Batch   50/352] train_loss=0.8093 | train_acc=0.7645
2026-03-23 01:06:28 | INFO |   [Batch  100/352] train_loss=0.8090 | train_acc=0.7665
2026-03-23 01:06:30 | INFO |   [Batch  150/352] train_loss=0.8035 | train_acc=0.7698
2026-03-23 01:06:31 | INFO |   [Batch  200/352] train_loss=0.8053 | train_acc=0.7681
2026-03-23 01:06:33 | INFO |   [Batch  250/352] train_loss=0.8052 | train_acc=0.7684
2026-03-23 01:06:34 | INFO |   [Batch  300/352] train_loss=0.8029 | train_acc=0.7693
2026-03-23 01:06:35 | INFO |   [Batch  350/352] train_loss=0.8022 | train_acc=0.7697
2026-03-23 01:06:43 | INFO |   Train | loss=0.8024 acc=0.7695 | Val | loss=0.7253 acc=0.7966 | lr=0.000976
2026-03-23 01:06:43 | INFO |   Saved best model → C:\Users\İhsan\Desktop\Development\cs515\aigul_CS515\results\checkpoints\HW2\simplecnn_kd\simplecnn_kd_best_model.pt (val_loss=0.7253)
2026-03-23 01:06:43 | INFO | Epoch 9/80
2026-03-23 01:06:52 | INFO |   [Batch   50/352] train_loss=0.7823 | train_acc=0.7770
2026-03-23 01:06:53 | INFO |   [Batch  100/352] train_loss=0.7761 | train_acc=0.7819
2026-03-23 01:06:55 | INFO |   [Batch  150/352] train_loss=0.7785 | train_acc=0.7797
2026-03-23 01:06:56 | INFO |   [Batch  200/352] train_loss=0.7777 | train_acc=0.7805
2026-03-23 01:06:58 | INFO |   [Batch  250/352] train_loss=0.7802 | train_acc=0.7793
2026-03-23 01:06:59 | INFO |   [Batch  300/352] train_loss=0.7791 | train_acc=0.7795
2026-03-23 01:07:00 | INFO |   [Batch  350/352] train_loss=0.7772 | train_acc=0.7808
2026-03-23 01:07:08 | INFO |   Train | loss=0.7767 acc=0.7811 | Val | loss=0.6833 acc=0.8238 | lr=0.000969
2026-03-23 01:07:08 | INFO |   Saved best model → C:\Users\İhsan\Desktop\Development\cs515\aigul_CS515\results\checkpoints\HW2\simplecnn_kd\simplecnn_kd_best_model.pt (val_loss=0.6833)
2026-03-23 01:07:08 | INFO | Epoch 10/80
2026-03-23 01:07:16 | INFO |   [Batch   50/352] train_loss=0.7569 | train_acc=0.7861
2026-03-23 01:07:18 | INFO |   [Batch  100/352] train_loss=0.7512 | train_acc=0.7893
2026-03-23 01:07:19 | INFO |   [Batch  150/352] train_loss=0.7489 | train_acc=0.7927
2026-03-23 01:07:21 | INFO |   [Batch  200/352] train_loss=0.7480 | train_acc=0.7935
2026-03-23 01:07:22 | INFO |   [Batch  250/352] train_loss=0.7481 | train_acc=0.7927
2026-03-23 01:07:23 | INFO |   [Batch  300/352] train_loss=0.7459 | train_acc=0.7933
2026-03-23 01:07:25 | INFO |   [Batch  350/352] train_loss=0.7466 | train_acc=0.7930
2026-03-23 01:07:33 | INFO |   Train | loss=0.7464 acc=0.7932 | Val | loss=0.7102 acc=0.8090 | lr=0.000962
2026-03-23 01:07:33 | INFO |   No improvement. Patience counter: 1/15
2026-03-23 01:07:33 | INFO | Epoch 11/80
2026-03-23 01:07:41 | INFO |   [Batch   50/352] train_loss=0.7386 | train_acc=0.7950
2026-03-23 01:07:43 | INFO |   [Batch  100/352] train_loss=0.7339 | train_acc=0.8002
2026-03-23 01:07:44 | INFO |   [Batch  150/352] train_loss=0.7331 | train_acc=0.8019
2026-03-23 01:07:46 | INFO |   [Batch  200/352] train_loss=0.7314 | train_acc=0.8029
2026-03-23 01:07:47 | INFO |   [Batch  250/352] train_loss=0.7320 | train_acc=0.8022
2026-03-23 01:07:48 | INFO |   [Batch  300/352] train_loss=0.7305 | train_acc=0.8040
2026-03-23 01:07:50 | INFO |   [Batch  350/352] train_loss=0.7259 | train_acc=0.8058
2026-03-23 01:07:58 | INFO |   Train | loss=0.7260 acc=0.8058 | Val | loss=0.6917 acc=0.8048 | lr=0.000954
2026-03-23 01:07:58 | INFO |   No improvement. Patience counter: 2/15
2026-03-23 01:07:58 | INFO | Epoch 12/80
2026-03-23 01:08:06 | INFO |   [Batch   50/352] train_loss=0.6915 | train_acc=0.8153
2026-03-23 01:08:07 | INFO |   [Batch  100/352] train_loss=0.6937 | train_acc=0.8159
2026-03-23 01:08:09 | INFO |   [Batch  150/352] train_loss=0.6987 | train_acc=0.8154
2026-03-23 01:08:10 | INFO |   [Batch  200/352] train_loss=0.6967 | train_acc=0.8163
2026-03-23 01:08:12 | INFO |   [Batch  250/352] train_loss=0.6975 | train_acc=0.8170
2026-03-23 01:08:13 | INFO |   [Batch  300/352] train_loss=0.6979 | train_acc=0.8171
2026-03-23 01:08:14 | INFO |   [Batch  350/352] train_loss=0.6993 | train_acc=0.8168
2026-03-23 01:08:22 | INFO |   Train | loss=0.6994 acc=0.8168 | Val | loss=0.6536 acc=0.8230 | lr=0.000946
2026-03-23 01:08:22 | INFO |   Saved best model → C:\Users\İhsan\Desktop\Development\cs515\aigul_CS515\results\checkpoints\HW2\simplecnn_kd\simplecnn_kd_best_model.pt (val_loss=0.6536)
2026-03-23 01:08:22 | INFO | Epoch 13/80
2026-03-23 01:08:31 | INFO |   [Batch   50/352] train_loss=0.6792 | train_acc=0.8261
2026-03-23 01:08:32 | INFO |   [Batch  100/352] train_loss=0.6821 | train_acc=0.8234
2026-03-23 01:08:33 | INFO |   [Batch  150/352] train_loss=0.6817 | train_acc=0.8233
2026-03-23 01:08:35 | INFO |   [Batch  200/352] train_loss=0.6778 | train_acc=0.8255
2026-03-23 01:08:36 | INFO |   [Batch  250/352] train_loss=0.6840 | train_acc=0.8240
2026-03-23 01:08:38 | INFO |   [Batch  300/352] train_loss=0.6816 | train_acc=0.8254
2026-03-23 01:08:39 | INFO |   [Batch  350/352] train_loss=0.6836 | train_acc=0.8239
2026-03-23 01:08:47 | INFO |   Train | loss=0.6832 acc=0.8240 | Val | loss=0.6094 acc=0.8362 | lr=0.000936
2026-03-23 01:08:47 | INFO |   Saved best model → C:\Users\İhsan\Desktop\Development\cs515\aigul_CS515\results\checkpoints\HW2\simplecnn_kd\simplecnn_kd_best_model.pt (val_loss=0.6094)
2026-03-23 01:08:47 | INFO | Epoch 14/80
2026-03-23 01:08:55 | INFO |   [Batch   50/352] train_loss=0.6664 | train_acc=0.8328
2026-03-23 01:08:57 | INFO |   [Batch  100/352] train_loss=0.6654 | train_acc=0.8351
2026-03-23 01:08:58 | INFO |   [Batch  150/352] train_loss=0.6639 | train_acc=0.8320
2026-03-23 01:08:59 | INFO |   [Batch  200/352] train_loss=0.6597 | train_acc=0.8333
2026-03-23 01:09:01 | INFO |   [Batch  250/352] train_loss=0.6630 | train_acc=0.8311
2026-03-23 01:09:02 | INFO |   [Batch  300/352] train_loss=0.6617 | train_acc=0.8319
2026-03-23 01:09:04 | INFO |   [Batch  350/352] train_loss=0.6619 | train_acc=0.8323
2026-03-23 01:09:11 | INFO |   Train | loss=0.6625 acc=0.8321 | Val | loss=0.5951 acc=0.8418 | lr=0.000926
2026-03-23 01:09:11 | INFO |   Saved best model → C:\Users\İhsan\Desktop\Development\cs515\aigul_CS515\results\checkpoints\HW2\simplecnn_kd\simplecnn_kd_best_model.pt (val_loss=0.5951)
2026-03-23 01:09:11 | INFO | Epoch 15/80
2026-03-23 01:09:20 | INFO |   [Batch   50/352] train_loss=0.6533 | train_acc=0.8434
2026-03-23 01:09:21 | INFO |   [Batch  100/352] train_loss=0.6350 | train_acc=0.8475
2026-03-23 01:09:22 | INFO |   [Batch  150/352] train_loss=0.6418 | train_acc=0.8450
2026-03-23 01:09:24 | INFO |   [Batch  200/352] train_loss=0.6504 | train_acc=0.8398
2026-03-23 01:09:25 | INFO |   [Batch  250/352] train_loss=0.6459 | train_acc=0.8417
2026-03-23 01:09:27 | INFO |   [Batch  300/352] train_loss=0.6456 | train_acc=0.8421
2026-03-23 01:09:28 | INFO |   [Batch  350/352] train_loss=0.6451 | train_acc=0.8414
2026-03-23 01:09:36 | INFO |   Train | loss=0.6451 acc=0.8414 | Val | loss=0.5789 acc=0.8470 | lr=0.000916
2026-03-23 01:09:36 | INFO |   Saved best model → C:\Users\İhsan\Desktop\Development\cs515\aigul_CS515\results\checkpoints\HW2\simplecnn_kd\simplecnn_kd_best_model.pt (val_loss=0.5789)
2026-03-23 01:09:36 | INFO | Epoch 16/80
2026-03-23 01:09:44 | INFO |   [Batch   50/352] train_loss=0.6266 | train_acc=0.8458
2026-03-23 01:09:46 | INFO |   [Batch  100/352] train_loss=0.6265 | train_acc=0.8494
2026-03-23 01:09:47 | INFO |   [Batch  150/352] train_loss=0.6269 | train_acc=0.8491
2026-03-23 01:09:48 | INFO |   [Batch  200/352] train_loss=0.6256 | train_acc=0.8493
2026-03-23 01:09:50 | INFO |   [Batch  250/352] train_loss=0.6265 | train_acc=0.8492
2026-03-23 01:09:51 | INFO |   [Batch  300/352] train_loss=0.6258 | train_acc=0.8484
2026-03-23 01:09:53 | INFO |   [Batch  350/352] train_loss=0.6238 | train_acc=0.8490
2026-03-23 01:10:01 | INFO |   Train | loss=0.6240 acc=0.8488 | Val | loss=0.5269 acc=0.8666 | lr=0.000905
2026-03-23 01:10:01 | INFO |   Saved best model → C:\Users\İhsan\Desktop\Development\cs515\aigul_CS515\results\checkpoints\HW2\simplecnn_kd\simplecnn_kd_best_model.pt (val_loss=0.5269)
2026-03-23 01:10:01 | INFO | Epoch 17/80
2026-03-23 01:10:09 | INFO |   [Batch   50/352] train_loss=0.6022 | train_acc=0.8584
2026-03-23 01:10:10 | INFO |   [Batch  100/352] train_loss=0.6032 | train_acc=0.8588
2026-03-23 01:10:12 | INFO |   [Batch  150/352] train_loss=0.6043 | train_acc=0.8571
2026-03-23 01:10:13 | INFO |   [Batch  200/352] train_loss=0.6059 | train_acc=0.8560
2026-03-23 01:10:14 | INFO |   [Batch  250/352] train_loss=0.6070 | train_acc=0.8559
2026-03-23 01:10:16 | INFO |   [Batch  300/352] train_loss=0.6059 | train_acc=0.8566
2026-03-23 01:10:17 | INFO |   [Batch  350/352] train_loss=0.6046 | train_acc=0.8567
2026-03-23 01:10:25 | INFO |   Train | loss=0.6045 acc=0.8566 | Val | loss=0.6167 acc=0.8362 | lr=0.000893
2026-03-23 01:10:25 | INFO |   No improvement. Patience counter: 1/15
2026-03-23 01:10:25 | INFO | Epoch 18/80
2026-03-23 01:10:34 | INFO |   [Batch   50/352] train_loss=0.5789 | train_acc=0.8661
2026-03-23 01:10:35 | INFO |   [Batch  100/352] train_loss=0.5822 | train_acc=0.8643
2026-03-23 01:10:36 | INFO |   [Batch  150/352] train_loss=0.5815 | train_acc=0.8646
2026-03-23 01:10:38 | INFO |   [Batch  200/352] train_loss=0.5834 | train_acc=0.8639
2026-03-23 01:10:39 | INFO |   [Batch  250/352] train_loss=0.5846 | train_acc=0.8632
2026-03-23 01:10:41 | INFO |   [Batch  300/352] train_loss=0.5823 | train_acc=0.8645
2026-03-23 01:10:42 | INFO |   [Batch  350/352] train_loss=0.5816 | train_acc=0.8642
2026-03-23 01:10:50 | INFO |   Train | loss=0.5813 acc=0.8644 | Val | loss=0.5400 acc=0.8578 | lr=0.000880
2026-03-23 01:10:50 | INFO |   No improvement. Patience counter: 2/15
2026-03-23 01:10:50 | INFO | Epoch 19/80
2026-03-23 01:10:58 | INFO |   [Batch   50/352] train_loss=0.5521 | train_acc=0.8703
2026-03-23 01:11:00 | INFO |   [Batch  100/352] train_loss=0.5592 | train_acc=0.8723
2026-03-23 01:11:01 | INFO |   [Batch  150/352] train_loss=0.5584 | train_acc=0.8724
2026-03-23 01:11:03 | INFO |   [Batch  200/352] train_loss=0.5589 | train_acc=0.8712
2026-03-23 01:11:04 | INFO |   [Batch  250/352] train_loss=0.5623 | train_acc=0.8697
2026-03-23 01:11:05 | INFO |   [Batch  300/352] train_loss=0.5612 | train_acc=0.8703
2026-03-23 01:11:07 | INFO |   [Batch  350/352] train_loss=0.5613 | train_acc=0.8696
2026-03-23 01:11:15 | INFO |   Train | loss=0.5609 acc=0.8697 | Val | loss=0.5400 acc=0.8600 | lr=0.000867
2026-03-23 01:11:15 | INFO |   No improvement. Patience counter: 3/15
2026-03-23 01:11:15 | INFO | Epoch 20/80
2026-03-23 01:11:23 | INFO |   [Batch   50/352] train_loss=0.5402 | train_acc=0.8786
2026-03-23 01:11:24 | INFO |   [Batch  100/352] train_loss=0.5384 | train_acc=0.8809
2026-03-23 01:11:26 | INFO |   [Batch  150/352] train_loss=0.5393 | train_acc=0.8797
2026-03-23 01:11:27 | INFO |   [Batch  200/352] train_loss=0.5428 | train_acc=0.8786
2026-03-23 01:11:28 | INFO |   [Batch  250/352] train_loss=0.5431 | train_acc=0.8779
2026-03-23 01:11:30 | INFO |   [Batch  300/352] train_loss=0.5433 | train_acc=0.8769
2026-03-23 01:11:31 | INFO |   [Batch  350/352] train_loss=0.5430 | train_acc=0.8765
2026-03-23 01:11:39 | INFO |   Train | loss=0.5434 acc=0.8763 | Val | loss=0.4798 acc=0.8718 | lr=0.000854
2026-03-23 01:11:39 | INFO |   Saved best model → C:\Users\İhsan\Desktop\Development\cs515\aigul_CS515\results\checkpoints\HW2\simplecnn_kd\simplecnn_kd_best_model.pt (val_loss=0.4798)
2026-03-23 01:11:39 | INFO | Epoch 21/80
2026-03-23 01:11:48 | INFO |   [Batch   50/352] train_loss=0.5205 | train_acc=0.8869
2026-03-23 01:11:49 | INFO |   [Batch  100/352] train_loss=0.5222 | train_acc=0.8871
2026-03-23 01:11:50 | INFO |   [Batch  150/352] train_loss=0.5240 | train_acc=0.8852
2026-03-23 01:11:52 | INFO |   [Batch  200/352] train_loss=0.5245 | train_acc=0.8838
2026-03-23 01:11:53 | INFO |   [Batch  250/352] train_loss=0.5231 | train_acc=0.8845
2026-03-23 01:11:54 | INFO |   [Batch  300/352] train_loss=0.5237 | train_acc=0.8841
2026-03-23 01:11:56 | INFO |   [Batch  350/352] train_loss=0.5238 | train_acc=0.8834
2026-03-23 01:12:04 | INFO |   Train | loss=0.5239 acc=0.8835 | Val | loss=0.5212 acc=0.8674 | lr=0.000840
2026-03-23 01:12:04 | INFO |   No improvement. Patience counter: 1/15
2026-03-23 01:12:04 | INFO | Epoch 22/80
2026-03-23 01:12:12 | INFO |   [Batch   50/352] train_loss=0.4864 | train_acc=0.8991
2026-03-23 01:12:13 | INFO |   [Batch  100/352] train_loss=0.4914 | train_acc=0.8978
2026-03-23 01:12:15 | INFO |   [Batch  150/352] train_loss=0.4966 | train_acc=0.8939
2026-03-23 01:12:16 | INFO |   [Batch  200/352] train_loss=0.5006 | train_acc=0.8919
2026-03-23 01:12:17 | INFO |   [Batch  250/352] train_loss=0.5029 | train_acc=0.8907
2026-03-23 01:12:19 | INFO |   [Batch  300/352] train_loss=0.5043 | train_acc=0.8895
2026-03-23 01:12:20 | INFO |   [Batch  350/352] train_loss=0.5070 | train_acc=0.8883
2026-03-23 01:12:28 | INFO |   Train | loss=0.5071 acc=0.8883 | Val | loss=0.5192 acc=0.8618 | lr=0.000825
2026-03-23 01:12:28 | INFO |   No improvement. Patience counter: 2/15
2026-03-23 01:12:28 | INFO | Epoch 23/80
2026-03-23 01:12:37 | INFO |   [Batch   50/352] train_loss=0.5030 | train_acc=0.8905
2026-03-23 01:12:38 | INFO |   [Batch  100/352] train_loss=0.4956 | train_acc=0.8911
2026-03-23 01:12:39 | INFO |   [Batch  150/352] train_loss=0.4906 | train_acc=0.8933
2026-03-23 01:12:41 | INFO |   [Batch  200/352] train_loss=0.4893 | train_acc=0.8941
2026-03-23 01:12:42 | INFO |   [Batch  250/352] train_loss=0.4896 | train_acc=0.8941
2026-03-23 01:12:43 | INFO |   [Batch  300/352] train_loss=0.4918 | train_acc=0.8934
2026-03-23 01:12:45 | INFO |   [Batch  350/352] train_loss=0.4906 | train_acc=0.8937
2026-03-23 01:12:53 | INFO |   Train | loss=0.4908 acc=0.8935 | Val | loss=0.4952 acc=0.8696 | lr=0.000810
2026-03-23 01:12:53 | INFO |   No improvement. Patience counter: 3/15
2026-03-23 01:12:53 | INFO | Epoch 24/80
2026-03-23 01:13:01 | INFO |   [Batch   50/352] train_loss=0.4627 | train_acc=0.9052
2026-03-23 01:13:02 | INFO |   [Batch  100/352] train_loss=0.4637 | train_acc=0.9040
2026-03-23 01:13:04 | INFO |   [Batch  150/352] train_loss=0.4667 | train_acc=0.9033
2026-03-23 01:13:05 | INFO |   [Batch  200/352] train_loss=0.4707 | train_acc=0.9007
2026-03-23 01:13:06 | INFO |   [Batch  250/352] train_loss=0.4731 | train_acc=0.8993
2026-03-23 01:13:08 | INFO |   [Batch  300/352] train_loss=0.4739 | train_acc=0.8984
2026-03-23 01:13:09 | INFO |   [Batch  350/352] train_loss=0.4743 | train_acc=0.8985
2026-03-23 01:13:17 | INFO |   Train | loss=0.4742 acc=0.8986 | Val | loss=0.5071 acc=0.8662 | lr=0.000794
2026-03-23 01:13:17 | INFO |   No improvement. Patience counter: 4/15
2026-03-23 01:13:17 | INFO | Epoch 25/80
2026-03-23 01:13:25 | INFO |   [Batch   50/352] train_loss=0.4582 | train_acc=0.9094
2026-03-23 01:13:27 | INFO |   [Batch  100/352] train_loss=0.4622 | train_acc=0.9048
2026-03-23 01:13:28 | INFO |   [Batch  150/352] train_loss=0.4577 | train_acc=0.9072
2026-03-23 01:13:29 | INFO |   [Batch  200/352] train_loss=0.4577 | train_acc=0.9062
2026-03-23 01:13:31 | INFO |   [Batch  250/352] train_loss=0.4602 | train_acc=0.9047
2026-03-23 01:13:32 | INFO |   [Batch  300/352] train_loss=0.4607 | train_acc=0.9044
2026-03-23 01:13:34 | INFO |   [Batch  350/352] train_loss=0.4591 | train_acc=0.9047
2026-03-23 01:13:42 | INFO |   Train | loss=0.4592 acc=0.9047 | Val | loss=0.4905 acc=0.8752 | lr=0.000778
2026-03-23 01:13:42 | INFO |   No improvement. Patience counter: 5/15
2026-03-23 01:13:42 | INFO | Epoch 26/80
2026-03-23 01:13:50 | INFO |   [Batch   50/352] train_loss=0.4435 | train_acc=0.9108
2026-03-23 01:13:51 | INFO |   [Batch  100/352] train_loss=0.4321 | train_acc=0.9143
2026-03-23 01:13:52 | INFO |   [Batch  150/352] train_loss=0.4388 | train_acc=0.9114
2026-03-23 01:13:54 | INFO |   [Batch  200/352] train_loss=0.4390 | train_acc=0.9108
2026-03-23 01:13:55 | INFO |   [Batch  250/352] train_loss=0.4431 | train_acc=0.9087
2026-03-23 01:13:57 | INFO |   [Batch  300/352] train_loss=0.4448 | train_acc=0.9073
2026-03-23 01:13:58 | INFO |   [Batch  350/352] train_loss=0.4448 | train_acc=0.9074
2026-03-23 01:14:06 | INFO |   Train | loss=0.4450 acc=0.9073 | Val | loss=0.4430 acc=0.8870 | lr=0.000761
2026-03-23 01:14:06 | INFO |   Saved best model → C:\Users\İhsan\Desktop\Development\cs515\aigul_CS515\results\checkpoints\HW2\simplecnn_kd\simplecnn_kd_best_model.pt (val_loss=0.4430)
2026-03-23 01:14:06 | INFO | Epoch 27/80
2026-03-23 01:14:14 | INFO |   [Batch   50/352] train_loss=0.4182 | train_acc=0.9150
2026-03-23 01:14:15 | INFO |   [Batch  100/352] train_loss=0.4220 | train_acc=0.9146
2026-03-23 01:14:17 | INFO |   [Batch  150/352] train_loss=0.4263 | train_acc=0.9132
2026-03-23 01:14:18 | INFO |   [Batch  200/352] train_loss=0.4317 | train_acc=0.9111
2026-03-23 01:14:20 | INFO |   [Batch  250/352] train_loss=0.4331 | train_acc=0.9108
2026-03-23 01:14:21 | INFO |   [Batch  300/352] train_loss=0.4330 | train_acc=0.9107
2026-03-23 01:14:22 | INFO |   [Batch  350/352] train_loss=0.4335 | train_acc=0.9105
2026-03-23 01:14:30 | INFO |   Train | loss=0.4334 acc=0.9106 | Val | loss=0.4625 acc=0.8804 | lr=0.000745
2026-03-23 01:14:30 | INFO |   No improvement. Patience counter: 1/15
2026-03-23 01:14:30 | INFO | Epoch 28/80
2026-03-23 01:14:39 | INFO |   [Batch   50/352] train_loss=0.4297 | train_acc=0.9150
2026-03-23 01:14:40 | INFO |   [Batch  100/352] train_loss=0.4238 | train_acc=0.9159
2026-03-23 01:14:41 | INFO |   [Batch  150/352] train_loss=0.4235 | train_acc=0.9144
2026-03-23 01:14:43 | INFO |   [Batch  200/352] train_loss=0.4185 | train_acc=0.9163
2026-03-23 01:14:44 | INFO |   [Batch  250/352] train_loss=0.4182 | train_acc=0.9168
2026-03-23 01:14:46 | INFO |   [Batch  300/352] train_loss=0.4182 | train_acc=0.9164
2026-03-23 01:14:47 | INFO |   [Batch  350/352] train_loss=0.4190 | train_acc=0.9161
2026-03-23 01:14:55 | INFO |   Train | loss=0.4191 acc=0.9160 | Val | loss=0.4484 acc=0.8872 | lr=0.000727
2026-03-23 01:14:55 | INFO |   No improvement. Patience counter: 2/15
2026-03-23 01:14:55 | INFO | Epoch 29/80
2026-03-23 01:15:03 | INFO |   [Batch   50/352] train_loss=0.3889 | train_acc=0.9264
2026-03-23 01:15:05 | INFO |   [Batch  100/352] train_loss=0.3973 | train_acc=0.9246
2026-03-23 01:15:06 | INFO |   [Batch  150/352] train_loss=0.4019 | train_acc=0.9229
2026-03-23 01:15:07 | INFO |   [Batch  200/352] train_loss=0.4035 | train_acc=0.9221
2026-03-23 01:15:09 | INFO |   [Batch  250/352] train_loss=0.4067 | train_acc=0.9202
2026-03-23 01:15:10 | INFO |   [Batch  300/352] train_loss=0.4072 | train_acc=0.9202
2026-03-23 01:15:12 | INFO |   [Batch  350/352] train_loss=0.4084 | train_acc=0.9194
2026-03-23 01:15:20 | INFO |   Train | loss=0.4085 acc=0.9193 | Val | loss=0.4546 acc=0.8882 | lr=0.000710
2026-03-23 01:15:20 | INFO |   No improvement. Patience counter: 3/15
2026-03-23 01:15:20 | INFO | Epoch 30/80
2026-03-23 01:15:28 | INFO |   [Batch   50/352] train_loss=0.3985 | train_acc=0.9259
2026-03-23 01:15:29 | INFO |   [Batch  100/352] train_loss=0.3917 | train_acc=0.9289
2026-03-23 01:15:31 | INFO |   [Batch  150/352] train_loss=0.3965 | train_acc=0.9260
2026-03-23 01:15:32 | INFO |   [Batch  200/352] train_loss=0.3979 | train_acc=0.9259
2026-03-23 01:15:34 | INFO |   [Batch  250/352] train_loss=0.4002 | train_acc=0.9249
2026-03-23 01:15:35 | INFO |   [Batch  300/352] train_loss=0.4001 | train_acc=0.9236
2026-03-23 01:15:36 | INFO |   [Batch  350/352] train_loss=0.4032 | train_acc=0.9220
2026-03-23 01:15:45 | INFO |   Train | loss=0.4033 acc=0.9220 | Val | loss=0.4829 acc=0.8740 | lr=0.000692
2026-03-23 01:15:45 | INFO |   No improvement. Patience counter: 4/15
2026-03-23 01:15:45 | INFO | Epoch 31/80
2026-03-23 01:15:53 | INFO |   [Batch   50/352] train_loss=0.3779 | train_acc=0.9323
2026-03-23 01:15:54 | INFO |   [Batch  100/352] train_loss=0.3808 | train_acc=0.9316
2026-03-23 01:15:56 | INFO |   [Batch  150/352] train_loss=0.3837 | train_acc=0.9295
2026-03-23 01:15:57 | INFO |   [Batch  200/352] train_loss=0.3859 | train_acc=0.9279
2026-03-23 01:15:58 | INFO |   [Batch  250/352] train_loss=0.3875 | train_acc=0.9265
2026-03-23 01:16:00 | INFO |   [Batch  300/352] train_loss=0.3880 | train_acc=0.9261
2026-03-23 01:16:01 | INFO |   [Batch  350/352] train_loss=0.3904 | train_acc=0.9252
2026-03-23 01:16:09 | INFO |   Train | loss=0.3907 acc=0.9251 | Val | loss=0.4915 acc=0.8770 | lr=0.000673
2026-03-23 01:16:09 | INFO |   No improvement. Patience counter: 5/15
2026-03-23 01:16:09 | INFO | Epoch 32/80
2026-03-23 01:16:17 | INFO |   [Batch   50/352] train_loss=0.3651 | train_acc=0.9352
2026-03-23 01:16:19 | INFO |   [Batch  100/352] train_loss=0.3673 | train_acc=0.9332
2026-03-23 01:16:20 | INFO |   [Batch  150/352] train_loss=0.3723 | train_acc=0.9309
2026-03-23 01:16:22 | INFO |   [Batch  200/352] train_loss=0.3737 | train_acc=0.9313
2026-03-23 01:16:23 | INFO |   [Batch  250/352] train_loss=0.3781 | train_acc=0.9297
2026-03-23 01:16:24 | INFO |   [Batch  300/352] train_loss=0.3800 | train_acc=0.9291
2026-03-23 01:16:26 | INFO |   [Batch  350/352] train_loss=0.3806 | train_acc=0.9280
2026-03-23 01:16:34 | INFO |   Train | loss=0.3806 acc=0.9280 | Val | loss=0.4400 acc=0.8882 | lr=0.000655
2026-03-23 01:16:34 | INFO |   Saved best model → C:\Users\İhsan\Desktop\Development\cs515\aigul_CS515\results\checkpoints\HW2\simplecnn_kd\simplecnn_kd_best_model.pt (val_loss=0.4400)
2026-03-23 01:16:34 | INFO | Epoch 33/80
2026-03-23 01:16:42 | INFO |   [Batch   50/352] train_loss=0.3585 | train_acc=0.9358
2026-03-23 01:16:43 | INFO |   [Batch  100/352] train_loss=0.3572 | train_acc=0.9358
2026-03-23 01:16:45 | INFO |   [Batch  150/352] train_loss=0.3607 | train_acc=0.9353
2026-03-23 01:16:46 | INFO |   [Batch  200/352] train_loss=0.3653 | train_acc=0.9329
2026-03-23 01:16:47 | INFO |   [Batch  250/352] train_loss=0.3675 | train_acc=0.9315
2026-03-23 01:16:49 | INFO |   [Batch  300/352] train_loss=0.3685 | train_acc=0.9319
2026-03-23 01:16:50 | INFO |   [Batch  350/352] train_loss=0.3677 | train_acc=0.9319
2026-03-23 01:16:58 | INFO |   Train | loss=0.3680 acc=0.9318 | Val | loss=0.4494 acc=0.8854 | lr=0.000636
2026-03-23 01:16:58 | INFO |   No improvement. Patience counter: 1/15
2026-03-23 01:16:58 | INFO | Epoch 34/80
2026-03-23 01:17:06 | INFO |   [Batch   50/352] train_loss=0.3437 | train_acc=0.9394
2026-03-23 01:17:08 | INFO |   [Batch  100/352] train_loss=0.3473 | train_acc=0.9388
2026-03-23 01:17:09 | INFO |   [Batch  150/352] train_loss=0.3480 | train_acc=0.9379
2026-03-23 01:17:10 | INFO |   [Batch  200/352] train_loss=0.3527 | train_acc=0.9363
2026-03-23 01:17:12 | INFO |   [Batch  250/352] train_loss=0.3539 | train_acc=0.9355
2026-03-23 01:17:13 | INFO |   [Batch  300/352] train_loss=0.3556 | train_acc=0.9349
2026-03-23 01:17:15 | INFO |   [Batch  350/352] train_loss=0.3571 | train_acc=0.9338
2026-03-23 01:17:22 | INFO |   Train | loss=0.3572 acc=0.9337 | Val | loss=0.4265 acc=0.8904 | lr=0.000617
2026-03-23 01:17:22 | INFO |   Saved best model → C:\Users\İhsan\Desktop\Development\cs515\aigul_CS515\results\checkpoints\HW2\simplecnn_kd\simplecnn_kd_best_model.pt (val_loss=0.4265)
2026-03-23 01:17:22 | INFO | Epoch 35/80
2026-03-23 01:17:31 | INFO |   [Batch   50/352] train_loss=0.3444 | train_acc=0.9413
2026-03-23 01:17:32 | INFO |   [Batch  100/352] train_loss=0.3429 | train_acc=0.9437
2026-03-23 01:17:34 | INFO |   [Batch  150/352] train_loss=0.3412 | train_acc=0.9436
2026-03-23 01:17:35 | INFO |   [Batch  200/352] train_loss=0.3427 | train_acc=0.9422
2026-03-23 01:17:37 | INFO |   [Batch  250/352] train_loss=0.3446 | train_acc=0.9410
2026-03-23 01:17:38 | INFO |   [Batch  300/352] train_loss=0.3463 | train_acc=0.9399
2026-03-23 01:17:39 | INFO |   [Batch  350/352] train_loss=0.3485 | train_acc=0.9385
2026-03-23 01:17:47 | INFO |   Train | loss=0.3484 acc=0.9385 | Val | loss=0.4639 acc=0.8878 | lr=0.000598
2026-03-23 01:17:47 | INFO |   No improvement. Patience counter: 1/15
2026-03-23 01:17:47 | INFO | Epoch 36/80
2026-03-23 01:17:55 | INFO |   [Batch   50/352] train_loss=0.3340 | train_acc=0.9439
2026-03-23 01:17:57 | INFO |   [Batch  100/352] train_loss=0.3339 | train_acc=0.9451
2026-03-23 01:17:58 | INFO |   [Batch  150/352] train_loss=0.3343 | train_acc=0.9445
2026-03-23 01:18:00 | INFO |   [Batch  200/352] train_loss=0.3344 | train_acc=0.9439
2026-03-23 01:18:01 | INFO |   [Batch  250/352] train_loss=0.3358 | train_acc=0.9434
2026-03-23 01:18:02 | INFO |   [Batch  300/352] train_loss=0.3373 | train_acc=0.9422
2026-03-23 01:18:04 | INFO |   [Batch  350/352] train_loss=0.3392 | train_acc=0.9414
2026-03-23 01:18:12 | INFO |   Train | loss=0.3393 acc=0.9413 | Val | loss=0.4405 acc=0.8914 | lr=0.000579
2026-03-23 01:18:12 | INFO |   No improvement. Patience counter: 2/15
2026-03-23 01:18:12 | INFO | Epoch 37/80
2026-03-23 01:18:20 | INFO |   [Batch   50/352] train_loss=0.3259 | train_acc=0.9456
2026-03-23 01:18:21 | INFO |   [Batch  100/352] train_loss=0.3247 | train_acc=0.9447
2026-03-23 01:18:23 | INFO |   [Batch  150/352] train_loss=0.3247 | train_acc=0.9447
2026-03-23 01:18:24 | INFO |   [Batch  200/352] train_loss=0.3259 | train_acc=0.9447
2026-03-23 01:18:25 | INFO |   [Batch  250/352] train_loss=0.3291 | train_acc=0.9434
2026-03-23 01:18:27 | INFO |   [Batch  300/352] train_loss=0.3308 | train_acc=0.9432
2026-03-23 01:18:28 | INFO |   [Batch  350/352] train_loss=0.3332 | train_acc=0.9425
2026-03-23 01:18:36 | INFO |   Train | loss=0.3333 acc=0.9424 | Val | loss=0.4528 acc=0.8912 | lr=0.000559
2026-03-23 01:18:36 | INFO |   No improvement. Patience counter: 3/15
2026-03-23 01:18:36 | INFO | Epoch 38/80
2026-03-23 01:18:45 | INFO |   [Batch   50/352] train_loss=0.3168 | train_acc=0.9492
2026-03-23 01:18:46 | INFO |   [Batch  100/352] train_loss=0.3136 | train_acc=0.9498
2026-03-23 01:18:47 | INFO |   [Batch  150/352] train_loss=0.3154 | train_acc=0.9493
2026-03-23 01:18:49 | INFO |   [Batch  200/352] train_loss=0.3169 | train_acc=0.9481
2026-03-23 01:18:50 | INFO |   [Batch  250/352] train_loss=0.3187 | train_acc=0.9478
2026-03-23 01:18:52 | INFO |   [Batch  300/352] train_loss=0.3209 | train_acc=0.9470
2026-03-23 01:18:53 | INFO |   [Batch  350/352] train_loss=0.3239 | train_acc=0.9462
2026-03-23 01:19:01 | INFO |   Train | loss=0.3242 acc=0.9460 | Val | loss=0.4302 acc=0.8882 | lr=0.000540
2026-03-23 01:19:01 | INFO |   No improvement. Patience counter: 4/15
2026-03-23 01:19:01 | INFO | Epoch 39/80
2026-03-23 01:19:09 | INFO |   [Batch   50/352] train_loss=0.3135 | train_acc=0.9508
2026-03-23 01:19:10 | INFO |   [Batch  100/352] train_loss=0.3138 | train_acc=0.9492
2026-03-23 01:19:12 | INFO |   [Batch  150/352] train_loss=0.3157 | train_acc=0.9483
2026-03-23 01:19:13 | INFO |   [Batch  200/352] train_loss=0.3150 | train_acc=0.9488
2026-03-23 01:19:15 | INFO |   [Batch  250/352] train_loss=0.3135 | train_acc=0.9493
2026-03-23 01:19:16 | INFO |   [Batch  300/352] train_loss=0.3139 | train_acc=0.9489
2026-03-23 01:19:17 | INFO |   [Batch  350/352] train_loss=0.3150 | train_acc=0.9486
2026-03-23 01:19:25 | INFO |   Train | loss=0.3151 acc=0.9485 | Val | loss=0.4176 acc=0.8892 | lr=0.000520
2026-03-23 01:19:25 | INFO |   Saved best model → C:\Users\İhsan\Desktop\Development\cs515\aigul_CS515\results\checkpoints\HW2\simplecnn_kd\simplecnn_kd_best_model.pt (val_loss=0.4176)
2026-03-23 01:19:25 | INFO | Epoch 40/80
2026-03-23 01:19:34 | INFO |   [Batch   50/352] train_loss=0.2997 | train_acc=0.9528
2026-03-23 01:19:35 | INFO |   [Batch  100/352] train_loss=0.2964 | train_acc=0.9550
2026-03-23 01:19:36 | INFO |   [Batch  150/352] train_loss=0.2977 | train_acc=0.9541
2026-03-23 01:19:38 | INFO |   [Batch  200/352] train_loss=0.2991 | train_acc=0.9532
2026-03-23 01:19:39 | INFO |   [Batch  250/352] train_loss=0.3005 | train_acc=0.9523
2026-03-23 01:19:41 | INFO |   [Batch  300/352] train_loss=0.3001 | train_acc=0.9527
2026-03-23 01:19:42 | INFO |   [Batch  350/352] train_loss=0.3030 | train_acc=0.9515
2026-03-23 01:19:50 | INFO |   Train | loss=0.3030 acc=0.9515 | Val | loss=0.4299 acc=0.8926 | lr=0.000501
2026-03-23 01:19:50 | INFO |   No improvement. Patience counter: 1/15
2026-03-23 01:19:50 | INFO | Epoch 41/80
2026-03-23 01:19:58 | INFO |   [Batch   50/352] train_loss=0.2897 | train_acc=0.9573
2026-03-23 01:20:00 | INFO |   [Batch  100/352] train_loss=0.2930 | train_acc=0.9581
2026-03-23 01:20:01 | INFO |   [Batch  150/352] train_loss=0.2944 | train_acc=0.9577
2026-03-23 01:20:02 | INFO |   [Batch  200/352] train_loss=0.2957 | train_acc=0.9568
2026-03-23 01:20:04 | INFO |   [Batch  250/352] train_loss=0.2971 | train_acc=0.9561
2026-03-23 01:20:05 | INFO |   [Batch  300/352] train_loss=0.2972 | train_acc=0.9559
2026-03-23 01:20:07 | INFO |   [Batch  350/352] train_loss=0.2975 | train_acc=0.9558
2026-03-23 01:20:14 | INFO |   Train | loss=0.2975 acc=0.9558 | Val | loss=0.4260 acc=0.8966 | lr=0.000481
2026-03-23 01:20:14 | INFO |   No improvement. Patience counter: 2/15
2026-03-23 01:20:14 | INFO | Epoch 42/80
2026-03-23 01:20:23 | INFO |   [Batch   50/352] train_loss=0.2823 | train_acc=0.9600
2026-03-23 01:20:24 | INFO |   [Batch  100/352] train_loss=0.2857 | train_acc=0.9606
2026-03-23 01:20:25 | INFO |   [Batch  150/352] train_loss=0.2830 | train_acc=0.9608
2026-03-23 01:20:27 | INFO |   [Batch  200/352] train_loss=0.2835 | train_acc=0.9600
2026-03-23 01:20:28 | INFO |   [Batch  250/352] train_loss=0.2851 | train_acc=0.9595
2026-03-23 01:20:30 | INFO |   [Batch  300/352] train_loss=0.2859 | train_acc=0.9585
2026-03-23 01:20:31 | INFO |   [Batch  350/352] train_loss=0.2870 | train_acc=0.9581
2026-03-23 01:20:39 | INFO |   Train | loss=0.2870 acc=0.9581 | Val | loss=0.4497 acc=0.8812 | lr=0.000461
2026-03-23 01:20:39 | INFO |   No improvement. Patience counter: 3/15
2026-03-23 01:20:39 | INFO | Epoch 43/80
2026-03-23 01:20:47 | INFO |   [Batch   50/352] train_loss=0.2742 | train_acc=0.9644
2026-03-23 01:20:49 | INFO |   [Batch  100/352] train_loss=0.2762 | train_acc=0.9639
2026-03-23 01:20:50 | INFO |   [Batch  150/352] train_loss=0.2835 | train_acc=0.9593
2026-03-23 01:20:52 | INFO |   [Batch  200/352] train_loss=0.2862 | train_acc=0.9585
2026-03-23 01:20:53 | INFO |   [Batch  250/352] train_loss=0.2852 | train_acc=0.9592
2026-03-23 01:20:54 | INFO |   [Batch  300/352] train_loss=0.2862 | train_acc=0.9587
2026-03-23 01:20:56 | INFO |   [Batch  350/352] train_loss=0.2854 | train_acc=0.9587
2026-03-23 01:21:03 | INFO |   Train | loss=0.2854 acc=0.9587 | Val | loss=0.4137 acc=0.8946 | lr=0.000442
2026-03-23 01:21:03 | INFO |   Saved best model → C:\Users\İhsan\Desktop\Development\cs515\aigul_CS515\results\checkpoints\HW2\simplecnn_kd\simplecnn_kd_best_model.pt (val_loss=0.4137)
2026-03-23 01:21:03 | INFO | Epoch 44/80
2026-03-23 01:21:12 | INFO |   [Batch   50/352] train_loss=0.2752 | train_acc=0.9609
2026-03-23 01:21:13 | INFO |   [Batch  100/352] train_loss=0.2777 | train_acc=0.9604
2026-03-23 01:21:15 | INFO |   [Batch  150/352] train_loss=0.2786 | train_acc=0.9603
2026-03-23 01:21:16 | INFO |   [Batch  200/352] train_loss=0.2796 | train_acc=0.9601
2026-03-23 01:21:18 | INFO |   [Batch  250/352] train_loss=0.2792 | train_acc=0.9599
2026-03-23 01:21:19 | INFO |   [Batch  300/352] train_loss=0.2803 | train_acc=0.9596
2026-03-23 01:21:20 | INFO |   [Batch  350/352] train_loss=0.2800 | train_acc=0.9600
2026-03-23 01:21:28 | INFO |   Train | loss=0.2801 acc=0.9599 | Val | loss=0.4006 acc=0.9010 | lr=0.000422
2026-03-23 01:21:28 | INFO |   Saved best model → C:\Users\İhsan\Desktop\Development\cs515\aigul_CS515\results\checkpoints\HW2\simplecnn_kd\simplecnn_kd_best_model.pt (val_loss=0.4006)
2026-03-23 01:21:28 | INFO | Epoch 45/80
2026-03-23 01:21:37 | INFO |   [Batch   50/352] train_loss=0.2717 | train_acc=0.9613
2026-03-23 01:21:38 | INFO |   [Batch  100/352] train_loss=0.2691 | train_acc=0.9638
2026-03-23 01:21:39 | INFO |   [Batch  150/352] train_loss=0.2672 | train_acc=0.9645
2026-03-23 01:21:41 | INFO |   [Batch  200/352] train_loss=0.2683 | train_acc=0.9634
2026-03-23 01:21:42 | INFO |   [Batch  250/352] train_loss=0.2683 | train_acc=0.9635
2026-03-23 01:21:43 | INFO |   [Batch  300/352] train_loss=0.2698 | train_acc=0.9627
2026-03-23 01:21:45 | INFO |   [Batch  350/352] train_loss=0.2704 | train_acc=0.9625
2026-03-23 01:21:53 | INFO |   Train | loss=0.2704 acc=0.9624 | Val | loss=0.4155 acc=0.8982 | lr=0.000403
2026-03-23 01:21:53 | INFO |   No improvement. Patience counter: 1/15
2026-03-23 01:21:53 | INFO | Epoch 46/80
2026-03-23 01:22:01 | INFO |   [Batch   50/352] train_loss=0.2617 | train_acc=0.9672
2026-03-23 01:22:02 | INFO |   [Batch  100/352] train_loss=0.2580 | train_acc=0.9695
2026-03-23 01:22:04 | INFO |   [Batch  150/352] train_loss=0.2608 | train_acc=0.9673
2026-03-23 01:22:05 | INFO |   [Batch  200/352] train_loss=0.2613 | train_acc=0.9669
2026-03-23 01:22:06 | INFO |   [Batch  250/352] train_loss=0.2594 | train_acc=0.9675
2026-03-23 01:22:08 | INFO |   [Batch  300/352] train_loss=0.2598 | train_acc=0.9675
2026-03-23 01:22:09 | INFO |   [Batch  350/352] train_loss=0.2616 | train_acc=0.9665
2026-03-23 01:22:17 | INFO |   Train | loss=0.2617 acc=0.9665 | Val | loss=0.4119 acc=0.9022 | lr=0.000384
2026-03-23 01:22:17 | INFO |   No improvement. Patience counter: 2/15
2026-03-23 01:22:17 | INFO | Epoch 47/80
2026-03-23 01:22:26 | INFO |   [Batch   50/352] train_loss=0.2522 | train_acc=0.9688
2026-03-23 01:22:27 | INFO |   [Batch  100/352] train_loss=0.2534 | train_acc=0.9695
2026-03-23 01:22:29 | INFO |   [Batch  150/352] train_loss=0.2521 | train_acc=0.9697
2026-03-23 01:22:30 | INFO |   [Batch  200/352] train_loss=0.2523 | train_acc=0.9696
2026-03-23 01:22:31 | INFO |   [Batch  250/352] train_loss=0.2535 | train_acc=0.9691
2026-03-23 01:22:33 | INFO |   [Batch  300/352] train_loss=0.2548 | train_acc=0.9685
2026-03-23 01:22:34 | INFO |   [Batch  350/352] train_loss=0.2557 | train_acc=0.9678
2026-03-23 01:22:42 | INFO |   Train | loss=0.2557 acc=0.9678 | Val | loss=0.4191 acc=0.8948 | lr=0.000365
2026-03-23 01:22:42 | INFO |   No improvement. Patience counter: 3/15
2026-03-23 01:22:42 | INFO | Epoch 48/80
2026-03-23 01:22:50 | INFO |   [Batch   50/352] train_loss=0.2526 | train_acc=0.9678
2026-03-23 01:22:52 | INFO |   [Batch  100/352] train_loss=0.2496 | train_acc=0.9704
2026-03-23 01:22:53 | INFO |   [Batch  150/352] train_loss=0.2524 | train_acc=0.9693
2026-03-23 01:22:55 | INFO |   [Batch  200/352] train_loss=0.2517 | train_acc=0.9702
2026-03-23 01:22:56 | INFO |   [Batch  250/352] train_loss=0.2503 | train_acc=0.9705
2026-03-23 01:22:57 | INFO |   [Batch  300/352] train_loss=0.2503 | train_acc=0.9704
2026-03-23 01:22:59 | INFO |   [Batch  350/352] train_loss=0.2492 | train_acc=0.9704
2026-03-23 01:23:07 | INFO |   Train | loss=0.2494 acc=0.9702 | Val | loss=0.4044 acc=0.9002 | lr=0.000346
2026-03-23 01:23:07 | INFO |   No improvement. Patience counter: 4/15
2026-03-23 01:23:07 | INFO | Epoch 49/80
2026-03-23 01:23:15 | INFO |   [Batch   50/352] train_loss=0.2477 | train_acc=0.9686
2026-03-23 01:23:16 | INFO |   [Batch  100/352] train_loss=0.2456 | train_acc=0.9705
2026-03-23 01:23:18 | INFO |   [Batch  150/352] train_loss=0.2447 | train_acc=0.9711
2026-03-23 01:23:19 | INFO |   [Batch  200/352] train_loss=0.2443 | train_acc=0.9709
2026-03-23 01:23:21 | INFO |   [Batch  250/352] train_loss=0.2451 | train_acc=0.9704
2026-03-23 01:23:22 | INFO |   [Batch  300/352] train_loss=0.2455 | train_acc=0.9703
2026-03-23 01:23:23 | INFO |   [Batch  350/352] train_loss=0.2449 | train_acc=0.9706
2026-03-23 01:23:31 | INFO |   Train | loss=0.2451 acc=0.9705 | Val | loss=0.4099 acc=0.8966 | lr=0.000328
2026-03-23 01:23:31 | INFO |   No improvement. Patience counter: 5/15
2026-03-23 01:23:31 | INFO | Epoch 50/80
2026-03-23 01:23:40 | INFO |   [Batch   50/352] train_loss=0.2320 | train_acc=0.9747
2026-03-23 01:23:41 | INFO |   [Batch  100/352] train_loss=0.2339 | train_acc=0.9734
2026-03-23 01:23:42 | INFO |   [Batch  150/352] train_loss=0.2336 | train_acc=0.9736
2026-03-23 01:23:44 | INFO |   [Batch  200/352] train_loss=0.2338 | train_acc=0.9740
2026-03-23 01:23:45 | INFO |   [Batch  250/352] train_loss=0.2355 | train_acc=0.9734
2026-03-23 01:23:46 | INFO |   [Batch  300/352] train_loss=0.2370 | train_acc=0.9729
2026-03-23 01:23:48 | INFO |   [Batch  350/352] train_loss=0.2374 | train_acc=0.9725
2026-03-23 01:23:56 | INFO |   Train | loss=0.2376 acc=0.9724 | Val | loss=0.4073 acc=0.8992 | lr=0.000309
2026-03-23 01:23:56 | INFO |   No improvement. Patience counter: 6/15
2026-03-23 01:23:56 | INFO | Epoch 51/80
2026-03-23 01:24:04 | INFO |   [Batch   50/352] train_loss=0.2312 | train_acc=0.9750
2026-03-23 01:24:05 | INFO |   [Batch  100/352] train_loss=0.2264 | train_acc=0.9777
2026-03-23 01:24:07 | INFO |   [Batch  150/352] train_loss=0.2298 | train_acc=0.9759
2026-03-23 01:24:08 | INFO |   [Batch  200/352] train_loss=0.2283 | train_acc=0.9769
2026-03-23 01:24:10 | INFO |   [Batch  250/352] train_loss=0.2291 | train_acc=0.9757
2026-03-23 01:24:11 | INFO |   [Batch  300/352] train_loss=0.2298 | train_acc=0.9754
2026-03-23 01:24:12 | INFO |   [Batch  350/352] train_loss=0.2303 | train_acc=0.9753
2026-03-23 01:24:20 | INFO |   Train | loss=0.2304 acc=0.9752 | Val | loss=0.3901 acc=0.9032 | lr=0.000291
2026-03-23 01:24:20 | INFO |   Saved best model → C:\Users\İhsan\Desktop\Development\cs515\aigul_CS515\results\checkpoints\HW2\simplecnn_kd\simplecnn_kd_best_model.pt (val_loss=0.3901)
2026-03-23 01:24:20 | INFO | Epoch 52/80
2026-03-23 01:24:29 | INFO |   [Batch   50/352] train_loss=0.2213 | train_acc=0.9795
2026-03-23 01:24:30 | INFO |   [Batch  100/352] train_loss=0.2211 | train_acc=0.9799
2026-03-23 01:24:31 | INFO |   [Batch  150/352] train_loss=0.2220 | train_acc=0.9784
2026-03-23 01:24:33 | INFO |   [Batch  200/352] train_loss=0.2237 | train_acc=0.9774
2026-03-23 01:24:34 | INFO |   [Batch  250/352] train_loss=0.2234 | train_acc=0.9774
2026-03-23 01:24:36 | INFO |   [Batch  300/352] train_loss=0.2245 | train_acc=0.9772
2026-03-23 01:24:37 | INFO |   [Batch  350/352] train_loss=0.2252 | train_acc=0.9767
2026-03-23 01:24:45 | INFO |   Train | loss=0.2252 acc=0.9767 | Val | loss=0.4041 acc=0.8984 | lr=0.000274
2026-03-23 01:24:45 | INFO |   No improvement. Patience counter: 1/15
2026-03-23 01:24:45 | INFO | Epoch 53/80
2026-03-23 01:24:53 | INFO |   [Batch   50/352] train_loss=0.2185 | train_acc=0.9781
2026-03-23 01:24:55 | INFO |   [Batch  100/352] train_loss=0.2193 | train_acc=0.9775
2026-03-23 01:24:56 | INFO |   [Batch  150/352] train_loss=0.2159 | train_acc=0.9791
2026-03-23 01:24:57 | INFO |   [Batch  200/352] train_loss=0.2149 | train_acc=0.9790
2026-03-23 01:24:59 | INFO |   [Batch  250/352] train_loss=0.2159 | train_acc=0.9786
2026-03-23 01:25:00 | INFO |   [Batch  300/352] train_loss=0.2166 | train_acc=0.9782
2026-03-23 01:25:02 | INFO |   [Batch  350/352] train_loss=0.2170 | train_acc=0.9779
2026-03-23 01:25:10 | INFO |   Train | loss=0.2170 acc=0.9779 | Val | loss=0.3914 acc=0.9022 | lr=0.000256
2026-03-23 01:25:10 | INFO |   No improvement. Patience counter: 2/15
2026-03-23 01:25:10 | INFO | Epoch 54/80
2026-03-23 01:25:18 | INFO |   [Batch   50/352] train_loss=0.2128 | train_acc=0.9806
2026-03-23 01:25:19 | INFO |   [Batch  100/352] train_loss=0.2152 | train_acc=0.9798
2026-03-23 01:25:21 | INFO |   [Batch  150/352] train_loss=0.2176 | train_acc=0.9785
2026-03-23 01:25:22 | INFO |   [Batch  200/352] train_loss=0.2161 | train_acc=0.9793
2026-03-23 01:25:23 | INFO |   [Batch  250/352] train_loss=0.2153 | train_acc=0.9795
2026-03-23 01:25:25 | INFO |   [Batch  300/352] train_loss=0.2163 | train_acc=0.9795
2026-03-23 01:25:26 | INFO |   [Batch  350/352] train_loss=0.2160 | train_acc=0.9797
2026-03-23 01:25:34 | INFO |   Train | loss=0.2160 acc=0.9796 | Val | loss=0.4014 acc=0.8998 | lr=0.000240
2026-03-23 01:25:34 | INFO |   No improvement. Patience counter: 3/15
2026-03-23 01:25:34 | INFO | Epoch 55/80
2026-03-23 01:25:42 | INFO |   [Batch   50/352] train_loss=0.2092 | train_acc=0.9795
2026-03-23 01:25:44 | INFO |   [Batch  100/352] train_loss=0.2087 | train_acc=0.9804
2026-03-23 01:25:45 | INFO |   [Batch  150/352] train_loss=0.2074 | train_acc=0.9808
2026-03-23 01:25:46 | INFO |   [Batch  200/352] train_loss=0.2079 | train_acc=0.9807
2026-03-23 01:25:48 | INFO |   [Batch  250/352] train_loss=0.2093 | train_acc=0.9798
2026-03-23 01:25:49 | INFO |   [Batch  300/352] train_loss=0.2107 | train_acc=0.9794
2026-03-23 01:25:51 | INFO |   [Batch  350/352] train_loss=0.2099 | train_acc=0.9799
2026-03-23 01:25:58 | INFO |   Train | loss=0.2099 acc=0.9800 | Val | loss=0.3962 acc=0.9032 | lr=0.000223
2026-03-23 01:25:58 | INFO |   No improvement. Patience counter: 4/15
2026-03-23 01:25:58 | INFO | Epoch 56/80
2026-03-23 01:26:07 | INFO |   [Batch   50/352] train_loss=0.1984 | train_acc=0.9859
2026-03-23 01:26:08 | INFO |   [Batch  100/352] train_loss=0.2012 | train_acc=0.9843
2026-03-23 01:26:09 | INFO |   [Batch  150/352] train_loss=0.2009 | train_acc=0.9841
2026-03-23 01:26:11 | INFO |   [Batch  200/352] train_loss=0.2027 | train_acc=0.9832
2026-03-23 01:26:12 | INFO |   [Batch  250/352] train_loss=0.2024 | train_acc=0.9837
2026-03-23 01:26:14 | INFO |   [Batch  300/352] train_loss=0.2039 | train_acc=0.9829
2026-03-23 01:26:15 | INFO |   [Batch  350/352] train_loss=0.2043 | train_acc=0.9827
2026-03-23 01:26:23 | INFO |   Train | loss=0.2042 acc=0.9828 | Val | loss=0.3921 acc=0.9062 | lr=0.000207
2026-03-23 01:26:23 | INFO |   No improvement. Patience counter: 5/15
2026-03-23 01:26:23 | INFO | Epoch 57/80
2026-03-23 01:26:31 | INFO |   [Batch   50/352] train_loss=0.1985 | train_acc=0.9833
2026-03-23 01:26:32 | INFO |   [Batch  100/352] train_loss=0.1983 | train_acc=0.9838
2026-03-23 01:26:34 | INFO |   [Batch  150/352] train_loss=0.1987 | train_acc=0.9835
2026-03-23 01:26:35 | INFO |   [Batch  200/352] train_loss=0.1983 | train_acc=0.9838
2026-03-23 01:26:37 | INFO |   [Batch  250/352] train_loss=0.1984 | train_acc=0.9835
2026-03-23 01:26:38 | INFO |   [Batch  300/352] train_loss=0.1991 | train_acc=0.9831
2026-03-23 01:26:39 | INFO |   [Batch  350/352] train_loss=0.1996 | train_acc=0.9833
2026-03-23 01:26:47 | INFO |   Train | loss=0.1996 acc=0.9832 | Val | loss=0.3891 acc=0.9074 | lr=0.000191
2026-03-23 01:26:47 | INFO |   Saved best model → C:\Users\İhsan\Desktop\Development\cs515\aigul_CS515\results\checkpoints\HW2\simplecnn_kd\simplecnn_kd_best_model.pt (val_loss=0.3891)
2026-03-23 01:26:47 | INFO | Epoch 58/80
2026-03-23 01:26:56 | INFO |   [Batch   50/352] train_loss=0.1930 | train_acc=0.9848
2026-03-23 01:26:57 | INFO |   [Batch  100/352] train_loss=0.1953 | train_acc=0.9841
2026-03-23 01:26:59 | INFO |   [Batch  150/352] train_loss=0.1959 | train_acc=0.9835
2026-03-23 01:27:00 | INFO |   [Batch  200/352] train_loss=0.1969 | train_acc=0.9834
2026-03-23 01:27:01 | INFO |   [Batch  250/352] train_loss=0.1976 | train_acc=0.9833
2026-03-23 01:27:03 | INFO |   [Batch  300/352] train_loss=0.1976 | train_acc=0.9830
2026-03-23 01:27:04 | INFO |   [Batch  350/352] train_loss=0.1981 | train_acc=0.9829
2026-03-23 01:27:13 | INFO |   Train | loss=0.1981 acc=0.9828 | Val | loss=0.3816 acc=0.9046 | lr=0.000176
2026-03-23 01:27:13 | INFO |   Saved best model → C:\Users\İhsan\Desktop\Development\cs515\aigul_CS515\results\checkpoints\HW2\simplecnn_kd\simplecnn_kd_best_model.pt (val_loss=0.3816)
2026-03-23 01:27:13 | INFO | Epoch 59/80
2026-03-23 01:27:21 | INFO |   [Batch   50/352] train_loss=0.1941 | train_acc=0.9866
2026-03-23 01:27:22 | INFO |   [Batch  100/352] train_loss=0.1917 | train_acc=0.9861
2026-03-23 01:27:24 | INFO |   [Batch  150/352] train_loss=0.1923 | train_acc=0.9859
2026-03-23 01:27:25 | INFO |   [Batch  200/352] train_loss=0.1915 | train_acc=0.9860
2026-03-23 01:27:27 | INFO |   [Batch  250/352] train_loss=0.1913 | train_acc=0.9857
2026-03-23 01:27:28 | INFO |   [Batch  300/352] train_loss=0.1917 | train_acc=0.9854
2026-03-23 01:27:29 | INFO |   [Batch  350/352] train_loss=0.1922 | train_acc=0.9852
2026-03-23 01:27:37 | INFO |   Train | loss=0.1922 acc=0.9852 | Val | loss=0.3871 acc=0.9020 | lr=0.000161
2026-03-23 01:27:37 | INFO |   No improvement. Patience counter: 1/15
2026-03-23 01:27:37 | INFO | Epoch 60/80
2026-03-23 01:27:45 | INFO |   [Batch   50/352] train_loss=0.1867 | train_acc=0.9861
2026-03-23 01:27:47 | INFO |   [Batch  100/352] train_loss=0.1871 | train_acc=0.9866
2026-03-23 01:27:48 | INFO |   [Batch  150/352] train_loss=0.1890 | train_acc=0.9851
2026-03-23 01:27:50 | INFO |   [Batch  200/352] train_loss=0.1888 | train_acc=0.9852
2026-03-23 01:27:51 | INFO |   [Batch  250/352] train_loss=0.1883 | train_acc=0.9856
2026-03-23 01:27:52 | INFO |   [Batch  300/352] train_loss=0.1885 | train_acc=0.9857
2026-03-23 01:27:54 | INFO |   [Batch  350/352] train_loss=0.1893 | train_acc=0.9855
2026-03-23 01:28:02 | INFO |   Train | loss=0.1894 acc=0.9855 | Val | loss=0.3875 acc=0.9060 | lr=0.000147
2026-03-23 01:28:02 | INFO |   No improvement. Patience counter: 2/15
2026-03-23 01:28:02 | INFO | Epoch 61/80
2026-03-23 01:28:10 | INFO |   [Batch   50/352] train_loss=0.1862 | train_acc=0.9859
2026-03-23 01:28:11 | INFO |   [Batch  100/352] train_loss=0.1864 | train_acc=0.9859
2026-03-23 01:28:13 | INFO |   [Batch  150/352] train_loss=0.1856 | train_acc=0.9862
2026-03-23 01:28:14 | INFO |   [Batch  200/352] train_loss=0.1845 | train_acc=0.9870
2026-03-23 01:28:16 | INFO |   [Batch  250/352] train_loss=0.1844 | train_acc=0.9867
2026-03-23 01:28:17 | INFO |   [Batch  300/352] train_loss=0.1849 | train_acc=0.9869
2026-03-23 01:28:18 | INFO |   [Batch  350/352] train_loss=0.1848 | train_acc=0.9870
2026-03-23 01:28:26 | INFO |   Train | loss=0.1850 acc=0.9870 | Val | loss=0.3945 acc=0.9060 | lr=0.000134
2026-03-23 01:28:26 | INFO |   No improvement. Patience counter: 3/15
2026-03-23 01:28:26 | INFO | Epoch 62/80
2026-03-23 01:28:35 | INFO |   [Batch   50/352] train_loss=0.1787 | train_acc=0.9909
2026-03-23 01:28:36 | INFO |   [Batch  100/352] train_loss=0.1830 | train_acc=0.9888
2026-03-23 01:28:37 | INFO |   [Batch  150/352] train_loss=0.1835 | train_acc=0.9885
2026-03-23 01:28:39 | INFO |   [Batch  200/352] train_loss=0.1830 | train_acc=0.9888
2026-03-23 01:28:40 | INFO |   [Batch  250/352] train_loss=0.1824 | train_acc=0.9888
2026-03-23 01:28:42 | INFO |   [Batch  300/352] train_loss=0.1821 | train_acc=0.9884
2026-03-23 01:28:43 | INFO |   [Batch  350/352] train_loss=0.1827 | train_acc=0.9884
2026-03-23 01:28:51 | INFO |   Train | loss=0.1826 acc=0.9884 | Val | loss=0.3877 acc=0.9058 | lr=0.000121
2026-03-23 01:28:51 | INFO |   No improvement. Patience counter: 4/15
2026-03-23 01:28:51 | INFO | Epoch 63/80
2026-03-23 01:28:59 | INFO |   [Batch   50/352] train_loss=0.1788 | train_acc=0.9875
2026-03-23 01:29:01 | INFO |   [Batch  100/352] train_loss=0.1779 | train_acc=0.9880
2026-03-23 01:29:02 | INFO |   [Batch  150/352] train_loss=0.1778 | train_acc=0.9893
2026-03-23 01:29:03 | INFO |   [Batch  200/352] train_loss=0.1773 | train_acc=0.9891
2026-03-23 01:29:05 | INFO |   [Batch  250/352] train_loss=0.1769 | train_acc=0.9891
2026-03-23 01:29:06 | INFO |   [Batch  300/352] train_loss=0.1778 | train_acc=0.9886
2026-03-23 01:29:08 | INFO |   [Batch  350/352] train_loss=0.1781 | train_acc=0.9885
2026-03-23 01:29:15 | INFO |   Train | loss=0.1780 acc=0.9886 | Val | loss=0.3904 acc=0.9076 | lr=0.000108
2026-03-23 01:29:15 | INFO |   No improvement. Patience counter: 5/15
2026-03-23 01:29:15 | INFO | Epoch 64/80
2026-03-23 01:29:23 | INFO |   [Batch   50/352] train_loss=0.1735 | train_acc=0.9880
2026-03-23 01:29:25 | INFO |   [Batch  100/352] train_loss=0.1752 | train_acc=0.9883
2026-03-23 01:29:26 | INFO |   [Batch  150/352] train_loss=0.1755 | train_acc=0.9883
2026-03-23 01:29:28 | INFO |   [Batch  200/352] train_loss=0.1762 | train_acc=0.9881
2026-03-23 01:29:29 | INFO |   [Batch  250/352] train_loss=0.1761 | train_acc=0.9883
2026-03-23 01:29:30 | INFO |   [Batch  300/352] train_loss=0.1749 | train_acc=0.9888
2026-03-23 01:29:32 | INFO |   [Batch  350/352] train_loss=0.1755 | train_acc=0.9888
2026-03-23 01:29:40 | INFO |   Train | loss=0.1754 acc=0.9888 | Val | loss=0.3836 acc=0.9054 | lr=0.000096
2026-03-23 01:29:40 | INFO |   No improvement. Patience counter: 6/15
2026-03-23 01:29:40 | INFO | Epoch 65/80
2026-03-23 01:29:48 | INFO |   [Batch   50/352] train_loss=0.1728 | train_acc=0.9897
2026-03-23 01:29:49 | INFO |   [Batch  100/352] train_loss=0.1728 | train_acc=0.9903
2026-03-23 01:29:51 | INFO |   [Batch  150/352] train_loss=0.1707 | train_acc=0.9908
2026-03-23 01:29:52 | INFO |   [Batch  200/352] train_loss=0.1726 | train_acc=0.9900
2026-03-23 01:29:54 | INFO |   [Batch  250/352] train_loss=0.1722 | train_acc=0.9903
2026-03-23 01:29:55 | INFO |   [Batch  300/352] train_loss=0.1723 | train_acc=0.9898
2026-03-23 01:29:56 | INFO |   [Batch  350/352] train_loss=0.1720 | train_acc=0.9895
2026-03-23 01:30:04 | INFO |   Train | loss=0.1719 acc=0.9895 | Val | loss=0.3753 acc=0.9076 | lr=0.000085
2026-03-23 01:30:04 | INFO |   Saved best model → C:\Users\İhsan\Desktop\Development\cs515\aigul_CS515\results\checkpoints\HW2\simplecnn_kd\simplecnn_kd_best_model.pt (val_loss=0.3753)
2026-03-23 01:30:04 | INFO | Epoch 66/80
2026-03-23 01:30:12 | INFO |   [Batch   50/352] train_loss=0.1723 | train_acc=0.9892
2026-03-23 01:30:14 | INFO |   [Batch  100/352] train_loss=0.1701 | train_acc=0.9904
2026-03-23 01:30:15 | INFO |   [Batch  150/352] train_loss=0.1701 | train_acc=0.9902
2026-03-23 01:30:17 | INFO |   [Batch  200/352] train_loss=0.1700 | train_acc=0.9908
2026-03-23 01:30:18 | INFO |   [Batch  250/352] train_loss=0.1700 | train_acc=0.9908
2026-03-23 01:30:19 | INFO |   [Batch  300/352] train_loss=0.1705 | train_acc=0.9908
2026-03-23 01:30:21 | INFO |   [Batch  350/352] train_loss=0.1704 | train_acc=0.9908
2026-03-23 01:30:29 | INFO |   Train | loss=0.1704 acc=0.9908 | Val | loss=0.3771 acc=0.9048 | lr=0.000075
2026-03-23 01:30:29 | INFO |   No improvement. Patience counter: 1/15
2026-03-23 01:30:29 | INFO | Epoch 67/80
2026-03-23 01:30:37 | INFO |   [Batch   50/352] train_loss=0.1667 | train_acc=0.9908
2026-03-23 01:30:38 | INFO |   [Batch  100/352] train_loss=0.1642 | train_acc=0.9912
2026-03-23 01:30:40 | INFO |   [Batch  150/352] train_loss=0.1656 | train_acc=0.9911
2026-03-23 01:30:41 | INFO |   [Batch  200/352] train_loss=0.1668 | train_acc=0.9906
2026-03-23 01:30:43 | INFO |   [Batch  250/352] train_loss=0.1663 | train_acc=0.9908
2026-03-23 01:30:44 | INFO |   [Batch  300/352] train_loss=0.1663 | train_acc=0.9911
2026-03-23 01:30:45 | INFO |   [Batch  350/352] train_loss=0.1664 | train_acc=0.9912
2026-03-23 01:30:53 | INFO |   Train | loss=0.1664 acc=0.9912 | Val | loss=0.3809 acc=0.9082 | lr=0.000065
2026-03-23 01:30:53 | INFO |   No improvement. Patience counter: 2/15
2026-03-23 01:30:53 | INFO | Epoch 68/80
2026-03-23 01:31:02 | INFO |   [Batch   50/352] train_loss=0.1635 | train_acc=0.9928
2026-03-23 01:31:03 | INFO |   [Batch  100/352] train_loss=0.1652 | train_acc=0.9925
2026-03-23 01:31:04 | INFO |   [Batch  150/352] train_loss=0.1643 | train_acc=0.9926
2026-03-23 01:31:06 | INFO |   [Batch  200/352] train_loss=0.1642 | train_acc=0.9925
2026-03-23 01:31:07 | INFO |   [Batch  250/352] train_loss=0.1646 | train_acc=0.9925
2026-03-23 01:31:09 | INFO |   [Batch  300/352] train_loss=0.1644 | train_acc=0.9923
2026-03-23 01:31:10 | INFO |   [Batch  350/352] train_loss=0.1644 | train_acc=0.9921
2026-03-23 01:31:18 | INFO |   Train | loss=0.1644 acc=0.9921 | Val | loss=0.3890 acc=0.9082 | lr=0.000055
2026-03-23 01:31:18 | INFO |   No improvement. Patience counter: 3/15
2026-03-23 01:31:18 | INFO | Epoch 69/80
2026-03-23 01:31:26 | INFO |   [Batch   50/352] train_loss=0.1622 | train_acc=0.9909
2026-03-23 01:31:28 | INFO |   [Batch  100/352] train_loss=0.1620 | train_acc=0.9909
2026-03-23 01:31:29 | INFO |   [Batch  150/352] train_loss=0.1622 | train_acc=0.9909
2026-03-23 01:31:30 | INFO |   [Batch  200/352] train_loss=0.1629 | train_acc=0.9912
2026-03-23 01:31:32 | INFO |   [Batch  250/352] train_loss=0.1627 | train_acc=0.9918
2026-03-23 01:31:33 | INFO |   [Batch  300/352] train_loss=0.1629 | train_acc=0.9916
2026-03-23 01:31:35 | INFO |   [Batch  350/352] train_loss=0.1629 | train_acc=0.9913
2026-03-23 01:31:43 | INFO |   Train | loss=0.1629 acc=0.9913 | Val | loss=0.3742 acc=0.9086 | lr=0.000047
2026-03-23 01:31:43 | INFO |   Saved best model → C:\Users\İhsan\Desktop\Development\cs515\aigul_CS515\results\checkpoints\HW2\simplecnn_kd\simplecnn_kd_best_model.pt (val_loss=0.3742)
2026-03-23 01:31:43 | INFO | Epoch 70/80
2026-03-23 01:31:51 | INFO |   [Batch   50/352] train_loss=0.1592 | train_acc=0.9936
2026-03-23 01:31:52 | INFO |   [Batch  100/352] train_loss=0.1607 | train_acc=0.9923
2026-03-23 01:31:54 | INFO |   [Batch  150/352] train_loss=0.1617 | train_acc=0.9916
2026-03-23 01:31:55 | INFO |   [Batch  200/352] train_loss=0.1613 | train_acc=0.9920
2026-03-23 01:31:56 | INFO |   [Batch  250/352] train_loss=0.1617 | train_acc=0.9919
2026-03-23 01:31:58 | INFO |   [Batch  300/352] train_loss=0.1617 | train_acc=0.9918
2026-03-23 01:31:59 | INFO |   [Batch  350/352] train_loss=0.1615 | train_acc=0.9919
2026-03-23 01:32:07 | INFO |   Train | loss=0.1614 acc=0.9919 | Val | loss=0.3840 acc=0.9070 | lr=0.000039
2026-03-23 01:32:07 | INFO |   No improvement. Patience counter: 1/15
2026-03-23 01:32:07 | INFO | Epoch 71/80
2026-03-23 01:32:15 | INFO |   [Batch   50/352] train_loss=0.1603 | train_acc=0.9923
2026-03-23 01:32:17 | INFO |   [Batch  100/352] train_loss=0.1591 | train_acc=0.9926
2026-03-23 01:32:18 | INFO |   [Batch  150/352] train_loss=0.1593 | train_acc=0.9928
2026-03-23 01:32:19 | INFO |   [Batch  200/352] train_loss=0.1591 | train_acc=0.9922
2026-03-23 01:32:21 | INFO |   [Batch  250/352] train_loss=0.1595 | train_acc=0.9924
2026-03-23 01:32:22 | INFO |   [Batch  300/352] train_loss=0.1595 | train_acc=0.9924
2026-03-23 01:32:24 | INFO |   [Batch  350/352] train_loss=0.1596 | train_acc=0.9924
2026-03-23 01:32:32 | INFO |   Train | loss=0.1596 acc=0.9924 | Val | loss=0.3772 acc=0.9116 | lr=0.000032
2026-03-23 01:32:32 | INFO |   No improvement. Patience counter: 2/15
2026-03-23 01:32:32 | INFO | Epoch 72/80
2026-03-23 01:32:40 | INFO |   [Batch   50/352] train_loss=0.1594 | train_acc=0.9931
2026-03-23 01:32:41 | INFO |   [Batch  100/352] train_loss=0.1607 | train_acc=0.9921
2026-03-23 01:32:43 | INFO |   [Batch  150/352] train_loss=0.1608 | train_acc=0.9922
2026-03-23 01:32:44 | INFO |   [Batch  200/352] train_loss=0.1602 | train_acc=0.9925
2026-03-23 01:32:46 | INFO |   [Batch  250/352] train_loss=0.1597 | train_acc=0.9927
2026-03-23 01:32:47 | INFO |   [Batch  300/352] train_loss=0.1593 | train_acc=0.9926
2026-03-23 01:32:48 | INFO |   [Batch  350/352] train_loss=0.1593 | train_acc=0.9925
2026-03-23 01:32:56 | INFO |   Train | loss=0.1593 acc=0.9925 | Val | loss=0.3800 acc=0.9086 | lr=0.000025
2026-03-23 01:32:56 | INFO |   No improvement. Patience counter: 3/15
2026-03-23 01:32:56 | INFO | Epoch 73/80
2026-03-23 01:33:05 | INFO |   [Batch   50/352] train_loss=0.1571 | train_acc=0.9931
2026-03-23 01:33:06 | INFO |   [Batch  100/352] train_loss=0.1569 | train_acc=0.9938
2026-03-23 01:33:07 | INFO |   [Batch  150/352] train_loss=0.1570 | train_acc=0.9939
2026-03-23 01:33:09 | INFO |   [Batch  200/352] train_loss=0.1557 | train_acc=0.9940
2026-03-23 01:33:10 | INFO |   [Batch  250/352] train_loss=0.1559 | train_acc=0.9941
2026-03-23 01:33:12 | INFO |   [Batch  300/352] train_loss=0.1558 | train_acc=0.9939
2026-03-23 01:33:13 | INFO |   [Batch  350/352] train_loss=0.1560 | train_acc=0.9936
2026-03-23 01:33:21 | INFO |   Train | loss=0.1560 acc=0.9936 | Val | loss=0.3728 acc=0.9092 | lr=0.000020
2026-03-23 01:33:21 | INFO |   Saved best model → C:\Users\İhsan\Desktop\Development\cs515\aigul_CS515\results\checkpoints\HW2\simplecnn_kd\simplecnn_kd_best_model.pt (val_loss=0.3728)
2026-03-23 01:33:21 | INFO | Epoch 74/80
2026-03-23 01:33:29 | INFO |   [Batch   50/352] train_loss=0.1541 | train_acc=0.9950
2026-03-23 01:33:30 | INFO |   [Batch  100/352] train_loss=0.1532 | train_acc=0.9954
2026-03-23 01:33:32 | INFO |   [Batch  150/352] train_loss=0.1559 | train_acc=0.9940
2026-03-23 01:33:33 | INFO |   [Batch  200/352] train_loss=0.1556 | train_acc=0.9941
2026-03-23 01:33:34 | INFO |   [Batch  250/352] train_loss=0.1565 | train_acc=0.9937
2026-03-23 01:33:36 | INFO |   [Batch  300/352] train_loss=0.1566 | train_acc=0.9934
2026-03-23 01:33:37 | INFO |   [Batch  350/352] train_loss=0.1564 | train_acc=0.9933
2026-03-23 01:33:45 | INFO |   Train | loss=0.1563 acc=0.9933 | Val | loss=0.3792 acc=0.9072 | lr=0.000015
2026-03-23 01:33:45 | INFO |   No improvement. Patience counter: 1/15
2026-03-23 01:33:45 | INFO | Epoch 75/80
2026-03-23 01:33:54 | INFO |   [Batch   50/352] train_loss=0.1543 | train_acc=0.9939
2026-03-23 01:33:55 | INFO |   [Batch  100/352] train_loss=0.1550 | train_acc=0.9932
2026-03-23 01:33:56 | INFO |   [Batch  150/352] train_loss=0.1568 | train_acc=0.9930
2026-03-23 01:33:58 | INFO |   [Batch  200/352] train_loss=0.1551 | train_acc=0.9935
2026-03-23 01:33:59 | INFO |   [Batch  250/352] train_loss=0.1558 | train_acc=0.9933
2026-03-23 01:34:00 | INFO |   [Batch  300/352] train_loss=0.1555 | train_acc=0.9934
2026-03-23 01:34:02 | INFO |   [Batch  350/352] train_loss=0.1556 | train_acc=0.9934
2026-03-23 01:34:10 | INFO |   Train | loss=0.1558 acc=0.9934 | Val | loss=0.3783 acc=0.9098 | lr=0.000011
2026-03-23 01:34:10 | INFO |   No improvement. Patience counter: 2/15
2026-03-23 01:34:10 | INFO | Epoch 76/80
2026-03-23 01:34:18 | INFO |   [Batch   50/352] train_loss=0.1519 | train_acc=0.9945
2026-03-23 01:34:19 | INFO |   [Batch  100/352] train_loss=0.1535 | train_acc=0.9941
2026-03-23 01:34:21 | INFO |   [Batch  150/352] train_loss=0.1536 | train_acc=0.9939
2026-03-23 01:34:22 | INFO |   [Batch  200/352] train_loss=0.1546 | train_acc=0.9936
2026-03-23 01:34:23 | INFO |   [Batch  250/352] train_loss=0.1551 | train_acc=0.9932
2026-03-23 01:34:25 | INFO |   [Batch  300/352] train_loss=0.1548 | train_acc=0.9934
2026-03-23 01:34:26 | INFO |   [Batch  350/352] train_loss=0.1550 | train_acc=0.9933
2026-03-23 01:34:34 | INFO |   Train | loss=0.1551 acc=0.9933 | Val | loss=0.3798 acc=0.9088 | lr=0.000007
2026-03-23 01:34:34 | INFO |   No improvement. Patience counter: 3/15
2026-03-23 01:34:34 | INFO | Epoch 77/80
2026-03-23 01:34:42 | INFO |   [Batch   50/352] train_loss=0.1557 | train_acc=0.9934
2026-03-23 01:34:44 | INFO |   [Batch  100/352] train_loss=0.1548 | train_acc=0.9937
2026-03-23 01:34:45 | INFO |   [Batch  150/352] train_loss=0.1540 | train_acc=0.9939
2026-03-23 01:34:47 | INFO |   [Batch  200/352] train_loss=0.1538 | train_acc=0.9942
2026-03-23 01:34:48 | INFO |   [Batch  250/352] train_loss=0.1536 | train_acc=0.9942
2026-03-23 01:34:49 | INFO |   [Batch  300/352] train_loss=0.1542 | train_acc=0.9939
2026-03-23 01:34:51 | INFO |   [Batch  350/352] train_loss=0.1549 | train_acc=0.9938
2026-03-23 01:34:59 | INFO |   Train | loss=0.1549 acc=0.9938 | Val | loss=0.3780 acc=0.9068 | lr=0.000004
2026-03-23 01:34:59 | INFO |   No improvement. Patience counter: 4/15
2026-03-23 01:34:59 | INFO | Epoch 78/80
2026-03-23 01:35:07 | INFO |   [Batch   50/352] train_loss=0.1534 | train_acc=0.9952
2026-03-23 01:35:09 | INFO |   [Batch  100/352] train_loss=0.1544 | train_acc=0.9947
2026-03-23 01:35:10 | INFO |   [Batch  150/352] train_loss=0.1533 | train_acc=0.9945
2026-03-23 01:35:11 | INFO |   [Batch  200/352] train_loss=0.1534 | train_acc=0.9941
2026-03-23 01:35:13 | INFO |   [Batch  250/352] train_loss=0.1532 | train_acc=0.9943
2026-03-23 01:35:14 | INFO |   [Batch  300/352] train_loss=0.1536 | train_acc=0.9939
2026-03-23 01:35:16 | INFO |   [Batch  350/352] train_loss=0.1540 | train_acc=0.9938
2026-03-23 01:35:24 | INFO |   Train | loss=0.1540 acc=0.9939 | Val | loss=0.3777 acc=0.9092 | lr=0.000003
2026-03-23 01:35:24 | INFO |   No improvement. Patience counter: 5/15
2026-03-23 01:35:24 | INFO | Epoch 79/80
2026-03-23 01:35:32 | INFO |   [Batch   50/352] train_loss=0.1528 | train_acc=0.9923
2026-03-23 01:35:33 | INFO |   [Batch  100/352] train_loss=0.1533 | train_acc=0.9921
2026-03-23 01:35:35 | INFO |   [Batch  150/352] train_loss=0.1533 | train_acc=0.9929
2026-03-23 01:35:36 | INFO |   [Batch  200/352] train_loss=0.1537 | train_acc=0.9930
2026-03-23 01:35:37 | INFO |   [Batch  250/352] train_loss=0.1534 | train_acc=0.9931
2026-03-23 01:35:39 | INFO |   [Batch  300/352] train_loss=0.1543 | train_acc=0.9928
2026-03-23 01:35:40 | INFO |   [Batch  350/352] train_loss=0.1542 | train_acc=0.9930
2026-03-23 01:35:48 | INFO |   Train | loss=0.1542 acc=0.9930 | Val | loss=0.3781 acc=0.9078 | lr=0.000001
2026-03-23 01:35:48 | INFO |   No improvement. Patience counter: 6/15
2026-03-23 01:35:48 | INFO | Epoch 80/80
2026-03-23 01:35:56 | INFO |   [Batch   50/352] train_loss=0.1572 | train_acc=0.9927
2026-03-23 01:35:58 | INFO |   [Batch  100/352] train_loss=0.1553 | train_acc=0.9930
2026-03-23 01:35:59 | INFO |   [Batch  150/352] train_loss=0.1546 | train_acc=0.9932
2026-03-23 01:36:01 | INFO |   [Batch  200/352] train_loss=0.1540 | train_acc=0.9935
2026-03-23 01:36:02 | INFO |   [Batch  250/352] train_loss=0.1544 | train_acc=0.9930
2026-03-23 01:36:03 | INFO |   [Batch  300/352] train_loss=0.1548 | train_acc=0.9931
2026-03-23 01:36:05 | INFO |   [Batch  350/352] train_loss=0.1546 | train_acc=0.9931
2026-03-23 01:36:13 | INFO |   Train | loss=0.1546 acc=0.9931 | Val | loss=0.3781 acc=0.9090 | lr=0.000001
2026-03-23 01:36:13 | INFO |   No improvement. Patience counter: 7/15
2026-03-23 01:36:13 | INFO | Training complete.
2026-03-23 01:36:13 | INFO | Best epoch    : 73
2026-03-23 01:36:13 | INFO | Best val loss : 0.3728
2026-03-23 01:36:13 | INFO | Best val acc  : 0.9092
2026-03-23 01:36:13 | INFO | Checkpoint    : C:\Users\İhsan\Desktop\Development\cs515\aigul_CS515\results\checkpoints\HW2\simplecnn_kd\simplecnn_kd_best_model.pt
2026-03-23 01:36:13 | INFO | Loss curve saved -> C:\Users\İhsan\Desktop\Development\cs515\aigul_CS515\results\plots\HW2\simplecnn_kd\simplecnn_kd_loss.png
2026-03-23 01:36:13 | INFO | Accuracy curve saved -> C:\Users\İhsan\Desktop\Development\cs515\aigul_CS515\results\plots\HW2\simplecnn_kd\simplecnn_kd_accuracy.png
2026-03-23 01:36:14 | INFO | LR curve saved -> C:\Users\İhsan\Desktop\Development\cs515\aigul_CS515\results\plots\HW2\simplecnn_kd\simplecnn_kd_lr.png
2026-03-23 01:36:14 | INFO | Loading checkpoint from C:\Users\İhsan\Desktop\Development\cs515\aigul_CS515\results\checkpoints\HW2\simplecnn_kd\simplecnn_kd_best_model.pt
2026-03-23 01:36:14 | INFO | Starting test evaluation on 10000 samples...
2026-03-23 01:36:21 | INFO | ======================================================================
2026-03-23 01:36:21 | INFO | Test Results  [simplecnn_kd]
2026-03-23 01:36:21 | INFO | ======================================================================
2026-03-23 01:36:21 | INFO | Test loss        : 0.3753
2026-03-23 01:36:21 | INFO | Overall accuracy : 0.9050  (9050 / 10000)
2026-03-23 01:36:21 | INFO | MACs             : 98.31 MMac
2026-03-23 01:36:21 | INFO | Parameters       : 2.64 M
2026-03-23 01:36:21 | INFO | ----------------------------------------------------------------------
2026-03-23 01:36:21 | INFO | Per-class accuracy:
2026-03-23 01:36:21 | INFO |   airplane     : 0.9110  (911 / 1000)
2026-03-23 01:36:21 | INFO |   automobile   : 0.9580  (958 / 1000)
2026-03-23 01:36:21 | INFO |   bird         : 0.8720  (872 / 1000)
2026-03-23 01:36:21 | INFO |   cat          : 0.8110  (811 / 1000)
2026-03-23 01:36:21 | INFO |   deer         : 0.9010  (901 / 1000)
2026-03-23 01:36:21 | INFO |   dog          : 0.8740  (874 / 1000)
2026-03-23 01:36:21 | INFO |   frog         : 0.9360  (936 / 1000)
2026-03-23 01:36:21 | INFO |   horse        : 0.9120  (912 / 1000)
2026-03-23 01:36:21 | INFO |   ship         : 0.9380  (938 / 1000)
2026-03-23 01:36:21 | INFO |   truck        : 0.9370  (937 / 1000)
2026-03-23 01:36:21 | INFO | ======================================================================
2026-03-23 01:36:21 | INFO | Confusion matrix saved -> C:\Users\İhsan\Desktop\Development\cs515\aigul_CS515\results\plots\HW2\simplecnn_kd\simplecnn_kd_confusion_matrix.png
2026-03-23 01:36:23 | INFO | Collecting embeddings for t-SNE (2000 samples max)...
2026-03-23 01:36:30 | INFO | Running t-SNE on 2000 samples (dim=4096)...
2026-03-23 01:36:36 | INFO | t-SNE plot saved -> C:\Users\İhsan\Desktop\Development\cs515\aigul_CS515\results\plots\HW2\simplecnn_kd\simplecnn_kd_tsne.png
2026-03-23 01:36:36 | INFO | Run completed successfully.
