2026-03-09 01:51:01 | INFO | Log file path: results\logs\HW1\arch_medium_256_128\arch_medium_256_128_20260309_015101.log
2026-03-09 01:51:01 | INFO | Config snapshot path: results\logs\HW1\arch_medium_256_128\arch_medium_256_128_20260309_015101.config.json
2026-03-09 01:51:01 | INFO | Environment information
2026-03-09 01:51:01 | INFO | Python platform: Windows-10-10.0.26200-SP0
2026-03-09 01:51:01 | INFO | PyTorch version: 2.9.0+cpu
2026-03-09 01:51:01 | INFO | CUDA available: False
2026-03-09 01:51:01 | INFO | MPS available: False
2026-03-09 01:51:01 | INFO | ======================================================================
2026-03-09 01:51:01 | INFO | CS515 HW1a - MNIST Classification with MLP
2026-03-09 01:51:01 | INFO | ======================================================================
2026-03-09 01:51:01 | INFO | Mode             : both
2026-03-09 01:51:01 | INFO | Project name     : HW1
2026-03-09 01:51:01 | INFO | Experiment name  : arch_medium_256_128
2026-03-09 01:51:01 | INFO | Seed             : 42
2026-03-09 01:51:01 | INFO | Device           : cpu
2026-03-09 01:51:01 | INFO | Dataset          : mnist
2026-03-09 01:51:01 | INFO | Input size       : 784
2026-03-09 01:51:01 | INFO | Num classes      : 10
2026-03-09 01:51:01 | INFO | Hidden sizes     : [256, 128]
2026-03-09 01:51:01 | INFO | Activation       : relu
2026-03-09 01:51:01 | INFO | Dropout          : 0.2
2026-03-09 01:51:01 | INFO | BatchNorm        : False
2026-03-09 01:51:01 | INFO | Epochs           : 15
2026-03-09 01:51:01 | INFO | Batch size       : 64
2026-03-09 01:51:01 | INFO | Learning rate    : 0.001
2026-03-09 01:51:01 | INFO | Optimizer        : adam
2026-03-09 01:51:01 | INFO | Scheduler        : none
2026-03-09 01:51:01 | INFO | Regularizer      : none
2026-03-09 01:51:01 | INFO | reg_lambda       : 0.0
2026-03-09 01:51:01 | INFO | Weight decay     : 0.0
2026-03-09 01:51:01 | INFO | Checkpoint dir   : results\checkpoints\HW1\arch_medium_256_128
2026-03-09 01:51:01 | INFO | Checkpoint path  : results\checkpoints\HW1\arch_medium_256_128\arch_medium_256_128_best_model.pt
2026-03-09 01:51:01 | INFO | Log directory    : results\logs\HW1\arch_medium_256_128
2026-03-09 01:51:01 | INFO | Plot directory   : results\plots\HW1\arch_medium_256_128
2026-03-09 01:51:01 | INFO | Trainable params : 235,146
2026-03-09 01:51:01 | INFO | ======================================================================
2026-03-09 01:51:01 | INFO | Model architecture:
MLP(
  (flatten): Flatten(start_dim=1, end_dim=-1)
  (hidden_blocks): ModuleList(
    (0): Sequential(
      (0): Linear(in_features=784, out_features=256, bias=True)
      (1): ReLU()
      (2): Dropout(p=0.2, inplace=False)
    )
    (1): Sequential(
      (0): Linear(in_features=256, out_features=128, bias=True)
      (1): ReLU()
      (2): Dropout(p=0.2, inplace=False)
    )
  )
  (classifier): Linear(in_features=128, out_features=10, bias=True)
)
2026-03-09 01:51:01 | INFO | ======================================================================
2026-03-09 01:51:01 | INFO | Starting training...
2026-03-09 01:51:01 | INFO | Train size: 54000 | Val size: 6000
2026-03-09 01:51:01 | INFO | Epoch 1/15
2026-03-09 01:51:06 | INFO |   [Batch  100/844] train_loss=0.7444 | train_acc=0.7681
2026-03-09 01:51:07 | INFO |   [Batch  200/844] train_loss=0.5379 | train_acc=0.8321
2026-03-09 01:51:07 | INFO |   [Batch  300/844] train_loss=0.4558 | train_acc=0.8577
2026-03-09 01:51:08 | INFO |   [Batch  400/844] train_loss=0.3999 | train_acc=0.8759
2026-03-09 01:51:08 | INFO |   [Batch  500/844] train_loss=0.3639 | train_acc=0.8877
2026-03-09 01:51:09 | INFO |   [Batch  600/844] train_loss=0.3364 | train_acc=0.8958
2026-03-09 01:51:09 | INFO |   [Batch  700/844] train_loss=0.3162 | train_acc=0.9019
2026-03-09 01:51:10 | INFO |   [Batch  800/844] train_loss=0.2996 | train_acc=0.9072
2026-03-09 01:51:16 | INFO |   Train | loss: 0.2929 | acc: 0.9095 | Val | loss: 0.1461 | acc: 0.9547 | LR: 0.001000
2026-03-09 01:51:16 | INFO |   Saved best model to results\checkpoints\HW1\arch_medium_256_128\arch_medium_256_128_best_model.pt (best_val_loss=0.1461)
2026-03-09 01:51:16 | INFO | Epoch 2/15
2026-03-09 01:51:22 | INFO |   [Batch  100/844] train_loss=0.1235 | train_acc=0.9639
2026-03-09 01:51:23 | INFO |   [Batch  200/844] train_loss=0.1343 | train_acc=0.9594
2026-03-09 01:51:23 | INFO |   [Batch  300/844] train_loss=0.1347 | train_acc=0.9589
2026-03-09 01:51:24 | INFO |   [Batch  400/844] train_loss=0.1334 | train_acc=0.9591
2026-03-09 01:51:24 | INFO |   [Batch  500/844] train_loss=0.1328 | train_acc=0.9595
2026-03-09 01:51:25 | INFO |   [Batch  600/844] train_loss=0.1332 | train_acc=0.9593
2026-03-09 01:51:25 | INFO |   [Batch  700/844] train_loss=0.1319 | train_acc=0.9600
2026-03-09 01:51:26 | INFO |   [Batch  800/844] train_loss=0.1308 | train_acc=0.9599
2026-03-09 01:51:33 | INFO |   Train | loss: 0.1308 | acc: 0.9598 | Val | loss: 0.1000 | acc: 0.9708 | LR: 0.001000
2026-03-09 01:51:33 | INFO |   Saved best model to results\checkpoints\HW1\arch_medium_256_128\arch_medium_256_128_best_model.pt (best_val_loss=0.1000)
2026-03-09 01:51:33 | INFO | Epoch 3/15
2026-03-09 01:51:38 | INFO |   [Batch  100/844] train_loss=0.0979 | train_acc=0.9683
2026-03-09 01:51:39 | INFO |   [Batch  200/844] train_loss=0.0969 | train_acc=0.9680
2026-03-09 01:51:39 | INFO |   [Batch  300/844] train_loss=0.0991 | train_acc=0.9681
2026-03-09 01:51:40 | INFO |   [Batch  400/844] train_loss=0.0991 | train_acc=0.9693
2026-03-09 01:51:40 | INFO |   [Batch  500/844] train_loss=0.1007 | train_acc=0.9690
2026-03-09 01:51:41 | INFO |   [Batch  600/844] train_loss=0.1021 | train_acc=0.9683
2026-03-09 01:51:41 | INFO |   [Batch  700/844] train_loss=0.1014 | train_acc=0.9684
2026-03-09 01:51:42 | INFO |   [Batch  800/844] train_loss=0.1038 | train_acc=0.9678
2026-03-09 01:51:49 | INFO |   Train | loss: 0.1036 | acc: 0.9679 | Val | loss: 0.0894 | acc: 0.9728 | LR: 0.001000
2026-03-09 01:51:49 | INFO |   Saved best model to results\checkpoints\HW1\arch_medium_256_128\arch_medium_256_128_best_model.pt (best_val_loss=0.0894)
2026-03-09 01:51:49 | INFO | Epoch 4/15
2026-03-09 01:51:55 | INFO |   [Batch  100/844] train_loss=0.0791 | train_acc=0.9756
2026-03-09 01:51:55 | INFO |   [Batch  200/844] train_loss=0.0842 | train_acc=0.9739
2026-03-09 01:51:56 | INFO |   [Batch  300/844] train_loss=0.0841 | train_acc=0.9745
2026-03-09 01:51:56 | INFO |   [Batch  400/844] train_loss=0.0846 | train_acc=0.9738
2026-03-09 01:51:57 | INFO |   [Batch  500/844] train_loss=0.0833 | train_acc=0.9742
2026-03-09 01:51:57 | INFO |   [Batch  600/844] train_loss=0.0848 | train_acc=0.9736
2026-03-09 01:51:58 | INFO |   [Batch  700/844] train_loss=0.0837 | train_acc=0.9738
2026-03-09 01:51:58 | INFO |   [Batch  800/844] train_loss=0.0853 | train_acc=0.9731
2026-03-09 01:52:05 | INFO |   Train | loss: 0.0857 | acc: 0.9728 | Val | loss: 0.0874 | acc: 0.9738 | LR: 0.001000
2026-03-09 01:52:05 | INFO |   Saved best model to results\checkpoints\HW1\arch_medium_256_128\arch_medium_256_128_best_model.pt (best_val_loss=0.0874)
2026-03-09 01:52:05 | INFO | Epoch 5/15
2026-03-09 01:52:11 | INFO |   [Batch  100/844] train_loss=0.0747 | train_acc=0.9759
2026-03-09 01:52:11 | INFO |   [Batch  200/844] train_loss=0.0739 | train_acc=0.9766
2026-03-09 01:52:12 | INFO |   [Batch  300/844] train_loss=0.0740 | train_acc=0.9770
2026-03-09 01:52:12 | INFO |   [Batch  400/844] train_loss=0.0743 | train_acc=0.9774
2026-03-09 01:52:13 | INFO |   [Batch  500/844] train_loss=0.0735 | train_acc=0.9773
2026-03-09 01:52:13 | INFO |   [Batch  600/844] train_loss=0.0736 | train_acc=0.9773
2026-03-09 01:52:14 | INFO |   [Batch  700/844] train_loss=0.0718 | train_acc=0.9776
2026-03-09 01:52:14 | INFO |   [Batch  800/844] train_loss=0.0733 | train_acc=0.9771
2026-03-09 01:52:21 | INFO |   Train | loss: 0.0733 | acc: 0.9772 | Val | loss: 0.0793 | acc: 0.9782 | LR: 0.001000
2026-03-09 01:52:21 | INFO |   Saved best model to results\checkpoints\HW1\arch_medium_256_128\arch_medium_256_128_best_model.pt (best_val_loss=0.0793)
2026-03-09 01:52:21 | INFO | Epoch 6/15
2026-03-09 01:52:27 | INFO |   [Batch  100/844] train_loss=0.0499 | train_acc=0.9838
2026-03-09 01:52:28 | INFO |   [Batch  200/844] train_loss=0.0567 | train_acc=0.9814
2026-03-09 01:52:28 | INFO |   [Batch  300/844] train_loss=0.0551 | train_acc=0.9819
2026-03-09 01:52:29 | INFO |   [Batch  400/844] train_loss=0.0581 | train_acc=0.9808
2026-03-09 01:52:29 | INFO |   [Batch  500/844] train_loss=0.0610 | train_acc=0.9803
2026-03-09 01:52:30 | INFO |   [Batch  600/844] train_loss=0.0631 | train_acc=0.9798
2026-03-09 01:52:30 | INFO |   [Batch  700/844] train_loss=0.0655 | train_acc=0.9791
2026-03-09 01:52:31 | INFO |   [Batch  800/844] train_loss=0.0652 | train_acc=0.9793
2026-03-09 01:52:37 | INFO |   Train | loss: 0.0656 | acc: 0.9791 | Val | loss: 0.0788 | acc: 0.9785 | LR: 0.001000
2026-03-09 01:52:37 | INFO |   Saved best model to results\checkpoints\HW1\arch_medium_256_128\arch_medium_256_128_best_model.pt (best_val_loss=0.0788)
2026-03-09 01:52:37 | INFO | Epoch 7/15
2026-03-09 01:52:42 | INFO |   [Batch  100/844] train_loss=0.0652 | train_acc=0.9788
2026-03-09 01:52:43 | INFO |   [Batch  200/844] train_loss=0.0618 | train_acc=0.9802
2026-03-09 01:52:43 | INFO |   [Batch  300/844] train_loss=0.0573 | train_acc=0.9821
2026-03-09 01:52:44 | INFO |   [Batch  400/844] train_loss=0.0553 | train_acc=0.9823
2026-03-09 01:52:44 | INFO |   [Batch  500/844] train_loss=0.0550 | train_acc=0.9822
2026-03-09 01:52:45 | INFO |   [Batch  600/844] train_loss=0.0541 | train_acc=0.9826
2026-03-09 01:52:45 | INFO |   [Batch  700/844] train_loss=0.0559 | train_acc=0.9820
2026-03-09 01:52:46 | INFO |   [Batch  800/844] train_loss=0.0584 | train_acc=0.9813
2026-03-09 01:52:52 | INFO |   Train | loss: 0.0580 | acc: 0.9814 | Val | loss: 0.0781 | acc: 0.9785 | LR: 0.001000
2026-03-09 01:52:52 | INFO |   Saved best model to results\checkpoints\HW1\arch_medium_256_128\arch_medium_256_128_best_model.pt (best_val_loss=0.0781)
2026-03-09 01:52:52 | INFO | Epoch 8/15
2026-03-09 01:52:58 | INFO |   [Batch  100/844] train_loss=0.0405 | train_acc=0.9866
2026-03-09 01:52:59 | INFO |   [Batch  200/844] train_loss=0.0419 | train_acc=0.9866
2026-03-09 01:52:59 | INFO |   [Batch  300/844] train_loss=0.0462 | train_acc=0.9849
2026-03-09 01:52:59 | INFO |   [Batch  400/844] train_loss=0.0505 | train_acc=0.9834
2026-03-09 01:53:00 | INFO |   [Batch  500/844] train_loss=0.0512 | train_acc=0.9833
2026-03-09 01:53:00 | INFO |   [Batch  600/844] train_loss=0.0517 | train_acc=0.9834
2026-03-09 01:53:01 | INFO |   [Batch  700/844] train_loss=0.0538 | train_acc=0.9828
2026-03-09 01:53:01 | INFO |   [Batch  800/844] train_loss=0.0539 | train_acc=0.9825
2026-03-09 01:53:07 | INFO |   Train | loss: 0.0540 | acc: 0.9826 | Val | loss: 0.0786 | acc: 0.9788 | LR: 0.001000
2026-03-09 01:53:07 | INFO |   No improvement in validation loss. Early-stop counter: 1/5
2026-03-09 01:53:07 | INFO | Epoch 9/15
2026-03-09 01:53:13 | INFO |   [Batch  100/844] train_loss=0.0475 | train_acc=0.9831
2026-03-09 01:53:14 | INFO |   [Batch  200/844] train_loss=0.0437 | train_acc=0.9846
2026-03-09 01:53:14 | INFO |   [Batch  300/844] train_loss=0.0470 | train_acc=0.9841
2026-03-09 01:53:15 | INFO |   [Batch  400/844] train_loss=0.0464 | train_acc=0.9845
2026-03-09 01:53:15 | INFO |   [Batch  500/844] train_loss=0.0455 | train_acc=0.9849
2026-03-09 01:53:16 | INFO |   [Batch  600/844] train_loss=0.0460 | train_acc=0.9846
2026-03-09 01:53:16 | INFO |   [Batch  700/844] train_loss=0.0475 | train_acc=0.9844
2026-03-09 01:53:16 | INFO |   [Batch  800/844] train_loss=0.0483 | train_acc=0.9841
2026-03-09 01:53:23 | INFO |   Train | loss: 0.0485 | acc: 0.9840 | Val | loss: 0.0832 | acc: 0.9770 | LR: 0.001000
2026-03-09 01:53:23 | INFO |   No improvement in validation loss. Early-stop counter: 2/5
2026-03-09 01:53:23 | INFO | Epoch 10/15
2026-03-09 01:53:29 | INFO |   [Batch  100/844] train_loss=0.0355 | train_acc=0.9891
2026-03-09 01:53:29 | INFO |   [Batch  200/844] train_loss=0.0410 | train_acc=0.9868
2026-03-09 01:53:30 | INFO |   [Batch  300/844] train_loss=0.0411 | train_acc=0.9875
2026-03-09 01:53:30 | INFO |   [Batch  400/844] train_loss=0.0427 | train_acc=0.9870
2026-03-09 01:53:31 | INFO |   [Batch  500/844] train_loss=0.0441 | train_acc=0.9866
2026-03-09 01:53:31 | INFO |   [Batch  600/844] train_loss=0.0464 | train_acc=0.9857
2026-03-09 01:53:32 | INFO |   [Batch  700/844] train_loss=0.0459 | train_acc=0.9858
2026-03-09 01:53:32 | INFO |   [Batch  800/844] train_loss=0.0455 | train_acc=0.9859
2026-03-09 01:53:39 | INFO |   Train | loss: 0.0461 | acc: 0.9857 | Val | loss: 0.0823 | acc: 0.9807 | LR: 0.001000
2026-03-09 01:53:39 | INFO |   No improvement in validation loss. Early-stop counter: 3/5
2026-03-09 01:53:39 | INFO | Epoch 11/15
2026-03-09 01:53:45 | INFO |   [Batch  100/844] train_loss=0.0397 | train_acc=0.9870
2026-03-09 01:53:45 | INFO |   [Batch  200/844] train_loss=0.0388 | train_acc=0.9873
2026-03-09 01:53:46 | INFO |   [Batch  300/844] train_loss=0.0387 | train_acc=0.9881
2026-03-09 01:53:47 | INFO |   [Batch  400/844] train_loss=0.0407 | train_acc=0.9875
2026-03-09 01:53:47 | INFO |   [Batch  500/844] train_loss=0.0414 | train_acc=0.9870
2026-03-09 01:53:47 | INFO |   [Batch  600/844] train_loss=0.0426 | train_acc=0.9866
2026-03-09 01:53:48 | INFO |   [Batch  700/844] train_loss=0.0443 | train_acc=0.9862
2026-03-09 01:53:48 | INFO |   [Batch  800/844] train_loss=0.0445 | train_acc=0.9862
2026-03-09 01:53:55 | INFO |   Train | loss: 0.0443 | acc: 0.9862 | Val | loss: 0.0784 | acc: 0.9810 | LR: 0.001000
2026-03-09 01:53:55 | INFO |   No improvement in validation loss. Early-stop counter: 4/5
2026-03-09 01:53:55 | INFO | Epoch 12/15
2026-03-09 01:54:01 | INFO |   [Batch  100/844] train_loss=0.0376 | train_acc=0.9877
2026-03-09 01:54:02 | INFO |   [Batch  200/844] train_loss=0.0415 | train_acc=0.9870
2026-03-09 01:54:02 | INFO |   [Batch  300/844] train_loss=0.0407 | train_acc=0.9868
2026-03-09 01:54:02 | INFO |   [Batch  400/844] train_loss=0.0421 | train_acc=0.9861
2026-03-09 01:54:03 | INFO |   [Batch  500/844] train_loss=0.0430 | train_acc=0.9859
2026-03-09 01:54:03 | INFO |   [Batch  600/844] train_loss=0.0430 | train_acc=0.9860
2026-03-09 01:54:04 | INFO |   [Batch  700/844] train_loss=0.0434 | train_acc=0.9858
2026-03-09 01:54:04 | INFO |   [Batch  800/844] train_loss=0.0434 | train_acc=0.9857
2026-03-09 01:54:11 | INFO |   Train | loss: 0.0430 | acc: 0.9859 | Val | loss: 0.0741 | acc: 0.9793 | LR: 0.001000
2026-03-09 01:54:11 | INFO |   Saved best model to results\checkpoints\HW1\arch_medium_256_128\arch_medium_256_128_best_model.pt (best_val_loss=0.0741)
2026-03-09 01:54:11 | INFO | Epoch 13/15
2026-03-09 01:54:17 | INFO |   [Batch  100/844] train_loss=0.0398 | train_acc=0.9884
2026-03-09 01:54:17 | INFO |   [Batch  200/844] train_loss=0.0414 | train_acc=0.9880
2026-03-09 01:54:18 | INFO |   [Batch  300/844] train_loss=0.0429 | train_acc=0.9879
2026-03-09 01:54:18 | INFO |   [Batch  400/844] train_loss=0.0410 | train_acc=0.9880
2026-03-09 01:54:19 | INFO |   [Batch  500/844] train_loss=0.0414 | train_acc=0.9873
2026-03-09 01:54:19 | INFO |   [Batch  600/844] train_loss=0.0423 | train_acc=0.9873
2026-03-09 01:54:20 | INFO |   [Batch  700/844] train_loss=0.0431 | train_acc=0.9869
2026-03-09 01:54:20 | INFO |   [Batch  800/844] train_loss=0.0429 | train_acc=0.9870
2026-03-09 01:54:26 | INFO |   Train | loss: 0.0424 | acc: 0.9872 | Val | loss: 0.0841 | acc: 0.9787 | LR: 0.001000
2026-03-09 01:54:26 | INFO |   No improvement in validation loss. Early-stop counter: 1/5
2026-03-09 01:54:26 | INFO | Epoch 14/15
2026-03-09 01:54:32 | INFO |   [Batch  100/844] train_loss=0.0358 | train_acc=0.9881
2026-03-09 01:54:32 | INFO |   [Batch  200/844] train_loss=0.0342 | train_acc=0.9891
2026-03-09 01:54:33 | INFO |   [Batch  300/844] train_loss=0.0318 | train_acc=0.9891
2026-03-09 01:54:33 | INFO |   [Batch  400/844] train_loss=0.0308 | train_acc=0.9895
2026-03-09 01:54:33 | INFO |   [Batch  500/844] train_loss=0.0329 | train_acc=0.9890
2026-03-09 01:54:34 | INFO |   [Batch  600/844] train_loss=0.0348 | train_acc=0.9882
2026-03-09 01:54:34 | INFO |   [Batch  700/844] train_loss=0.0349 | train_acc=0.9883
2026-03-09 01:54:35 | INFO |   [Batch  800/844] train_loss=0.0359 | train_acc=0.9878
2026-03-09 01:54:42 | INFO |   Train | loss: 0.0363 | acc: 0.9876 | Val | loss: 0.0947 | acc: 0.9757 | LR: 0.001000
2026-03-09 01:54:42 | INFO |   No improvement in validation loss. Early-stop counter: 2/5
2026-03-09 01:54:42 | INFO | Epoch 15/15
2026-03-09 01:54:47 | INFO |   [Batch  100/844] train_loss=0.0407 | train_acc=0.9867
2026-03-09 01:54:48 | INFO |   [Batch  200/844] train_loss=0.0385 | train_acc=0.9879
2026-03-09 01:54:48 | INFO |   [Batch  300/844] train_loss=0.0408 | train_acc=0.9869
2026-03-09 01:54:48 | INFO |   [Batch  400/844] train_loss=0.0388 | train_acc=0.9877
2026-03-09 01:54:49 | INFO |   [Batch  500/844] train_loss=0.0386 | train_acc=0.9875
2026-03-09 01:54:49 | INFO |   [Batch  600/844] train_loss=0.0383 | train_acc=0.9875
2026-03-09 01:54:50 | INFO |   [Batch  700/844] train_loss=0.0403 | train_acc=0.9873
2026-03-09 01:54:50 | INFO |   [Batch  800/844] train_loss=0.0411 | train_acc=0.9870
2026-03-09 01:54:57 | INFO |   Train | loss: 0.0421 | acc: 0.9867 | Val | loss: 0.0907 | acc: 0.9785 | LR: 0.001000
2026-03-09 01:54:57 | INFO |   No improvement in validation loss. Early-stop counter: 3/5
2026-03-09 01:54:57 | INFO | Training complete.
2026-03-09 01:54:57 | INFO | Best epoch     : 12
2026-03-09 01:54:57 | INFO | Best val loss  : 0.0741
2026-03-09 01:54:57 | INFO | Best val acc   : 0.9793
2026-03-09 01:54:57 | INFO | Checkpoint     : results\checkpoints\HW1\arch_medium_256_128\arch_medium_256_128_best_model.pt
2026-03-09 01:54:57 | INFO | Loading checkpoint from results\checkpoints\HW1\arch_medium_256_128\arch_medium_256_128_best_model.pt
2026-03-09 01:54:57 | INFO | Starting test evaluation...
2026-03-09 01:54:57 | INFO | Test size: 10000
2026-03-09 01:55:00 | INFO | ======================================================================
2026-03-09 01:55:00 | INFO | Test Results
2026-03-09 01:55:00 | INFO | ======================================================================
2026-03-09 01:55:00 | INFO | Average test loss : 0.0753
2026-03-09 01:55:00 | INFO | Overall accuracy  : 0.9804 (9804/10000)
2026-03-09 01:55:00 | INFO | ----------------------------------------------------------------------
2026-03-09 01:55:00 | INFO | Per-class accuracy:
2026-03-09 01:55:00 | INFO |   Class 0: 0.9898 (970/980)
2026-03-09 01:55:00 | INFO |   Class 1: 0.9930 (1127/1135)
2026-03-09 01:55:00 | INFO |   Class 2: 0.9758 (1007/1032)
2026-03-09 01:55:00 | INFO |   Class 3: 0.9782 (988/1010)
2026-03-09 01:55:00 | INFO |   Class 4: 0.9837 (966/982)
2026-03-09 01:55:00 | INFO |   Class 5: 0.9765 (871/892)
2026-03-09 01:55:00 | INFO |   Class 6: 0.9770 (936/958)
2026-03-09 01:55:00 | INFO |   Class 7: 0.9844 (1012/1028)
2026-03-09 01:55:00 | INFO |   Class 8: 0.9805 (955/974)
2026-03-09 01:55:00 | INFO |   Class 9: 0.9633 (972/1009)
2026-03-09 01:55:00 | INFO | ======================================================================
2026-03-09 01:55:00 | INFO | Run completed successfully.
