2026-03-09 02:57:56 | INFO | Log file path: results\logs\HW1\reg_l2_1e5\reg_l2_1e5_20260309_025756.log
2026-03-09 02:57:56 | INFO | Config snapshot path: results\logs\HW1\reg_l2_1e5\reg_l2_1e5_20260309_025756.config.json
2026-03-09 02:57:56 | INFO | Environment information
2026-03-09 02:57:56 | INFO | Python platform: Windows-10-10.0.26200-SP0
2026-03-09 02:57:56 | INFO | PyTorch version: 2.9.0+cpu
2026-03-09 02:57:56 | INFO | CUDA available: False
2026-03-09 02:57:56 | INFO | MPS available: False
2026-03-09 02:57:56 | INFO | ======================================================================
2026-03-09 02:57:56 | INFO | CS515 HW1a - MNIST Classification with MLP
2026-03-09 02:57:56 | INFO | ======================================================================
2026-03-09 02:57:56 | INFO | Mode             : both
2026-03-09 02:57:56 | INFO | Project name     : HW1
2026-03-09 02:57:56 | INFO | Experiment name  : reg_l2_1e5
2026-03-09 02:57:56 | INFO | Seed             : 42
2026-03-09 02:57:56 | INFO | Device           : cpu
2026-03-09 02:57:56 | INFO | Dataset          : mnist
2026-03-09 02:57:56 | INFO | Input size       : 784
2026-03-09 02:57:56 | INFO | Num classes      : 10
2026-03-09 02:57:56 | INFO | Hidden sizes     : [256, 128]
2026-03-09 02:57:56 | INFO | Activation       : relu
2026-03-09 02:57:56 | INFO | Dropout          : 0.2
2026-03-09 02:57:56 | INFO | BatchNorm        : False
2026-03-09 02:57:56 | INFO | Epochs           : 15
2026-03-09 02:57:56 | INFO | Batch size       : 64
2026-03-09 02:57:56 | INFO | Learning rate    : 0.001
2026-03-09 02:57:56 | INFO | Optimizer        : adam
2026-03-09 02:57:56 | INFO | Scheduler        : none
2026-03-09 02:57:56 | INFO | Regularizer      : l2
2026-03-09 02:57:56 | INFO | reg_lambda       : 1e-05
2026-03-09 02:57:56 | INFO | Weight decay     : 1e-05
2026-03-09 02:57:56 | INFO | Checkpoint dir   : results\checkpoints\HW1\reg_l2_1e5
2026-03-09 02:57:56 | INFO | Checkpoint path  : results\checkpoints\HW1\reg_l2_1e5\reg_l2_1e5_best_model.pt
2026-03-09 02:57:56 | INFO | Log directory    : results\logs\HW1\reg_l2_1e5
2026-03-09 02:57:56 | INFO | Plot directory   : results\plots\HW1\reg_l2_1e5
2026-03-09 02:57:56 | INFO | Trainable params : 235,146
2026-03-09 02:57:56 | INFO | ======================================================================
2026-03-09 02:57:56 | INFO | Model architecture:
MLP(
  (flatten): Flatten(start_dim=1, end_dim=-1)
  (hidden_blocks): ModuleList(
    (0): Sequential(
      (0): Linear(in_features=784, out_features=256, bias=True)
      (1): ReLU()
      (2): Dropout(p=0.2, inplace=False)
    )
    (1): Sequential(
      (0): Linear(in_features=256, out_features=128, bias=True)
      (1): ReLU()
      (2): Dropout(p=0.2, inplace=False)
    )
  )
  (classifier): Linear(in_features=128, out_features=10, bias=True)
)
2026-03-09 02:57:56 | INFO | ======================================================================
2026-03-09 02:57:56 | INFO | Starting training...
2026-03-09 02:57:56 | INFO | Train size: 54000 | Val size: 6000
2026-03-09 02:57:56 | INFO | Epoch 1/15
2026-03-09 02:58:02 | INFO |   [Batch  100/844] train_loss=0.7434 | train_acc=0.7712
2026-03-09 02:58:03 | INFO |   [Batch  200/844] train_loss=0.5372 | train_acc=0.8334
2026-03-09 02:58:04 | INFO |   [Batch  300/844] train_loss=0.4552 | train_acc=0.8592
2026-03-09 02:58:05 | INFO |   [Batch  400/844] train_loss=0.3984 | train_acc=0.8771
2026-03-09 02:58:06 | INFO |   [Batch  500/844] train_loss=0.3625 | train_acc=0.8885
2026-03-09 02:58:08 | INFO |   [Batch  600/844] train_loss=0.3354 | train_acc=0.8971
2026-03-09 02:58:09 | INFO |   [Batch  700/844] train_loss=0.3145 | train_acc=0.9038
2026-03-09 02:58:10 | INFO |   [Batch  800/844] train_loss=0.2982 | train_acc=0.9088
2026-03-09 02:58:19 | INFO |   Train | loss: 0.2916 | acc: 0.9111 | Val | loss: 0.1424 | acc: 0.9577 | LR: 0.001000
2026-03-09 02:58:19 | INFO |   Saved best model to results\checkpoints\HW1\reg_l2_1e5\reg_l2_1e5_best_model.pt (best_val_loss=0.1424)
2026-03-09 02:58:19 | INFO | Epoch 2/15
2026-03-09 02:58:25 | INFO |   [Batch  100/844] train_loss=0.1240 | train_acc=0.9623
2026-03-09 02:58:27 | INFO |   [Batch  200/844] train_loss=0.1352 | train_acc=0.9587
2026-03-09 02:58:28 | INFO |   [Batch  300/844] train_loss=0.1347 | train_acc=0.9583
2026-03-09 02:58:29 | INFO |   [Batch  400/844] train_loss=0.1332 | train_acc=0.9587
2026-03-09 02:58:30 | INFO |   [Batch  500/844] train_loss=0.1330 | train_acc=0.9587
2026-03-09 02:58:31 | INFO |   [Batch  600/844] train_loss=0.1340 | train_acc=0.9584
2026-03-09 02:58:32 | INFO |   [Batch  700/844] train_loss=0.1326 | train_acc=0.9590
2026-03-09 02:58:32 | INFO |   [Batch  800/844] train_loss=0.1311 | train_acc=0.9595
2026-03-09 02:58:41 | INFO |   Train | loss: 0.1312 | acc: 0.9595 | Val | loss: 0.1047 | acc: 0.9692 | LR: 0.001000
2026-03-09 02:58:41 | INFO |   Saved best model to results\checkpoints\HW1\reg_l2_1e5\reg_l2_1e5_best_model.pt (best_val_loss=0.1047)
2026-03-09 02:58:41 | INFO | Epoch 3/15
2026-03-09 02:58:48 | INFO |   [Batch  100/844] train_loss=0.0960 | train_acc=0.9703
2026-03-09 02:58:49 | INFO |   [Batch  200/844] train_loss=0.0962 | train_acc=0.9698
2026-03-09 02:58:49 | INFO |   [Batch  300/844] train_loss=0.0983 | train_acc=0.9688
2026-03-09 02:58:50 | INFO |   [Batch  400/844] train_loss=0.0995 | train_acc=0.9688
2026-03-09 02:58:51 | INFO |   [Batch  500/844] train_loss=0.1000 | train_acc=0.9687
2026-03-09 02:58:52 | INFO |   [Batch  600/844] train_loss=0.1009 | train_acc=0.9684
2026-03-09 02:58:53 | INFO |   [Batch  700/844] train_loss=0.0999 | train_acc=0.9688
2026-03-09 02:58:54 | INFO |   [Batch  800/844] train_loss=0.1029 | train_acc=0.9678
2026-03-09 02:59:03 | INFO |   Train | loss: 0.1027 | acc: 0.9679 | Val | loss: 0.0984 | acc: 0.9727 | LR: 0.001000
2026-03-09 02:59:03 | INFO |   Saved best model to results\checkpoints\HW1\reg_l2_1e5\reg_l2_1e5_best_model.pt (best_val_loss=0.0984)
2026-03-09 02:59:03 | INFO | Epoch 4/15
2026-03-09 02:59:09 | INFO |   [Batch  100/844] train_loss=0.0806 | train_acc=0.9762
2026-03-09 02:59:10 | INFO |   [Batch  200/844] train_loss=0.0836 | train_acc=0.9752
2026-03-09 02:59:11 | INFO |   [Batch  300/844] train_loss=0.0843 | train_acc=0.9745
2026-03-09 02:59:12 | INFO |   [Batch  400/844] train_loss=0.0834 | train_acc=0.9739
2026-03-09 02:59:13 | INFO |   [Batch  500/844] train_loss=0.0814 | train_acc=0.9748
2026-03-09 02:59:14 | INFO |   [Batch  600/844] train_loss=0.0822 | train_acc=0.9747
2026-03-09 02:59:15 | INFO |   [Batch  700/844] train_loss=0.0813 | train_acc=0.9748
2026-03-09 02:59:16 | INFO |   [Batch  800/844] train_loss=0.0841 | train_acc=0.9739
2026-03-09 02:59:25 | INFO |   Train | loss: 0.0843 | acc: 0.9737 | Val | loss: 0.0946 | acc: 0.9742 | LR: 0.001000
2026-03-09 02:59:25 | INFO |   Saved best model to results\checkpoints\HW1\reg_l2_1e5\reg_l2_1e5_best_model.pt (best_val_loss=0.0946)
2026-03-09 02:59:25 | INFO | Epoch 5/15
2026-03-09 02:59:31 | INFO |   [Batch  100/844] train_loss=0.0665 | train_acc=0.9791
2026-03-09 02:59:33 | INFO |   [Batch  200/844] train_loss=0.0688 | train_acc=0.9777
2026-03-09 02:59:34 | INFO |   [Batch  300/844] train_loss=0.0683 | train_acc=0.9784
2026-03-09 02:59:35 | INFO |   [Batch  400/844] train_loss=0.0717 | train_acc=0.9775
2026-03-09 02:59:36 | INFO |   [Batch  500/844] train_loss=0.0720 | train_acc=0.9774
2026-03-09 02:59:37 | INFO |   [Batch  600/844] train_loss=0.0733 | train_acc=0.9770
2026-03-09 02:59:38 | INFO |   [Batch  700/844] train_loss=0.0724 | train_acc=0.9770
2026-03-09 02:59:39 | INFO |   [Batch  800/844] train_loss=0.0736 | train_acc=0.9767
2026-03-09 02:59:48 | INFO |   Train | loss: 0.0728 | acc: 0.9769 | Val | loss: 0.0856 | acc: 0.9767 | LR: 0.001000
2026-03-09 02:59:48 | INFO |   Saved best model to results\checkpoints\HW1\reg_l2_1e5\reg_l2_1e5_best_model.pt (best_val_loss=0.0856)
2026-03-09 02:59:48 | INFO | Epoch 6/15
2026-03-09 02:59:54 | INFO |   [Batch  100/844] train_loss=0.0583 | train_acc=0.9822
2026-03-09 02:59:55 | INFO |   [Batch  200/844] train_loss=0.0640 | train_acc=0.9798
2026-03-09 02:59:56 | INFO |   [Batch  300/844] train_loss=0.0655 | train_acc=0.9797
2026-03-09 02:59:57 | INFO |   [Batch  400/844] train_loss=0.0641 | train_acc=0.9799
2026-03-09 02:59:58 | INFO |   [Batch  500/844] train_loss=0.0659 | train_acc=0.9795
2026-03-09 02:59:59 | INFO |   [Batch  600/844] train_loss=0.0655 | train_acc=0.9792
2026-03-09 03:00:00 | INFO |   [Batch  700/844] train_loss=0.0675 | train_acc=0.9786
2026-03-09 03:00:01 | INFO |   [Batch  800/844] train_loss=0.0672 | train_acc=0.9787
2026-03-09 03:00:11 | INFO |   Train | loss: 0.0679 | acc: 0.9785 | Val | loss: 0.0926 | acc: 0.9732 | LR: 0.001000
2026-03-09 03:00:11 | INFO |   No improvement in validation loss. Early-stop counter: 1/5
2026-03-09 03:00:11 | INFO | Epoch 7/15
2026-03-09 03:00:17 | INFO |   [Batch  100/844] train_loss=0.0610 | train_acc=0.9812
2026-03-09 03:00:18 | INFO |   [Batch  200/844] train_loss=0.0578 | train_acc=0.9823
2026-03-09 03:00:19 | INFO |   [Batch  300/844] train_loss=0.0527 | train_acc=0.9837
2026-03-09 03:00:20 | INFO |   [Batch  400/844] train_loss=0.0518 | train_acc=0.9840
2026-03-09 03:00:21 | INFO |   [Batch  500/844] train_loss=0.0519 | train_acc=0.9840
2026-03-09 03:00:23 | INFO |   [Batch  600/844] train_loss=0.0533 | train_acc=0.9833
2026-03-09 03:00:24 | INFO |   [Batch  700/844] train_loss=0.0556 | train_acc=0.9825
2026-03-09 03:00:25 | INFO |   [Batch  800/844] train_loss=0.0584 | train_acc=0.9821
2026-03-09 03:00:33 | INFO |   Train | loss: 0.0585 | acc: 0.9821 | Val | loss: 0.0911 | acc: 0.9733 | LR: 0.001000
2026-03-09 03:00:33 | INFO |   No improvement in validation loss. Early-stop counter: 2/5
2026-03-09 03:00:33 | INFO | Epoch 8/15
2026-03-09 03:00:40 | INFO |   [Batch  100/844] train_loss=0.0494 | train_acc=0.9827
2026-03-09 03:00:41 | INFO |   [Batch  200/844] train_loss=0.0486 | train_acc=0.9838
2026-03-09 03:00:42 | INFO |   [Batch  300/844] train_loss=0.0483 | train_acc=0.9844
2026-03-09 03:00:43 | INFO |   [Batch  400/844] train_loss=0.0509 | train_acc=0.9838
2026-03-09 03:00:44 | INFO |   [Batch  500/844] train_loss=0.0518 | train_acc=0.9831
2026-03-09 03:00:45 | INFO |   [Batch  600/844] train_loss=0.0529 | train_acc=0.9831
2026-03-09 03:00:46 | INFO |   [Batch  700/844] train_loss=0.0545 | train_acc=0.9826
2026-03-09 03:00:48 | INFO |   [Batch  800/844] train_loss=0.0545 | train_acc=0.9826
2026-03-09 03:00:57 | INFO |   Train | loss: 0.0543 | acc: 0.9828 | Val | loss: 0.0848 | acc: 0.9777 | LR: 0.001000
2026-03-09 03:00:57 | INFO |   Saved best model to results\checkpoints\HW1\reg_l2_1e5\reg_l2_1e5_best_model.pt (best_val_loss=0.0848)
2026-03-09 03:00:57 | INFO | Epoch 9/15
2026-03-09 03:01:03 | INFO |   [Batch  100/844] train_loss=0.0554 | train_acc=0.9823
2026-03-09 03:01:04 | INFO |   [Batch  200/844] train_loss=0.0509 | train_acc=0.9834
2026-03-09 03:01:05 | INFO |   [Batch  300/844] train_loss=0.0508 | train_acc=0.9832
2026-03-09 03:01:06 | INFO |   [Batch  400/844] train_loss=0.0496 | train_acc=0.9841
2026-03-09 03:01:08 | INFO |   [Batch  500/844] train_loss=0.0484 | train_acc=0.9840
2026-03-09 03:01:09 | INFO |   [Batch  600/844] train_loss=0.0498 | train_acc=0.9840
2026-03-09 03:01:10 | INFO |   [Batch  700/844] train_loss=0.0521 | train_acc=0.9833
2026-03-09 03:01:11 | INFO |   [Batch  800/844] train_loss=0.0522 | train_acc=0.9833
2026-03-09 03:01:20 | INFO |   Train | loss: 0.0518 | acc: 0.9833 | Val | loss: 0.0776 | acc: 0.9772 | LR: 0.001000
2026-03-09 03:01:20 | INFO |   Saved best model to results\checkpoints\HW1\reg_l2_1e5\reg_l2_1e5_best_model.pt (best_val_loss=0.0776)
2026-03-09 03:01:20 | INFO | Epoch 10/15
2026-03-09 03:01:26 | INFO |   [Batch  100/844] train_loss=0.0459 | train_acc=0.9861
2026-03-09 03:01:27 | INFO |   [Batch  200/844] train_loss=0.0478 | train_acc=0.9859
2026-03-09 03:01:28 | INFO |   [Batch  300/844] train_loss=0.0464 | train_acc=0.9863
2026-03-09 03:01:29 | INFO |   [Batch  400/844] train_loss=0.0479 | train_acc=0.9859
2026-03-09 03:01:30 | INFO |   [Batch  500/844] train_loss=0.0492 | train_acc=0.9852
2026-03-09 03:01:31 | INFO |   [Batch  600/844] train_loss=0.0501 | train_acc=0.9845
2026-03-09 03:01:32 | INFO |   [Batch  700/844] train_loss=0.0494 | train_acc=0.9844
2026-03-09 03:01:33 | INFO |   [Batch  800/844] train_loss=0.0489 | train_acc=0.9846
2026-03-09 03:01:42 | INFO |   Train | loss: 0.0489 | acc: 0.9845 | Val | loss: 0.0794 | acc: 0.9790 | LR: 0.001000
2026-03-09 03:01:42 | INFO |   No improvement in validation loss. Early-stop counter: 1/5
2026-03-09 03:01:42 | INFO | Epoch 11/15
2026-03-09 03:01:48 | INFO |   [Batch  100/844] train_loss=0.0320 | train_acc=0.9883
2026-03-09 03:01:49 | INFO |   [Batch  200/844] train_loss=0.0367 | train_acc=0.9873
2026-03-09 03:01:50 | INFO |   [Batch  300/844] train_loss=0.0384 | train_acc=0.9874
2026-03-09 03:01:51 | INFO |   [Batch  400/844] train_loss=0.0414 | train_acc=0.9862
2026-03-09 03:01:51 | INFO |   [Batch  500/844] train_loss=0.0425 | train_acc=0.9862
2026-03-09 03:01:52 | INFO |   [Batch  600/844] train_loss=0.0436 | train_acc=0.9861
2026-03-09 03:01:53 | INFO |   [Batch  700/844] train_loss=0.0464 | train_acc=0.9854
2026-03-09 03:01:54 | INFO |   [Batch  800/844] train_loss=0.0473 | train_acc=0.9853
2026-03-09 03:02:03 | INFO |   Train | loss: 0.0473 | acc: 0.9851 | Val | loss: 0.0978 | acc: 0.9742 | LR: 0.001000
2026-03-09 03:02:03 | INFO |   No improvement in validation loss. Early-stop counter: 2/5
2026-03-09 03:02:03 | INFO | Epoch 12/15
2026-03-09 03:02:10 | INFO |   [Batch  100/844] train_loss=0.0382 | train_acc=0.9881
2026-03-09 03:02:11 | INFO |   [Batch  200/844] train_loss=0.0381 | train_acc=0.9875
2026-03-09 03:02:12 | INFO |   [Batch  300/844] train_loss=0.0389 | train_acc=0.9876
2026-03-09 03:02:13 | INFO |   [Batch  400/844] train_loss=0.0409 | train_acc=0.9869
2026-03-09 03:02:14 | INFO |   [Batch  500/844] train_loss=0.0421 | train_acc=0.9865
2026-03-09 03:02:15 | INFO |   [Batch  600/844] train_loss=0.0429 | train_acc=0.9863
2026-03-09 03:02:16 | INFO |   [Batch  700/844] train_loss=0.0413 | train_acc=0.9868
2026-03-09 03:02:18 | INFO |   [Batch  800/844] train_loss=0.0410 | train_acc=0.9867
2026-03-09 03:02:27 | INFO |   Train | loss: 0.0412 | acc: 0.9867 | Val | loss: 0.0835 | acc: 0.9797 | LR: 0.001000
2026-03-09 03:02:27 | INFO |   No improvement in validation loss. Early-stop counter: 3/5
2026-03-09 03:02:27 | INFO | Epoch 13/15
2026-03-09 03:02:33 | INFO |   [Batch  100/844] train_loss=0.0430 | train_acc=0.9858
2026-03-09 03:02:34 | INFO |   [Batch  200/844] train_loss=0.0437 | train_acc=0.9861
2026-03-09 03:02:35 | INFO |   [Batch  300/844] train_loss=0.0416 | train_acc=0.9872
2026-03-09 03:02:36 | INFO |   [Batch  400/844] train_loss=0.0411 | train_acc=0.9871
2026-03-09 03:02:38 | INFO |   [Batch  500/844] train_loss=0.0424 | train_acc=0.9865
2026-03-09 03:02:39 | INFO |   [Batch  600/844] train_loss=0.0420 | train_acc=0.9867
2026-03-09 03:02:40 | INFO |   [Batch  700/844] train_loss=0.0426 | train_acc=0.9865
2026-03-09 03:02:41 | INFO |   [Batch  800/844] train_loss=0.0423 | train_acc=0.9864
2026-03-09 03:02:50 | INFO |   Train | loss: 0.0428 | acc: 0.9863 | Val | loss: 0.0900 | acc: 0.9778 | LR: 0.001000
2026-03-09 03:02:50 | INFO |   No improvement in validation loss. Early-stop counter: 4/5
2026-03-09 03:02:50 | INFO | Epoch 14/15
2026-03-09 03:02:56 | INFO |   [Batch  100/844] train_loss=0.0422 | train_acc=0.9866
2026-03-09 03:02:58 | INFO |   [Batch  200/844] train_loss=0.0392 | train_acc=0.9875
2026-03-09 03:02:58 | INFO |   [Batch  300/844] train_loss=0.0394 | train_acc=0.9872
2026-03-09 03:02:59 | INFO |   [Batch  400/844] train_loss=0.0388 | train_acc=0.9870
2026-03-09 03:03:01 | INFO |   [Batch  500/844] train_loss=0.0388 | train_acc=0.9870
2026-03-09 03:03:02 | INFO |   [Batch  600/844] train_loss=0.0383 | train_acc=0.9872
2026-03-09 03:03:03 | INFO |   [Batch  700/844] train_loss=0.0376 | train_acc=0.9875
2026-03-09 03:03:04 | INFO |   [Batch  800/844] train_loss=0.0381 | train_acc=0.9874
2026-03-09 03:03:13 | INFO |   Train | loss: 0.0379 | acc: 0.9876 | Val | loss: 0.0930 | acc: 0.9760 | LR: 0.001000
2026-03-09 03:03:13 | INFO |   No improvement in validation loss. Early-stop counter: 5/5
2026-03-09 03:03:13 | INFO |   Early stopping triggered.
2026-03-09 03:03:13 | INFO | Training complete.
2026-03-09 03:03:13 | INFO | Best epoch     : 9
2026-03-09 03:03:13 | INFO | Best val loss  : 0.0776
2026-03-09 03:03:13 | INFO | Best val acc   : 0.9772
2026-03-09 03:03:13 | INFO | Checkpoint     : results\checkpoints\HW1\reg_l2_1e5\reg_l2_1e5_best_model.pt
2026-03-09 03:03:13 | INFO | Loading checkpoint from results\checkpoints\HW1\reg_l2_1e5\reg_l2_1e5_best_model.pt
2026-03-09 03:03:13 | INFO | Starting test evaluation...
2026-03-09 03:03:13 | INFO | Test size: 10000
2026-03-09 03:03:18 | INFO | ======================================================================
2026-03-09 03:03:18 | INFO | Test Results
2026-03-09 03:03:18 | INFO | ======================================================================
2026-03-09 03:03:18 | INFO | Average test loss : 0.0670
2026-03-09 03:03:18 | INFO | Overall accuracy  : 0.9817 (9817/10000)
2026-03-09 03:03:18 | INFO | ----------------------------------------------------------------------
2026-03-09 03:03:18 | INFO | Per-class accuracy:
2026-03-09 03:03:18 | INFO |   Class 0: 0.9918 (972/980)
2026-03-09 03:03:18 | INFO |   Class 1: 0.9965 (1131/1135)
2026-03-09 03:03:18 | INFO |   Class 2: 0.9845 (1016/1032)
2026-03-09 03:03:18 | INFO |   Class 3: 0.9891 (999/1010)
2026-03-09 03:03:18 | INFO |   Class 4: 0.9827 (965/982)
2026-03-09 03:03:18 | INFO |   Class 5: 0.9731 (868/892)
2026-03-09 03:03:18 | INFO |   Class 6: 0.9864 (945/958)
2026-03-09 03:03:18 | INFO |   Class 7: 0.9815 (1009/1028)
2026-03-09 03:03:18 | INFO |   Class 8: 0.9733 (948/974)
2026-03-09 03:03:18 | INFO |   Class 9: 0.9554 (964/1009)
2026-03-09 03:03:18 | INFO | ======================================================================
2026-03-09 03:03:18 | INFO | Run completed successfully.
