2026-03-09 03:03:22 | INFO | Log file path: results\logs\HW1\reg_l2_1e4\reg_l2_1e4_20260309_030322.log
2026-03-09 03:03:22 | INFO | Config snapshot path: results\logs\HW1\reg_l2_1e4\reg_l2_1e4_20260309_030322.config.json
2026-03-09 03:03:22 | INFO | Environment information
2026-03-09 03:03:22 | INFO | Python platform: Windows-10-10.0.26200-SP0
2026-03-09 03:03:22 | INFO | PyTorch version: 2.9.0+cpu
2026-03-09 03:03:22 | INFO | CUDA available: False
2026-03-09 03:03:22 | INFO | MPS available: False
2026-03-09 03:03:22 | INFO | ======================================================================
2026-03-09 03:03:22 | INFO | CS515 HW1a - MNIST Classification with MLP
2026-03-09 03:03:22 | INFO | ======================================================================
2026-03-09 03:03:22 | INFO | Mode             : both
2026-03-09 03:03:22 | INFO | Project name     : HW1
2026-03-09 03:03:22 | INFO | Experiment name  : reg_l2_1e4
2026-03-09 03:03:22 | INFO | Seed             : 42
2026-03-09 03:03:22 | INFO | Device           : cpu
2026-03-09 03:03:22 | INFO | Dataset          : mnist
2026-03-09 03:03:22 | INFO | Input size       : 784
2026-03-09 03:03:22 | INFO | Num classes      : 10
2026-03-09 03:03:22 | INFO | Hidden sizes     : [256, 128]
2026-03-09 03:03:22 | INFO | Activation       : relu
2026-03-09 03:03:22 | INFO | Dropout          : 0.2
2026-03-09 03:03:22 | INFO | BatchNorm        : False
2026-03-09 03:03:22 | INFO | Epochs           : 15
2026-03-09 03:03:22 | INFO | Batch size       : 64
2026-03-09 03:03:22 | INFO | Learning rate    : 0.001
2026-03-09 03:03:22 | INFO | Optimizer        : adam
2026-03-09 03:03:22 | INFO | Scheduler        : none
2026-03-09 03:03:22 | INFO | Regularizer      : l2
2026-03-09 03:03:22 | INFO | reg_lambda       : 0.0001
2026-03-09 03:03:22 | INFO | Weight decay     : 0.0001
2026-03-09 03:03:22 | INFO | Checkpoint dir   : results\checkpoints\HW1\reg_l2_1e4
2026-03-09 03:03:22 | INFO | Checkpoint path  : results\checkpoints\HW1\reg_l2_1e4\reg_l2_1e4_best_model.pt
2026-03-09 03:03:22 | INFO | Log directory    : results\logs\HW1\reg_l2_1e4
2026-03-09 03:03:22 | INFO | Plot directory   : results\plots\HW1\reg_l2_1e4
2026-03-09 03:03:22 | INFO | Trainable params : 235,146
2026-03-09 03:03:22 | INFO | ======================================================================
2026-03-09 03:03:22 | INFO | Model architecture:
MLP(
  (flatten): Flatten(start_dim=1, end_dim=-1)
  (hidden_blocks): ModuleList(
    (0): Sequential(
      (0): Linear(in_features=784, out_features=256, bias=True)
      (1): ReLU()
      (2): Dropout(p=0.2, inplace=False)
    )
    (1): Sequential(
      (0): Linear(in_features=256, out_features=128, bias=True)
      (1): ReLU()
      (2): Dropout(p=0.2, inplace=False)
    )
  )
  (classifier): Linear(in_features=128, out_features=10, bias=True)
)
2026-03-09 03:03:22 | INFO | ======================================================================
2026-03-09 03:03:22 | INFO | Starting training...
2026-03-09 03:03:22 | INFO | Train size: 54000 | Val size: 6000
2026-03-09 03:03:22 | INFO | Epoch 1/15
2026-03-09 03:03:28 | INFO |   [Batch  100/844] train_loss=0.7454 | train_acc=0.7716
2026-03-09 03:03:29 | INFO |   [Batch  200/844] train_loss=0.5386 | train_acc=0.8347
2026-03-09 03:03:30 | INFO |   [Batch  300/844] train_loss=0.4577 | train_acc=0.8590
2026-03-09 03:03:31 | INFO |   [Batch  400/844] train_loss=0.4008 | train_acc=0.8768
2026-03-09 03:03:33 | INFO |   [Batch  500/844] train_loss=0.3646 | train_acc=0.8888
2026-03-09 03:03:34 | INFO |   [Batch  600/844] train_loss=0.3375 | train_acc=0.8971
2026-03-09 03:03:35 | INFO |   [Batch  700/844] train_loss=0.3167 | train_acc=0.9034
2026-03-09 03:03:36 | INFO |   [Batch  800/844] train_loss=0.3006 | train_acc=0.9081
2026-03-09 03:03:44 | INFO |   Train | loss: 0.2940 | acc: 0.9104 | Val | loss: 0.1464 | acc: 0.9543 | LR: 0.001000
2026-03-09 03:03:44 | INFO |   Saved best model to results\checkpoints\HW1\reg_l2_1e4\reg_l2_1e4_best_model.pt (best_val_loss=0.1464)
2026-03-09 03:03:44 | INFO | Epoch 2/15
2026-03-09 03:03:50 | INFO |   [Batch  100/844] train_loss=0.1259 | train_acc=0.9620
2026-03-09 03:03:51 | INFO |   [Batch  200/844] train_loss=0.1367 | train_acc=0.9585
2026-03-09 03:03:52 | INFO |   [Batch  300/844] train_loss=0.1371 | train_acc=0.9579
2026-03-09 03:03:53 | INFO |   [Batch  400/844] train_loss=0.1355 | train_acc=0.9582
2026-03-09 03:03:54 | INFO |   [Batch  500/844] train_loss=0.1356 | train_acc=0.9580
2026-03-09 03:03:55 | INFO |   [Batch  600/844] train_loss=0.1357 | train_acc=0.9578
2026-03-09 03:03:56 | INFO |   [Batch  700/844] train_loss=0.1341 | train_acc=0.9583
2026-03-09 03:03:57 | INFO |   [Batch  800/844] train_loss=0.1318 | train_acc=0.9591
2026-03-09 03:04:06 | INFO |   Train | loss: 0.1319 | acc: 0.9591 | Val | loss: 0.0999 | acc: 0.9698 | LR: 0.001000
2026-03-09 03:04:06 | INFO |   Saved best model to results\checkpoints\HW1\reg_l2_1e4\reg_l2_1e4_best_model.pt (best_val_loss=0.0999)
2026-03-09 03:04:06 | INFO | Epoch 3/15
2026-03-09 03:04:12 | INFO |   [Batch  100/844] train_loss=0.0954 | train_acc=0.9709
2026-03-09 03:04:13 | INFO |   [Batch  200/844] train_loss=0.0965 | train_acc=0.9681
2026-03-09 03:04:14 | INFO |   [Batch  300/844] train_loss=0.1002 | train_acc=0.9672
2026-03-09 03:04:15 | INFO |   [Batch  400/844] train_loss=0.1005 | train_acc=0.9681
2026-03-09 03:04:16 | INFO |   [Batch  500/844] train_loss=0.1017 | train_acc=0.9678
2026-03-09 03:04:17 | INFO |   [Batch  600/844] train_loss=0.1032 | train_acc=0.9676
2026-03-09 03:04:18 | INFO |   [Batch  700/844] train_loss=0.1028 | train_acc=0.9680
2026-03-09 03:04:20 | INFO |   [Batch  800/844] train_loss=0.1054 | train_acc=0.9673
2026-03-09 03:04:28 | INFO |   Train | loss: 0.1052 | acc: 0.9674 | Val | loss: 0.0919 | acc: 0.9720 | LR: 0.001000
2026-03-09 03:04:28 | INFO |   Saved best model to results\checkpoints\HW1\reg_l2_1e4\reg_l2_1e4_best_model.pt (best_val_loss=0.0919)
2026-03-09 03:04:28 | INFO | Epoch 4/15
2026-03-09 03:04:36 | INFO |   [Batch  100/844] train_loss=0.0780 | train_acc=0.9767
2026-03-09 03:04:37 | INFO |   [Batch  200/844] train_loss=0.0857 | train_acc=0.9741
2026-03-09 03:04:38 | INFO |   [Batch  300/844] train_loss=0.0879 | train_acc=0.9727
2026-03-09 03:04:39 | INFO |   [Batch  400/844] train_loss=0.0875 | train_acc=0.9730
2026-03-09 03:04:40 | INFO |   [Batch  500/844] train_loss=0.0848 | train_acc=0.9735
2026-03-09 03:04:40 | INFO |   [Batch  600/844] train_loss=0.0851 | train_acc=0.9733
2026-03-09 03:04:41 | INFO |   [Batch  700/844] train_loss=0.0837 | train_acc=0.9736
2026-03-09 03:04:42 | INFO |   [Batch  800/844] train_loss=0.0869 | train_acc=0.9726
2026-03-09 03:04:49 | INFO |   Train | loss: 0.0873 | acc: 0.9724 | Val | loss: 0.0991 | acc: 0.9700 | LR: 0.001000
2026-03-09 03:04:49 | INFO |   No improvement in validation loss. Early-stop counter: 1/5
2026-03-09 03:04:49 | INFO | Epoch 5/15
2026-03-09 03:04:56 | INFO |   [Batch  100/844] train_loss=0.0757 | train_acc=0.9756
2026-03-09 03:04:57 | INFO |   [Batch  200/844] train_loss=0.0771 | train_acc=0.9745
2026-03-09 03:04:58 | INFO |   [Batch  300/844] train_loss=0.0766 | train_acc=0.9757
2026-03-09 03:04:59 | INFO |   [Batch  400/844] train_loss=0.0759 | train_acc=0.9763
2026-03-09 03:05:00 | INFO |   [Batch  500/844] train_loss=0.0763 | train_acc=0.9760
2026-03-09 03:05:01 | INFO |   [Batch  600/844] train_loss=0.0779 | train_acc=0.9756
2026-03-09 03:05:02 | INFO |   [Batch  700/844] train_loss=0.0781 | train_acc=0.9751
2026-03-09 03:05:03 | INFO |   [Batch  800/844] train_loss=0.0786 | train_acc=0.9748
2026-03-09 03:05:12 | INFO |   Train | loss: 0.0783 | acc: 0.9747 | Val | loss: 0.0792 | acc: 0.9768 | LR: 0.001000
2026-03-09 03:05:12 | INFO |   Saved best model to results\checkpoints\HW1\reg_l2_1e4\reg_l2_1e4_best_model.pt (best_val_loss=0.0792)
2026-03-09 03:05:12 | INFO | Epoch 6/15
2026-03-09 03:05:18 | INFO |   [Batch  100/844] train_loss=0.0541 | train_acc=0.9812
2026-03-09 03:05:19 | INFO |   [Batch  200/844] train_loss=0.0596 | train_acc=0.9802
2026-03-09 03:05:20 | INFO |   [Batch  300/844] train_loss=0.0598 | train_acc=0.9806
2026-03-09 03:05:21 | INFO |   [Batch  400/844] train_loss=0.0641 | train_acc=0.9793
2026-03-09 03:05:22 | INFO |   [Batch  500/844] train_loss=0.0656 | train_acc=0.9789
2026-03-09 03:05:23 | INFO |   [Batch  600/844] train_loss=0.0658 | train_acc=0.9791
2026-03-09 03:05:24 | INFO |   [Batch  700/844] train_loss=0.0687 | train_acc=0.9787
2026-03-09 03:05:25 | INFO |   [Batch  800/844] train_loss=0.0703 | train_acc=0.9780
2026-03-09 03:05:34 | INFO |   Train | loss: 0.0708 | acc: 0.9778 | Val | loss: 0.0893 | acc: 0.9732 | LR: 0.001000
2026-03-09 03:05:34 | INFO |   No improvement in validation loss. Early-stop counter: 1/5
2026-03-09 03:05:34 | INFO | Epoch 7/15
2026-03-09 03:05:39 | INFO |   [Batch  100/844] train_loss=0.0746 | train_acc=0.9773
2026-03-09 03:05:40 | INFO |   [Batch  200/844] train_loss=0.0660 | train_acc=0.9795
2026-03-09 03:05:41 | INFO |   [Batch  300/844] train_loss=0.0605 | train_acc=0.9808
2026-03-09 03:05:42 | INFO |   [Batch  400/844] train_loss=0.0598 | train_acc=0.9810
2026-03-09 03:05:44 | INFO |   [Batch  500/844] train_loss=0.0589 | train_acc=0.9809
2026-03-09 03:05:45 | INFO |   [Batch  600/844] train_loss=0.0596 | train_acc=0.9806
2026-03-09 03:05:46 | INFO |   [Batch  700/844] train_loss=0.0618 | train_acc=0.9801
2026-03-09 03:05:47 | INFO |   [Batch  800/844] train_loss=0.0641 | train_acc=0.9793
2026-03-09 03:05:56 | INFO |   Train | loss: 0.0639 | acc: 0.9792 | Val | loss: 0.0870 | acc: 0.9760 | LR: 0.001000
2026-03-09 03:05:56 | INFO |   No improvement in validation loss. Early-stop counter: 2/5
2026-03-09 03:05:56 | INFO | Epoch 8/15
2026-03-09 03:06:02 | INFO |   [Batch  100/844] train_loss=0.0564 | train_acc=0.9811
2026-03-09 03:06:04 | INFO |   [Batch  200/844] train_loss=0.0499 | train_acc=0.9835
2026-03-09 03:06:05 | INFO |   [Batch  300/844] train_loss=0.0507 | train_acc=0.9835
2026-03-09 03:06:06 | INFO |   [Batch  400/844] train_loss=0.0538 | train_acc=0.9829
2026-03-09 03:06:07 | INFO |   [Batch  500/844] train_loss=0.0549 | train_acc=0.9825
2026-03-09 03:06:08 | INFO |   [Batch  600/844] train_loss=0.0558 | train_acc=0.9824
2026-03-09 03:06:09 | INFO |   [Batch  700/844] train_loss=0.0572 | train_acc=0.9818
2026-03-09 03:06:10 | INFO |   [Batch  800/844] train_loss=0.0570 | train_acc=0.9816
2026-03-09 03:06:19 | INFO |   Train | loss: 0.0569 | acc: 0.9816 | Val | loss: 0.0869 | acc: 0.9758 | LR: 0.001000
2026-03-09 03:06:19 | INFO |   No improvement in validation loss. Early-stop counter: 3/5
2026-03-09 03:06:19 | INFO | Epoch 9/15
2026-03-09 03:06:25 | INFO |   [Batch  100/844] train_loss=0.0589 | train_acc=0.9820
2026-03-09 03:06:27 | INFO |   [Batch  200/844] train_loss=0.0567 | train_acc=0.9826
2026-03-09 03:06:28 | INFO |   [Batch  300/844] train_loss=0.0584 | train_acc=0.9820
2026-03-09 03:06:29 | INFO |   [Batch  400/844] train_loss=0.0595 | train_acc=0.9818
2026-03-09 03:06:30 | INFO |   [Batch  500/844] train_loss=0.0589 | train_acc=0.9818
2026-03-09 03:06:31 | INFO |   [Batch  600/844] train_loss=0.0601 | train_acc=0.9814
2026-03-09 03:06:33 | INFO |   [Batch  700/844] train_loss=0.0610 | train_acc=0.9810
2026-03-09 03:06:34 | INFO |   [Batch  800/844] train_loss=0.0610 | train_acc=0.9806
2026-03-09 03:06:42 | INFO |   Train | loss: 0.0606 | acc: 0.9807 | Val | loss: 0.0881 | acc: 0.9772 | LR: 0.001000
2026-03-09 03:06:42 | INFO |   No improvement in validation loss. Early-stop counter: 4/5
2026-03-09 03:06:42 | INFO | Epoch 10/15
2026-03-09 03:06:48 | INFO |   [Batch  100/844] train_loss=0.0459 | train_acc=0.9847
2026-03-09 03:06:49 | INFO |   [Batch  200/844] train_loss=0.0525 | train_acc=0.9831
2026-03-09 03:06:50 | INFO |   [Batch  300/844] train_loss=0.0518 | train_acc=0.9834
2026-03-09 03:06:51 | INFO |   [Batch  400/844] train_loss=0.0518 | train_acc=0.9833
2026-03-09 03:06:52 | INFO |   [Batch  500/844] train_loss=0.0540 | train_acc=0.9829
2026-03-09 03:06:53 | INFO |   [Batch  600/844] train_loss=0.0564 | train_acc=0.9821
2026-03-09 03:06:54 | INFO |   [Batch  700/844] train_loss=0.0551 | train_acc=0.9822
2026-03-09 03:06:55 | INFO |   [Batch  800/844] train_loss=0.0554 | train_acc=0.9823
2026-03-09 03:07:04 | INFO |   Train | loss: 0.0557 | acc: 0.9821 | Val | loss: 0.0984 | acc: 0.9760 | LR: 0.001000
2026-03-09 03:07:04 | INFO |   No improvement in validation loss. Early-stop counter: 5/5
2026-03-09 03:07:04 | INFO |   Early stopping triggered.
2026-03-09 03:07:04 | INFO | Training complete.
2026-03-09 03:07:04 | INFO | Best epoch     : 5
2026-03-09 03:07:04 | INFO | Best val loss  : 0.0792
2026-03-09 03:07:04 | INFO | Best val acc   : 0.9768
2026-03-09 03:07:04 | INFO | Checkpoint     : results\checkpoints\HW1\reg_l2_1e4\reg_l2_1e4_best_model.pt
2026-03-09 03:07:04 | INFO | Loading checkpoint from results\checkpoints\HW1\reg_l2_1e4\reg_l2_1e4_best_model.pt
2026-03-09 03:07:04 | INFO | Starting test evaluation...
2026-03-09 03:07:04 | INFO | Test size: 10000
2026-03-09 03:07:08 | INFO | ======================================================================
2026-03-09 03:07:08 | INFO | Test Results
2026-03-09 03:07:08 | INFO | ======================================================================
2026-03-09 03:07:08 | INFO | Average test loss : 0.0737
2026-03-09 03:07:08 | INFO | Overall accuracy  : 0.9773 (9773/10000)
2026-03-09 03:07:08 | INFO | ----------------------------------------------------------------------
2026-03-09 03:07:08 | INFO | Per-class accuracy:
2026-03-09 03:07:08 | INFO |   Class 0: 0.9908 (971/980)
2026-03-09 03:07:08 | INFO |   Class 1: 0.9921 (1126/1135)
2026-03-09 03:07:08 | INFO |   Class 2: 0.9855 (1017/1032)
2026-03-09 03:07:08 | INFO |   Class 3: 0.9851 (995/1010)
2026-03-09 03:07:08 | INFO |   Class 4: 0.9674 (950/982)
2026-03-09 03:07:08 | INFO |   Class 5: 0.9552 (852/892)
2026-03-09 03:07:08 | INFO |   Class 6: 0.9854 (944/958)
2026-03-09 03:07:08 | INFO |   Class 7: 0.9582 (985/1028)
2026-03-09 03:07:08 | INFO |   Class 8: 0.9713 (946/974)
2026-03-09 03:07:08 | INFO |   Class 9: 0.9782 (987/1009)
2026-03-09 03:07:08 | INFO | ======================================================================
2026-03-09 03:07:08 | INFO | Run completed successfully.
