2026-03-09 02:32:33 | INFO | Log file path: results\logs\HW1\train_plateau\train_plateau_20260309_023233.log
2026-03-09 02:32:33 | INFO | Config snapshot path: results\logs\HW1\train_plateau\train_plateau_20260309_023233.config.json
2026-03-09 02:32:33 | INFO | Environment information
2026-03-09 02:32:33 | INFO | Python platform: Windows-10-10.0.26200-SP0
2026-03-09 02:32:33 | INFO | PyTorch version: 2.9.0+cpu
2026-03-09 02:32:33 | INFO | CUDA available: False
2026-03-09 02:32:33 | INFO | MPS available: False
2026-03-09 02:32:33 | INFO | ======================================================================
2026-03-09 02:32:33 | INFO | CS515 HW1a - MNIST Classification with MLP
2026-03-09 02:32:33 | INFO | ======================================================================
2026-03-09 02:32:33 | INFO | Mode             : both
2026-03-09 02:32:33 | INFO | Project name     : HW1
2026-03-09 02:32:33 | INFO | Experiment name  : train_plateau
2026-03-09 02:32:33 | INFO | Seed             : 42
2026-03-09 02:32:33 | INFO | Device           : cpu
2026-03-09 02:32:33 | INFO | Dataset          : mnist
2026-03-09 02:32:33 | INFO | Input size       : 784
2026-03-09 02:32:33 | INFO | Num classes      : 10
2026-03-09 02:32:33 | INFO | Hidden sizes     : [256, 128]
2026-03-09 02:32:33 | INFO | Activation       : relu
2026-03-09 02:32:33 | INFO | Dropout          : 0.2
2026-03-09 02:32:33 | INFO | BatchNorm        : False
2026-03-09 02:32:33 | INFO | Epochs           : 20
2026-03-09 02:32:33 | INFO | Batch size       : 64
2026-03-09 02:32:33 | INFO | Learning rate    : 0.001
2026-03-09 02:32:33 | INFO | Optimizer        : adam
2026-03-09 02:32:33 | INFO | Scheduler        : plateau
2026-03-09 02:32:33 | INFO | Regularizer      : none
2026-03-09 02:32:33 | INFO | reg_lambda       : 0.0
2026-03-09 02:32:33 | INFO | Weight decay     : 0.0
2026-03-09 02:32:33 | INFO | Checkpoint dir   : results\checkpoints\HW1\train_plateau
2026-03-09 02:32:33 | INFO | Checkpoint path  : results\checkpoints\HW1\train_plateau\train_plateau_best_model.pt
2026-03-09 02:32:33 | INFO | Log directory    : results\logs\HW1\train_plateau
2026-03-09 02:32:33 | INFO | Plot directory   : results\plots\HW1\train_plateau
2026-03-09 02:32:33 | INFO | Trainable params : 235,146
2026-03-09 02:32:33 | INFO | ======================================================================
2026-03-09 02:32:33 | INFO | Model architecture:
MLP(
  (flatten): Flatten(start_dim=1, end_dim=-1)
  (hidden_blocks): ModuleList(
    (0): Sequential(
      (0): Linear(in_features=784, out_features=256, bias=True)
      (1): ReLU()
      (2): Dropout(p=0.2, inplace=False)
    )
    (1): Sequential(
      (0): Linear(in_features=256, out_features=128, bias=True)
      (1): ReLU()
      (2): Dropout(p=0.2, inplace=False)
    )
  )
  (classifier): Linear(in_features=128, out_features=10, bias=True)
)
2026-03-09 02:32:33 | INFO | ======================================================================
2026-03-09 02:32:33 | INFO | Starting training...
2026-03-09 02:32:33 | INFO | Train size: 54000 | Val size: 6000
2026-03-09 02:32:33 | INFO | Epoch 1/20
2026-03-09 02:32:39 | INFO |   [Batch  100/844] train_loss=0.7444 | train_acc=0.7681
2026-03-09 02:32:40 | INFO |   [Batch  200/844] train_loss=0.5379 | train_acc=0.8321
2026-03-09 02:32:42 | INFO |   [Batch  300/844] train_loss=0.4558 | train_acc=0.8577
2026-03-09 02:32:43 | INFO |   [Batch  400/844] train_loss=0.3999 | train_acc=0.8759
2026-03-09 02:32:44 | INFO |   [Batch  500/844] train_loss=0.3639 | train_acc=0.8877
2026-03-09 02:32:46 | INFO |   [Batch  600/844] train_loss=0.3364 | train_acc=0.8958
2026-03-09 02:32:47 | INFO |   [Batch  700/844] train_loss=0.3162 | train_acc=0.9019
2026-03-09 02:32:48 | INFO |   [Batch  800/844] train_loss=0.2996 | train_acc=0.9072
2026-03-09 02:32:57 | INFO |   Train | loss: 0.2929 | acc: 0.9095 | Val | loss: 0.1461 | acc: 0.9547 | LR: 0.001000
2026-03-09 02:32:57 | INFO |   Saved best model to results\checkpoints\HW1\train_plateau\train_plateau_best_model.pt (best_val_loss=0.1461)
2026-03-09 02:32:57 | INFO | Epoch 2/20
2026-03-09 02:33:03 | INFO |   [Batch  100/844] train_loss=0.1235 | train_acc=0.9639
2026-03-09 02:33:05 | INFO |   [Batch  200/844] train_loss=0.1343 | train_acc=0.9594
2026-03-09 02:33:06 | INFO |   [Batch  300/844] train_loss=0.1347 | train_acc=0.9589
2026-03-09 02:33:07 | INFO |   [Batch  400/844] train_loss=0.1334 | train_acc=0.9591
2026-03-09 02:33:08 | INFO |   [Batch  500/844] train_loss=0.1328 | train_acc=0.9595
2026-03-09 02:33:10 | INFO |   [Batch  600/844] train_loss=0.1332 | train_acc=0.9593
2026-03-09 02:33:11 | INFO |   [Batch  700/844] train_loss=0.1319 | train_acc=0.9600
2026-03-09 02:33:12 | INFO |   [Batch  800/844] train_loss=0.1308 | train_acc=0.9599
2026-03-09 02:33:21 | INFO |   Train | loss: 0.1308 | acc: 0.9598 | Val | loss: 0.1000 | acc: 0.9708 | LR: 0.001000
2026-03-09 02:33:21 | INFO |   Saved best model to results\checkpoints\HW1\train_plateau\train_plateau_best_model.pt (best_val_loss=0.1000)
2026-03-09 02:33:21 | INFO | Epoch 3/20
2026-03-09 02:33:27 | INFO |   [Batch  100/844] train_loss=0.0979 | train_acc=0.9683
2026-03-09 02:33:29 | INFO |   [Batch  200/844] train_loss=0.0969 | train_acc=0.9680
2026-03-09 02:33:30 | INFO |   [Batch  300/844] train_loss=0.0991 | train_acc=0.9681
2026-03-09 02:33:31 | INFO |   [Batch  400/844] train_loss=0.0991 | train_acc=0.9693
2026-03-09 02:33:32 | INFO |   [Batch  500/844] train_loss=0.1007 | train_acc=0.9690
2026-03-09 02:33:33 | INFO |   [Batch  600/844] train_loss=0.1021 | train_acc=0.9683
2026-03-09 02:33:34 | INFO |   [Batch  700/844] train_loss=0.1014 | train_acc=0.9684
2026-03-09 02:33:36 | INFO |   [Batch  800/844] train_loss=0.1038 | train_acc=0.9678
2026-03-09 02:33:44 | INFO |   Train | loss: 0.1036 | acc: 0.9679 | Val | loss: 0.0894 | acc: 0.9728 | LR: 0.001000
2026-03-09 02:33:44 | INFO |   Saved best model to results\checkpoints\HW1\train_plateau\train_plateau_best_model.pt (best_val_loss=0.0894)
2026-03-09 02:33:44 | INFO | Epoch 4/20
2026-03-09 02:33:51 | INFO |   [Batch  100/844] train_loss=0.0791 | train_acc=0.9756
2026-03-09 02:33:52 | INFO |   [Batch  200/844] train_loss=0.0842 | train_acc=0.9739
2026-03-09 02:33:53 | INFO |   [Batch  300/844] train_loss=0.0841 | train_acc=0.9745
2026-03-09 02:33:54 | INFO |   [Batch  400/844] train_loss=0.0846 | train_acc=0.9738
2026-03-09 02:33:55 | INFO |   [Batch  500/844] train_loss=0.0833 | train_acc=0.9742
2026-03-09 02:33:56 | INFO |   [Batch  600/844] train_loss=0.0848 | train_acc=0.9736
2026-03-09 02:33:57 | INFO |   [Batch  700/844] train_loss=0.0837 | train_acc=0.9738
2026-03-09 02:33:58 | INFO |   [Batch  800/844] train_loss=0.0853 | train_acc=0.9731
2026-03-09 02:34:07 | INFO |   Train | loss: 0.0857 | acc: 0.9728 | Val | loss: 0.0874 | acc: 0.9738 | LR: 0.001000
2026-03-09 02:34:07 | INFO |   Saved best model to results\checkpoints\HW1\train_plateau\train_plateau_best_model.pt (best_val_loss=0.0874)
2026-03-09 02:34:07 | INFO | Epoch 5/20
2026-03-09 02:34:14 | INFO |   [Batch  100/844] train_loss=0.0747 | train_acc=0.9759
2026-03-09 02:34:15 | INFO |   [Batch  200/844] train_loss=0.0739 | train_acc=0.9766
2026-03-09 02:34:16 | INFO |   [Batch  300/844] train_loss=0.0740 | train_acc=0.9770
2026-03-09 02:34:17 | INFO |   [Batch  400/844] train_loss=0.0743 | train_acc=0.9774
2026-03-09 02:34:18 | INFO |   [Batch  500/844] train_loss=0.0735 | train_acc=0.9773
2026-03-09 02:34:19 | INFO |   [Batch  600/844] train_loss=0.0736 | train_acc=0.9773
2026-03-09 02:34:20 | INFO |   [Batch  700/844] train_loss=0.0718 | train_acc=0.9776
2026-03-09 02:34:21 | INFO |   [Batch  800/844] train_loss=0.0733 | train_acc=0.9771
2026-03-09 02:34:30 | INFO |   Train | loss: 0.0733 | acc: 0.9772 | Val | loss: 0.0793 | acc: 0.9782 | LR: 0.001000
2026-03-09 02:34:30 | INFO |   Saved best model to results\checkpoints\HW1\train_plateau\train_plateau_best_model.pt (best_val_loss=0.0793)
2026-03-09 02:34:30 | INFO | Epoch 6/20
2026-03-09 02:34:36 | INFO |   [Batch  100/844] train_loss=0.0499 | train_acc=0.9838
2026-03-09 02:34:37 | INFO |   [Batch  200/844] train_loss=0.0567 | train_acc=0.9814
2026-03-09 02:34:39 | INFO |   [Batch  300/844] train_loss=0.0551 | train_acc=0.9819
2026-03-09 02:34:40 | INFO |   [Batch  400/844] train_loss=0.0581 | train_acc=0.9808
2026-03-09 02:34:41 | INFO |   [Batch  500/844] train_loss=0.0610 | train_acc=0.9803
2026-03-09 02:34:42 | INFO |   [Batch  600/844] train_loss=0.0631 | train_acc=0.9798
2026-03-09 02:34:43 | INFO |   [Batch  700/844] train_loss=0.0655 | train_acc=0.9791
2026-03-09 02:34:44 | INFO |   [Batch  800/844] train_loss=0.0652 | train_acc=0.9793
2026-03-09 02:34:54 | INFO |   Train | loss: 0.0656 | acc: 0.9791 | Val | loss: 0.0788 | acc: 0.9785 | LR: 0.001000
2026-03-09 02:34:54 | INFO |   Saved best model to results\checkpoints\HW1\train_plateau\train_plateau_best_model.pt (best_val_loss=0.0788)
2026-03-09 02:34:54 | INFO | Epoch 7/20
2026-03-09 02:35:00 | INFO |   [Batch  100/844] train_loss=0.0652 | train_acc=0.9788
2026-03-09 02:35:01 | INFO |   [Batch  200/844] train_loss=0.0618 | train_acc=0.9802
2026-03-09 02:35:02 | INFO |   [Batch  300/844] train_loss=0.0573 | train_acc=0.9821
2026-03-09 02:35:03 | INFO |   [Batch  400/844] train_loss=0.0553 | train_acc=0.9823
2026-03-09 02:35:04 | INFO |   [Batch  500/844] train_loss=0.0550 | train_acc=0.9822
2026-03-09 02:35:05 | INFO |   [Batch  600/844] train_loss=0.0541 | train_acc=0.9826
2026-03-09 02:35:06 | INFO |   [Batch  700/844] train_loss=0.0559 | train_acc=0.9820
2026-03-09 02:35:07 | INFO |   [Batch  800/844] train_loss=0.0584 | train_acc=0.9813
2026-03-09 02:35:16 | INFO |   Train | loss: 0.0580 | acc: 0.9814 | Val | loss: 0.0781 | acc: 0.9785 | LR: 0.001000
2026-03-09 02:35:16 | INFO |   Saved best model to results\checkpoints\HW1\train_plateau\train_plateau_best_model.pt (best_val_loss=0.0781)
2026-03-09 02:35:16 | INFO | Epoch 8/20
2026-03-09 02:35:23 | INFO |   [Batch  100/844] train_loss=0.0405 | train_acc=0.9866
2026-03-09 02:35:24 | INFO |   [Batch  200/844] train_loss=0.0419 | train_acc=0.9866
2026-03-09 02:35:25 | INFO |   [Batch  300/844] train_loss=0.0462 | train_acc=0.9849
2026-03-09 02:35:26 | INFO |   [Batch  400/844] train_loss=0.0505 | train_acc=0.9834
2026-03-09 02:35:27 | INFO |   [Batch  500/844] train_loss=0.0512 | train_acc=0.9833
2026-03-09 02:35:28 | INFO |   [Batch  600/844] train_loss=0.0517 | train_acc=0.9834
2026-03-09 02:35:29 | INFO |   [Batch  700/844] train_loss=0.0538 | train_acc=0.9828
2026-03-09 02:35:30 | INFO |   [Batch  800/844] train_loss=0.0539 | train_acc=0.9825
2026-03-09 02:35:38 | INFO |   Train | loss: 0.0540 | acc: 0.9826 | Val | loss: 0.0786 | acc: 0.9788 | LR: 0.001000
2026-03-09 02:35:38 | INFO |   No improvement in validation loss. Early-stop counter: 1/5
2026-03-09 02:35:38 | INFO | Epoch 9/20
2026-03-09 02:35:44 | INFO |   [Batch  100/844] train_loss=0.0475 | train_acc=0.9831
2026-03-09 02:35:45 | INFO |   [Batch  200/844] train_loss=0.0437 | train_acc=0.9846
2026-03-09 02:35:46 | INFO |   [Batch  300/844] train_loss=0.0470 | train_acc=0.9841
2026-03-09 02:35:47 | INFO |   [Batch  400/844] train_loss=0.0464 | train_acc=0.9845
2026-03-09 02:35:49 | INFO |   [Batch  500/844] train_loss=0.0455 | train_acc=0.9849
2026-03-09 02:35:50 | INFO |   [Batch  600/844] train_loss=0.0460 | train_acc=0.9846
2026-03-09 02:35:51 | INFO |   [Batch  700/844] train_loss=0.0475 | train_acc=0.9844
2026-03-09 02:35:52 | INFO |   [Batch  800/844] train_loss=0.0483 | train_acc=0.9841
2026-03-09 02:36:01 | INFO |   Train | loss: 0.0485 | acc: 0.9840 | Val | loss: 0.0832 | acc: 0.9770 | LR: 0.001000
2026-03-09 02:36:01 | INFO |   No improvement in validation loss. Early-stop counter: 2/5
2026-03-09 02:36:01 | INFO | Epoch 10/20
2026-03-09 02:36:08 | INFO |   [Batch  100/844] train_loss=0.0355 | train_acc=0.9891
2026-03-09 02:36:09 | INFO |   [Batch  200/844] train_loss=0.0410 | train_acc=0.9868
2026-03-09 02:36:10 | INFO |   [Batch  300/844] train_loss=0.0411 | train_acc=0.9875
2026-03-09 02:36:11 | INFO |   [Batch  400/844] train_loss=0.0427 | train_acc=0.9870
2026-03-09 02:36:13 | INFO |   [Batch  500/844] train_loss=0.0441 | train_acc=0.9866
2026-03-09 02:36:14 | INFO |   [Batch  600/844] train_loss=0.0464 | train_acc=0.9857
2026-03-09 02:36:15 | INFO |   [Batch  700/844] train_loss=0.0459 | train_acc=0.9858
2026-03-09 02:36:16 | INFO |   [Batch  800/844] train_loss=0.0455 | train_acc=0.9859
2026-03-09 02:36:25 | INFO |   Train | loss: 0.0461 | acc: 0.9857 | Val | loss: 0.0823 | acc: 0.9807 | LR: 0.000500
2026-03-09 02:36:25 | INFO |   No improvement in validation loss. Early-stop counter: 3/5
2026-03-09 02:36:25 | INFO | Epoch 11/20
2026-03-09 02:36:30 | INFO |   [Batch  100/844] train_loss=0.0339 | train_acc=0.9888
2026-03-09 02:36:31 | INFO |   [Batch  200/844] train_loss=0.0309 | train_acc=0.9898
2026-03-09 02:36:31 | INFO |   [Batch  300/844] train_loss=0.0299 | train_acc=0.9904
2026-03-09 02:36:32 | INFO |   [Batch  400/844] train_loss=0.0296 | train_acc=0.9906
2026-03-09 02:36:32 | INFO |   [Batch  500/844] train_loss=0.0286 | train_acc=0.9908
2026-03-09 02:36:33 | INFO |   [Batch  600/844] train_loss=0.0281 | train_acc=0.9908
2026-03-09 02:36:33 | INFO |   [Batch  700/844] train_loss=0.0289 | train_acc=0.9906
2026-03-09 02:36:34 | INFO |   [Batch  800/844] train_loss=0.0286 | train_acc=0.9907
2026-03-09 02:36:41 | INFO |   Train | loss: 0.0286 | acc: 0.9907 | Val | loss: 0.0653 | acc: 0.9830 | LR: 0.000500
2026-03-09 02:36:41 | INFO |   Saved best model to results\checkpoints\HW1\train_plateau\train_plateau_best_model.pt (best_val_loss=0.0653)
2026-03-09 02:36:41 | INFO | Epoch 12/20
2026-03-09 02:36:46 | INFO |   [Batch  100/844] train_loss=0.0192 | train_acc=0.9939
2026-03-09 02:36:47 | INFO |   [Batch  200/844] train_loss=0.0221 | train_acc=0.9929
2026-03-09 02:36:49 | INFO |   [Batch  300/844] train_loss=0.0229 | train_acc=0.9927
2026-03-09 02:36:50 | INFO |   [Batch  400/844] train_loss=0.0231 | train_acc=0.9928
2026-03-09 02:36:51 | INFO |   [Batch  500/844] train_loss=0.0229 | train_acc=0.9926
2026-03-09 02:36:53 | INFO |   [Batch  600/844] train_loss=0.0241 | train_acc=0.9922
2026-03-09 02:36:54 | INFO |   [Batch  700/844] train_loss=0.0241 | train_acc=0.9921
2026-03-09 02:36:55 | INFO |   [Batch  800/844] train_loss=0.0244 | train_acc=0.9920
2026-03-09 02:37:04 | INFO |   Train | loss: 0.0244 | acc: 0.9920 | Val | loss: 0.0694 | acc: 0.9827 | LR: 0.000500
2026-03-09 02:37:04 | INFO |   No improvement in validation loss. Early-stop counter: 1/5
2026-03-09 02:37:04 | INFO | Epoch 13/20
2026-03-09 02:37:10 | INFO |   [Batch  100/844] train_loss=0.0256 | train_acc=0.9909
2026-03-09 02:37:11 | INFO |   [Batch  200/844] train_loss=0.0237 | train_acc=0.9925
2026-03-09 02:37:12 | INFO |   [Batch  300/844] train_loss=0.0244 | train_acc=0.9921
2026-03-09 02:37:13 | INFO |   [Batch  400/844] train_loss=0.0234 | train_acc=0.9921
2026-03-09 02:37:15 | INFO |   [Batch  500/844] train_loss=0.0241 | train_acc=0.9921
2026-03-09 02:37:16 | INFO |   [Batch  600/844] train_loss=0.0254 | train_acc=0.9917
2026-03-09 02:37:17 | INFO |   [Batch  700/844] train_loss=0.0253 | train_acc=0.9917
2026-03-09 02:37:18 | INFO |   [Batch  800/844] train_loss=0.0249 | train_acc=0.9918
2026-03-09 02:37:27 | INFO |   Train | loss: 0.0246 | acc: 0.9919 | Val | loss: 0.0695 | acc: 0.9833 | LR: 0.000500
2026-03-09 02:37:27 | INFO |   No improvement in validation loss. Early-stop counter: 2/5
2026-03-09 02:37:27 | INFO | Epoch 14/20
2026-03-09 02:37:33 | INFO |   [Batch  100/844] train_loss=0.0200 | train_acc=0.9944
2026-03-09 02:37:34 | INFO |   [Batch  200/844] train_loss=0.0199 | train_acc=0.9943
2026-03-09 02:37:35 | INFO |   [Batch  300/844] train_loss=0.0193 | train_acc=0.9943
2026-03-09 02:37:37 | INFO |   [Batch  400/844] train_loss=0.0186 | train_acc=0.9940
2026-03-09 02:37:38 | INFO |   [Batch  500/844] train_loss=0.0198 | train_acc=0.9936
2026-03-09 02:37:39 | INFO |   [Batch  600/844] train_loss=0.0198 | train_acc=0.9935
2026-03-09 02:37:41 | INFO |   [Batch  700/844] train_loss=0.0199 | train_acc=0.9934
2026-03-09 02:37:42 | INFO |   [Batch  800/844] train_loss=0.0205 | train_acc=0.9933
2026-03-09 02:37:51 | INFO |   Train | loss: 0.0207 | acc: 0.9933 | Val | loss: 0.0791 | acc: 0.9807 | LR: 0.000250
2026-03-09 02:37:51 | INFO |   No improvement in validation loss. Early-stop counter: 3/5
2026-03-09 02:37:51 | INFO | Epoch 15/20
2026-03-09 02:37:58 | INFO |   [Batch  100/844] train_loss=0.0149 | train_acc=0.9948
2026-03-09 02:37:59 | INFO |   [Batch  200/844] train_loss=0.0147 | train_acc=0.9947
2026-03-09 02:38:00 | INFO |   [Batch  300/844] train_loss=0.0144 | train_acc=0.9948
2026-03-09 02:38:01 | INFO |   [Batch  400/844] train_loss=0.0147 | train_acc=0.9950
2026-03-09 02:38:03 | INFO |   [Batch  500/844] train_loss=0.0146 | train_acc=0.9952
2026-03-09 02:38:04 | INFO |   [Batch  600/844] train_loss=0.0141 | train_acc=0.9952
2026-03-09 02:38:05 | INFO |   [Batch  700/844] train_loss=0.0144 | train_acc=0.9953
2026-03-09 02:38:06 | INFO |   [Batch  800/844] train_loss=0.0149 | train_acc=0.9950
2026-03-09 02:38:16 | INFO |   Train | loss: 0.0152 | acc: 0.9949 | Val | loss: 0.0730 | acc: 0.9813 | LR: 0.000250
2026-03-09 02:38:16 | INFO |   No improvement in validation loss. Early-stop counter: 4/5
2026-03-09 02:38:16 | INFO | Epoch 16/20
2026-03-09 02:38:22 | INFO |   [Batch  100/844] train_loss=0.0125 | train_acc=0.9962
2026-03-09 02:38:23 | INFO |   [Batch  200/844] train_loss=0.0126 | train_acc=0.9959
2026-03-09 02:38:24 | INFO |   [Batch  300/844] train_loss=0.0142 | train_acc=0.9955
2026-03-09 02:38:25 | INFO |   [Batch  400/844] train_loss=0.0135 | train_acc=0.9958
2026-03-09 02:38:26 | INFO |   [Batch  500/844] train_loss=0.0140 | train_acc=0.9956
2026-03-09 02:38:27 | INFO |   [Batch  600/844] train_loss=0.0141 | train_acc=0.9954
2026-03-09 02:38:29 | INFO |   [Batch  700/844] train_loss=0.0141 | train_acc=0.9953
2026-03-09 02:38:30 | INFO |   [Batch  800/844] train_loss=0.0141 | train_acc=0.9954
2026-03-09 02:38:39 | INFO |   Train | loss: 0.0140 | acc: 0.9954 | Val | loss: 0.0715 | acc: 0.9817 | LR: 0.000250
2026-03-09 02:38:39 | INFO |   No improvement in validation loss. Early-stop counter: 5/5
2026-03-09 02:38:39 | INFO |   Early stopping triggered.
2026-03-09 02:38:39 | INFO | Training complete.
2026-03-09 02:38:39 | INFO | Best epoch     : 11
2026-03-09 02:38:39 | INFO | Best val loss  : 0.0653
2026-03-09 02:38:39 | INFO | Best val acc   : 0.9830
2026-03-09 02:38:39 | INFO | Checkpoint     : results\checkpoints\HW1\train_plateau\train_plateau_best_model.pt
2026-03-09 02:38:40 | INFO | Loading checkpoint from results\checkpoints\HW1\train_plateau\train_plateau_best_model.pt
2026-03-09 02:38:40 | INFO | Starting test evaluation...
2026-03-09 02:38:40 | INFO | Test size: 10000
2026-03-09 02:38:44 | INFO | ======================================================================
2026-03-09 02:38:44 | INFO | Test Results
2026-03-09 02:38:44 | INFO | ======================================================================
2026-03-09 02:38:44 | INFO | Average test loss : 0.0690
2026-03-09 02:38:44 | INFO | Overall accuracy  : 0.9827 (9827/10000)
2026-03-09 02:38:44 | INFO | ----------------------------------------------------------------------
2026-03-09 02:38:44 | INFO | Per-class accuracy:
2026-03-09 02:38:44 | INFO |   Class 0: 0.9888 (969/980)
2026-03-09 02:38:44 | INFO |   Class 1: 0.9938 (1128/1135)
2026-03-09 02:38:44 | INFO |   Class 2: 0.9874 (1019/1032)
2026-03-09 02:38:44 | INFO |   Class 3: 0.9832 (993/1010)
2026-03-09 02:38:44 | INFO |   Class 4: 0.9827 (965/982)
2026-03-09 02:38:44 | INFO |   Class 5: 0.9787 (873/892)
2026-03-09 02:38:44 | INFO |   Class 6: 0.9906 (949/958)
2026-03-09 02:38:44 | INFO |   Class 7: 0.9786 (1006/1028)
2026-03-09 02:38:44 | INFO |   Class 8: 0.9723 (947/974)
2026-03-09 02:38:44 | INFO |   Class 9: 0.9693 (978/1009)
2026-03-09 02:38:44 | INFO | ======================================================================
2026-03-09 02:38:44 | INFO | Run completed successfully.
