2026-03-09 02:38:47 | INFO | Log file path: results\logs\HW1\train_cosine\train_cosine_20260309_023847.log
2026-03-09 02:38:47 | INFO | Config snapshot path: results\logs\HW1\train_cosine\train_cosine_20260309_023847.config.json
2026-03-09 02:38:47 | INFO | Environment information
2026-03-09 02:38:47 | INFO | Python platform: Windows-10-10.0.26200-SP0
2026-03-09 02:38:47 | INFO | PyTorch version: 2.9.0+cpu
2026-03-09 02:38:47 | INFO | CUDA available: False
2026-03-09 02:38:47 | INFO | MPS available: False
2026-03-09 02:38:47 | INFO | ======================================================================
2026-03-09 02:38:47 | INFO | CS515 HW1a - MNIST Classification with MLP
2026-03-09 02:38:47 | INFO | ======================================================================
2026-03-09 02:38:47 | INFO | Mode             : both
2026-03-09 02:38:47 | INFO | Project name     : HW1
2026-03-09 02:38:47 | INFO | Experiment name  : train_cosine
2026-03-09 02:38:47 | INFO | Seed             : 42
2026-03-09 02:38:47 | INFO | Device           : cpu
2026-03-09 02:38:47 | INFO | Dataset          : mnist
2026-03-09 02:38:47 | INFO | Input size       : 784
2026-03-09 02:38:47 | INFO | Num classes      : 10
2026-03-09 02:38:47 | INFO | Hidden sizes     : [256, 128]
2026-03-09 02:38:47 | INFO | Activation       : relu
2026-03-09 02:38:47 | INFO | Dropout          : 0.2
2026-03-09 02:38:47 | INFO | BatchNorm        : False
2026-03-09 02:38:47 | INFO | Epochs           : 20
2026-03-09 02:38:47 | INFO | Batch size       : 64
2026-03-09 02:38:47 | INFO | Learning rate    : 0.001
2026-03-09 02:38:47 | INFO | Optimizer        : adam
2026-03-09 02:38:47 | INFO | Scheduler        : cosine
2026-03-09 02:38:47 | INFO | Regularizer      : none
2026-03-09 02:38:47 | INFO | reg_lambda       : 0.0
2026-03-09 02:38:47 | INFO | Weight decay     : 0.0
2026-03-09 02:38:47 | INFO | Checkpoint dir   : results\checkpoints\HW1\train_cosine
2026-03-09 02:38:47 | INFO | Checkpoint path  : results\checkpoints\HW1\train_cosine\train_cosine_best_model.pt
2026-03-09 02:38:47 | INFO | Log directory    : results\logs\HW1\train_cosine
2026-03-09 02:38:47 | INFO | Plot directory   : results\plots\HW1\train_cosine
2026-03-09 02:38:47 | INFO | Trainable params : 235,146
2026-03-09 02:38:47 | INFO | ======================================================================
2026-03-09 02:38:47 | INFO | Model architecture:
MLP(
  (flatten): Flatten(start_dim=1, end_dim=-1)
  (hidden_blocks): ModuleList(
    (0): Sequential(
      (0): Linear(in_features=784, out_features=256, bias=True)
      (1): ReLU()
      (2): Dropout(p=0.2, inplace=False)
    )
    (1): Sequential(
      (0): Linear(in_features=256, out_features=128, bias=True)
      (1): ReLU()
      (2): Dropout(p=0.2, inplace=False)
    )
  )
  (classifier): Linear(in_features=128, out_features=10, bias=True)
)
2026-03-09 02:38:47 | INFO | ======================================================================
2026-03-09 02:38:47 | INFO | Starting training...
2026-03-09 02:38:47 | INFO | Train size: 54000 | Val size: 6000
2026-03-09 02:38:47 | INFO | Epoch 1/20
2026-03-09 02:38:54 | INFO |   [Batch  100/844] train_loss=0.7444 | train_acc=0.7681
2026-03-09 02:38:55 | INFO |   [Batch  200/844] train_loss=0.5379 | train_acc=0.8321
2026-03-09 02:38:57 | INFO |   [Batch  300/844] train_loss=0.4558 | train_acc=0.8577
2026-03-09 02:38:58 | INFO |   [Batch  400/844] train_loss=0.3999 | train_acc=0.8759
2026-03-09 02:38:59 | INFO |   [Batch  500/844] train_loss=0.3639 | train_acc=0.8877
2026-03-09 02:39:00 | INFO |   [Batch  600/844] train_loss=0.3364 | train_acc=0.8958
2026-03-09 02:39:01 | INFO |   [Batch  700/844] train_loss=0.3162 | train_acc=0.9019
2026-03-09 02:39:02 | INFO |   [Batch  800/844] train_loss=0.2996 | train_acc=0.9072
2026-03-09 02:39:11 | INFO |   Train | loss: 0.2929 | acc: 0.9095 | Val | loss: 0.1461 | acc: 0.9547 | LR: 0.000994
2026-03-09 02:39:11 | INFO |   Saved best model to results\checkpoints\HW1\train_cosine\train_cosine_best_model.pt (best_val_loss=0.1461)
2026-03-09 02:39:11 | INFO | Epoch 2/20
2026-03-09 02:39:17 | INFO |   [Batch  100/844] train_loss=0.1238 | train_acc=0.9637
2026-03-09 02:39:18 | INFO |   [Batch  200/844] train_loss=0.1339 | train_acc=0.9603
2026-03-09 02:39:19 | INFO |   [Batch  300/844] train_loss=0.1337 | train_acc=0.9598
2026-03-09 02:39:20 | INFO |   [Batch  400/844] train_loss=0.1327 | train_acc=0.9597
2026-03-09 02:39:22 | INFO |   [Batch  500/844] train_loss=0.1321 | train_acc=0.9601
2026-03-09 02:39:23 | INFO |   [Batch  600/844] train_loss=0.1321 | train_acc=0.9600
2026-03-09 02:39:24 | INFO |   [Batch  700/844] train_loss=0.1309 | train_acc=0.9603
2026-03-09 02:39:25 | INFO |   [Batch  800/844] train_loss=0.1299 | train_acc=0.9602
2026-03-09 02:39:34 | INFO |   Train | loss: 0.1298 | acc: 0.9601 | Val | loss: 0.1043 | acc: 0.9680 | LR: 0.000976
2026-03-09 02:39:34 | INFO |   Saved best model to results\checkpoints\HW1\train_cosine\train_cosine_best_model.pt (best_val_loss=0.1043)
2026-03-09 02:39:34 | INFO | Epoch 3/20
2026-03-09 02:39:40 | INFO |   [Batch  100/844] train_loss=0.0963 | train_acc=0.9705
2026-03-09 02:39:41 | INFO |   [Batch  200/844] train_loss=0.0940 | train_acc=0.9699
2026-03-09 02:39:42 | INFO |   [Batch  300/844] train_loss=0.0969 | train_acc=0.9693
2026-03-09 02:39:43 | INFO |   [Batch  400/844] train_loss=0.0975 | train_acc=0.9693
2026-03-09 02:39:45 | INFO |   [Batch  500/844] train_loss=0.0986 | train_acc=0.9686
2026-03-09 02:39:46 | INFO |   [Batch  600/844] train_loss=0.0998 | train_acc=0.9685
2026-03-09 02:39:47 | INFO |   [Batch  700/844] train_loss=0.0995 | train_acc=0.9687
2026-03-09 02:39:48 | INFO |   [Batch  800/844] train_loss=0.1021 | train_acc=0.9679
2026-03-09 02:39:58 | INFO |   Train | loss: 0.1019 | acc: 0.9680 | Val | loss: 0.0906 | acc: 0.9748 | LR: 0.000946
2026-03-09 02:39:58 | INFO |   Saved best model to results\checkpoints\HW1\train_cosine\train_cosine_best_model.pt (best_val_loss=0.0906)
2026-03-09 02:39:58 | INFO | Epoch 4/20
2026-03-09 02:40:04 | INFO |   [Batch  100/844] train_loss=0.0785 | train_acc=0.9769
2026-03-09 02:40:05 | INFO |   [Batch  200/844] train_loss=0.0814 | train_acc=0.9753
2026-03-09 02:40:07 | INFO |   [Batch  300/844] train_loss=0.0817 | train_acc=0.9754
2026-03-09 02:40:08 | INFO |   [Batch  400/844] train_loss=0.0828 | train_acc=0.9741
2026-03-09 02:40:09 | INFO |   [Batch  500/844] train_loss=0.0814 | train_acc=0.9746
2026-03-09 02:40:10 | INFO |   [Batch  600/844] train_loss=0.0823 | train_acc=0.9742
2026-03-09 02:40:11 | INFO |   [Batch  700/844] train_loss=0.0808 | train_acc=0.9744
2026-03-09 02:40:12 | INFO |   [Batch  800/844] train_loss=0.0824 | train_acc=0.9741
2026-03-09 02:40:21 | INFO |   Train | loss: 0.0824 | acc: 0.9741 | Val | loss: 0.0904 | acc: 0.9718 | LR: 0.000905
2026-03-09 02:40:21 | INFO |   Saved best model to results\checkpoints\HW1\train_cosine\train_cosine_best_model.pt (best_val_loss=0.0904)
2026-03-09 02:40:21 | INFO | Epoch 5/20
2026-03-09 02:40:28 | INFO |   [Batch  100/844] train_loss=0.0689 | train_acc=0.9788
2026-03-09 02:40:29 | INFO |   [Batch  200/844] train_loss=0.0679 | train_acc=0.9786
2026-03-09 02:40:30 | INFO |   [Batch  300/844] train_loss=0.0680 | train_acc=0.9783
2026-03-09 02:40:31 | INFO |   [Batch  400/844] train_loss=0.0694 | train_acc=0.9787
2026-03-09 02:40:32 | INFO |   [Batch  500/844] train_loss=0.0692 | train_acc=0.9783
2026-03-09 02:40:33 | INFO |   [Batch  600/844] train_loss=0.0695 | train_acc=0.9782
2026-03-09 02:40:34 | INFO |   [Batch  700/844] train_loss=0.0690 | train_acc=0.9784
2026-03-09 02:40:35 | INFO |   [Batch  800/844] train_loss=0.0696 | train_acc=0.9781
2026-03-09 02:40:45 | INFO |   Train | loss: 0.0697 | acc: 0.9780 | Val | loss: 0.0855 | acc: 0.9772 | LR: 0.000854
2026-03-09 02:40:45 | INFO |   Saved best model to results\checkpoints\HW1\train_cosine\train_cosine_best_model.pt (best_val_loss=0.0855)
2026-03-09 02:40:45 | INFO | Epoch 6/20
2026-03-09 02:40:51 | INFO |   [Batch  100/844] train_loss=0.0457 | train_acc=0.9880
2026-03-09 02:40:52 | INFO |   [Batch  200/844] train_loss=0.0536 | train_acc=0.9834
2026-03-09 02:40:53 | INFO |   [Batch  300/844] train_loss=0.0532 | train_acc=0.9833
2026-03-09 02:40:54 | INFO |   [Batch  400/844] train_loss=0.0554 | train_acc=0.9826
2026-03-09 02:40:55 | INFO |   [Batch  500/844] train_loss=0.0566 | train_acc=0.9822
2026-03-09 02:40:56 | INFO |   [Batch  600/844] train_loss=0.0566 | train_acc=0.9820
2026-03-09 02:40:58 | INFO |   [Batch  700/844] train_loss=0.0577 | train_acc=0.9817
2026-03-09 02:40:59 | INFO |   [Batch  800/844] train_loss=0.0578 | train_acc=0.9816
2026-03-09 02:41:08 | INFO |   Train | loss: 0.0587 | acc: 0.9814 | Val | loss: 0.0840 | acc: 0.9760 | LR: 0.000794
2026-03-09 02:41:08 | INFO |   Saved best model to results\checkpoints\HW1\train_cosine\train_cosine_best_model.pt (best_val_loss=0.0840)
2026-03-09 02:41:08 | INFO | Epoch 7/20
2026-03-09 02:41:14 | INFO |   [Batch  100/844] train_loss=0.0526 | train_acc=0.9831
2026-03-09 02:41:15 | INFO |   [Batch  200/844] train_loss=0.0499 | train_acc=0.9844
2026-03-09 02:41:17 | INFO |   [Batch  300/844] train_loss=0.0474 | train_acc=0.9848
2026-03-09 02:41:18 | INFO |   [Batch  400/844] train_loss=0.0453 | train_acc=0.9855
2026-03-09 02:41:19 | INFO |   [Batch  500/844] train_loss=0.0464 | train_acc=0.9850
2026-03-09 02:41:20 | INFO |   [Batch  600/844] train_loss=0.0468 | train_acc=0.9848
2026-03-09 02:41:22 | INFO |   [Batch  700/844] train_loss=0.0487 | train_acc=0.9844
2026-03-09 02:41:23 | INFO |   [Batch  800/844] train_loss=0.0502 | train_acc=0.9840
2026-03-09 02:41:32 | INFO |   Train | loss: 0.0502 | acc: 0.9840 | Val | loss: 0.0797 | acc: 0.9777 | LR: 0.000727
2026-03-09 02:41:32 | INFO |   Saved best model to results\checkpoints\HW1\train_cosine\train_cosine_best_model.pt (best_val_loss=0.0797)
2026-03-09 02:41:32 | INFO | Epoch 8/20
2026-03-09 02:41:38 | INFO |   [Batch  100/844] train_loss=0.0357 | train_acc=0.9875
2026-03-09 02:41:39 | INFO |   [Batch  200/844] train_loss=0.0393 | train_acc=0.9866
2026-03-09 02:41:40 | INFO |   [Batch  300/844] train_loss=0.0401 | train_acc=0.9862
2026-03-09 02:41:41 | INFO |   [Batch  400/844] train_loss=0.0422 | train_acc=0.9856
2026-03-09 02:41:42 | INFO |   [Batch  500/844] train_loss=0.0422 | train_acc=0.9859
2026-03-09 02:41:43 | INFO |   [Batch  600/844] train_loss=0.0427 | train_acc=0.9858
2026-03-09 02:41:45 | INFO |   [Batch  700/844] train_loss=0.0444 | train_acc=0.9854
2026-03-09 02:41:46 | INFO |   [Batch  800/844] train_loss=0.0443 | train_acc=0.9854
2026-03-09 02:41:55 | INFO |   Train | loss: 0.0444 | acc: 0.9854 | Val | loss: 0.0756 | acc: 0.9780 | LR: 0.000655
2026-03-09 02:41:55 | INFO |   Saved best model to results\checkpoints\HW1\train_cosine\train_cosine_best_model.pt (best_val_loss=0.0756)
2026-03-09 02:41:55 | INFO | Epoch 9/20
2026-03-09 02:42:01 | INFO |   [Batch  100/844] train_loss=0.0361 | train_acc=0.9875
2026-03-09 02:42:02 | INFO |   [Batch  200/844] train_loss=0.0325 | train_acc=0.9888
2026-03-09 02:42:04 | INFO |   [Batch  300/844] train_loss=0.0348 | train_acc=0.9885
2026-03-09 02:42:05 | INFO |   [Batch  400/844] train_loss=0.0338 | train_acc=0.9892
2026-03-09 02:42:06 | INFO |   [Batch  500/844] train_loss=0.0339 | train_acc=0.9890
2026-03-09 02:42:07 | INFO |   [Batch  600/844] train_loss=0.0345 | train_acc=0.9890
2026-03-09 02:42:08 | INFO |   [Batch  700/844] train_loss=0.0356 | train_acc=0.9887
2026-03-09 02:42:10 | INFO |   [Batch  800/844] train_loss=0.0363 | train_acc=0.9884
2026-03-09 02:42:19 | INFO |   Train | loss: 0.0364 | acc: 0.9883 | Val | loss: 0.0787 | acc: 0.9798 | LR: 0.000579
2026-03-09 02:42:19 | INFO |   No improvement in validation loss. Early-stop counter: 1/5
2026-03-09 02:42:19 | INFO | Epoch 10/20
2026-03-09 02:42:25 | INFO |   [Batch  100/844] train_loss=0.0287 | train_acc=0.9908
2026-03-09 02:42:26 | INFO |   [Batch  200/844] train_loss=0.0326 | train_acc=0.9895
2026-03-09 02:42:28 | INFO |   [Batch  300/844] train_loss=0.0333 | train_acc=0.9891
2026-03-09 02:42:29 | INFO |   [Batch  400/844] train_loss=0.0333 | train_acc=0.9891
2026-03-09 02:42:30 | INFO |   [Batch  500/844] train_loss=0.0334 | train_acc=0.9890
2026-03-09 02:42:31 | INFO |   [Batch  600/844] train_loss=0.0346 | train_acc=0.9888
2026-03-09 02:42:32 | INFO |   [Batch  700/844] train_loss=0.0333 | train_acc=0.9891
2026-03-09 02:42:34 | INFO |   [Batch  800/844] train_loss=0.0329 | train_acc=0.9892
2026-03-09 02:42:43 | INFO |   Train | loss: 0.0332 | acc: 0.9891 | Val | loss: 0.0777 | acc: 0.9805 | LR: 0.000501
2026-03-09 02:42:43 | INFO |   No improvement in validation loss. Early-stop counter: 2/5
2026-03-09 02:42:43 | INFO | Epoch 11/20
2026-03-09 02:42:50 | INFO |   [Batch  100/844] train_loss=0.0244 | train_acc=0.9930
2026-03-09 02:42:51 | INFO |   [Batch  200/844] train_loss=0.0234 | train_acc=0.9924
2026-03-09 02:42:52 | INFO |   [Batch  300/844] train_loss=0.0248 | train_acc=0.9924
2026-03-09 02:42:53 | INFO |   [Batch  400/844] train_loss=0.0244 | train_acc=0.9923
2026-03-09 02:42:54 | INFO |   [Batch  500/844] train_loss=0.0246 | train_acc=0.9921
2026-03-09 02:42:55 | INFO |   [Batch  600/844] train_loss=0.0245 | train_acc=0.9922
2026-03-09 02:42:57 | INFO |   [Batch  700/844] train_loss=0.0253 | train_acc=0.9919
2026-03-09 02:42:58 | INFO |   [Batch  800/844] train_loss=0.0258 | train_acc=0.9917
2026-03-09 02:43:07 | INFO |   Train | loss: 0.0261 | acc: 0.9916 | Val | loss: 0.0748 | acc: 0.9798 | LR: 0.000422
2026-03-09 02:43:07 | INFO |   Saved best model to results\checkpoints\HW1\train_cosine\train_cosine_best_model.pt (best_val_loss=0.0748)
2026-03-09 02:43:07 | INFO | Epoch 12/20
2026-03-09 02:43:13 | INFO |   [Batch  100/844] train_loss=0.0191 | train_acc=0.9938
2026-03-09 02:43:14 | INFO |   [Batch  200/844] train_loss=0.0213 | train_acc=0.9933
2026-03-09 02:43:15 | INFO |   [Batch  300/844] train_loss=0.0226 | train_acc=0.9927
2026-03-09 02:43:17 | INFO |   [Batch  400/844] train_loss=0.0226 | train_acc=0.9928
2026-03-09 02:43:18 | INFO |   [Batch  500/844] train_loss=0.0219 | train_acc=0.9929
2026-03-09 02:43:19 | INFO |   [Batch  600/844] train_loss=0.0221 | train_acc=0.9928
2026-03-09 02:43:20 | INFO |   [Batch  700/844] train_loss=0.0223 | train_acc=0.9928
2026-03-09 02:43:21 | INFO |   [Batch  800/844] train_loss=0.0224 | train_acc=0.9927
2026-03-09 02:43:30 | INFO |   Train | loss: 0.0222 | acc: 0.9927 | Val | loss: 0.0764 | acc: 0.9823 | LR: 0.000346
2026-03-09 02:43:30 | INFO |   No improvement in validation loss. Early-stop counter: 1/5
2026-03-09 02:43:30 | INFO | Epoch 13/20
2026-03-09 02:43:36 | INFO |   [Batch  100/844] train_loss=0.0208 | train_acc=0.9931
2026-03-09 02:43:37 | INFO |   [Batch  200/844] train_loss=0.0199 | train_acc=0.9935
2026-03-09 02:43:38 | INFO |   [Batch  300/844] train_loss=0.0204 | train_acc=0.9934
2026-03-09 02:43:39 | INFO |   [Batch  400/844] train_loss=0.0201 | train_acc=0.9932
2026-03-09 02:43:41 | INFO |   [Batch  500/844] train_loss=0.0209 | train_acc=0.9930
2026-03-09 02:43:42 | INFO |   [Batch  600/844] train_loss=0.0207 | train_acc=0.9933
2026-03-09 02:43:43 | INFO |   [Batch  700/844] train_loss=0.0201 | train_acc=0.9934
2026-03-09 02:43:44 | INFO |   [Batch  800/844] train_loss=0.0200 | train_acc=0.9936
2026-03-09 02:43:52 | INFO |   Train | loss: 0.0197 | acc: 0.9936 | Val | loss: 0.0756 | acc: 0.9815 | LR: 0.000274
2026-03-09 02:43:52 | INFO |   No improvement in validation loss. Early-stop counter: 2/5
2026-03-09 02:43:52 | INFO | Epoch 14/20
2026-03-09 02:43:59 | INFO |   [Batch  100/844] train_loss=0.0157 | train_acc=0.9950
2026-03-09 02:44:00 | INFO |   [Batch  200/844] train_loss=0.0161 | train_acc=0.9952
2026-03-09 02:44:01 | INFO |   [Batch  300/844] train_loss=0.0149 | train_acc=0.9954
2026-03-09 02:44:02 | INFO |   [Batch  400/844] train_loss=0.0141 | train_acc=0.9958
2026-03-09 02:44:03 | INFO |   [Batch  500/844] train_loss=0.0145 | train_acc=0.9955
2026-03-09 02:44:04 | INFO |   [Batch  600/844] train_loss=0.0149 | train_acc=0.9953
2026-03-09 02:44:05 | INFO |   [Batch  700/844] train_loss=0.0148 | train_acc=0.9953
2026-03-09 02:44:06 | INFO |   [Batch  800/844] train_loss=0.0146 | train_acc=0.9954
2026-03-09 02:44:15 | INFO |   Train | loss: 0.0146 | acc: 0.9953 | Val | loss: 0.0747 | acc: 0.9830 | LR: 0.000207
2026-03-09 02:44:15 | INFO |   Saved best model to results\checkpoints\HW1\train_cosine\train_cosine_best_model.pt (best_val_loss=0.0747)
2026-03-09 02:44:15 | INFO | Epoch 15/20
2026-03-09 02:44:22 | INFO |   [Batch  100/844] train_loss=0.0095 | train_acc=0.9970
2026-03-09 02:44:23 | INFO |   [Batch  200/844] train_loss=0.0118 | train_acc=0.9962
2026-03-09 02:44:24 | INFO |   [Batch  300/844] train_loss=0.0126 | train_acc=0.9960
2026-03-09 02:44:25 | INFO |   [Batch  400/844] train_loss=0.0132 | train_acc=0.9959
2026-03-09 02:44:27 | INFO |   [Batch  500/844] train_loss=0.0131 | train_acc=0.9958
2026-03-09 02:44:28 | INFO |   [Batch  600/844] train_loss=0.0125 | train_acc=0.9959
2026-03-09 02:44:29 | INFO |   [Batch  700/844] train_loss=0.0130 | train_acc=0.9957
2026-03-09 02:44:30 | INFO |   [Batch  800/844] train_loss=0.0131 | train_acc=0.9956
2026-03-09 02:44:39 | INFO |   Train | loss: 0.0131 | acc: 0.9957 | Val | loss: 0.0768 | acc: 0.9827 | LR: 0.000147
2026-03-09 02:44:39 | INFO |   No improvement in validation loss. Early-stop counter: 1/5
2026-03-09 02:44:39 | INFO | Epoch 16/20
2026-03-09 02:44:45 | INFO |   [Batch  100/844] train_loss=0.0083 | train_acc=0.9980
2026-03-09 02:44:46 | INFO |   [Batch  200/844] train_loss=0.0094 | train_acc=0.9974
2026-03-09 02:44:47 | INFO |   [Batch  300/844] train_loss=0.0100 | train_acc=0.9971
2026-03-09 02:44:49 | INFO |   [Batch  400/844] train_loss=0.0098 | train_acc=0.9972
2026-03-09 02:44:50 | INFO |   [Batch  500/844] train_loss=0.0101 | train_acc=0.9971
2026-03-09 02:44:51 | INFO |   [Batch  600/844] train_loss=0.0104 | train_acc=0.9969
2026-03-09 02:44:52 | INFO |   [Batch  700/844] train_loss=0.0108 | train_acc=0.9966
2026-03-09 02:44:53 | INFO |   [Batch  800/844] train_loss=0.0108 | train_acc=0.9967
2026-03-09 02:45:02 | INFO |   Train | loss: 0.0110 | acc: 0.9967 | Val | loss: 0.0774 | acc: 0.9830 | LR: 0.000096
2026-03-09 02:45:02 | INFO |   No improvement in validation loss. Early-stop counter: 2/5
2026-03-09 02:45:02 | INFO | Epoch 17/20
2026-03-09 02:45:08 | INFO |   [Batch  100/844] train_loss=0.0098 | train_acc=0.9964
2026-03-09 02:45:09 | INFO |   [Batch  200/844] train_loss=0.0087 | train_acc=0.9970
2026-03-09 02:45:10 | INFO |   [Batch  300/844] train_loss=0.0091 | train_acc=0.9971
2026-03-09 02:45:12 | INFO |   [Batch  400/844] train_loss=0.0091 | train_acc=0.9970
2026-03-09 02:45:13 | INFO |   [Batch  500/844] train_loss=0.0085 | train_acc=0.9973
2026-03-09 02:45:14 | INFO |   [Batch  600/844] train_loss=0.0083 | train_acc=0.9975
2026-03-09 02:45:15 | INFO |   [Batch  700/844] train_loss=0.0082 | train_acc=0.9975
2026-03-09 02:45:16 | INFO |   [Batch  800/844] train_loss=0.0085 | train_acc=0.9973
2026-03-09 02:45:25 | INFO |   Train | loss: 0.0086 | acc: 0.9973 | Val | loss: 0.0761 | acc: 0.9825 | LR: 0.000055
2026-03-09 02:45:25 | INFO |   No improvement in validation loss. Early-stop counter: 3/5
2026-03-09 02:45:25 | INFO | Epoch 18/20
2026-03-09 02:45:31 | INFO |   [Batch  100/844] train_loss=0.0081 | train_acc=0.9972
2026-03-09 02:45:32 | INFO |   [Batch  200/844] train_loss=0.0078 | train_acc=0.9975
2026-03-09 02:45:34 | INFO |   [Batch  300/844] train_loss=0.0077 | train_acc=0.9975
2026-03-09 02:45:35 | INFO |   [Batch  400/844] train_loss=0.0071 | train_acc=0.9978
2026-03-09 02:45:36 | INFO |   [Batch  500/844] train_loss=0.0074 | train_acc=0.9978
2026-03-09 02:45:37 | INFO |   [Batch  600/844] train_loss=0.0077 | train_acc=0.9978
2026-03-09 02:45:38 | INFO |   [Batch  700/844] train_loss=0.0078 | train_acc=0.9976
2026-03-09 02:45:39 | INFO |   [Batch  800/844] train_loss=0.0081 | train_acc=0.9974
2026-03-09 02:45:48 | INFO |   Train | loss: 0.0080 | acc: 0.9975 | Val | loss: 0.0758 | acc: 0.9827 | LR: 0.000025
2026-03-09 02:45:48 | INFO |   No improvement in validation loss. Early-stop counter: 4/5
2026-03-09 02:45:48 | INFO | Epoch 19/20
2026-03-09 02:45:55 | INFO |   [Batch  100/844] train_loss=0.0076 | train_acc=0.9973
2026-03-09 02:45:56 | INFO |   [Batch  200/844] train_loss=0.0087 | train_acc=0.9971
2026-03-09 02:45:57 | INFO |   [Batch  300/844] train_loss=0.0087 | train_acc=0.9971
2026-03-09 02:45:58 | INFO |   [Batch  400/844] train_loss=0.0080 | train_acc=0.9973
2026-03-09 02:45:59 | INFO |   [Batch  500/844] train_loss=0.0078 | train_acc=0.9972
2026-03-09 02:46:00 | INFO |   [Batch  600/844] train_loss=0.0083 | train_acc=0.9971
2026-03-09 02:46:01 | INFO |   [Batch  700/844] train_loss=0.0080 | train_acc=0.9972
2026-03-09 02:46:02 | INFO |   [Batch  800/844] train_loss=0.0076 | train_acc=0.9975
2026-03-09 02:46:11 | INFO |   Train | loss: 0.0075 | acc: 0.9975 | Val | loss: 0.0753 | acc: 0.9832 | LR: 0.000007
2026-03-09 02:46:11 | INFO |   No improvement in validation loss. Early-stop counter: 5/5
2026-03-09 02:46:11 | INFO |   Early stopping triggered.
2026-03-09 02:46:11 | INFO | Training complete.
2026-03-09 02:46:11 | INFO | Best epoch     : 14
2026-03-09 02:46:11 | INFO | Best val loss  : 0.0747
2026-03-09 02:46:11 | INFO | Best val acc   : 0.9830
2026-03-09 02:46:11 | INFO | Checkpoint     : results\checkpoints\HW1\train_cosine\train_cosine_best_model.pt
2026-03-09 02:46:11 | INFO | Loading checkpoint from results\checkpoints\HW1\train_cosine\train_cosine_best_model.pt
2026-03-09 02:46:11 | INFO | Starting test evaluation...
2026-03-09 02:46:11 | INFO | Test size: 10000
2026-03-09 02:46:16 | INFO | ======================================================================
2026-03-09 02:46:16 | INFO | Test Results
2026-03-09 02:46:16 | INFO | ======================================================================
2026-03-09 02:46:16 | INFO | Average test loss : 0.0653
2026-03-09 02:46:16 | INFO | Overall accuracy  : 0.9832 (9832/10000)
2026-03-09 02:46:16 | INFO | ----------------------------------------------------------------------
2026-03-09 02:46:16 | INFO | Per-class accuracy:
2026-03-09 02:46:16 | INFO |   Class 0: 0.9929 (973/980)
2026-03-09 02:46:16 | INFO |   Class 1: 0.9956 (1130/1135)
2026-03-09 02:46:16 | INFO |   Class 2: 0.9874 (1019/1032)
2026-03-09 02:46:16 | INFO |   Class 3: 0.9782 (988/1010)
2026-03-09 02:46:16 | INFO |   Class 4: 0.9776 (960/982)
2026-03-09 02:46:16 | INFO |   Class 5: 0.9832 (877/892)
2026-03-09 02:46:16 | INFO |   Class 6: 0.9812 (940/958)
2026-03-09 02:46:16 | INFO |   Class 7: 0.9796 (1007/1028)
2026-03-09 02:46:16 | INFO |   Class 8: 0.9774 (952/974)
2026-03-09 02:46:16 | INFO |   Class 9: 0.9772 (986/1009)
2026-03-09 02:46:16 | INFO | ======================================================================
2026-03-09 02:46:16 | INFO | Run completed successfully.
