2026-03-22 22:41:44 | INFO | Log file         : C:\Users\İhsan\Desktop\Development\cs515\aigul_CS515\results\logs\HW2\transfer_resize\transfer_resize_20260322_224140.log
2026-03-22 22:41:44 | INFO | Config snapshot  : C:\Users\İhsan\Desktop\Development\cs515\aigul_CS515\results\logs\HW2\transfer_resize\transfer_resize_20260322_224140.config.json
2026-03-22 22:41:44 | INFO | Environment information
2026-03-22 22:41:44 | INFO | Python platform : Windows-10-10.0.26200-SP0
2026-03-22 22:41:44 | INFO | PyTorch version : 2.6.0+cu124
2026-03-22 22:41:44 | INFO | CUDA available  : True
2026-03-22 22:41:44 | INFO | CUDA device count : 1
2026-03-22 22:41:44 | INFO | CUDA device name  : NVIDIA GeForce RTX 4070 Laptop GPU
2026-03-22 22:41:44 | INFO | MPS available   : False
2026-03-22 22:41:44 | INFO | ======================================================================
2026-03-22 22:41:44 | INFO | CS515 HW2 - Transfer Learning & Knowledge Distillation
2026-03-22 22:41:44 | INFO | ======================================================================
2026-03-22 22:41:44 | INFO | Training mode    : transfer_resize
2026-03-22 22:41:44 | INFO | Run mode         : both
2026-03-22 22:41:44 | INFO | Experiment       : transfer_resize
2026-03-22 22:41:44 | INFO | Seed             : 42
2026-03-22 22:41:44 | INFO | Device           : cuda
2026-03-22 22:41:44 | INFO | Dataset          : cifar10
2026-03-22 22:41:44 | INFO | Num classes      : 10
2026-03-22 22:41:44 | INFO | Epochs           : 30
2026-03-22 22:41:44 | INFO | Batch size       : 128
2026-03-22 22:41:44 | INFO | Learning rate    : 0.001
2026-03-22 22:41:44 | INFO | Optimizer        : adam
2026-03-22 22:41:44 | INFO | Scheduler        : cosine
2026-03-22 22:41:44 | INFO | Weight decay     : 0.0001
2026-03-22 22:41:44 | INFO | Label smoothing  : 0.1
2026-03-22 22:41:44 | INFO | KD temperature   : 4
2026-03-22 22:41:44 | INFO | KD alpha         : 0.5
2026-03-22 22:41:44 | INFO | Teacher ckpt     : N/A
2026-03-22 22:41:44 | INFO | Checkpoint dir   : C:\Users\İhsan\Desktop\Development\cs515\aigul_CS515\results\checkpoints\HW2\transfer_resize
2026-03-22 22:41:44 | INFO | Log dir          : C:\Users\İhsan\Desktop\Development\cs515\aigul_CS515\results\logs\HW2\transfer_resize
2026-03-22 22:41:44 | INFO | Trainable params : 5,130
2026-03-22 22:41:44 | INFO | ======================================================================
2026-03-22 22:41:44 | INFO | Model:
ResNet(
  (conv1): Conv2d(3, 64, kernel_size=(7, 7), stride=(2, 2), padding=(3, 3), bias=False)
  (bn1): BatchNorm2d(64, eps=1e-05, momentum=0.1, affine=True, track_running_stats=True)
  (relu): ReLU(inplace=True)
  (maxpool): MaxPool2d(kernel_size=3, stride=2, padding=1, dilation=1, ceil_mode=False)
  (layer1): Sequential(
    (0): BasicBlock(
      (conv1): Conv2d(64, 64, kernel_size=(3, 3), stride=(1, 1), padding=(1, 1), bias=False)
      (bn1): BatchNorm2d(64, eps=1e-05, momentum=0.1, affine=True, track_running_stats=True)
      (relu): ReLU(inplace=True)
      (conv2): Conv2d(64, 64, kernel_size=(3, 3), stride=(1, 1), padding=(1, 1), bias=False)
      (bn2): BatchNorm2d(64, eps=1e-05, momentum=0.1, affine=True, track_running_stats=True)
    )
    (1): BasicBlock(
      (conv1): Conv2d(64, 64, kernel_size=(3, 3), stride=(1, 1), padding=(1, 1), bias=False)
      (bn1): BatchNorm2d(64, eps=1e-05, momentum=0.1, affine=True, track_running_stats=True)
      (relu): ReLU(inplace=True)
      (conv2): Conv2d(64, 64, kernel_size=(3, 3), stride=(1, 1), padding=(1, 1), bias=False)
      (bn2): BatchNorm2d(64, eps=1e-05, momentum=0.1, affine=True, track_running_stats=True)
    )
  )
  (layer2): Sequential(
    (0): BasicBlock(
      (conv1): Conv2d(64, 128, kernel_size=(3, 3), stride=(2, 2), padding=(1, 1), bias=False)
      (bn1): BatchNorm2d(128, eps=1e-05, momentum=0.1, affine=True, track_running_stats=True)
      (relu): ReLU(inplace=True)
      (conv2): Conv2d(128, 128, kernel_size=(3, 3), stride=(1, 1), padding=(1, 1), bias=False)
      (bn2): BatchNorm2d(128, eps=1e-05, momentum=0.1, affine=True, track_running_stats=True)
      (downsample): Sequential(
        (0): Conv2d(64, 128, kernel_size=(1, 1), stride=(2, 2), bias=False)
        (1): BatchNorm2d(128, eps=1e-05, momentum=0.1, affine=True, track_running_stats=True)
      )
    )
    (1): BasicBlock(
      (conv1): Conv2d(128, 128, kernel_size=(3, 3), stride=(1, 1), padding=(1, 1), bias=False)
      (bn1): BatchNorm2d(128, eps=1e-05, momentum=0.1, affine=True, track_running_stats=True)
      (relu): ReLU(inplace=True)
      (conv2): Conv2d(128, 128, kernel_size=(3, 3), stride=(1, 1), padding=(1, 1), bias=False)
      (bn2): BatchNorm2d(128, eps=1e-05, momentum=0.1, affine=True, track_running_stats=True)
    )
  )
  (layer3): Sequential(
    (0): BasicBlock(
      (conv1): Conv2d(128, 256, kernel_size=(3, 3), stride=(2, 2), padding=(1, 1), bias=False)
      (bn1): BatchNorm2d(256, eps=1e-05, momentum=0.1, affine=True, track_running_stats=True)
      (relu): ReLU(inplace=True)
      (conv2): Conv2d(256, 256, kernel_size=(3, 3), stride=(1, 1), padding=(1, 1), bias=False)
      (bn2): BatchNorm2d(256, eps=1e-05, momentum=0.1, affine=True, track_running_stats=True)
      (downsample): Sequential(
        (0): Conv2d(128, 256, kernel_size=(1, 1), stride=(2, 2), bias=False)
        (1): BatchNorm2d(256, eps=1e-05, momentum=0.1, affine=True, track_running_stats=True)
      )
    )
    (1): BasicBlock(
      (conv1): Conv2d(256, 256, kernel_size=(3, 3), stride=(1, 1), padding=(1, 1), bias=False)
      (bn1): BatchNorm2d(256, eps=1e-05, momentum=0.1, affine=True, track_running_stats=True)
      (relu): ReLU(inplace=True)
      (conv2): Conv2d(256, 256, kernel_size=(3, 3), stride=(1, 1), padding=(1, 1), bias=False)
      (bn2): BatchNorm2d(256, eps=1e-05, momentum=0.1, affine=True, track_running_stats=True)
    )
  )
  (layer4): Sequential(
    (0): BasicBlock(
      (conv1): Conv2d(256, 512, kernel_size=(3, 3), stride=(2, 2), padding=(1, 1), bias=False)
      (bn1): BatchNorm2d(512, eps=1e-05, momentum=0.1, affine=True, track_running_stats=True)
      (relu): ReLU(inplace=True)
      (conv2): Conv2d(512, 512, kernel_size=(3, 3), stride=(1, 1), padding=(1, 1), bias=False)
      (bn2): BatchNorm2d(512, eps=1e-05, momentum=0.1, affine=True, track_running_stats=True)
      (downsample): Sequential(
        (0): Conv2d(256, 512, kernel_size=(1, 1), stride=(2, 2), bias=False)
        (1): BatchNorm2d(512, eps=1e-05, momentum=0.1, affine=True, track_running_stats=True)
      )
    )
    (1): BasicBlock(
      (conv1): Conv2d(512, 512, kernel_size=(3, 3), stride=(1, 1), padding=(1, 1), bias=False)
      (bn1): BatchNorm2d(512, eps=1e-05, momentum=0.1, affine=True, track_running_stats=True)
      (relu): ReLU(inplace=True)
      (conv2): Conv2d(512, 512, kernel_size=(3, 3), stride=(1, 1), padding=(1, 1), bias=False)
      (bn2): BatchNorm2d(512, eps=1e-05, momentum=0.1, affine=True, track_running_stats=True)
    )
  )
  (avgpool): AdaptiveAvgPool2d(output_size=(1, 1))
  (fc): Linear(in_features=512, out_features=10, bias=True)
)
2026-03-22 22:41:44 | INFO | ======================================================================
2026-03-22 22:43:41 | INFO | Starting training | mode=transfer_resize
2026-03-22 22:43:41 | INFO | Train size: 45000 | Val size: 5000
2026-03-22 22:43:41 | INFO | Epoch 1/30
2026-03-22 22:43:57 | INFO |   [Batch   50/352] train_loss=1.8020 | train_acc=0.4081
2026-03-22 22:44:02 | INFO |   [Batch  100/352] train_loss=1.4966 | train_acc=0.5261
2026-03-22 22:44:08 | INFO |   [Batch  150/352] train_loss=1.3268 | train_acc=0.5826
2026-03-22 22:44:14 | INFO |   [Batch  200/352] train_loss=1.2257 | train_acc=0.6129
2026-03-22 22:44:20 | INFO |   [Batch  250/352] train_loss=1.1511 | train_acc=0.6352
2026-03-22 22:44:26 | INFO |   [Batch  300/352] train_loss=1.0974 | train_acc=0.6509
2026-03-22 22:44:31 | INFO |   [Batch  350/352] train_loss=1.0542 | train_acc=0.6636
2026-03-22 22:44:45 | INFO |   Train | loss=1.0524 acc=0.6642 | Val | loss=0.7278 acc=0.7550 | lr=0.000997
2026-03-22 22:44:45 | INFO |   Saved best model → C:\Users\İhsan\Desktop\Development\cs515\aigul_CS515\results\checkpoints\HW2\transfer_resize\transfer_resize_best_model.pt (val_loss=0.7278)
2026-03-22 22:44:45 | INFO | Epoch 2/30
2026-03-22 22:45:00 | INFO |   [Batch   50/352] train_loss=0.7722 | train_acc=0.7462
2026-03-22 22:45:05 | INFO |   [Batch  100/352] train_loss=0.7662 | train_acc=0.7433
2026-03-22 22:45:11 | INFO |   [Batch  150/352] train_loss=0.7650 | train_acc=0.7421
2026-03-22 22:45:17 | INFO |   [Batch  200/352] train_loss=0.7649 | train_acc=0.7424
2026-03-22 22:45:22 | INFO |   [Batch  250/352] train_loss=0.7558 | train_acc=0.7447
2026-03-22 22:45:27 | INFO |   [Batch  300/352] train_loss=0.7508 | train_acc=0.7458
2026-03-22 22:45:32 | INFO |   [Batch  350/352] train_loss=0.7436 | train_acc=0.7480
2026-03-22 22:45:44 | INFO |   Train | loss=0.7436 acc=0.7480 | Val | loss=0.6678 acc=0.7752 | lr=0.000989
2026-03-22 22:45:44 | INFO |   Saved best model → C:\Users\İhsan\Desktop\Development\cs515\aigul_CS515\results\checkpoints\HW2\transfer_resize\transfer_resize_best_model.pt (val_loss=0.6678)
2026-03-22 22:45:44 | INFO | Epoch 3/30
2026-03-22 22:45:56 | INFO |   [Batch   50/352] train_loss=0.7164 | train_acc=0.7564
2026-03-22 22:46:02 | INFO |   [Batch  100/352] train_loss=0.7168 | train_acc=0.7562
2026-03-22 22:46:07 | INFO |   [Batch  150/352] train_loss=0.7086 | train_acc=0.7578
2026-03-22 22:46:12 | INFO |   [Batch  200/352] train_loss=0.7057 | train_acc=0.7583
2026-03-22 22:46:17 | INFO |   [Batch  250/352] train_loss=0.7037 | train_acc=0.7579
2026-03-22 22:46:22 | INFO |   [Batch  300/352] train_loss=0.7071 | train_acc=0.7569
2026-03-22 22:46:27 | INFO |   [Batch  350/352] train_loss=0.7033 | train_acc=0.7581
2026-03-22 22:46:40 | INFO |   Train | loss=0.7033 acc=0.7581 | Val | loss=0.6942 acc=0.7630 | lr=0.000976
2026-03-22 22:46:40 | INFO |   No improvement. Patience counter: 1/7
2026-03-22 22:46:40 | INFO | Epoch 4/30
2026-03-22 22:46:53 | INFO |   [Batch   50/352] train_loss=0.6770 | train_acc=0.7678
2026-03-22 22:46:58 | INFO |   [Batch  100/352] train_loss=0.6764 | train_acc=0.7652
2026-03-22 22:47:03 | INFO |   [Batch  150/352] train_loss=0.6778 | train_acc=0.7648
2026-03-22 22:47:08 | INFO |   [Batch  200/352] train_loss=0.6839 | train_acc=0.7627
2026-03-22 22:47:13 | INFO |   [Batch  250/352] train_loss=0.6807 | train_acc=0.7638
2026-03-22 22:47:18 | INFO |   [Batch  300/352] train_loss=0.6839 | train_acc=0.7626
2026-03-22 22:47:23 | INFO |   [Batch  350/352] train_loss=0.6865 | train_acc=0.7618
2026-03-22 22:47:35 | INFO |   Train | loss=0.6865 acc=0.7618 | Val | loss=0.6532 acc=0.7824 | lr=0.000957
2026-03-22 22:47:35 | INFO |   Saved best model → C:\Users\İhsan\Desktop\Development\cs515\aigul_CS515\results\checkpoints\HW2\transfer_resize\transfer_resize_best_model.pt (val_loss=0.6532)
2026-03-22 22:47:35 | INFO | Epoch 5/30
2026-03-22 22:47:47 | INFO |   [Batch   50/352] train_loss=0.6565 | train_acc=0.7755
2026-03-22 22:47:52 | INFO |   [Batch  100/352] train_loss=0.6725 | train_acc=0.7699
2026-03-22 22:47:57 | INFO |   [Batch  150/352] train_loss=0.6704 | train_acc=0.7710
2026-03-22 22:48:02 | INFO |   [Batch  200/352] train_loss=0.6677 | train_acc=0.7722
2026-03-22 22:48:07 | INFO |   [Batch  250/352] train_loss=0.6634 | train_acc=0.7732
2026-03-22 22:48:12 | INFO |   [Batch  300/352] train_loss=0.6657 | train_acc=0.7709
2026-03-22 22:48:17 | INFO |   [Batch  350/352] train_loss=0.6666 | train_acc=0.7695
2026-03-22 22:48:29 | INFO |   Train | loss=0.6671 acc=0.7694 | Val | loss=0.6383 acc=0.7838 | lr=0.000933
2026-03-22 22:48:29 | INFO |   Saved best model → C:\Users\İhsan\Desktop\Development\cs515\aigul_CS515\results\checkpoints\HW2\transfer_resize\transfer_resize_best_model.pt (val_loss=0.6383)
2026-03-22 22:48:29 | INFO | Epoch 6/30
2026-03-22 22:48:41 | INFO |   [Batch   50/352] train_loss=0.6711 | train_acc=0.7642
2026-03-22 22:48:46 | INFO |   [Batch  100/352] train_loss=0.6759 | train_acc=0.7652
2026-03-22 22:48:51 | INFO |   [Batch  150/352] train_loss=0.6709 | train_acc=0.7655
2026-03-22 22:48:56 | INFO |   [Batch  200/352] train_loss=0.6670 | train_acc=0.7672
2026-03-22 22:49:01 | INFO |   [Batch  250/352] train_loss=0.6645 | train_acc=0.7691
2026-03-22 22:49:06 | INFO |   [Batch  300/352] train_loss=0.6659 | train_acc=0.7693
2026-03-22 22:49:11 | INFO |   [Batch  350/352] train_loss=0.6661 | train_acc=0.7690
2026-03-22 22:49:23 | INFO |   Train | loss=0.6663 acc=0.7688 | Val | loss=0.6365 acc=0.7846 | lr=0.000905
2026-03-22 22:49:23 | INFO |   Saved best model → C:\Users\İhsan\Desktop\Development\cs515\aigul_CS515\results\checkpoints\HW2\transfer_resize\transfer_resize_best_model.pt (val_loss=0.6365)
2026-03-22 22:49:23 | INFO | Epoch 7/30
2026-03-22 22:49:35 | INFO |   [Batch   50/352] train_loss=0.6711 | train_acc=0.7678
2026-03-22 22:49:40 | INFO |   [Batch  100/352] train_loss=0.6679 | train_acc=0.7695
2026-03-22 22:49:45 | INFO |   [Batch  150/352] train_loss=0.6642 | train_acc=0.7697
2026-03-22 22:49:50 | INFO |   [Batch  200/352] train_loss=0.6619 | train_acc=0.7708
2026-03-22 22:49:55 | INFO |   [Batch  250/352] train_loss=0.6581 | train_acc=0.7719
2026-03-22 22:50:00 | INFO |   [Batch  300/352] train_loss=0.6608 | train_acc=0.7715
2026-03-22 22:50:05 | INFO |   [Batch  350/352] train_loss=0.6602 | train_acc=0.7722
2026-03-22 22:50:17 | INFO |   Train | loss=0.6609 acc=0.7720 | Val | loss=0.6272 acc=0.7904 | lr=0.000872
2026-03-22 22:50:17 | INFO |   Saved best model → C:\Users\İhsan\Desktop\Development\cs515\aigul_CS515\results\checkpoints\HW2\transfer_resize\transfer_resize_best_model.pt (val_loss=0.6272)
2026-03-22 22:50:17 | INFO | Epoch 8/30
2026-03-22 22:50:29 | INFO |   [Batch   50/352] train_loss=0.6267 | train_acc=0.7822
2026-03-22 22:50:34 | INFO |   [Batch  100/352] train_loss=0.6369 | train_acc=0.7806
2026-03-22 22:50:39 | INFO |   [Batch  150/352] train_loss=0.6486 | train_acc=0.7766
2026-03-22 22:50:44 | INFO |   [Batch  200/352] train_loss=0.6501 | train_acc=0.7763
2026-03-22 22:50:49 | INFO |   [Batch  250/352] train_loss=0.6507 | train_acc=0.7765
2026-03-22 22:50:54 | INFO |   [Batch  300/352] train_loss=0.6519 | train_acc=0.7757
2026-03-22 22:50:59 | INFO |   [Batch  350/352] train_loss=0.6501 | train_acc=0.7758
2026-03-22 22:51:11 | INFO |   Train | loss=0.6508 acc=0.7754 | Val | loss=0.6190 acc=0.7876 | lr=0.000835
2026-03-22 22:51:11 | INFO |   Saved best model → C:\Users\İhsan\Desktop\Development\cs515\aigul_CS515\results\checkpoints\HW2\transfer_resize\transfer_resize_best_model.pt (val_loss=0.6190)
2026-03-22 22:51:11 | INFO | Epoch 9/30
2026-03-22 22:51:23 | INFO |   [Batch   50/352] train_loss=0.6454 | train_acc=0.7759
2026-03-22 22:51:28 | INFO |   [Batch  100/352] train_loss=0.6522 | train_acc=0.7749
2026-03-22 22:51:33 | INFO |   [Batch  150/352] train_loss=0.6459 | train_acc=0.7778
2026-03-22 22:51:38 | INFO |   [Batch  200/352] train_loss=0.6443 | train_acc=0.7776
2026-03-22 22:51:43 | INFO |   [Batch  250/352] train_loss=0.6446 | train_acc=0.7775
2026-03-22 22:51:48 | INFO |   [Batch  300/352] train_loss=0.6457 | train_acc=0.7765
2026-03-22 22:51:53 | INFO |   [Batch  350/352] train_loss=0.6478 | train_acc=0.7759
2026-03-22 22:52:05 | INFO |   Train | loss=0.6475 acc=0.7761 | Val | loss=0.6075 acc=0.7918 | lr=0.000794
2026-03-22 22:52:05 | INFO |   Saved best model → C:\Users\İhsan\Desktop\Development\cs515\aigul_CS515\results\checkpoints\HW2\transfer_resize\transfer_resize_best_model.pt (val_loss=0.6075)
2026-03-22 22:52:05 | INFO | Epoch 10/30
2026-03-22 22:52:17 | INFO |   [Batch   50/352] train_loss=0.6428 | train_acc=0.7750
2026-03-22 22:52:22 | INFO |   [Batch  100/352] train_loss=0.6462 | train_acc=0.7725
2026-03-22 22:52:27 | INFO |   [Batch  150/352] train_loss=0.6417 | train_acc=0.7748
2026-03-22 22:52:32 | INFO |   [Batch  200/352] train_loss=0.6383 | train_acc=0.7766
2026-03-22 22:52:37 | INFO |   [Batch  250/352] train_loss=0.6411 | train_acc=0.7762
2026-03-22 22:52:42 | INFO |   [Batch  300/352] train_loss=0.6441 | train_acc=0.7761
2026-03-22 22:52:47 | INFO |   [Batch  350/352] train_loss=0.6440 | train_acc=0.7764
2026-03-22 22:52:59 | INFO |   Train | loss=0.6444 acc=0.7762 | Val | loss=0.6076 acc=0.7958 | lr=0.000750
2026-03-22 22:52:59 | INFO |   No improvement. Patience counter: 1/7
2026-03-22 22:52:59 | INFO | Epoch 11/30
2026-03-22 22:53:11 | INFO |   [Batch   50/352] train_loss=0.6352 | train_acc=0.7809
2026-03-22 22:53:16 | INFO |   [Batch  100/352] train_loss=0.6334 | train_acc=0.7804
2026-03-22 22:53:21 | INFO |   [Batch  150/352] train_loss=0.6356 | train_acc=0.7782
2026-03-22 22:53:26 | INFO |   [Batch  200/352] train_loss=0.6363 | train_acc=0.7786
2026-03-22 22:53:31 | INFO |   [Batch  250/352] train_loss=0.6397 | train_acc=0.7764
2026-03-22 22:53:36 | INFO |   [Batch  300/352] train_loss=0.6378 | train_acc=0.7787
2026-03-22 22:53:41 | INFO |   [Batch  350/352] train_loss=0.6365 | train_acc=0.7797
2026-03-22 22:53:53 | INFO |   Train | loss=0.6368 acc=0.7796 | Val | loss=0.6065 acc=0.7934 | lr=0.000704
2026-03-22 22:53:53 | INFO |   Saved best model → C:\Users\İhsan\Desktop\Development\cs515\aigul_CS515\results\checkpoints\HW2\transfer_resize\transfer_resize_best_model.pt (val_loss=0.6065)
2026-03-22 22:53:53 | INFO | Epoch 12/30
2026-03-22 22:54:05 | INFO |   [Batch   50/352] train_loss=0.6296 | train_acc=0.7789
2026-03-22 22:54:10 | INFO |   [Batch  100/352] train_loss=0.6357 | train_acc=0.7791
2026-03-22 22:54:15 | INFO |   [Batch  150/352] train_loss=0.6434 | train_acc=0.7758
2026-03-22 22:54:20 | INFO |   [Batch  200/352] train_loss=0.6382 | train_acc=0.7765
2026-03-22 22:54:25 | INFO |   [Batch  250/352] train_loss=0.6348 | train_acc=0.7790
2026-03-22 22:54:30 | INFO |   [Batch  300/352] train_loss=0.6323 | train_acc=0.7805
2026-03-22 22:54:35 | INFO |   [Batch  350/352] train_loss=0.6318 | train_acc=0.7811
2026-03-22 22:54:46 | INFO |   Train | loss=0.6317 acc=0.7813 | Val | loss=0.5973 acc=0.7982 | lr=0.000655
2026-03-22 22:54:47 | INFO |   Saved best model → C:\Users\İhsan\Desktop\Development\cs515\aigul_CS515\results\checkpoints\HW2\transfer_resize\transfer_resize_best_model.pt (val_loss=0.5973)
2026-03-22 22:54:47 | INFO | Epoch 13/30
2026-03-22 22:54:59 | INFO |   [Batch   50/352] train_loss=0.6333 | train_acc=0.7778
2026-03-22 22:55:04 | INFO |   [Batch  100/352] train_loss=0.6338 | train_acc=0.7784
2026-03-22 22:55:09 | INFO |   [Batch  150/352] train_loss=0.6373 | train_acc=0.7784
2026-03-22 22:55:14 | INFO |   [Batch  200/352] train_loss=0.6371 | train_acc=0.7790
2026-03-22 22:55:19 | INFO |   [Batch  250/352] train_loss=0.6335 | train_acc=0.7804
2026-03-22 22:55:24 | INFO |   [Batch  300/352] train_loss=0.6352 | train_acc=0.7802
2026-03-22 22:55:29 | INFO |   [Batch  350/352] train_loss=0.6352 | train_acc=0.7804
2026-03-22 22:55:41 | INFO |   Train | loss=0.6347 acc=0.7805 | Val | loss=0.5975 acc=0.7944 | lr=0.000604
2026-03-22 22:55:41 | INFO |   No improvement. Patience counter: 1/7
2026-03-22 22:55:41 | INFO | Epoch 14/30
2026-03-22 22:55:53 | INFO |   [Batch   50/352] train_loss=0.6460 | train_acc=0.7727
2026-03-22 22:55:58 | INFO |   [Batch  100/352] train_loss=0.6350 | train_acc=0.7781
2026-03-22 22:56:03 | INFO |   [Batch  150/352] train_loss=0.6303 | train_acc=0.7803
2026-03-22 22:56:08 | INFO |   [Batch  200/352] train_loss=0.6279 | train_acc=0.7802
2026-03-22 22:56:13 | INFO |   [Batch  250/352] train_loss=0.6266 | train_acc=0.7814
2026-03-22 22:56:18 | INFO |   [Batch  300/352] train_loss=0.6290 | train_acc=0.7807
2026-03-22 22:56:23 | INFO |   [Batch  350/352] train_loss=0.6305 | train_acc=0.7803
2026-03-22 22:56:34 | INFO |   Train | loss=0.6305 acc=0.7804 | Val | loss=0.5917 acc=0.7986 | lr=0.000553
2026-03-22 22:56:34 | INFO |   Saved best model → C:\Users\İhsan\Desktop\Development\cs515\aigul_CS515\results\checkpoints\HW2\transfer_resize\transfer_resize_best_model.pt (val_loss=0.5917)
2026-03-22 22:56:34 | INFO | Epoch 15/30
2026-03-22 22:56:46 | INFO |   [Batch   50/352] train_loss=0.6263 | train_acc=0.7844
2026-03-22 22:56:51 | INFO |   [Batch  100/352] train_loss=0.6214 | train_acc=0.7877
2026-03-22 22:56:56 | INFO |   [Batch  150/352] train_loss=0.6249 | train_acc=0.7865
2026-03-22 22:57:01 | INFO |   [Batch  200/352] train_loss=0.6255 | train_acc=0.7846
2026-03-22 22:57:06 | INFO |   [Batch  250/352] train_loss=0.6267 | train_acc=0.7830
2026-03-22 22:57:11 | INFO |   [Batch  300/352] train_loss=0.6257 | train_acc=0.7838
2026-03-22 22:57:16 | INFO |   [Batch  350/352] train_loss=0.6263 | train_acc=0.7837
2026-03-22 22:57:28 | INFO |   Train | loss=0.6265 acc=0.7837 | Val | loss=0.6002 acc=0.7986 | lr=0.000501
2026-03-22 22:57:28 | INFO |   No improvement. Patience counter: 1/7
2026-03-22 22:57:28 | INFO | Epoch 16/30
2026-03-22 22:57:40 | INFO |   [Batch   50/352] train_loss=0.6190 | train_acc=0.7819
2026-03-22 22:57:45 | INFO |   [Batch  100/352] train_loss=0.6246 | train_acc=0.7802
2026-03-22 22:57:50 | INFO |   [Batch  150/352] train_loss=0.6245 | train_acc=0.7809
2026-03-22 22:57:55 | INFO |   [Batch  200/352] train_loss=0.6271 | train_acc=0.7812
2026-03-22 22:58:01 | INFO |   [Batch  250/352] train_loss=0.6250 | train_acc=0.7817
2026-03-22 22:58:06 | INFO |   [Batch  300/352] train_loss=0.6241 | train_acc=0.7827
2026-03-22 22:58:11 | INFO |   [Batch  350/352] train_loss=0.6240 | train_acc=0.7831
2026-03-22 22:58:22 | INFO |   Train | loss=0.6244 acc=0.7830 | Val | loss=0.5936 acc=0.7972 | lr=0.000448
2026-03-22 22:58:22 | INFO |   No improvement. Patience counter: 2/7
2026-03-22 22:58:22 | INFO | Epoch 17/30
2026-03-22 22:58:34 | INFO |   [Batch   50/352] train_loss=0.6165 | train_acc=0.7848
2026-03-22 22:58:39 | INFO |   [Batch  100/352] train_loss=0.6220 | train_acc=0.7804
2026-03-22 22:58:44 | INFO |   [Batch  150/352] train_loss=0.6234 | train_acc=0.7820
2026-03-22 22:58:50 | INFO |   [Batch  200/352] train_loss=0.6298 | train_acc=0.7799
2026-03-22 22:58:55 | INFO |   [Batch  250/352] train_loss=0.6271 | train_acc=0.7808
2026-03-22 22:59:00 | INFO |   [Batch  300/352] train_loss=0.6245 | train_acc=0.7812
2026-03-22 22:59:05 | INFO |   [Batch  350/352] train_loss=0.6215 | train_acc=0.7832
2026-03-22 22:59:16 | INFO |   Train | loss=0.6220 acc=0.7830 | Val | loss=0.6035 acc=0.7990 | lr=0.000397
2026-03-22 22:59:16 | INFO |   No improvement. Patience counter: 3/7
2026-03-22 22:59:16 | INFO | Epoch 18/30
2026-03-22 22:59:29 | INFO |   [Batch   50/352] train_loss=0.6265 | train_acc=0.7806
2026-03-22 22:59:34 | INFO |   [Batch  100/352] train_loss=0.6230 | train_acc=0.7845
2026-03-22 22:59:39 | INFO |   [Batch  150/352] train_loss=0.6277 | train_acc=0.7836
2026-03-22 22:59:44 | INFO |   [Batch  200/352] train_loss=0.6258 | train_acc=0.7835
2026-03-22 22:59:49 | INFO |   [Batch  250/352] train_loss=0.6232 | train_acc=0.7851
2026-03-22 22:59:54 | INFO |   [Batch  300/352] train_loss=0.6208 | train_acc=0.7849
2026-03-22 22:59:59 | INFO |   [Batch  350/352] train_loss=0.6217 | train_acc=0.7847
2026-03-22 23:00:11 | INFO |   Train | loss=0.6216 acc=0.7848 | Val | loss=0.5845 acc=0.7988 | lr=0.000346
2026-03-22 23:00:11 | INFO |   Saved best model → C:\Users\İhsan\Desktop\Development\cs515\aigul_CS515\results\checkpoints\HW2\transfer_resize\transfer_resize_best_model.pt (val_loss=0.5845)
2026-03-22 23:00:11 | INFO | Epoch 19/30
2026-03-22 23:00:23 | INFO |   [Batch   50/352] train_loss=0.6307 | train_acc=0.7820
2026-03-22 23:00:28 | INFO |   [Batch  100/352] train_loss=0.6242 | train_acc=0.7831
2026-03-22 23:00:33 | INFO |   [Batch  150/352] train_loss=0.6235 | train_acc=0.7831
2026-03-22 23:00:38 | INFO |   [Batch  200/352] train_loss=0.6208 | train_acc=0.7846
2026-03-22 23:00:43 | INFO |   [Batch  250/352] train_loss=0.6229 | train_acc=0.7843
2026-03-22 23:00:48 | INFO |   [Batch  300/352] train_loss=0.6219 | train_acc=0.7837
2026-03-22 23:00:53 | INFO |   [Batch  350/352] train_loss=0.6195 | train_acc=0.7847
2026-03-22 23:01:04 | INFO |   Train | loss=0.6196 acc=0.7847 | Val | loss=0.5781 acc=0.8056 | lr=0.000297
2026-03-22 23:01:04 | INFO |   Saved best model → C:\Users\İhsan\Desktop\Development\cs515\aigul_CS515\results\checkpoints\HW2\transfer_resize\transfer_resize_best_model.pt (val_loss=0.5781)
2026-03-22 23:01:04 | INFO | Epoch 20/30
2026-03-22 23:01:16 | INFO |   [Batch   50/352] train_loss=0.5950 | train_acc=0.7906
2026-03-22 23:01:21 | INFO |   [Batch  100/352] train_loss=0.6017 | train_acc=0.7917
2026-03-22 23:01:26 | INFO |   [Batch  150/352] train_loss=0.6112 | train_acc=0.7901
2026-03-22 23:01:31 | INFO |   [Batch  200/352] train_loss=0.6086 | train_acc=0.7900
2026-03-22 23:01:36 | INFO |   [Batch  250/352] train_loss=0.6113 | train_acc=0.7891
2026-03-22 23:01:41 | INFO |   [Batch  300/352] train_loss=0.6129 | train_acc=0.7889
2026-03-22 23:01:47 | INFO |   [Batch  350/352] train_loss=0.6176 | train_acc=0.7867
2026-03-22 23:01:58 | INFO |   Train | loss=0.6175 acc=0.7866 | Val | loss=0.5909 acc=0.7996 | lr=0.000251
2026-03-22 23:01:58 | INFO |   No improvement. Patience counter: 1/7
2026-03-22 23:01:58 | INFO | Epoch 21/30
2026-03-22 23:02:10 | INFO |   [Batch   50/352] train_loss=0.6060 | train_acc=0.7841
2026-03-22 23:02:15 | INFO |   [Batch  100/352] train_loss=0.6131 | train_acc=0.7846
2026-03-22 23:02:20 | INFO |   [Batch  150/352] train_loss=0.6120 | train_acc=0.7876
2026-03-22 23:02:25 | INFO |   [Batch  200/352] train_loss=0.6111 | train_acc=0.7878
2026-03-22 23:02:30 | INFO |   [Batch  250/352] train_loss=0.6132 | train_acc=0.7867
2026-03-22 23:02:35 | INFO |   [Batch  300/352] train_loss=0.6167 | train_acc=0.7854
2026-03-22 23:02:40 | INFO |   [Batch  350/352] train_loss=0.6162 | train_acc=0.7853
2026-03-22 23:02:52 | INFO |   Train | loss=0.6163 acc=0.7854 | Val | loss=0.5907 acc=0.7996 | lr=0.000207
2026-03-22 23:02:52 | INFO |   No improvement. Patience counter: 2/7
2026-03-22 23:02:52 | INFO | Epoch 22/30
2026-03-22 23:03:04 | INFO |   [Batch   50/352] train_loss=0.6116 | train_acc=0.7852
2026-03-22 23:03:09 | INFO |   [Batch  100/352] train_loss=0.6042 | train_acc=0.7898
2026-03-22 23:03:14 | INFO |   [Batch  150/352] train_loss=0.6087 | train_acc=0.7878
2026-03-22 23:03:19 | INFO |   [Batch  200/352] train_loss=0.6107 | train_acc=0.7883
2026-03-22 23:03:24 | INFO |   [Batch  250/352] train_loss=0.6182 | train_acc=0.7863
2026-03-22 23:03:29 | INFO |   [Batch  300/352] train_loss=0.6186 | train_acc=0.7859
2026-03-22 23:03:34 | INFO |   [Batch  350/352] train_loss=0.6172 | train_acc=0.7869
2026-03-22 23:03:46 | INFO |   Train | loss=0.6170 acc=0.7868 | Val | loss=0.5844 acc=0.8020 | lr=0.000166
2026-03-22 23:03:46 | INFO |   No improvement. Patience counter: 3/7
2026-03-22 23:03:46 | INFO | Epoch 23/30
2026-03-22 23:03:58 | INFO |   [Batch   50/352] train_loss=0.6159 | train_acc=0.7927
2026-03-22 23:04:03 | INFO |   [Batch  100/352] train_loss=0.6160 | train_acc=0.7897
2026-03-22 23:04:08 | INFO |   [Batch  150/352] train_loss=0.6164 | train_acc=0.7890
2026-03-22 23:04:13 | INFO |   [Batch  200/352] train_loss=0.6207 | train_acc=0.7872
2026-03-22 23:04:18 | INFO |   [Batch  250/352] train_loss=0.6178 | train_acc=0.7877
2026-03-22 23:04:23 | INFO |   [Batch  300/352] train_loss=0.6151 | train_acc=0.7883
2026-03-22 23:04:28 | INFO |   [Batch  350/352] train_loss=0.6141 | train_acc=0.7883
2026-03-22 23:04:39 | INFO |   Train | loss=0.6143 acc=0.7881 | Val | loss=0.5889 acc=0.7980 | lr=0.000129
2026-03-22 23:04:39 | INFO |   No improvement. Patience counter: 4/7
2026-03-22 23:04:39 | INFO | Epoch 24/30
2026-03-22 23:04:51 | INFO |   [Batch   50/352] train_loss=0.5927 | train_acc=0.7931
2026-03-22 23:04:56 | INFO |   [Batch  100/352] train_loss=0.6015 | train_acc=0.7913
2026-03-22 23:05:01 | INFO |   [Batch  150/352] train_loss=0.6064 | train_acc=0.7905
2026-03-22 23:05:06 | INFO |   [Batch  200/352] train_loss=0.6059 | train_acc=0.7902
2026-03-22 23:05:11 | INFO |   [Batch  250/352] train_loss=0.6071 | train_acc=0.7907
2026-03-22 23:05:16 | INFO |   [Batch  300/352] train_loss=0.6095 | train_acc=0.7892
2026-03-22 23:05:21 | INFO |   [Batch  350/352] train_loss=0.6094 | train_acc=0.7897
2026-03-22 23:05:33 | INFO |   Train | loss=0.6094 acc=0.7896 | Val | loss=0.5838 acc=0.8036 | lr=0.000096
2026-03-22 23:05:33 | INFO |   No improvement. Patience counter: 5/7
2026-03-22 23:05:33 | INFO | Epoch 25/30
2026-03-22 23:05:45 | INFO |   [Batch   50/352] train_loss=0.6275 | train_acc=0.7812
2026-03-22 23:05:50 | INFO |   [Batch  100/352] train_loss=0.6226 | train_acc=0.7805
2026-03-22 23:05:55 | INFO |   [Batch  150/352] train_loss=0.6191 | train_acc=0.7833
2026-03-22 23:06:00 | INFO |   [Batch  200/352] train_loss=0.6169 | train_acc=0.7846
2026-03-22 23:06:05 | INFO |   [Batch  250/352] train_loss=0.6152 | train_acc=0.7857
2026-03-22 23:06:10 | INFO |   [Batch  300/352] train_loss=0.6139 | train_acc=0.7869
2026-03-22 23:06:15 | INFO |   [Batch  350/352] train_loss=0.6135 | train_acc=0.7869
2026-03-22 23:06:27 | INFO |   Train | loss=0.6134 acc=0.7869 | Val | loss=0.5845 acc=0.8014 | lr=0.000068
2026-03-22 23:06:27 | INFO |   No improvement. Patience counter: 6/7
2026-03-22 23:06:27 | INFO | Epoch 26/30
2026-03-22 23:06:39 | INFO |   [Batch   50/352] train_loss=0.5990 | train_acc=0.7913
2026-03-22 23:06:44 | INFO |   [Batch  100/352] train_loss=0.6062 | train_acc=0.7879
2026-03-22 23:06:49 | INFO |   [Batch  150/352] train_loss=0.6123 | train_acc=0.7859
2026-03-22 23:06:54 | INFO |   [Batch  200/352] train_loss=0.6141 | train_acc=0.7859
2026-03-22 23:06:59 | INFO |   [Batch  250/352] train_loss=0.6130 | train_acc=0.7862
2026-03-22 23:07:04 | INFO |   [Batch  300/352] train_loss=0.6102 | train_acc=0.7872
2026-03-22 23:07:09 | INFO |   [Batch  350/352] train_loss=0.6134 | train_acc=0.7866
2026-03-22 23:07:20 | INFO |   Train | loss=0.6139 acc=0.7864 | Val | loss=0.5822 acc=0.8010 | lr=0.000044
2026-03-22 23:07:20 | INFO |   No improvement. Patience counter: 7/7
2026-03-22 23:07:20 | INFO |   Early stopping triggered at epoch 26.
2026-03-22 23:07:20 | INFO | Training complete.
2026-03-22 23:07:20 | INFO | Best epoch    : 19
2026-03-22 23:07:20 | INFO | Best val loss : 0.5781
2026-03-22 23:07:20 | INFO | Best val acc  : 0.8056
2026-03-22 23:07:20 | INFO | Checkpoint    : C:\Users\İhsan\Desktop\Development\cs515\aigul_CS515\results\checkpoints\HW2\transfer_resize\transfer_resize_best_model.pt
2026-03-22 23:07:20 | INFO | Loss curve saved -> C:\Users\İhsan\Desktop\Development\cs515\aigul_CS515\results\plots\HW2\transfer_resize\transfer_resize_loss.png
2026-03-22 23:07:20 | INFO | Accuracy curve saved -> C:\Users\İhsan\Desktop\Development\cs515\aigul_CS515\results\plots\HW2\transfer_resize\transfer_resize_accuracy.png
2026-03-22 23:07:21 | INFO | LR curve saved -> C:\Users\İhsan\Desktop\Development\cs515\aigul_CS515\results\plots\HW2\transfer_resize\transfer_resize_lr.png
2026-03-22 23:07:21 | INFO | Loading checkpoint from C:\Users\İhsan\Desktop\Development\cs515\aigul_CS515\results\checkpoints\HW2\transfer_resize\transfer_resize_best_model.pt
2026-03-22 23:07:21 | INFO | Starting test evaluation on 10000 samples...
2026-03-22 23:07:36 | INFO | ======================================================================
2026-03-22 23:07:36 | INFO | Test Results  [transfer_resize]
2026-03-22 23:07:36 | INFO | ======================================================================
2026-03-22 23:07:36 | INFO | Test loss        : 0.5911
2026-03-22 23:07:36 | INFO | Overall accuracy : 0.7974  (7974 / 10000)
2026-03-22 23:07:36 | INFO | MACs             : 1.82 GMac
2026-03-22 23:07:36 | INFO | Parameters       : 5.13 k
2026-03-22 23:07:36 | INFO | ----------------------------------------------------------------------
2026-03-22 23:07:36 | INFO | Per-class accuracy:
2026-03-22 23:07:36 | INFO |   airplane     : 0.8550  (855 / 1000)
2026-03-22 23:07:36 | INFO |   automobile   : 0.8950  (895 / 1000)
2026-03-22 23:07:36 | INFO |   bird         : 0.7330  (733 / 1000)
2026-03-22 23:07:36 | INFO |   cat          : 0.6290  (629 / 1000)
2026-03-22 23:07:36 | INFO |   deer         : 0.7330  (733 / 1000)
2026-03-22 23:07:36 | INFO |   dog          : 0.6940  (694 / 1000)
2026-03-22 23:07:36 | INFO |   frog         : 0.8680  (868 / 1000)
2026-03-22 23:07:36 | INFO |   horse        : 0.8170  (817 / 1000)
2026-03-22 23:07:36 | INFO |   ship         : 0.8620  (862 / 1000)
2026-03-22 23:07:36 | INFO |   truck        : 0.8880  (888 / 1000)
2026-03-22 23:07:36 | INFO | ======================================================================
2026-03-22 23:07:36 | INFO | Confusion matrix saved -> C:\Users\İhsan\Desktop\Development\cs515\aigul_CS515\results\plots\HW2\transfer_resize\transfer_resize_confusion_matrix.png
2026-03-22 23:07:38 | INFO | Collecting embeddings for t-SNE (2000 samples max)...
2026-03-22 23:07:46 | INFO | Running t-SNE on 2000 samples (dim=512)...
2026-03-22 23:07:52 | INFO | t-SNE plot saved -> C:\Users\İhsan\Desktop\Development\cs515\aigul_CS515\results\plots\HW2\transfer_resize\transfer_resize_tsne.png
2026-03-22 23:07:52 | INFO | Run completed successfully.
