2026-03-09 02:07:44 | INFO | Log file path: results\logs\HW1\dropout_00\dropout_00_20260309_020744.log
2026-03-09 02:07:44 | INFO | Config snapshot path: results\logs\HW1\dropout_00\dropout_00_20260309_020744.config.json
2026-03-09 02:07:44 | INFO | Environment information
2026-03-09 02:07:44 | INFO | Python platform: Windows-10-10.0.26200-SP0
2026-03-09 02:07:44 | INFO | PyTorch version: 2.9.0+cpu
2026-03-09 02:07:44 | INFO | CUDA available: False
2026-03-09 02:07:44 | INFO | MPS available: False
2026-03-09 02:07:44 | INFO | ======================================================================
2026-03-09 02:07:44 | INFO | CS515 HW1a - MNIST Classification with MLP
2026-03-09 02:07:44 | INFO | ======================================================================
2026-03-09 02:07:44 | INFO | Mode             : both
2026-03-09 02:07:44 | INFO | Project name     : HW1
2026-03-09 02:07:44 | INFO | Experiment name  : dropout_00
2026-03-09 02:07:44 | INFO | Seed             : 42
2026-03-09 02:07:44 | INFO | Device           : cpu
2026-03-09 02:07:44 | INFO | Dataset          : mnist
2026-03-09 02:07:44 | INFO | Input size       : 784
2026-03-09 02:07:44 | INFO | Num classes      : 10
2026-03-09 02:07:44 | INFO | Hidden sizes     : [256, 128]
2026-03-09 02:07:44 | INFO | Activation       : relu
2026-03-09 02:07:44 | INFO | Dropout          : 0.0
2026-03-09 02:07:44 | INFO | BatchNorm        : False
2026-03-09 02:07:44 | INFO | Epochs           : 15
2026-03-09 02:07:44 | INFO | Batch size       : 64
2026-03-09 02:07:44 | INFO | Learning rate    : 0.001
2026-03-09 02:07:44 | INFO | Optimizer        : adam
2026-03-09 02:07:44 | INFO | Scheduler        : none
2026-03-09 02:07:44 | INFO | Regularizer      : none
2026-03-09 02:07:44 | INFO | reg_lambda       : 0.0
2026-03-09 02:07:44 | INFO | Weight decay     : 0.0
2026-03-09 02:07:44 | INFO | Checkpoint dir   : results\checkpoints\HW1\dropout_00
2026-03-09 02:07:44 | INFO | Checkpoint path  : results\checkpoints\HW1\dropout_00\dropout_00_best_model.pt
2026-03-09 02:07:44 | INFO | Log directory    : results\logs\HW1\dropout_00
2026-03-09 02:07:44 | INFO | Plot directory   : results\plots\HW1\dropout_00
2026-03-09 02:07:44 | INFO | Trainable params : 235,146
2026-03-09 02:07:44 | INFO | ======================================================================
2026-03-09 02:07:44 | INFO | Model architecture:
MLP(
  (flatten): Flatten(start_dim=1, end_dim=-1)
  (hidden_blocks): ModuleList(
    (0): Sequential(
      (0): Linear(in_features=784, out_features=256, bias=True)
      (1): ReLU()
    )
    (1): Sequential(
      (0): Linear(in_features=256, out_features=128, bias=True)
      (1): ReLU()
    )
  )
  (classifier): Linear(in_features=128, out_features=10, bias=True)
)
2026-03-09 02:07:44 | INFO | ======================================================================
2026-03-09 02:07:44 | INFO | Starting training...
2026-03-09 02:07:44 | INFO | Train size: 54000 | Val size: 6000
2026-03-09 02:07:44 | INFO | Epoch 1/15
2026-03-09 02:07:50 | INFO |   [Batch  100/844] train_loss=0.6305 | train_acc=0.8147
2026-03-09 02:07:51 | INFO |   [Batch  200/844] train_loss=0.4624 | train_acc=0.8620
2026-03-09 02:07:52 | INFO |   [Batch  300/844] train_loss=0.3906 | train_acc=0.8823
2026-03-09 02:07:53 | INFO |   [Batch  400/844] train_loss=0.3404 | train_acc=0.8974
2026-03-09 02:07:54 | INFO |   [Batch  500/844] train_loss=0.3091 | train_acc=0.9073
2026-03-09 02:07:55 | INFO |   [Batch  600/844] train_loss=0.2846 | train_acc=0.9144
2026-03-09 02:07:56 | INFO |   [Batch  700/844] train_loss=0.2656 | train_acc=0.9197
2026-03-09 02:07:57 | INFO |   [Batch  800/844] train_loss=0.2502 | train_acc=0.9243
2026-03-09 02:08:06 | INFO |   Train | loss: 0.2443 | acc: 0.9262 | Val | loss: 0.1389 | acc: 0.9585 | LR: 0.001000
2026-03-09 02:08:06 | INFO |   Saved best model to results\checkpoints\HW1\dropout_00\dropout_00_best_model.pt (best_val_loss=0.1389)
2026-03-09 02:08:06 | INFO | Epoch 2/15
2026-03-09 02:08:12 | INFO |   [Batch  100/844] train_loss=0.0902 | train_acc=0.9720
2026-03-09 02:08:13 | INFO |   [Batch  200/844] train_loss=0.0964 | train_acc=0.9700
2026-03-09 02:08:14 | INFO |   [Batch  300/844] train_loss=0.0989 | train_acc=0.9688
2026-03-09 02:08:15 | INFO |   [Batch  400/844] train_loss=0.0987 | train_acc=0.9685
2026-03-09 02:08:16 | INFO |   [Batch  500/844] train_loss=0.0983 | train_acc=0.9687
2026-03-09 02:08:17 | INFO |   [Batch  600/844] train_loss=0.0995 | train_acc=0.9682
2026-03-09 02:08:18 | INFO |   [Batch  700/844] train_loss=0.0998 | train_acc=0.9685
2026-03-09 02:08:19 | INFO |   [Batch  800/844] train_loss=0.0991 | train_acc=0.9691
2026-03-09 02:08:29 | INFO |   Train | loss: 0.0982 | acc: 0.9692 | Val | loss: 0.1072 | acc: 0.9662 | LR: 0.001000
2026-03-09 02:08:29 | INFO |   Saved best model to results\checkpoints\HW1\dropout_00\dropout_00_best_model.pt (best_val_loss=0.1072)
2026-03-09 02:08:29 | INFO | Epoch 3/15
2026-03-09 02:08:35 | INFO |   [Batch  100/844] train_loss=0.0624 | train_acc=0.9795
2026-03-09 02:08:36 | INFO |   [Batch  200/844] train_loss=0.0587 | train_acc=0.9802
2026-03-09 02:08:37 | INFO |   [Batch  300/844] train_loss=0.0617 | train_acc=0.9797
2026-03-09 02:08:38 | INFO |   [Batch  400/844] train_loss=0.0624 | train_acc=0.9797
2026-03-09 02:08:40 | INFO |   [Batch  500/844] train_loss=0.0634 | train_acc=0.9794
2026-03-09 02:08:41 | INFO |   [Batch  600/844] train_loss=0.0667 | train_acc=0.9784
2026-03-09 02:08:42 | INFO |   [Batch  700/844] train_loss=0.0672 | train_acc=0.9780
2026-03-09 02:08:43 | INFO |   [Batch  800/844] train_loss=0.0680 | train_acc=0.9781
2026-03-09 02:08:52 | INFO |   Train | loss: 0.0677 | acc: 0.9782 | Val | loss: 0.0929 | acc: 0.9738 | LR: 0.001000
2026-03-09 02:08:52 | INFO |   Saved best model to results\checkpoints\HW1\dropout_00\dropout_00_best_model.pt (best_val_loss=0.0929)
2026-03-09 02:08:52 | INFO | Epoch 4/15
2026-03-09 02:08:58 | INFO |   [Batch  100/844] train_loss=0.0464 | train_acc=0.9853
2026-03-09 02:08:59 | INFO |   [Batch  200/844] train_loss=0.0523 | train_acc=0.9838
2026-03-09 02:09:00 | INFO |   [Batch  300/844] train_loss=0.0484 | train_acc=0.9847
2026-03-09 02:09:01 | INFO |   [Batch  400/844] train_loss=0.0500 | train_acc=0.9841
2026-03-09 02:09:02 | INFO |   [Batch  500/844] train_loss=0.0508 | train_acc=0.9838
2026-03-09 02:09:03 | INFO |   [Batch  600/844] train_loss=0.0492 | train_acc=0.9842
2026-03-09 02:09:04 | INFO |   [Batch  700/844] train_loss=0.0485 | train_acc=0.9843
2026-03-09 02:09:05 | INFO |   [Batch  800/844] train_loss=0.0490 | train_acc=0.9843
2026-03-09 02:09:14 | INFO |   Train | loss: 0.0496 | acc: 0.9841 | Val | loss: 0.0843 | acc: 0.9723 | LR: 0.001000
2026-03-09 02:09:14 | INFO |   Saved best model to results\checkpoints\HW1\dropout_00\dropout_00_best_model.pt (best_val_loss=0.0843)
2026-03-09 02:09:14 | INFO | Epoch 5/15
2026-03-09 02:09:20 | INFO |   [Batch  100/844] train_loss=0.0336 | train_acc=0.9877
2026-03-09 02:09:21 | INFO |   [Batch  200/844] train_loss=0.0375 | train_acc=0.9866
2026-03-09 02:09:21 | INFO |   [Batch  300/844] train_loss=0.0376 | train_acc=0.9866
2026-03-09 02:09:22 | INFO |   [Batch  400/844] train_loss=0.0382 | train_acc=0.9867
2026-03-09 02:09:23 | INFO |   [Batch  500/844] train_loss=0.0387 | train_acc=0.9865
2026-03-09 02:09:24 | INFO |   [Batch  600/844] train_loss=0.0405 | train_acc=0.9862
2026-03-09 02:09:24 | INFO |   [Batch  700/844] train_loss=0.0407 | train_acc=0.9862
2026-03-09 02:09:26 | INFO |   [Batch  800/844] train_loss=0.0404 | train_acc=0.9864
2026-03-09 02:09:35 | INFO |   Train | loss: 0.0403 | acc: 0.9865 | Val | loss: 0.0829 | acc: 0.9760 | LR: 0.001000
2026-03-09 02:09:35 | INFO |   Saved best model to results\checkpoints\HW1\dropout_00\dropout_00_best_model.pt (best_val_loss=0.0829)
2026-03-09 02:09:35 | INFO | Epoch 6/15
2026-03-09 02:09:41 | INFO |   [Batch  100/844] train_loss=0.0297 | train_acc=0.9906
2026-03-09 02:09:42 | INFO |   [Batch  200/844] train_loss=0.0296 | train_acc=0.9906
2026-03-09 02:09:43 | INFO |   [Batch  300/844] train_loss=0.0275 | train_acc=0.9912
2026-03-09 02:09:43 | INFO |   [Batch  400/844] train_loss=0.0288 | train_acc=0.9901
2026-03-09 02:09:44 | INFO |   [Batch  500/844] train_loss=0.0309 | train_acc=0.9896
2026-03-09 02:09:45 | INFO |   [Batch  600/844] train_loss=0.0316 | train_acc=0.9891
2026-03-09 02:09:46 | INFO |   [Batch  700/844] train_loss=0.0340 | train_acc=0.9885
2026-03-09 02:09:47 | INFO |   [Batch  800/844] train_loss=0.0356 | train_acc=0.9881
2026-03-09 02:09:56 | INFO |   Train | loss: 0.0364 | acc: 0.9877 | Val | loss: 0.0874 | acc: 0.9733 | LR: 0.001000
2026-03-09 02:09:56 | INFO |   No improvement in validation loss. Early-stop counter: 1/5
2026-03-09 02:09:56 | INFO | Epoch 7/15
2026-03-09 02:10:02 | INFO |   [Batch  100/844] train_loss=0.0180 | train_acc=0.9950
2026-03-09 02:10:03 | INFO |   [Batch  200/844] train_loss=0.0217 | train_acc=0.9936
2026-03-09 02:10:04 | INFO |   [Batch  300/844] train_loss=0.0222 | train_acc=0.9931
2026-03-09 02:10:06 | INFO |   [Batch  400/844] train_loss=0.0245 | train_acc=0.9920
2026-03-09 02:10:07 | INFO |   [Batch  500/844] train_loss=0.0240 | train_acc=0.9923
2026-03-09 02:10:08 | INFO |   [Batch  600/844] train_loss=0.0256 | train_acc=0.9915
2026-03-09 02:10:09 | INFO |   [Batch  700/844] train_loss=0.0255 | train_acc=0.9916
2026-03-09 02:10:10 | INFO |   [Batch  800/844] train_loss=0.0271 | train_acc=0.9910
2026-03-09 02:10:19 | INFO |   Train | loss: 0.0274 | acc: 0.9910 | Val | loss: 0.0979 | acc: 0.9755 | LR: 0.001000
2026-03-09 02:10:19 | INFO |   No improvement in validation loss. Early-stop counter: 2/5
2026-03-09 02:10:19 | INFO | Epoch 8/15
2026-03-09 02:10:25 | INFO |   [Batch  100/844] train_loss=0.0223 | train_acc=0.9920
2026-03-09 02:10:26 | INFO |   [Batch  200/844] train_loss=0.0260 | train_acc=0.9909
2026-03-09 02:10:27 | INFO |   [Batch  300/844] train_loss=0.0242 | train_acc=0.9918
2026-03-09 02:10:28 | INFO |   [Batch  400/844] train_loss=0.0246 | train_acc=0.9916
2026-03-09 02:10:28 | INFO |   [Batch  500/844] train_loss=0.0242 | train_acc=0.9915
2026-03-09 02:10:29 | INFO |   [Batch  600/844] train_loss=0.0231 | train_acc=0.9920
2026-03-09 02:10:31 | INFO |   [Batch  700/844] train_loss=0.0240 | train_acc=0.9918
2026-03-09 02:10:32 | INFO |   [Batch  800/844] train_loss=0.0245 | train_acc=0.9916
2026-03-09 02:10:40 | INFO |   Train | loss: 0.0252 | acc: 0.9915 | Val | loss: 0.0978 | acc: 0.9760 | LR: 0.001000
2026-03-09 02:10:40 | INFO |   No improvement in validation loss. Early-stop counter: 3/5
2026-03-09 02:10:40 | INFO | Epoch 9/15
2026-03-09 02:10:47 | INFO |   [Batch  100/844] train_loss=0.0198 | train_acc=0.9938
2026-03-09 02:10:47 | INFO |   [Batch  200/844] train_loss=0.0202 | train_acc=0.9934
2026-03-09 02:10:48 | INFO |   [Batch  300/844] train_loss=0.0224 | train_acc=0.9924
2026-03-09 02:10:49 | INFO |   [Batch  400/844] train_loss=0.0230 | train_acc=0.9923
2026-03-09 02:10:50 | INFO |   [Batch  500/844] train_loss=0.0221 | train_acc=0.9924
2026-03-09 02:10:51 | INFO |   [Batch  600/844] train_loss=0.0211 | train_acc=0.9928
2026-03-09 02:10:52 | INFO |   [Batch  700/844] train_loss=0.0209 | train_acc=0.9927
2026-03-09 02:10:53 | INFO |   [Batch  800/844] train_loss=0.0200 | train_acc=0.9931
2026-03-09 02:11:02 | INFO |   Train | loss: 0.0200 | acc: 0.9932 | Val | loss: 0.0918 | acc: 0.9783 | LR: 0.001000
2026-03-09 02:11:02 | INFO |   No improvement in validation loss. Early-stop counter: 4/5
2026-03-09 02:11:02 | INFO | Epoch 10/15
2026-03-09 02:11:08 | INFO |   [Batch  100/844] train_loss=0.0107 | train_acc=0.9956
2026-03-09 02:11:08 | INFO |   [Batch  200/844] train_loss=0.0110 | train_acc=0.9955
2026-03-09 02:11:09 | INFO |   [Batch  300/844] train_loss=0.0130 | train_acc=0.9952
2026-03-09 02:11:10 | INFO |   [Batch  400/844] train_loss=0.0174 | train_acc=0.9942
2026-03-09 02:11:11 | INFO |   [Batch  500/844] train_loss=0.0201 | train_acc=0.9930
2026-03-09 02:11:12 | INFO |   [Batch  600/844] train_loss=0.0207 | train_acc=0.9927
2026-03-09 02:11:13 | INFO |   [Batch  700/844] train_loss=0.0205 | train_acc=0.9927
2026-03-09 02:11:14 | INFO |   [Batch  800/844] train_loss=0.0217 | train_acc=0.9925
2026-03-09 02:11:22 | INFO |   Train | loss: 0.0217 | acc: 0.9924 | Val | loss: 0.0965 | acc: 0.9765 | LR: 0.001000
2026-03-09 02:11:22 | INFO |   No improvement in validation loss. Early-stop counter: 5/5
2026-03-09 02:11:22 | INFO |   Early stopping triggered.
2026-03-09 02:11:22 | INFO | Training complete.
2026-03-09 02:11:22 | INFO | Best epoch     : 5
2026-03-09 02:11:22 | INFO | Best val loss  : 0.0829
2026-03-09 02:11:22 | INFO | Best val acc   : 0.9760
2026-03-09 02:11:22 | INFO | Checkpoint     : results\checkpoints\HW1\dropout_00\dropout_00_best_model.pt
2026-03-09 02:11:22 | INFO | Loading checkpoint from results\checkpoints\HW1\dropout_00\dropout_00_best_model.pt
2026-03-09 02:11:22 | INFO | Starting test evaluation...
2026-03-09 02:11:22 | INFO | Test size: 10000
2026-03-09 02:11:26 | INFO | ======================================================================
2026-03-09 02:11:26 | INFO | Test Results
2026-03-09 02:11:26 | INFO | ======================================================================
2026-03-09 02:11:26 | INFO | Average test loss : 0.0706
2026-03-09 02:11:26 | INFO | Overall accuracy  : 0.9784 (9784/10000)
2026-03-09 02:11:26 | INFO | ----------------------------------------------------------------------
2026-03-09 02:11:26 | INFO | Per-class accuracy:
2026-03-09 02:11:26 | INFO |   Class 0: 0.9908 (971/980)
2026-03-09 02:11:26 | INFO |   Class 1: 0.9921 (1126/1135)
2026-03-09 02:11:26 | INFO |   Class 2: 0.9806 (1012/1032)
2026-03-09 02:11:26 | INFO |   Class 3: 0.9713 (981/1010)
2026-03-09 02:11:26 | INFO |   Class 4: 0.9857 (968/982)
2026-03-09 02:11:26 | INFO |   Class 5: 0.9809 (875/892)
2026-03-09 02:11:26 | INFO |   Class 6: 0.9760 (935/958)
2026-03-09 02:11:26 | INFO |   Class 7: 0.9650 (992/1028)
2026-03-09 02:11:26 | INFO |   Class 8: 0.9702 (945/974)
2026-03-09 02:11:26 | INFO |   Class 9: 0.9703 (979/1009)
2026-03-09 02:11:26 | INFO | ======================================================================
2026-03-09 02:11:26 | INFO | Run completed successfully.
